2025-06-23 17:32:33,116 - WARNING -  * Debugger is active!
2025-06-23 17:32:33,119 - INFO -  * Debugger PIN: 678-550-451
2025-06-23 17:32:34,668 - INFO - 127.0.0.1 - - [23/Jun/2025 17:32:34] "GET / HTTP/1.1" 200 -
2025-06-23 17:32:34,795 - INFO - 127.0.0.1 - - [23/Jun/2025 17:32:34] "GET /static/app.js HTTP/1.1" 200 -
2025-06-23 17:32:35,814 - INFO - ʹ akshare AɹƱб...
2025-06-23 17:32:35,814 - INFO - ڴAKShareAɹƱб...
2025-06-23 17:32:35,821 - INFO - ѡļ: stock_name_list\all_stocks_20250620.csv
2025-06-23 17:32:35,821 - INFO - ʹstock_name_listĿ¼еļ: stock_name_list\all_stocks_20250620.csv
2025-06-23 17:32:35,821 - INFO - ߹Ʊ: stock_name_list\all_stocks_20250620.csv
2025-06-23 17:32:35,835 - INFO - Ʊתɣ: ['000001', '000002', '000003', '000004', '000005']
2025-06-23 17:32:35,843 - INFO - תɣ 5722 ֻƱ: ['', '', '', '¼', 'ǵ', 'ǵ', 'ɽ', 'ɽ', 'ӯ-̬', 'о', 'ֵ', 'ֵͨ']
2025-06-23 17:32:35,844 - INFO - ʹ߹Ʊݣ 5722 ֻƱ
2025-06-23 17:32:35,851 - INFO - 127.0.0.1 - - [23/Jun/2025 17:32:35] "GET /api/stock_data_status HTTP/1.1" 200 -
2025-06-23 17:32:36,057 - INFO - 127.0.0.1 - - [23/Jun/2025 17:32:36] "[33mGET /favicon.ico HTTP/1.1[0m" 404 -
2025-06-23 17:32:38,427 - INFO - AKShareɹ 5725 ֻƱϢ
2025-06-23 17:32:38,427 - INFO - ɹ 5725 ֻƱϢ
2025-06-23 17:32:38,441 - INFO - 127.0.0.1 - - [23/Jun/2025 17:32:38] "GET /api/status HTTP/1.1" 200 -
2025-06-23 17:33:04,937 - INFO - ⵽ļʽ: csv
2025-06-23 17:33:04,939 - INFO - CSVļȡɹ: =utf-8-sig, ָ=','
2025-06-23 17:33:04,940 - INFO - 127.0.0.1 - - [23/Jun/2025 17:33:04] "POST /upload HTTP/1.1" 200 -
2025-06-23 17:33:09,141 - INFO - ʼļ: 20250623_173304_20250623155936.csv
2025-06-23 17:33:09,141 - INFO - ʹAPIԴ: local
2025-06-23 17:33:09,141 - INFO - : Ʊ, ۸: ۸
2025-06-23 17:33:09,145 - INFO - ѡļ: stock_name_list\all_stocks_20250620.csv
2025-06-23 17:33:09,145 - INFO - ʹstock_name_listĿ¼еļ: stock_name_list\all_stocks_20250620.csv
2025-06-23 17:33:09,146 - INFO - ߹Ʊ: stock_name_list\all_stocks_20250620.csv
2025-06-23 17:33:09,152 - INFO - Ʊתɣ: ['000001', '000002', '000003', '000004', '000005']
2025-06-23 17:33:09,159 - INFO - תɣ 5722 ֻƱ: ['', '', '', '¼', 'ǵ', 'ǵ', 'ɽ', 'ɽ', 'ӯ-̬', 'о', 'ֵ', 'ֵͨ']
2025-06-23 17:33:09,160 - INFO - ʹ߹Ʊݣ 5722 ֻƱ
2025-06-23 17:33:09,161 - INFO - WebӦüعƱ: 5722 ֻƱ
2025-06-23 17:33:09,162 - INFO - WebӦ֤ɹ: 000037 -> ϵA
2025-06-23 17:33:09,163 - INFO - WebӦ֤ɹ: 000603 -> ʢԴ
2025-06-23 17:33:09,164 - INFO - WebӦ֤ɹ: 000798 -> ˮҵ
2025-06-23 17:33:09,164 - INFO - ʹ local AɹƱб...
2025-06-23 17:33:09,164 - INFO - ڴӱԴAɹƱб...
2025-06-23 17:33:09,165 - INFO - ѡļ: stock_name_list\all_stocks_20250620.csv
2025-06-23 17:33:09,165 - INFO - ʹstock_name_listĿ¼еļ: stock_name_list\all_stocks_20250620.csv
2025-06-23 17:33:09,165 - INFO - ߹Ʊ: stock_name_list\all_stocks_20250620.csv
2025-06-23 17:33:09,171 - INFO - Ʊתɣ: ['000001', '000002', '000003', '000004', '000005']
2025-06-23 17:33:09,178 - INFO - תɣ 5722 ֻƱ: ['', '', '', '¼', 'ǵ', 'ǵ', 'ɽ', 'ɽ', 'ӯ-̬', 'о', 'ֵ', 'ֵͨ']
2025-06-23 17:33:09,178 - INFO - ʹ߹Ʊݣ 5722 ֻƱ
2025-06-23 17:33:09,179 - INFO - Դɹ 5722 ֻƱϢ
2025-06-23 17:33:09,180 - INFO - ɹ 5722 ֻƱϢ
2025-06-23 17:33:09,190 - INFO - WebӦƥƱѸ: 5722 ֻƱ
2025-06-23 17:33:09,190 - INFO - ڶȡļ: uploads\20250623_173304_20250623155936.csv
2025-06-23 17:33:09,191 - INFO - ⵽ļʽ: csv
2025-06-23 17:33:09,192 - INFO - CSVļȡɹ: =utf-8-sig, ָ=','
2025-06-23 17:33:09,193 - INFO - ɹȡļ 11 
2025-06-23 17:33:09,193 - INFO - : ['Ʊ', 'ѡʱ', '۸', '', 'ֹӯ۸', 'ֹ۸']
2025-06-23 17:33:09,193 - INFO - ʹùƱ: Ʊ
2025-06-23 17:33:09,193 - INFO - ʹü۸: ۸
2025-06-23 17:33:09,193 - INFO - ʹùƱ: Ʊ
2025-06-23 17:33:09,195 - INFO - ⵽ƱУʹô벹ȫģʽ
2025-06-23 17:33:09,196 - INFO - Ч: 11 
2025-06-23 17:33:09,231 - INFO - ֤ݸʽ...
2025-06-23 17:33:09,233 - INFO - ֤ - ׼: ['000852', '000995', '300079', '300120', '300479']
2025-06-23 17:33:09,233 - INFO - ֤ - Ʊ: ['000852', '000995', '300079', '300120', '300479']
2025-06-23 17:33:09,234 - INFO - 벹ȫѱ浽: result\stock_completion_20250623_173309.csv
2025-06-23 17:33:09,235 - INFO - ȫͳ:
2025-06-23 17:33:09,235 - INFO -   : 11
2025-06-23 17:33:09,235 - INFO -   ɹȫ: 11 (100.0%)
2025-06-23 17:33:09,235 - INFO -   ʽЧ: 0 (0.0%)
2025-06-23 17:33:09,235 - INFO -   벻: 0 (0.0%)
2025-06-23 17:33:09,238 - INFO - : 11/11 ɹ
2025-06-23 17:33:09,238 - INFO - 127.0.0.1 - - [23/Jun/2025 17:33:09] "POST /process HTTP/1.1" 200 -
2025-06-23 17:33:10,780 - INFO - ׼ļ: stock_completion_20250623_173309.csv (1346 bytes)
2025-06-23 17:33:10,781 - INFO - ļسɹ: stock_completion_20250623_173309.csv
2025-06-23 17:33:10,781 - INFO - 127.0.0.1 - - [23/Jun/2025 17:33:10] "GET /download/stock_completion_20250623_173309.csv HTTP/1.1" 200 -
