2025-06-16 14:00:34,047 - INFO - 正在加载A股股票列表...
2025-06-16 14:00:44,367 - INFO - 成功加载 5724 只股票信息
2025-06-16 14:00:44,378 - INFO - 正在读取Excel文件: quick_start_sample.csv
2025-06-16 14:00:44,380 - INFO - 成功读取文件，共 20 行数据
2025-06-16 14:00:44,380 - INFO - 列名: ['股票名称', '参考价格']
2025-06-16 14:00:44,380 - INFO - 使用股票名称列: 股票名称
2025-06-16 14:00:44,380 - INFO - 使用价格列: 参考价格
2025-06-16 14:00:44,382 - INFO - 处理后有效数据: 20 行
2025-06-16 14:00:44,382 - INFO - 开始进行股票名称匹配...
2025-06-16 14:00:44,383 - INFO - 处理第 1/20 行: 平安银行
2025-06-16 14:00:44,506 - INFO - 处理第 2/20 行: 招商银行
2025-06-16 14:00:44,629 - INFO - 处理第 3/20 行: 中国平安
2025-06-16 14:00:44,752 - INFO - 处理第 4/20 行: 贵州茅台
2025-06-16 14:00:44,875 - INFO - 处理第 5/20 行: 五粮液
2025-06-16 14:00:44,996 - INFO - 处理第 6/20 行: 美的集团
2025-06-16 14:00:45,119 - INFO - 处理第 7/20 行: 格力电器
2025-06-16 14:00:45,241 - INFO - 处理第 8/20 行: 比亚迪
2025-06-16 14:00:45,365 - INFO - 处理第 9/20 行: 宁德时代
2025-06-16 14:00:45,489 - INFO - 处理第 10/20 行: 中国移动
2025-06-16 14:00:45,612 - INFO - 处理第 11/20 行: 工商银行
2025-06-16 14:00:45,736 - INFO - 处理第 12/20 行: 建设银行
2025-06-16 14:00:45,858 - INFO - 处理第 13/20 行: 中石油
2025-06-16 14:00:45,982 - INFO - 处理第 14/20 行: 中石化
2025-06-16 14:00:46,107 - INFO - 处理第 15/20 行: 紫金矿业
2025-06-16 14:00:46,231 - INFO - 处理第 16/20 行: 茅台
2025-06-16 14:00:46,352 - INFO - 处理第 17/20 行: 招行
2025-06-16 14:00:46,474 - INFO - 处理第 18/20 行: 平安
2025-06-16 14:00:46,597 - INFO - 处理第 19/20 行: 不存在的股票
2025-06-16 14:00:46,717 - INFO - 处理第 20/20 行: ST股票
2025-06-16 14:00:46,839 - INFO - 匹配结果已保存到: stock_match_results_20250616_140046.csv
2025-06-16 14:00:46,840 - INFO - 匹配统计:
2025-06-16 14:00:46,840 - INFO -   总数: 20
2025-06-16 14:00:46,840 - INFO -   成功匹配: 18 (90.0%)
2025-06-16 14:00:46,840 - INFO -   精确匹配: 10 (50.0%)
