2025-06-17 17:32:58,843 - INFO - 正在使用 local 加载A股股票列表...
2025-06-17 17:32:58,843 - INFO - 正在从本地数据源加载A股股票列表...
2025-06-17 17:32:58,844 - INFO - 加载离线股票数据: data\stock_list_latest.csv
2025-06-17 17:32:58,849 - INFO - 使用离线股票数据，共 45 只股票
2025-06-17 17:32:58,850 - INFO - 本地数据源成功加载 45 只股票信息
2025-06-17 17:32:58,851 - INFO - 成功加载 45 只股票信息
2025-06-17 17:32:58,853 - INFO - 正在读取文件: test_quoted_codes_fix.csv
2025-06-17 17:32:58,853 - INFO - 检测到文件格式: csv
2025-06-17 17:32:58,854 - INFO - CSV文件读取成功: 编码=utf-8-sig, 分隔符=','
2025-06-17 17:32:58,854 - INFO - 成功读取文件，共 5 行数据
2025-06-17 17:32:58,854 - INFO - 列名: ['股票代码', '买入价格']
2025-06-17 17:32:58,855 - INFO - 使用股票名称列: 股票代码
2025-06-17 17:32:58,855 - INFO - 使用价格列: 买入价格
2025-06-17 17:32:58,855 - INFO - 使用股票代码列: 股票代码
2025-06-17 17:32:58,857 - INFO - 检测到股票代码列，将使用代码补全模式
2025-06-17 17:32:58,857 - INFO - 处理后有效数据: 5 行
2025-06-17 17:32:58,858 - INFO - 开始进行股票代码补全...
2025-06-17 17:32:58,858 - INFO - 处理第 1/5 行: '000037
2025-06-17 17:32:58,859 - WARNING - 未找到股票代码: '000037 -> 000037
2025-06-17 17:32:58,959 - INFO - 处理第 2/5 行: '000603
2025-06-17 17:32:58,960 - WARNING - 未找到股票代码: '000603 -> 000603
2025-06-17 17:32:59,061 - INFO - 处理第 3/5 行: '000798
2025-06-17 17:32:59,061 - WARNING - 未找到股票代码: '000798 -> 000798
2025-06-17 17:32:59,162 - INFO - 处理第 4/5 行: '000823
2025-06-17 17:32:59,163 - WARNING - 未找到股票代码: '000823 -> 000823
2025-06-17 17:32:59,264 - INFO - 处理第 5/5 行: '000970
2025-06-17 17:32:59,264 - WARNING - 未找到股票代码: '000970 -> 000970
2025-06-17 17:32:59,367 - INFO - 代码补全结果已保存到: test_result_fix.csv
2025-06-17 17:32:59,369 - INFO - 补全统计:
2025-06-17 17:32:59,369 - INFO -   总数: 5
2025-06-17 17:32:59,369 - INFO -   成功补全: 0 (0.0%)
2025-06-17 17:32:59,369 - INFO -   格式无效: 0 (0.0%)
2025-06-17 17:32:59,369 - INFO -   代码不存在: 5 (100.0%)
