2025-06-16 15:45:54,052 - INFO - 正在使用 akshare 加载A股股票列表...
2025-06-16 15:45:54,052 - INFO - 正在从AKShare加载A股股票列表...
2025-06-16 15:46:03,302 - INFO - AKShare成功加载 5724 只股票信息
2025-06-16 15:46:03,302 - INFO - 成功加载 5724 只股票信息
2025-06-16 15:46:03,313 - INFO - 正在读取Excel文件: 股票名称.csv
2025-06-16 15:46:03,317 - INFO - 成功读取文件，共 45 行数据
2025-06-16 15:46:03,317 - INFO - 列名: ['股票名称', '股票代码', '入选价格']
2025-06-16 15:46:03,317 - INFO - 使用股票名称列: 股票名称
2025-06-16 15:46:03,318 - INFO - 使用价格列: 入选价格
2025-06-16 15:46:03,318 - INFO - 使用股票代码列: 股票代码
2025-06-16 15:46:03,320 - INFO - 检测到股票代码列，将使用代码补全模式
2025-06-16 15:46:03,321 - INFO - 处理后有效数据: 45 行
2025-06-16 15:46:03,321 - INFO - 开始进行股票代码补全...
2025-06-16 15:46:03,321 - INFO - 处理第 1/45 行: 852
2025-06-16 15:46:03,423 - INFO - 处理第 2/45 行: 2208
2025-06-16 15:46:03,525 - INFO - 处理第 3/45 行: 2237
2025-06-16 15:46:03,627 - INFO - 处理第 4/45 行: 3023
2025-06-16 15:46:03,729 - INFO - 处理第 5/45 行: 3029
2025-06-16 15:46:03,831 - INFO - 处理第 6/45 行: 300099
2025-06-16 15:46:03,933 - INFO - 处理第 7/45 行: 301223
2025-06-16 15:46:04,035 - INFO - 处理第 8/45 行: 600727
2025-06-16 15:46:04,137 - INFO - 处理第 9/45 行: 603619
2025-06-16 15:46:04,239 - INFO - 处理第 10/45 行: 688297
2025-06-16 15:46:04,341 - INFO - 处理第 11/45 行: 688658
2025-06-16 15:46:04,443 - INFO - 处理第 12/45 行: 852
2025-06-16 15:46:04,544 - INFO - 处理第 13/45 行: 905
2025-06-16 15:46:04,646 - INFO - 处理第 14/45 行: 2097
2025-06-16 15:46:04,748 - INFO - 处理第 15/45 行: 2208
2025-06-16 15:46:04,851 - INFO - 处理第 16/45 行: 2339
2025-06-16 15:46:04,952 - INFO - 处理第 17/45 行: 2352
2025-06-16 15:46:05,054 - INFO - 处理第 18/45 行: 2952
2025-06-16 15:46:05,156 - INFO - 处理第 19/45 行: 3018
2025-06-16 15:46:05,258 - INFO - 处理第 20/45 行: 3023
2025-06-16 15:46:05,359 - INFO - 处理第 21/45 行: 3029
2025-06-16 15:46:05,461 - INFO - 处理第 22/45 行: 300099
2025-06-16 15:46:05,563 - INFO - 处理第 23/45 行: 300516
2025-06-16 15:46:05,665 - INFO - 处理第 24/45 行: 300564
2025-06-16 15:46:05,768 - INFO - 处理第 25/45 行: 300930
2025-06-16 15:46:05,870 - INFO - 处理第 26/45 行: 300962
2025-06-16 15:46:05,971 - INFO - 处理第 27/45 行: 301042
2025-06-16 15:46:06,073 - INFO - 处理第 28/45 行: 301176
2025-06-16 15:46:06,176 - INFO - 处理第 29/45 行: 301223
2025-06-16 15:46:06,278 - INFO - 处理第 30/45 行: 301234
2025-06-16 15:46:06,380 - INFO - 处理第 31/45 行: 600095
2025-06-16 15:46:06,482 - INFO - 处理第 32/45 行: 600111
2025-06-16 15:46:06,585 - INFO - 处理第 33/45 行: 600458
2025-06-16 15:46:06,688 - INFO - 处理第 34/45 行: 600470
2025-06-16 15:46:06,789 - INFO - 处理第 35/45 行: 600549
2025-06-16 15:46:06,892 - INFO - 处理第 36/45 行: 600685
2025-06-16 15:46:06,993 - INFO - 处理第 37/45 行: 600727
2025-06-16 15:46:07,095 - INFO - 处理第 38/45 行: 600784
2025-06-16 15:46:07,197 - INFO - 处理第 39/45 行: 601059
2025-06-16 15:46:07,299 - INFO - 处理第 40/45 行: 601555
2025-06-16 15:46:07,401 - INFO - 处理第 41/45 行: 603619
2025-06-16 15:46:07,503 - INFO - 处理第 42/45 行: 605056
2025-06-16 15:46:07,605 - INFO - 处理第 43/45 行: 605058
2025-06-16 15:46:07,707 - INFO - 处理第 44/45 行: 688297
2025-06-16 15:46:07,809 - INFO - 处理第 45/45 行: 688658
2025-06-16 15:46:07,914 - INFO - 代码补全结果已保存到: stock_code_completion_20250616_154607.csv
2025-06-16 15:46:07,915 - INFO - 补全统计:
2025-06-16 15:46:07,915 - INFO -   总数: 45
2025-06-16 15:46:07,915 - INFO -   成功补全: 45 (100.0%)
2025-06-16 15:46:07,915 - INFO -   格式无效: 0 (0.0%)
2025-06-16 15:46:07,915 - INFO -   代码不存在: 0 (0.0%)
