2025-06-17 18:34:19,833 - INFO - 正在使用 local 加载A股股票列表...
2025-06-17 18:34:19,833 - INFO - 正在从本地数据源加载A股股票列表...
2025-06-17 18:34:19,834 - INFO - 加载离线股票数据: data\stock_list_latest.csv
2025-06-17 18:34:19,860 - INFO - 使用离线股票数据，共 5722 只股票
2025-06-17 18:34:19,861 - INFO - 本地数据源成功加载 5722 只股票信息
2025-06-17 18:34:19,861 - INFO - 成功加载 5722 只股票信息
2025-06-17 18:34:19,873 - INFO - 正在读取文件: uploads/20250617_181808_20250617171501.csv
2025-06-17 18:34:19,873 - INFO - 检测到文件格式: csv
2025-06-17 18:34:19,874 - INFO - CSV文件读取成功: 编码=utf-8-sig, 分隔符=','
2025-06-17 18:34:19,875 - INFO - 成功读取文件，共 45 行数据
2025-06-17 18:34:19,875 - INFO - 列名: ['股票代码', '入选时间', '买入价格', '操作', '止盈价格', '止损价格']
2025-06-17 18:34:19,875 - INFO - 使用股票名称列: 股票代码
2025-06-17 18:34:19,875 - INFO - 使用价格列: 买入价格
2025-06-17 18:34:19,875 - INFO - 使用股票代码列: 股票代码
2025-06-17 18:34:19,877 - INFO - 检测到股票代码列，将使用代码补全模式
2025-06-17 18:34:19,878 - INFO - 处理后有效数据: 45 行
2025-06-17 18:34:19,878 - INFO - 开始进行股票代码补全...
2025-06-17 18:34:19,878 - INFO - 处理第 1/45 行: '000037
2025-06-17 18:34:19,980 - INFO - 处理第 2/45 行: '000603
2025-06-17 18:34:20,083 - INFO - 处理第 3/45 行: '000798
2025-06-17 18:34:20,184 - INFO - 处理第 4/45 行: '000823
2025-06-17 18:34:20,286 - INFO - 处理第 5/45 行: '000970
2025-06-17 18:34:20,388 - INFO - 处理第 6/45 行: '000985
2025-06-17 18:34:20,490 - INFO - 处理第 7/45 行: '001259
2025-06-17 18:34:20,591 - INFO - 处理第 8/45 行: '001368
2025-06-17 18:34:20,693 - INFO - 处理第 9/45 行: '002132
2025-06-17 18:34:20,794 - INFO - 处理第 10/45 行: '002208
2025-06-17 18:34:20,897 - INFO - 处理第 11/45 行: '002300
2025-06-17 18:34:20,998 - INFO - 处理第 12/45 行: '002352
2025-06-17 18:34:21,100 - INFO - 处理第 13/45 行: '300457
2025-06-17 18:34:21,201 - INFO - 处理第 14/45 行: '300479
2025-06-17 18:34:21,303 - INFO - 处理第 15/45 行: '300585
2025-06-17 18:34:21,405 - INFO - 处理第 16/45 行: '300943
2025-06-17 18:34:21,507 - INFO - 处理第 17/45 行: '301048
2025-06-17 18:34:21,608 - INFO - 处理第 18/45 行: '301176
2025-06-17 18:34:21,710 - INFO - 处理第 19/45 行: '301208
2025-06-17 18:34:21,812 - INFO - 处理第 20/45 行: '301292
2025-06-17 18:34:21,915 - INFO - 处理第 21/45 行: '301380
2025-06-17 18:34:22,017 - INFO - 处理第 22/45 行: '301520
2025-06-17 18:34:22,118 - INFO - 处理第 23/45 行: '600435
2025-06-17 18:34:22,220 - INFO - 处理第 24/45 行: '600458
2025-06-17 18:34:22,322 - INFO - 处理第 25/45 行: '600470
2025-06-17 18:34:22,424 - INFO - 处理第 26/45 行: '600549
2025-06-17 18:34:22,525 - INFO - 处理第 27/45 行: '600775
2025-06-17 18:34:22,627 - INFO - 处理第 28/45 行: '600855
2025-06-17 18:34:22,729 - INFO - 处理第 29/45 行: '600875
2025-06-17 18:34:22,831 - INFO - 处理第 30/45 行: '601059
2025-06-17 18:34:22,933 - INFO - 处理第 31/45 行: '601555
2025-06-17 18:34:23,034 - INFO - 处理第 32/45 行: '601788
2025-06-17 18:34:23,136 - INFO - 处理第 33/45 行: '601857
2025-06-17 18:34:23,238 - INFO - 处理第 34/45 行: '601872
2025-06-17 18:34:23,340 - INFO - 处理第 35/45 行: '601916
2025-06-17 18:34:23,442 - INFO - 处理第 36/45 行: '601958
2025-06-17 18:34:23,543 - INFO - 处理第 37/45 行: '603069
2025-06-17 18:34:23,646 - INFO - 处理第 38/45 行: '603097
2025-06-17 18:34:23,747 - INFO - 处理第 39/45 行: '603215
2025-06-17 18:34:23,849 - INFO - 处理第 40/45 行: '603232
2025-06-17 18:34:23,951 - INFO - 处理第 41/45 行: '603722
2025-06-17 18:34:24,053 - INFO - 处理第 42/45 行: '605056
2025-06-17 18:34:24,154 - INFO - 处理第 43/45 行: '688143
2025-06-17 18:34:24,256 - INFO - 处理第 44/45 行: '688151
2025-06-17 18:34:24,358 - INFO - 处理第 45/45 行: '688498
2025-06-17 18:34:24,463 - INFO - 代码补全结果已保存到: test_original_result.csv
2025-06-17 18:34:24,465 - INFO - 补全统计:
2025-06-17 18:34:24,465 - INFO -   总数: 45
2025-06-17 18:34:24,465 - INFO -   成功补全: 45 (100.0%)
2025-06-17 18:34:24,465 - INFO -   格式无效: 0 (0.0%)
2025-06-17 18:34:24,465 - INFO -   代码不存在: 0 (0.0%)
