2025-06-16 15:22:44,736 - INFO - 正在加载A股股票列表...
2025-06-16 15:22:54,635 - INFO - 成功加载 5724 只股票信息
2025-06-16 15:22:54,646 - INFO - 正在读取Excel文件: example_stock_codes.csv
2025-06-16 15:22:54,649 - INFO - 成功读取文件，共 45 行数据
2025-06-16 15:22:54,649 - INFO - 列名: ['股票代码', '参考价格']
2025-06-16 15:22:54,649 - INFO - 使用股票名称列: 股票代码
2025-06-16 15:22:54,650 - INFO - 使用价格列: 参考价格
2025-06-16 15:22:54,650 - INFO - 使用股票代码列: 股票代码
2025-06-16 15:22:54,652 - INFO - 检测到股票代码列，将使用代码补全模式
2025-06-16 15:22:54,653 - INFO - 处理后有效数据: 45 行
2025-06-16 15:22:54,653 - INFO - 开始进行股票代码补全...
2025-06-16 15:22:54,654 - INFO - 处理第 1/45 行: 000852	6.87
2025-06-16 15:22:54,654 - WARNING - 股票代码格式无效: 000852	6.87
2025-06-16 15:22:54,754 - INFO - 处理第 2/45 行: 002208	8.47
2025-06-16 15:22:54,755 - WARNING - 股票代码格式无效: 002208	8.47
2025-06-16 15:22:54,856 - INFO - 处理第 3/45 行: 002237	7.96
2025-06-16 15:22:54,856 - WARNING - 股票代码格式无效: 002237	7.96
2025-06-16 15:22:54,957 - INFO - 处理第 4/45 行: 003023	7.49
2025-06-16 15:22:54,957 - WARNING - 股票代码格式无效: 003023	7.49
2025-06-16 15:22:55,058 - INFO - 处理第 5/45 行: 003029	7.87
2025-06-16 15:22:55,058 - WARNING - 股票代码格式无效: 003029	7.87
2025-06-16 15:22:55,160 - INFO - 处理第 6/45 行: 300099	49.64
2025-06-16 15:22:55,160 - WARNING - 股票代码格式无效: 300099	49.64
2025-06-16 15:22:55,261 - INFO - 处理第 7/45 行: 301223	22.3
2025-06-16 15:22:55,261 - WARNING - 股票代码格式无效: 301223	22.3
2025-06-16 15:22:55,362 - INFO - 处理第 8/45 行: 600727	11.49
2025-06-16 15:22:55,363 - WARNING - 股票代码格式无效: 600727	11.49
2025-06-16 15:22:55,464 - INFO - 处理第 9/45 行: 603619	20.42
2025-06-16 15:22:55,464 - WARNING - 股票代码格式无效: 603619	20.42
2025-06-16 15:22:55,565 - INFO - 处理第 10/45 行: 688297	26.51
2025-06-16 15:22:55,565 - WARNING - 股票代码格式无效: 688297	26.51
2025-06-16 15:22:55,666 - INFO - 处理第 11/45 行: 688658	7.29
2025-06-16 15:22:55,666 - WARNING - 股票代码格式无效: 688658	7.29
2025-06-16 15:22:55,767 - INFO - 处理第 12/45 行: 000852	6.87
2025-06-16 15:22:55,767 - WARNING - 股票代码格式无效: 000852	6.87
2025-06-16 15:22:55,867 - INFO - 处理第 13/45 行: 000905	8.47
2025-06-16 15:22:55,868 - WARNING - 股票代码格式无效: 000905	8.47
2025-06-16 15:22:55,968 - INFO - 处理第 14/45 行: 002097	7.96
2025-06-16 15:22:55,969 - WARNING - 股票代码格式无效: 002097	7.96
2025-06-16 15:22:56,069 - INFO - 处理第 15/45 行: 002208	7.49
2025-06-16 15:22:56,069 - WARNING - 股票代码格式无效: 002208	7.49
2025-06-16 15:22:56,170 - INFO - 处理第 16/45 行: 002339	7.87
2025-06-16 15:22:56,171 - WARNING - 股票代码格式无效: 002339	7.87
2025-06-16 15:22:56,271 - INFO - 处理第 17/45 行: 002352	49.64
2025-06-16 15:22:56,272 - WARNING - 股票代码格式无效: 002352	49.64
2025-06-16 15:22:56,372 - INFO - 处理第 18/45 行: 002952	22.3
2025-06-16 15:22:56,373 - WARNING - 股票代码格式无效: 002952	22.3
2025-06-16 15:22:56,474 - INFO - 处理第 19/45 行: 003018	11.49
2025-06-16 15:22:56,474 - WARNING - 股票代码格式无效: 003018	11.49
2025-06-16 15:22:56,575 - INFO - 处理第 20/45 行: 003023	20.42
2025-06-16 15:22:56,575 - WARNING - 股票代码格式无效: 003023	20.42
2025-06-16 15:22:56,675 - INFO - 处理第 21/45 行: 003029	26.51
2025-06-16 15:22:56,676 - WARNING - 股票代码格式无效: 003029	26.51
2025-06-16 15:22:56,777 - INFO - 处理第 22/45 行: 300099	7.29
2025-06-16 15:22:56,777 - WARNING - 股票代码格式无效: 300099	7.29
2025-06-16 15:22:56,878 - INFO - 处理第 23/45 行: 300516	34.61
2025-06-16 15:22:56,878 - WARNING - 股票代码格式无效: 300516	34.61
2025-06-16 15:22:56,979 - INFO - 处理第 24/45 行: 300564	14.96
2025-06-16 15:22:56,979 - WARNING - 股票代码格式无效: 300564	14.96
2025-06-16 15:22:57,080 - INFO - 处理第 25/45 行: 300930	27.72
2025-06-16 15:22:57,080 - WARNING - 股票代码格式无效: 300930	27.72
2025-06-16 15:22:57,180 - INFO - 处理第 26/45 行: 300962	18.32
2025-06-16 15:22:57,181 - WARNING - 股票代码格式无效: 300962	18.32
2025-06-16 15:22:57,282 - INFO - 处理第 27/45 行: 301042	39.01
2025-06-16 15:22:57,282 - WARNING - 股票代码格式无效: 301042	39.01
2025-06-16 15:22:57,384 - INFO - 处理第 28/45 行: 301176	17.99
2025-06-16 15:22:57,384 - WARNING - 股票代码格式无效: 301176	17.99
2025-06-16 15:22:57,485 - INFO - 处理第 29/45 行: 301223	17.88
2025-06-16 15:22:57,485 - WARNING - 股票代码格式无效: 301223	17.88
2025-06-16 15:22:57,586 - INFO - 处理第 30/45 行: 301234	30.26
2025-06-16 15:22:57,586 - WARNING - 股票代码格式无效: 301234	30.26
2025-06-16 15:22:57,687 - INFO - 处理第 31/45 行: 600095	8.84
2025-06-16 15:22:57,687 - WARNING - 股票代码格式无效: 600095	8.84
2025-06-16 15:22:57,789 - INFO - 处理第 32/45 行: 600111	25.36
2025-06-16 15:22:57,789 - WARNING - 股票代码格式无效: 600111	25.36
2025-06-16 15:22:57,889 - INFO - 处理第 33/45 行: 600458	12.75
2025-06-16 15:22:57,890 - WARNING - 股票代码格式无效: 600458	12.75
2025-06-16 15:22:57,991 - INFO - 处理第 34/45 行: 600470	6.25
2025-06-16 15:22:57,991 - WARNING - 股票代码格式无效: 600470	6.25
2025-06-16 15:22:58,092 - INFO - 处理第 35/45 行: 600549	20.95
2025-06-16 15:22:58,092 - WARNING - 股票代码格式无效: 600549	20.95
2025-06-16 15:22:58,193 - INFO - 处理第 36/45 行: 600685	25.15
2025-06-16 15:22:58,193 - WARNING - 股票代码格式无效: 600685	25.15
2025-06-16 15:22:58,293 - INFO - 处理第 37/45 行: 600727	8
2025-06-16 15:22:58,294 - WARNING - 股票代码格式无效: 600727	8
2025-06-16 15:22:58,395 - INFO - 处理第 38/45 行: 600784	6.38
2025-06-16 15:22:58,395 - WARNING - 股票代码格式无效: 600784	6.38
2025-06-16 15:22:58,495 - INFO - 处理第 39/45 行: 601059	16.13
2025-06-16 15:22:58,496 - WARNING - 股票代码格式无效: 601059	16.13
2025-06-16 15:22:58,596 - INFO - 处理第 40/45 行: 601555	8.69
2025-06-16 15:22:58,596 - WARNING - 股票代码格式无效: 601555	8.69
2025-06-16 15:22:58,698 - INFO - 处理第 41/45 行: 603619	21.6
2025-06-16 15:22:58,698 - WARNING - 股票代码格式无效: 603619	21.6
2025-06-16 15:22:58,799 - INFO - 处理第 42/45 行: 605056	15.16
2025-06-16 15:22:58,799 - WARNING - 股票代码格式无效: 605056	15.16
2025-06-16 15:22:58,900 - INFO - 处理第 43/45 行: 605058	25.49
2025-06-16 15:22:58,901 - WARNING - 股票代码格式无效: 605058	25.49
2025-06-16 15:22:59,001 - INFO - 处理第 44/45 行: 688297	49.88
2025-06-16 15:22:59,001 - WARNING - 股票代码格式无效: 688297	49.88
2025-06-16 15:22:59,102 - INFO - 处理第 45/45 行: 688658	19.16
2025-06-16 15:22:59,102 - WARNING - 股票代码格式无效: 688658	19.16
2025-06-16 15:22:59,206 - INFO - 代码补全结果已保存到: stock_code_completion_20250616_152259.csv
2025-06-16 15:22:59,207 - INFO - 补全统计:
2025-06-16 15:22:59,207 - INFO -   总数: 45
2025-06-16 15:22:59,207 - INFO -   成功补全: 0 (0.0%)
2025-06-16 15:22:59,207 - INFO -   格式无效: 45 (100.0%)
2025-06-16 15:22:59,207 - INFO -   代码不存在: 0 (0.0%)
