2025-06-18 13:18:27,754 - WARNING -  * Debugger is active!
2025-06-18 13:18:27,758 - INFO -  * Debugger PIN: 678-550-451
2025-06-18 13:18:34,292 - INFO - 127.0.0.1 - - [18/Jun/2025 13:18:34] "GET / HTTP/1.1" 200 -
2025-06-18 13:18:34,432 - INFO - 127.0.0.1 - - [18/Jun/2025 13:18:34] "GET /static/app.js HTTP/1.1" 200 -
2025-06-18 13:18:35,416 - INFO - ʹ akshare AɹƱб...
2025-06-18 13:18:35,416 - INFO - ڴAKShareAɹƱб...
2025-06-18 13:18:35,579 - INFO - 127.0.0.1 - - [18/Jun/2025 13:18:35] "[33mGET /favicon.ico HTTP/1.1[0m" 404 -
2025-06-18 13:18:39,195 - INFO - AKShareɹ 5724 ֻƱϢ
2025-06-18 13:18:39,195 - INFO - ɹ 5724 ֻƱϢ
2025-06-18 13:18:39,207 - INFO - 127.0.0.1 - - [18/Jun/2025 13:18:39] "GET /api/status HTTP/1.1" 200 -
2025-06-18 13:18:48,510 - INFO - ⵽ļʽ: csv
2025-06-18 13:18:48,513 - INFO - CSVļȡɹ: =utf-8-sig, ָ=','
2025-06-18 13:18:48,515 - INFO - 127.0.0.1 - - [18/Jun/2025 13:18:48] "POST /upload HTTP/1.1" 200 -
2025-06-18 13:18:50,957 - INFO - ʼļ: 20250618_131848_20250618093845.csv
2025-06-18 13:18:50,957 - INFO - ʹAPIԴ: local
2025-06-18 13:18:50,958 - INFO - : Ʊ, ۸: ۸
2025-06-18 13:18:50,960 - INFO - ߹Ʊ: data\stock_list_latest.csv
2025-06-18 13:18:50,984 - INFO - Ʊתɣ: ['000001', '000002', '000003', '000004', '000005']
2025-06-18 13:18:50,990 - INFO - תɣ 5722 ֻƱ: ['', '', '¼', 'ǵ', 'ǵ', 'ɽ', 'ɽ', 'ӯ-̬', 'о', 'ֵ', 'ֵͨ', '']
2025-06-18 13:18:50,991 - INFO - ʹ߹Ʊݣ 5722 ֻƱ
2025-06-18 13:18:50,992 - INFO - WebӦüعƱ: 5722 ֻƱ
2025-06-18 13:18:50,993 - INFO - WebӦ֤ɹ: 000037 -> ϵA
2025-06-18 13:18:50,993 - INFO - WebӦ֤ɹ: 000603 -> ʢԴ
2025-06-18 13:18:50,994 - INFO - WebӦ֤ɹ: 000798 -> ˮҵ
2025-06-18 13:18:50,994 - INFO - ʹ local AɹƱб...
2025-06-18 13:18:50,994 - INFO - ڴӱԴAɹƱб...
2025-06-18 13:18:50,995 - INFO - ߹Ʊ: data\stock_list_latest.csv
2025-06-18 13:18:51,023 - INFO - Ʊתɣ: ['000001', '000002', '000003', '000004', '000005']
2025-06-18 13:18:51,029 - INFO - תɣ 5722 ֻƱ: ['', '', '¼', 'ǵ', 'ǵ', 'ɽ', 'ɽ', 'ӯ-̬', 'о', 'ֵ', 'ֵͨ', '']
2025-06-18 13:18:51,030 - INFO - ʹ߹Ʊݣ 5722 ֻƱ
2025-06-18 13:18:51,031 - INFO - Դɹ 5722 ֻƱϢ
2025-06-18 13:18:51,031 - INFO - ɹ 5722 ֻƱϢ
2025-06-18 13:18:51,043 - INFO - WebӦƥƱѸ: 5722 ֻƱ
2025-06-18 13:18:51,044 - INFO - ڶȡļ: uploads\20250618_131848_20250618093845.csv
2025-06-18 13:18:51,044 - INFO - ⵽ļʽ: csv
2025-06-18 13:18:51,046 - INFO - CSVļȡɹ: =utf-8-sig, ָ=','
2025-06-18 13:18:51,046 - INFO - ɹȡļ 4 
2025-06-18 13:18:51,046 - INFO - : ['Ʊ', 'ѡʱ', '۸', '', 'ֹӯ۸', 'ֹ۸', 'Ȼ', 'ʱ']
2025-06-18 13:18:51,046 - INFO - ʹùƱ: Ʊ
2025-06-18 13:18:51,046 - INFO - ʹü۸: ۸
2025-06-18 13:18:51,046 - INFO - ʹùƱ: Ʊ
2025-06-18 13:18:51,048 - INFO - ⵽ƱУʹô벹ȫģʽ
2025-06-18 13:18:51,049 - INFO - Ч: 4 
2025-06-18 13:18:51,049 - INFO - ʼйƱ벹ȫ...
2025-06-18 13:18:51,050 - INFO -  1/4 : '300457
2025-06-18 13:18:51,053 - INFO - ʼ֤ƱϢ: 300457 - ӮϿƼ
2025-06-18 13:18:51,053 - INFO - ʹ akshare ֤ƱϢ: 300457
2025-06-18 13:18:51,053 - INFO - ڴAKShareAɹƱб...
2025-06-18 13:18:53,634 - ERROR - AKShareʧ: HTTPSConnectionPool(host='82.push2.eastmoney.com', port=443): Max retries exceeded with url: /api/qt/clist/get?pn=57&pz=100&po=1&np=1&ut=bd1d9ddb04089700cf9c27f6f7426281&fltt=2&invt=2&fid=f12&fs=m%3A0+t%3A6%2Cm%3A0+t%3A80%2Cm%3A1+t%3A2%2Cm%3A1+t%3A23%2Cm%3A0+t%3A81+s%3A2048&fields=f1%2Cf2%2Cf3%2Cf4%2Cf5%2Cf6%2Cf7%2Cf8%2Cf9%2Cf10%2Cf12%2Cf13%2Cf14%2Cf15%2Cf16%2Cf17%2Cf18%2Cf20%2Cf21%2Cf23%2Cf24%2Cf25%2Cf22%2Cf11%2Cf62%2Cf128%2Cf136%2Cf115%2Cf152 (Caused by ProxyError('Unable to connect to proxy', RemoteDisconnected('Remote end closed connection without response')))
2025-06-18 13:18:53,635 - WARNING - akshare ֤ʧ: HTTPSConnectionPool(host='82.push2.eastmoney.com', port=443): Max retries exceeded with url: /api/qt/clist/get?pn=57&pz=100&po=1&np=1&ut=bd1d9ddb04089700cf9c27f6f7426281&fltt=2&invt=2&fid=f12&fs=m%3A0+t%3A6%2Cm%3A0+t%3A80%2Cm%3A1+t%3A2%2Cm%3A1+t%3A23%2Cm%3A0+t%3A81+s%3A2048&fields=f1%2Cf2%2Cf3%2Cf4%2Cf5%2Cf6%2Cf7%2Cf8%2Cf9%2Cf10%2Cf12%2Cf13%2Cf14%2Cf15%2Cf16%2Cf17%2Cf18%2Cf20%2Cf21%2Cf23%2Cf24%2Cf25%2Cf22%2Cf11%2Cf62%2Cf128%2Cf136%2Cf115%2Cf152 (Caused by ProxyError('Unable to connect to proxy', RemoteDisconnected('Remote end closed connection without response')))
2025-06-18 13:18:54,136 - INFO - ʹ sina ֤ƱϢ: 300457
2025-06-18 13:18:54,137 - INFO - ڴ˲ƾAɹƱб...
2025-06-18 13:18:54,137 - INFO - ڻȡƱб...
2025-06-18 13:18:54,138 - INFO - ߹Ʊ: data\stock_list_latest.csv
2025-06-18 13:18:54,165 - INFO - Ʊתɣ: ['000001', '000002', '000003', '000004', '000005']
2025-06-18 13:18:54,173 - INFO - תɣ 5722 ֻƱ: ['', '', '¼', 'ǵ', 'ǵ', 'ɽ', 'ɽ', 'ӯ-̬', 'о', 'ֵ', 'ֵͨ', '']
2025-06-18 13:18:54,174 - INFO - ʹ߹Ʊݣ 5722 ֻƱ
2025-06-18 13:18:54,175 - INFO - ȡ 5722 Ʊ룬ʼ˻ȡʵʱ...
2025-06-18 13:18:55,557 - WARNING - ˲ƾδȡЧݣ˵Դ
2025-06-18 13:18:55,557 - INFO - ڴӱԴAɹƱб...
2025-06-18 13:18:55,558 - INFO - ߹Ʊ: data\stock_list_latest.csv
2025-06-18 13:18:55,582 - INFO - Ʊתɣ: ['000001', '000002', '000003', '000004', '000005']
2025-06-18 13:18:55,591 - INFO - תɣ 5722 ֻƱ: ['', '', '¼', 'ǵ', 'ǵ', 'ɽ', 'ɽ', 'ӯ-̬', 'о', 'ֵ', 'ֵͨ', '']
2025-06-18 13:18:55,591 - INFO - ʹ߹Ʊݣ 5722 ֻƱ
2025-06-18 13:18:55,592 - INFO - Դɹ 5722 ֻƱϢ
2025-06-18 13:18:56,094 - INFO - ʹ tencent ֤ƱϢ: 300457
2025-06-18 13:18:56,095 - INFO - ڴѶƾAɹƱб...
2025-06-18 13:18:56,095 - INFO - ߹Ʊ: data\stock_list_latest.csv
2025-06-18 13:18:56,130 - INFO - Ʊתɣ: ['000001', '000002', '000003', '000004', '000005']
2025-06-18 13:18:56,139 - INFO - תɣ 5722 ֻƱ: ['', '', '¼', 'ǵ', 'ǵ', 'ɽ', 'ɽ', 'ӯ-̬', 'о', 'ֵ', 'ֵͨ', '']
2025-06-18 13:18:56,139 - INFO - ʹ߹Ʊݣ 5722 ֻƱ
2025-06-18 13:18:56,140 - INFO - ȡ 5722 Ʊ룬ʼѶȡʵʱ...
2025-06-18 13:18:58,138 - INFO - Ѵ 1000 / 5722 ֻƱ
2025-06-18 13:19:00,119 - INFO - Ѵ 2000 / 5722 ֻƱ
2025-06-18 13:19:02,170 - INFO - Ѵ 3000 / 5722 ֻƱ
2025-06-18 13:19:04,252 - INFO - Ѵ 4000 / 5722 ֻƱ
2025-06-18 13:19:06,381 - INFO - Ѵ 5000 / 5722 ֻƱ
2025-06-18 13:19:07,903 - INFO - Ѷƾɹ 5450 ֻƱϢ
2025-06-18 13:19:08,407 - INFO - ʹ eastmoney ֤ƱϢ: 300457
2025-06-18 13:19:08,407 - INFO - ڴӶƸAɹƱб...
2025-06-18 13:19:08,431 - WARNING - ƸAPIʧ: 502
2025-06-18 13:19:08,431 - INFO - ˵Դ
2025-06-18 13:19:08,431 - INFO - ڴӱԴAɹƱб...
2025-06-18 13:19:08,431 - INFO - ߹Ʊ: data\stock_list_latest.csv
2025-06-18 13:19:08,454 - INFO - Ʊתɣ: ['000001', '000002', '000003', '000004', '000005']
2025-06-18 13:19:08,459 - INFO - תɣ 5722 ֻƱ: ['', '', '¼', 'ǵ', 'ǵ', 'ɽ', 'ɽ', 'ӯ-̬', 'о', 'ֵ', 'ֵͨ', '']
2025-06-18 13:19:08,460 - INFO - ʹ߹Ʊݣ 5722 ֻƱ
2025-06-18 13:19:08,461 - INFO - Դɹ 5722 ֻƱϢ
2025-06-18 13:19:09,065 - INFO -  2/4 : '301520
2025-06-18 13:19:09,066 - INFO - ʼ֤ƱϢ: 301520 - ҽҩ
2025-06-18 13:19:09,066 - INFO - ʹ akshare ֤ƱϢ: 301520
2025-06-18 13:19:09,066 - INFO - ڴAKShareAɹƱб...
2025-06-18 13:19:09,197 - ERROR - AKShareʧ: HTTPSConnectionPool(host='82.push2.eastmoney.com', port=443): Max retries exceeded with url: /api/qt/clist/get?pn=1&pz=100&po=1&np=1&ut=bd1d9ddb04089700cf9c27f6f7426281&fltt=2&invt=2&fid=f12&fs=m%3A0+t%3A6%2Cm%3A0+t%3A80%2Cm%3A1+t%3A2%2Cm%3A1+t%3A23%2Cm%3A0+t%3A81+s%3A2048&fields=f1%2Cf2%2Cf3%2Cf4%2Cf5%2Cf6%2Cf7%2Cf8%2Cf9%2Cf10%2Cf12%2Cf13%2Cf14%2Cf15%2Cf16%2Cf17%2Cf18%2Cf20%2Cf21%2Cf23%2Cf24%2Cf25%2Cf22%2Cf11%2Cf62%2Cf128%2Cf136%2Cf115%2Cf152 (Caused by ProxyError('Unable to connect to proxy', RemoteDisconnected('Remote end closed connection without response')))
2025-06-18 13:19:09,197 - WARNING - akshare ֤ʧ: HTTPSConnectionPool(host='82.push2.eastmoney.com', port=443): Max retries exceeded with url: /api/qt/clist/get?pn=1&pz=100&po=1&np=1&ut=bd1d9ddb04089700cf9c27f6f7426281&fltt=2&invt=2&fid=f12&fs=m%3A0+t%3A6%2Cm%3A0+t%3A80%2Cm%3A1+t%3A2%2Cm%3A1+t%3A23%2Cm%3A0+t%3A81+s%3A2048&fields=f1%2Cf2%2Cf3%2Cf4%2Cf5%2Cf6%2Cf7%2Cf8%2Cf9%2Cf10%2Cf12%2Cf13%2Cf14%2Cf15%2Cf16%2Cf17%2Cf18%2Cf20%2Cf21%2Cf23%2Cf24%2Cf25%2Cf22%2Cf11%2Cf62%2Cf128%2Cf136%2Cf115%2Cf152 (Caused by ProxyError('Unable to connect to proxy', RemoteDisconnected('Remote end closed connection without response')))
2025-06-18 13:19:09,698 - INFO - ʹ sina ֤ƱϢ: 301520
2025-06-18 13:19:09,698 - INFO - ڴ˲ƾAɹƱб...
2025-06-18 13:19:09,698 - INFO - ڻȡƱб...
2025-06-18 13:19:09,699 - INFO - ߹Ʊ: data\stock_list_latest.csv
2025-06-18 13:19:09,722 - INFO - Ʊתɣ: ['000001', '000002', '000003', '000004', '000005']
2025-06-18 13:19:09,727 - INFO - תɣ 5722 ֻƱ: ['', '', '¼', 'ǵ', 'ǵ', 'ɽ', 'ɽ', 'ӯ-̬', 'о', 'ֵ', 'ֵͨ', '']
2025-06-18 13:19:09,728 - INFO - ʹ߹Ʊݣ 5722 ֻƱ
2025-06-18 13:19:09,728 - INFO - ȡ 5722 Ʊ룬ʼ˻ȡʵʱ...
2025-06-18 13:19:11,118 - WARNING - ˲ƾδȡЧݣ˵Դ
2025-06-18 13:19:11,119 - INFO - ڴӱԴAɹƱб...
2025-06-18 13:19:11,119 - INFO - ߹Ʊ: data\stock_list_latest.csv
2025-06-18 13:19:11,140 - INFO - Ʊתɣ: ['000001', '000002', '000003', '000004', '000005']
2025-06-18 13:19:11,145 - INFO - תɣ 5722 ֻƱ: ['', '', '¼', 'ǵ', 'ǵ', 'ɽ', 'ɽ', 'ӯ-̬', 'о', 'ֵ', 'ֵͨ', '']
2025-06-18 13:19:11,145 - INFO - ʹ߹Ʊݣ 5722 ֻƱ
2025-06-18 13:19:11,146 - INFO - Դɹ 5722 ֻƱϢ
2025-06-18 13:19:11,648 - INFO - ʹ tencent ֤ƱϢ: 301520
2025-06-18 13:19:11,648 - INFO - ڴѶƾAɹƱб...
2025-06-18 13:19:11,649 - INFO - ߹Ʊ: data\stock_list_latest.csv
2025-06-18 13:19:11,671 - INFO - Ʊתɣ: ['000001', '000002', '000003', '000004', '000005']
2025-06-18 13:19:11,677 - INFO - תɣ 5722 ֻƱ: ['', '', '¼', 'ǵ', 'ǵ', 'ɽ', 'ɽ', 'ӯ-̬', 'о', 'ֵ', 'ֵͨ', '']
2025-06-18 13:19:11,677 - INFO - ʹ߹Ʊݣ 5722 ֻƱ
2025-06-18 13:19:11,678 - INFO - ȡ 5722 Ʊ룬ʼѶȡʵʱ...
2025-06-18 13:19:13,636 - INFO - Ѵ 1000 / 5722 ֻƱ
2025-06-18 13:19:15,619 - INFO - Ѵ 2000 / 5722 ֻƱ
2025-06-18 13:19:17,599 - INFO - Ѵ 3000 / 5722 ֻƱ
2025-06-18 13:19:19,561 - INFO - Ѵ 4000 / 5722 ֻƱ
2025-06-18 13:19:21,541 - INFO - Ѵ 5000 / 5722 ֻƱ
2025-06-18 13:19:23,046 - INFO - Ѷƾɹ 5450 ֻƱϢ
2025-06-18 13:19:23,549 - INFO - ʹ eastmoney ֤ƱϢ: 301520
2025-06-18 13:19:23,549 - INFO - ڴӶƸAɹƱб...
2025-06-18 13:19:23,664 - WARNING - ƸAPIʧ: 502
2025-06-18 13:19:23,664 - INFO - ˵Դ
2025-06-18 13:19:23,664 - INFO - ڴӱԴAɹƱб...
2025-06-18 13:19:23,665 - INFO - ߹Ʊ: data\stock_list_latest.csv
2025-06-18 13:19:23,689 - INFO - Ʊתɣ: ['000001', '000002', '000003', '000004', '000005']
2025-06-18 13:19:23,695 - INFO - תɣ 5722 ֻƱ: ['', '', '¼', 'ǵ', 'ǵ', 'ɽ', 'ɽ', 'ӯ-̬', 'о', 'ֵ', 'ֵͨ', '']
2025-06-18 13:19:23,695 - INFO - ʹ߹Ʊݣ 5722 ֻƱ
2025-06-18 13:19:23,696 - INFO - Դɹ 5722 ֻƱϢ
2025-06-18 13:19:24,300 - INFO -  3/4 : '600775
2025-06-18 13:19:24,302 - INFO - ʼ֤ƱϢ: 600775 - Ͼè
2025-06-18 13:19:24,302 - INFO - ʹ akshare ֤ƱϢ: 600775
2025-06-18 13:19:24,302 - INFO - ڴAKShareAɹƱб...
2025-06-18 13:19:24,452 - ERROR - AKShareʧ: HTTPSConnectionPool(host='82.push2.eastmoney.com', port=443): Max retries exceeded with url: /api/qt/clist/get?pn=1&pz=100&po=1&np=1&ut=bd1d9ddb04089700cf9c27f6f7426281&fltt=2&invt=2&fid=f12&fs=m%3A0+t%3A6%2Cm%3A0+t%3A80%2Cm%3A1+t%3A2%2Cm%3A1+t%3A23%2Cm%3A0+t%3A81+s%3A2048&fields=f1%2Cf2%2Cf3%2Cf4%2Cf5%2Cf6%2Cf7%2Cf8%2Cf9%2Cf10%2Cf12%2Cf13%2Cf14%2Cf15%2Cf16%2Cf17%2Cf18%2Cf20%2Cf21%2Cf23%2Cf24%2Cf25%2Cf22%2Cf11%2Cf62%2Cf128%2Cf136%2Cf115%2Cf152 (Caused by ProxyError('Unable to connect to proxy', RemoteDisconnected('Remote end closed connection without response')))
2025-06-18 13:19:24,453 - WARNING - akshare ֤ʧ: HTTPSConnectionPool(host='82.push2.eastmoney.com', port=443): Max retries exceeded with url: /api/qt/clist/get?pn=1&pz=100&po=1&np=1&ut=bd1d9ddb04089700cf9c27f6f7426281&fltt=2&invt=2&fid=f12&fs=m%3A0+t%3A6%2Cm%3A0+t%3A80%2Cm%3A1+t%3A2%2Cm%3A1+t%3A23%2Cm%3A0+t%3A81+s%3A2048&fields=f1%2Cf2%2Cf3%2Cf4%2Cf5%2Cf6%2Cf7%2Cf8%2Cf9%2Cf10%2Cf12%2Cf13%2Cf14%2Cf15%2Cf16%2Cf17%2Cf18%2Cf20%2Cf21%2Cf23%2Cf24%2Cf25%2Cf22%2Cf11%2Cf62%2Cf128%2Cf136%2Cf115%2Cf152 (Caused by ProxyError('Unable to connect to proxy', RemoteDisconnected('Remote end closed connection without response')))
2025-06-18 13:19:24,953 - INFO - ʹ sina ֤ƱϢ: 600775
2025-06-18 13:19:24,953 - INFO - ڴ˲ƾAɹƱб...
2025-06-18 13:19:24,953 - INFO - ڻȡƱб...
2025-06-18 13:19:24,954 - INFO - ߹Ʊ: data\stock_list_latest.csv
2025-06-18 13:19:24,979 - INFO - Ʊתɣ: ['000001', '000002', '000003', '000004', '000005']
2025-06-18 13:19:24,989 - INFO - תɣ 5722 ֻƱ: ['', '', '¼', 'ǵ', 'ǵ', 'ɽ', 'ɽ', 'ӯ-̬', 'о', 'ֵ', 'ֵͨ', '']
2025-06-18 13:19:24,990 - INFO - ʹ߹Ʊݣ 5722 ֻƱ
2025-06-18 13:19:24,991 - INFO - ȡ 5722 Ʊ룬ʼ˻ȡʵʱ...
2025-06-18 13:19:26,388 - WARNING - ˲ƾδȡЧݣ˵Դ
2025-06-18 13:19:26,388 - INFO - ڴӱԴAɹƱб...
2025-06-18 13:19:26,388 - INFO - ߹Ʊ: data\stock_list_latest.csv
2025-06-18 13:19:26,409 - INFO - Ʊתɣ: ['000001', '000002', '000003', '000004', '000005']
2025-06-18 13:19:26,414 - INFO - תɣ 5722 ֻƱ: ['', '', '¼', 'ǵ', 'ǵ', 'ɽ', 'ɽ', 'ӯ-̬', 'о', 'ֵ', 'ֵͨ', '']
2025-06-18 13:19:26,414 - INFO - ʹ߹Ʊݣ 5722 ֻƱ
2025-06-18 13:19:26,415 - INFO - Դɹ 5722 ֻƱϢ
2025-06-18 13:19:26,919 - INFO - ʹ tencent ֤ƱϢ: 600775
2025-06-18 13:19:26,919 - INFO - ڴѶƾAɹƱб...
2025-06-18 13:19:26,920 - INFO - ߹Ʊ: data\stock_list_latest.csv
2025-06-18 13:19:26,943 - INFO - Ʊתɣ: ['000001', '000002', '000003', '000004', '000005']
2025-06-18 13:19:26,948 - INFO - תɣ 5722 ֻƱ: ['', '', '¼', 'ǵ', 'ǵ', 'ɽ', 'ɽ', 'ӯ-̬', 'о', 'ֵ', 'ֵͨ', '']
2025-06-18 13:19:26,948 - INFO - ʹ߹Ʊݣ 5722 ֻƱ
2025-06-18 13:19:26,950 - INFO - ȡ 5722 Ʊ룬ʼѶȡʵʱ...
2025-06-18 13:19:28,932 - INFO - Ѵ 1000 / 5722 ֻƱ
2025-06-18 13:19:31,279 - INFO - Ѵ 2000 / 5722 ֻƱ
2025-06-18 13:19:33,292 - INFO - Ѵ 3000 / 5722 ֻƱ
2025-06-18 13:19:35,335 - INFO - Ѵ 4000 / 5722 ֻƱ
2025-06-18 13:19:37,348 - INFO - Ѵ 5000 / 5722 ֻƱ
2025-06-18 13:19:38,871 - INFO - Ѷƾɹ 5450 ֻƱϢ
2025-06-18 13:19:39,374 - INFO - ʹ eastmoney ֤ƱϢ: 600775
2025-06-18 13:19:39,374 - INFO - ڴӶƸAɹƱб...
2025-06-18 13:19:39,489 - WARNING - ƸAPIʧ: 502
2025-06-18 13:19:39,489 - INFO - ˵Դ
2025-06-18 13:19:39,489 - INFO - ڴӱԴAɹƱб...
2025-06-18 13:19:39,490 - INFO - ߹Ʊ: data\stock_list_latest.csv
2025-06-18 13:19:39,511 - INFO - Ʊתɣ: ['000001', '000002', '000003', '000004', '000005']
2025-06-18 13:19:39,516 - INFO - תɣ 5722 ֻƱ: ['', '', '¼', 'ǵ', 'ǵ', 'ɽ', 'ɽ', 'ӯ-̬', 'о', 'ֵ', 'ֵͨ', '']
2025-06-18 13:19:39,517 - INFO - ʹ߹Ʊݣ 5722 ֻƱ
2025-06-18 13:19:39,519 - INFO - Դɹ 5722 ֻƱϢ
2025-06-18 13:19:40,122 - INFO -  4/4 : '603215
2025-06-18 13:19:40,123 - INFO - ʼ֤ƱϢ: 603215 - N
2025-06-18 13:19:40,123 - INFO - ʹ akshare ֤ƱϢ: 603215
2025-06-18 13:19:40,123 - INFO - ڴAKShareAɹƱб...
2025-06-18 13:19:40,167 - ERROR - AKShareʧ: HTTPSConnectionPool(host='82.push2.eastmoney.com', port=443): Max retries exceeded with url: /api/qt/clist/get?pn=1&pz=100&po=1&np=1&ut=bd1d9ddb04089700cf9c27f6f7426281&fltt=2&invt=2&fid=f12&fs=m%3A0+t%3A6%2Cm%3A0+t%3A80%2Cm%3A1+t%3A2%2Cm%3A1+t%3A23%2Cm%3A0+t%3A81+s%3A2048&fields=f1%2Cf2%2Cf3%2Cf4%2Cf5%2Cf6%2Cf7%2Cf8%2Cf9%2Cf10%2Cf12%2Cf13%2Cf14%2Cf15%2Cf16%2Cf17%2Cf18%2Cf20%2Cf21%2Cf23%2Cf24%2Cf25%2Cf22%2Cf11%2Cf62%2Cf128%2Cf136%2Cf115%2Cf152 (Caused by ProxyError('Unable to connect to proxy', RemoteDisconnected('Remote end closed connection without response')))
2025-06-18 13:19:40,168 - WARNING - akshare ֤ʧ: HTTPSConnectionPool(host='82.push2.eastmoney.com', port=443): Max retries exceeded with url: /api/qt/clist/get?pn=1&pz=100&po=1&np=1&ut=bd1d9ddb04089700cf9c27f6f7426281&fltt=2&invt=2&fid=f12&fs=m%3A0+t%3A6%2Cm%3A0+t%3A80%2Cm%3A1+t%3A2%2Cm%3A1+t%3A23%2Cm%3A0+t%3A81+s%3A2048&fields=f1%2Cf2%2Cf3%2Cf4%2Cf5%2Cf6%2Cf7%2Cf8%2Cf9%2Cf10%2Cf12%2Cf13%2Cf14%2Cf15%2Cf16%2Cf17%2Cf18%2Cf20%2Cf21%2Cf23%2Cf24%2Cf25%2Cf22%2Cf11%2Cf62%2Cf128%2Cf136%2Cf115%2Cf152 (Caused by ProxyError('Unable to connect to proxy', RemoteDisconnected('Remote end closed connection without response')))
2025-06-18 13:19:40,669 - INFO - ʹ sina ֤ƱϢ: 603215
2025-06-18 13:19:40,669 - INFO - ڴ˲ƾAɹƱб...
2025-06-18 13:19:40,669 - INFO - ڻȡƱб...
2025-06-18 13:19:40,669 - INFO - ߹Ʊ: data\stock_list_latest.csv
2025-06-18 13:19:40,691 - INFO - Ʊתɣ: ['000001', '000002', '000003', '000004', '000005']
2025-06-18 13:19:40,696 - INFO - תɣ 5722 ֻƱ: ['', '', '¼', 'ǵ', 'ǵ', 'ɽ', 'ɽ', 'ӯ-̬', 'о', 'ֵ', 'ֵͨ', '']
2025-06-18 13:19:40,696 - INFO - ʹ߹Ʊݣ 5722 ֻƱ
2025-06-18 13:19:40,697 - INFO - ȡ 5722 Ʊ룬ʼ˻ȡʵʱ...
2025-06-18 13:19:42,088 - WARNING - ˲ƾδȡЧݣ˵Դ
2025-06-18 13:19:42,088 - INFO - ڴӱԴAɹƱб...
2025-06-18 13:19:42,089 - INFO - ߹Ʊ: data\stock_list_latest.csv
2025-06-18 13:19:42,109 - INFO - Ʊתɣ: ['000001', '000002', '000003', '000004', '000005']
2025-06-18 13:19:42,114 - INFO - תɣ 5722 ֻƱ: ['', '', '¼', 'ǵ', 'ǵ', 'ɽ', 'ɽ', 'ӯ-̬', 'о', 'ֵ', 'ֵͨ', '']
2025-06-18 13:19:42,114 - INFO - ʹ߹Ʊݣ 5722 ֻƱ
2025-06-18 13:19:42,115 - INFO - Դɹ 5722 ֻƱϢ
2025-06-18 13:19:42,621 - INFO - ʹ tencent ֤ƱϢ: 603215
2025-06-18 13:19:42,621 - INFO - ڴѶƾAɹƱб...
2025-06-18 13:19:42,621 - INFO - ߹Ʊ: data\stock_list_latest.csv
2025-06-18 13:19:42,643 - INFO - Ʊתɣ: ['000001', '000002', '000003', '000004', '000005']
2025-06-18 13:19:42,648 - INFO - תɣ 5722 ֻƱ: ['', '', '¼', 'ǵ', 'ǵ', 'ɽ', 'ɽ', 'ӯ-̬', 'о', 'ֵ', 'ֵͨ', '']
2025-06-18 13:19:42,648 - INFO - ʹ߹Ʊݣ 5722 ֻƱ
2025-06-18 13:19:42,651 - INFO - ȡ 5722 Ʊ룬ʼѶȡʵʱ...
2025-06-18 13:19:44,669 - INFO - Ѵ 1000 / 5722 ֻƱ
2025-06-18 13:19:46,641 - INFO - Ѵ 2000 / 5722 ֻƱ
2025-06-18 13:19:48,660 - INFO - Ѵ 3000 / 5722 ֻƱ
2025-06-18 13:19:50,740 - INFO - Ѵ 4000 / 5722 ֻƱ
2025-06-18 13:19:52,952 - INFO - Ѵ 5000 / 5722 ֻƱ
2025-06-18 13:19:55,025 - INFO - Ѷƾɹ 5450 ֻƱϢ
2025-06-18 13:19:55,530 - INFO - ʹ eastmoney ֤ƱϢ: 603215
2025-06-18 13:19:55,530 - INFO - ڴӶƸAɹƱб...
2025-06-18 13:19:55,577 - WARNING - ƸAPIʧ: 502
2025-06-18 13:19:55,578 - INFO - ˵Դ
2025-06-18 13:19:55,578 - INFO - ڴӱԴAɹƱб...
2025-06-18 13:19:55,578 - INFO - ߹Ʊ: data\stock_list_latest.csv
2025-06-18 13:19:55,601 - INFO - Ʊתɣ: ['000001', '000002', '000003', '000004', '000005']
2025-06-18 13:19:55,607 - INFO - תɣ 5722 ֻƱ: ['', '', '¼', 'ǵ', 'ǵ', 'ɽ', 'ɽ', 'ӯ-̬', 'о', 'ֵ', 'ֵͨ', '']
2025-06-18 13:19:55,608 - INFO - ʹ߹Ʊݣ 5722 ֻƱ
2025-06-18 13:19:55,608 - INFO - Դɹ 5722 ֻƱϢ
2025-06-18 13:19:56,214 - INFO - ֤ݸʽ...
2025-06-18 13:19:56,218 - INFO - ֤ - ׼: ['300457', '301520', '600775', '603215']
2025-06-18 13:19:56,219 - INFO - ֤ - Ʊ: ['300457', '301520', '600775', '603215']
2025-06-18 13:19:56,219 - INFO - 벹ȫѱ浽: result\stock_completion_20250618_131851.csv
2025-06-18 13:19:56,220 - INFO - ȫͳ:
2025-06-18 13:19:56,220 - INFO -   : 4
2025-06-18 13:19:56,220 - INFO -   ɹȫ: 4 (100.0%)
2025-06-18 13:19:56,220 - INFO -   ʽЧ: 0 (0.0%)
2025-06-18 13:19:56,220 - INFO -   벻: 0 (0.0%)
2025-06-18 13:19:56,224 - INFO - : 4/4 ɹ
2025-06-18 13:19:56,224 - INFO - 127.0.0.1 - - [18/Jun/2025 13:19:56] "POST /process HTTP/1.1" 200 -
