2025-06-19 09:32:24,184 - INFO - 正在使用 local 加载A股股票列表...
2025-06-19 09:32:24,185 - INFO - 正在从本地数据源加载A股股票列表...
2025-06-19 09:32:24,186 - INFO - 加载离线股票数据: data\stock_list_latest.csv
2025-06-19 09:32:24,235 - INFO - 股票代码列转换完成，样本: ['000001', '000002', '000003', '000004', '000005']
2025-06-19 09:32:24,241 - INFO - 数据转换完成，共 5722 只股票，列名: ['代码', '名称', '最新价', '涨跌幅', '涨跌额', '成交量', '成交额', '市盈率-动态', '市净率', '总市值', '流通市值', '清理名称']
2025-06-19 09:32:24,241 - INFO - 使用离线股票数据，共 5722 只股票
2025-06-19 09:32:24,244 - INFO - 本地数据源成功加载 5722 只股票信息
2025-06-19 09:32:24,246 - INFO - 成功加载 5722 只股票信息
2025-06-19 09:32:24,278 - INFO - 创建 20 条测试数据...
2025-06-19 09:32:24,283 - INFO - 测试数据已保存到: performance_test_20_20250619_093224.csv
2025-06-19 09:32:24,284 - INFO - 正在使用 local 加载A股股票列表...
2025-06-19 09:32:24,284 - INFO - 正在从本地数据源加载A股股票列表...
2025-06-19 09:32:24,285 - INFO - 加载离线股票数据: data\stock_list_latest.csv
2025-06-19 09:32:24,307 - INFO - 股票代码列转换完成，样本: ['000001', '000002', '000003', '000004', '000005']
2025-06-19 09:32:24,316 - INFO - 数据转换完成，共 5722 只股票，列名: ['代码', '名称', '最新价', '涨跌幅', '涨跌额', '成交量', '成交额', '市盈率-动态', '市净率', '总市值', '流通市值', '清理名称']
2025-06-19 09:32:24,316 - INFO - 使用离线股票数据，共 5722 只股票
2025-06-19 09:32:24,317 - INFO - 本地数据源成功加载 5722 只股票信息
2025-06-19 09:32:24,317 - INFO - 成功加载 5722 只股票信息
2025-06-19 09:32:24,330 - INFO - 正在读取文件: performance_test_20_20250619_093224.csv
2025-06-19 09:32:24,330 - INFO - 检测到文件格式: csv
2025-06-19 09:32:24,332 - INFO - CSV文件读取成功: 编码=utf-8-sig, 分隔符=','
2025-06-19 09:32:24,332 - INFO - 成功读取文件，共 20 行数据
2025-06-19 09:32:24,332 - INFO - 列名: ['股票代码', '参考价格']
2025-06-19 09:32:24,332 - INFO - 使用股票名称列: 股票代码
2025-06-19 09:32:24,332 - INFO - 使用价格列: 参考价格
2025-06-19 09:32:24,332 - INFO - 使用股票代码列: 股票代码
2025-06-19 09:32:24,334 - INFO - 检测到股票代码列，将使用代码补全模式
2025-06-19 09:32:24,335 - INFO - 处理后有效数据: 20 行
2025-06-19 09:32:24,338 - INFO - 开始进行股票代码补全...
2025-06-19 09:32:24,338 - INFO - 处理第 1/20 行: '000001
2025-06-19 09:32:24,440 - INFO - 处理第 2/20 行: 000002
2025-06-19 09:32:24,543 - INFO - 处理第 3/20 行: 000037
2025-06-19 09:32:24,645 - INFO - 处理第 4/20 行: '000603
2025-06-19 09:32:24,747 - INFO - 处理第 5/20 行: 000798
2025-06-19 09:32:24,848 - INFO - 处理第 6/20 行: 600000
2025-06-19 09:32:24,950 - INFO - 处理第 7/20 行: '600036
2025-06-19 09:32:25,051 - INFO - 处理第 8/20 行: 600519
2025-06-19 09:32:25,153 - INFO - 处理第 9/20 行: 600887
2025-06-19 09:32:25,255 - INFO - 处理第 10/20 行: '601318
2025-06-19 09:32:25,357 - INFO - 处理第 11/20 行: 002415
2025-06-19 09:32:25,459 - INFO - 处理第 12/20 行: 002594
2025-06-19 09:32:25,562 - INFO - 处理第 13/20 行: '002714
2025-06-19 09:32:25,664 - INFO - 处理第 14/20 行: 300059
2025-06-19 09:32:25,766 - INFO - 处理第 15/20 行: 300750
2025-06-19 09:32:25,868 - INFO - 处理第 16/20 行: '000001
2025-06-19 09:32:25,969 - INFO - 处理第 17/20 行: 000002
2025-06-19 09:32:26,070 - INFO - 处理第 18/20 行: 000037
2025-06-19 09:32:26,172 - INFO - 处理第 19/20 行: '000603
2025-06-19 09:32:26,274 - INFO - 处理第 20/20 行: 000798
2025-06-19 09:32:26,379 - INFO - 验证保存的数据格式...
2025-06-19 09:32:26,381 - INFO - 验证结果 - 标准化代码样本: ['000001', '000002', '000037', '000603', '000798']
2025-06-19 09:32:26,381 - INFO - 验证结果 - 股票代码样本: ['000001', '000002', '000037', '000603', '000798']
2025-06-19 09:32:26,381 - INFO - 代码补全结果已保存到: stock_code_completion_20250619_093226.csv
2025-06-19 09:32:26,382 - INFO - 补全统计:
2025-06-19 09:32:26,382 - INFO -   总数: 20
2025-06-19 09:32:26,382 - INFO -   成功补全: 20 (100.0%)
2025-06-19 09:32:26,383 - INFO -   格式无效: 0 (0.0%)
2025-06-19 09:32:26,383 - INFO -   代码不存在: 0 (0.0%)
2025-06-19 09:32:26,386 - INFO - 正在使用 local 加载A股股票列表...
2025-06-19 09:32:26,387 - INFO - 正在从本地数据源加载A股股票列表...
2025-06-19 09:32:26,387 - INFO - 加载离线股票数据: data\stock_list_latest.csv
2025-06-19 09:32:26,406 - INFO - 股票代码列转换完成，样本: ['000001', '000002', '000003', '000004', '000005']
2025-06-19 09:32:26,411 - INFO - 数据转换完成，共 5722 只股票，列名: ['代码', '名称', '最新价', '涨跌幅', '涨跌额', '成交量', '成交额', '市盈率-动态', '市净率', '总市值', '流通市值', '清理名称']
2025-06-19 09:32:26,412 - INFO - 使用离线股票数据，共 5722 只股票
2025-06-19 09:32:26,413 - INFO - 本地数据源成功加载 5722 只股票信息
2025-06-19 09:32:26,413 - INFO - 成功加载 5722 只股票信息
2025-06-19 09:32:26,423 - INFO - 正在读取文件: performance_test_20_20250619_093224.csv
2025-06-19 09:32:26,423 - INFO - 检测到文件格式: csv
2025-06-19 09:32:26,425 - INFO - CSV文件读取成功: 编码=utf-8-sig, 分隔符=','
2025-06-19 09:32:26,425 - INFO - 成功读取文件，共 20 行数据
2025-06-19 09:32:26,425 - INFO - 列名: ['股票代码', '参考价格']
2025-06-19 09:32:26,425 - INFO - 使用股票名称列: 股票代码
2025-06-19 09:32:26,425 - INFO - 使用价格列: 参考价格
2025-06-19 09:32:26,425 - INFO - 使用股票代码列: 股票代码
2025-06-19 09:32:26,428 - INFO - 检测到股票代码列，将使用代码补全模式
2025-06-19 09:32:26,429 - INFO - 处理后有效数据: 20 行
2025-06-19 09:32:26,457 - INFO - 验证保存的数据格式...
2025-06-19 09:32:26,460 - INFO - 验证结果 - 标准化代码样本: ['000001', '000002', '000037', '000603', '000798']
2025-06-19 09:32:26,460 - INFO - 验证结果 - 股票代码样本: ['000001', '000002', '000037', '000603', '000798']
2025-06-19 09:32:26,460 - INFO - 代码补全结果已保存到: stock_code_completion_20250619_093226.csv
2025-06-19 09:32:26,463 - INFO - 补全统计:
2025-06-19 09:32:26,463 - INFO -   总数: 20
2025-06-19 09:32:26,463 - INFO -   成功补全: 20 (100.0%)
2025-06-19 09:32:26,463 - INFO -   格式无效: 0 (0.0%)
2025-06-19 09:32:26,463 - INFO -   代码不存在: 0 (0.0%)
2025-06-19 09:32:26,467 - INFO - 创建 50 条测试数据...
2025-06-19 09:32:26,468 - INFO - 测试数据已保存到: performance_test_50_20250619_093226.csv
2025-06-19 09:32:26,470 - INFO - 正在使用 local 加载A股股票列表...
2025-06-19 09:32:26,470 - INFO - 正在从本地数据源加载A股股票列表...
2025-06-19 09:32:26,470 - INFO - 加载离线股票数据: data\stock_list_latest.csv
2025-06-19 09:32:26,491 - INFO - 股票代码列转换完成，样本: ['000001', '000002', '000003', '000004', '000005']
2025-06-19 09:32:26,496 - INFO - 数据转换完成，共 5722 只股票，列名: ['代码', '名称', '最新价', '涨跌幅', '涨跌额', '成交量', '成交额', '市盈率-动态', '市净率', '总市值', '流通市值', '清理名称']
2025-06-19 09:32:26,497 - INFO - 使用离线股票数据，共 5722 只股票
2025-06-19 09:32:26,498 - INFO - 本地数据源成功加载 5722 只股票信息
2025-06-19 09:32:26,498 - INFO - 成功加载 5722 只股票信息
2025-06-19 09:32:26,508 - INFO - 正在读取文件: performance_test_50_20250619_093226.csv
2025-06-19 09:32:26,508 - INFO - 检测到文件格式: csv
2025-06-19 09:32:26,510 - INFO - CSV文件读取成功: 编码=utf-8-sig, 分隔符=','
2025-06-19 09:32:26,510 - INFO - 成功读取文件，共 50 行数据
2025-06-19 09:32:26,511 - INFO - 列名: ['股票代码', '参考价格']
2025-06-19 09:32:26,511 - INFO - 使用股票名称列: 股票代码
2025-06-19 09:32:26,511 - INFO - 使用价格列: 参考价格
2025-06-19 09:32:26,511 - INFO - 使用股票代码列: 股票代码
2025-06-19 09:32:26,513 - INFO - 检测到股票代码列，将使用代码补全模式
2025-06-19 09:32:26,514 - INFO - 处理后有效数据: 50 行
2025-06-19 09:32:26,515 - INFO - 开始进行股票代码补全...
2025-06-19 09:32:26,515 - INFO - 处理第 1/50 行: '000001
2025-06-19 09:32:26,617 - INFO - 处理第 2/50 行: 000002
2025-06-19 09:32:26,718 - INFO - 处理第 3/50 行: 000037
2025-06-19 09:32:26,819 - INFO - 处理第 4/50 行: '000603
2025-06-19 09:32:26,921 - INFO - 处理第 5/50 行: 000798
2025-06-19 09:32:27,022 - INFO - 处理第 6/50 行: 600000
2025-06-19 09:32:27,124 - INFO - 处理第 7/50 行: '600036
2025-06-19 09:32:27,226 - INFO - 处理第 8/50 行: 600519
2025-06-19 09:32:27,328 - INFO - 处理第 9/50 行: 600887
2025-06-19 09:32:27,430 - INFO - 处理第 10/50 行: '601318
2025-06-19 09:32:27,532 - INFO - 处理第 11/50 行: 002415
2025-06-19 09:32:27,633 - INFO - 处理第 12/50 行: 002594
2025-06-19 09:32:27,735 - INFO - 处理第 13/50 行: '002714
2025-06-19 09:32:27,837 - INFO - 处理第 14/50 行: 300059
2025-06-19 09:32:27,938 - INFO - 处理第 15/50 行: 300750
2025-06-19 09:32:28,040 - INFO - 处理第 16/50 行: '000001
2025-06-19 09:32:28,141 - INFO - 处理第 17/50 行: 000002
2025-06-19 09:32:28,244 - INFO - 处理第 18/50 行: 000037
2025-06-19 09:32:28,345 - INFO - 处理第 19/50 行: '000603
2025-06-19 09:32:28,447 - INFO - 处理第 20/50 行: 000798
2025-06-19 09:32:28,548 - INFO - 处理第 21/50 行: 600000
2025-06-19 09:32:28,650 - INFO - 处理第 22/50 行: '600036
2025-06-19 09:32:28,753 - INFO - 处理第 23/50 行: 600519
2025-06-19 09:32:28,855 - INFO - 处理第 24/50 行: 600887
2025-06-19 09:32:28,956 - INFO - 处理第 25/50 行: '601318
2025-06-19 09:32:29,057 - INFO - 处理第 26/50 行: 002415
2025-06-19 09:32:29,159 - INFO - 处理第 27/50 行: 002594
2025-06-19 09:32:29,262 - INFO - 处理第 28/50 行: '002714
2025-06-19 09:32:29,363 - INFO - 处理第 29/50 行: 300059
2025-06-19 09:32:29,465 - INFO - 处理第 30/50 行: 300750
2025-06-19 09:32:29,567 - INFO - 处理第 31/50 行: '000001
2025-06-19 09:32:29,669 - INFO - 处理第 32/50 行: 000002
2025-06-19 09:32:29,771 - INFO - 处理第 33/50 行: 000037
2025-06-19 09:32:29,873 - INFO - 处理第 34/50 行: '000603
2025-06-19 09:32:29,975 - INFO - 处理第 35/50 行: 000798
2025-06-19 09:32:30,077 - INFO - 处理第 36/50 行: 600000
2025-06-19 09:32:30,179 - INFO - 处理第 37/50 行: '600036
2025-06-19 09:32:30,280 - INFO - 处理第 38/50 行: 600519
2025-06-19 09:32:30,382 - INFO - 处理第 39/50 行: 600887
2025-06-19 09:32:30,485 - INFO - 处理第 40/50 行: '601318
2025-06-19 09:32:30,589 - INFO - 处理第 41/50 行: 002415
2025-06-19 09:32:30,693 - INFO - 处理第 42/50 行: 002594
2025-06-19 09:32:30,795 - INFO - 处理第 43/50 行: '002714
2025-06-19 09:32:30,896 - INFO - 处理第 44/50 行: 300059
2025-06-19 09:32:30,998 - INFO - 处理第 45/50 行: 300750
2025-06-19 09:32:31,100 - INFO - 处理第 46/50 行: '000001
2025-06-19 09:32:31,201 - INFO - 处理第 47/50 行: 000002
2025-06-19 09:32:31,303 - INFO - 处理第 48/50 行: 000037
2025-06-19 09:32:31,405 - INFO - 处理第 49/50 行: '000603
2025-06-19 09:32:31,508 - INFO - 处理第 50/50 行: 000798
2025-06-19 09:32:31,616 - INFO - 验证保存的数据格式...
2025-06-19 09:32:31,619 - INFO - 验证结果 - 标准化代码样本: ['000001', '000002', '000037', '000603', '000798']
2025-06-19 09:32:31,619 - INFO - 验证结果 - 股票代码样本: ['000001', '000002', '000037', '000603', '000798']
2025-06-19 09:32:31,619 - INFO - 代码补全结果已保存到: stock_code_completion_20250619_093231.csv
2025-06-19 09:32:31,620 - INFO - 补全统计:
2025-06-19 09:32:31,620 - INFO -   总数: 50
2025-06-19 09:32:31,620 - INFO -   成功补全: 50 (100.0%)
2025-06-19 09:32:31,620 - INFO -   格式无效: 0 (0.0%)
2025-06-19 09:32:31,621 - INFO -   代码不存在: 0 (0.0%)
2025-06-19 09:32:31,625 - INFO - 正在使用 local 加载A股股票列表...
2025-06-19 09:32:31,626 - INFO - 正在从本地数据源加载A股股票列表...
2025-06-19 09:32:31,626 - INFO - 加载离线股票数据: data\stock_list_latest.csv
2025-06-19 09:32:31,651 - INFO - 股票代码列转换完成，样本: ['000001', '000002', '000003', '000004', '000005']
2025-06-19 09:32:31,656 - INFO - 数据转换完成，共 5722 只股票，列名: ['代码', '名称', '最新价', '涨跌幅', '涨跌额', '成交量', '成交额', '市盈率-动态', '市净率', '总市值', '流通市值', '清理名称']
2025-06-19 09:32:31,656 - INFO - 使用离线股票数据，共 5722 只股票
2025-06-19 09:32:31,657 - INFO - 本地数据源成功加载 5722 只股票信息
2025-06-19 09:32:31,657 - INFO - 成功加载 5722 只股票信息
2025-06-19 09:32:31,668 - INFO - 正在读取文件: performance_test_50_20250619_093226.csv
2025-06-19 09:32:31,668 - INFO - 检测到文件格式: csv
2025-06-19 09:32:31,670 - INFO - CSV文件读取成功: 编码=utf-8-sig, 分隔符=','
2025-06-19 09:32:31,670 - INFO - 成功读取文件，共 50 行数据
2025-06-19 09:32:31,670 - INFO - 列名: ['股票代码', '参考价格']
2025-06-19 09:32:31,670 - INFO - 使用股票名称列: 股票代码
2025-06-19 09:32:31,670 - INFO - 使用价格列: 参考价格
2025-06-19 09:32:31,670 - INFO - 使用股票代码列: 股票代码
2025-06-19 09:32:31,672 - INFO - 检测到股票代码列，将使用代码补全模式
2025-06-19 09:32:31,673 - INFO - 处理后有效数据: 50 行
2025-06-19 09:32:31,727 - INFO - 验证保存的数据格式...
2025-06-19 09:32:31,731 - INFO - 验证结果 - 标准化代码样本: ['000001', '000002', '000037', '000603', '000798']
2025-06-19 09:32:31,731 - INFO - 验证结果 - 股票代码样本: ['000001', '000002', '000037', '000603', '000798']
2025-06-19 09:32:31,731 - INFO - 代码补全结果已保存到: stock_code_completion_20250619_093231.csv
2025-06-19 09:32:31,733 - INFO - 补全统计:
2025-06-19 09:32:31,733 - INFO -   总数: 50
2025-06-19 09:32:31,733 - INFO -   成功补全: 50 (100.0%)
2025-06-19 09:32:31,733 - INFO -   格式无效: 0 (0.0%)
2025-06-19 09:32:31,733 - INFO -   代码不存在: 0 (0.0%)
2025-06-19 09:32:31,737 - INFO - 创建 100 条测试数据...
2025-06-19 09:32:31,739 - INFO - 测试数据已保存到: performance_test_100_20250619_093231.csv
2025-06-19 09:32:31,740 - INFO - 正在使用 local 加载A股股票列表...
2025-06-19 09:32:31,740 - INFO - 正在从本地数据源加载A股股票列表...
2025-06-19 09:32:31,741 - INFO - 加载离线股票数据: data\stock_list_latest.csv
2025-06-19 09:32:31,772 - INFO - 股票代码列转换完成，样本: ['000001', '000002', '000003', '000004', '000005']
2025-06-19 09:32:31,778 - INFO - 数据转换完成，共 5722 只股票，列名: ['代码', '名称', '最新价', '涨跌幅', '涨跌额', '成交量', '成交额', '市盈率-动态', '市净率', '总市值', '流通市值', '清理名称']
2025-06-19 09:32:31,780 - INFO - 使用离线股票数据，共 5722 只股票
2025-06-19 09:32:31,781 - INFO - 本地数据源成功加载 5722 只股票信息
2025-06-19 09:32:31,782 - INFO - 成功加载 5722 只股票信息
2025-06-19 09:32:31,797 - INFO - 正在读取文件: performance_test_100_20250619_093231.csv
2025-06-19 09:32:31,798 - INFO - 检测到文件格式: csv
2025-06-19 09:32:31,801 - INFO - CSV文件读取成功: 编码=utf-8-sig, 分隔符=','
2025-06-19 09:32:31,801 - INFO - 成功读取文件，共 100 行数据
2025-06-19 09:32:31,801 - INFO - 列名: ['股票代码', '参考价格']
2025-06-19 09:32:31,801 - INFO - 使用股票名称列: 股票代码
2025-06-19 09:32:31,801 - INFO - 使用价格列: 参考价格
2025-06-19 09:32:31,802 - INFO - 使用股票代码列: 股票代码
2025-06-19 09:32:31,805 - INFO - 检测到股票代码列，将使用代码补全模式
2025-06-19 09:32:31,806 - INFO - 处理后有效数据: 100 行
2025-06-19 09:32:31,807 - INFO - 开始进行股票代码补全...
2025-06-19 09:32:31,807 - INFO - 处理第 1/100 行: '000001
2025-06-19 09:32:31,890 - INFO - 处理第 2/100 行: 000002
2025-06-19 09:32:31,971 - INFO - 处理第 3/100 行: 000037
2025-06-19 09:32:32,053 - INFO - 处理第 4/100 行: '000603
2025-06-19 09:32:32,135 - INFO - 处理第 5/100 行: 000798
2025-06-19 09:32:32,217 - INFO - 处理第 6/100 行: 600000
2025-06-19 09:32:32,299 - INFO - 处理第 7/100 行: '600036
2025-06-19 09:32:32,381 - INFO - 处理第 8/100 行: 600519
2025-06-19 09:32:32,462 - INFO - 处理第 9/100 行: 600887
2025-06-19 09:32:32,544 - INFO - 处理第 10/100 行: '601318
2025-06-19 09:32:32,626 - INFO - 处理第 11/100 行: 002415
2025-06-19 09:32:32,712 - INFO - 处理第 12/100 行: 002594
2025-06-19 09:32:32,798 - INFO - 处理第 13/100 行: '002714
2025-06-19 09:32:32,881 - INFO - 处理第 14/100 行: 300059
2025-06-19 09:32:32,964 - INFO - 处理第 15/100 行: 300750
2025-06-19 09:32:33,046 - INFO - 处理第 16/100 行: '000001
2025-06-19 09:32:33,128 - INFO - 处理第 17/100 行: 000002
2025-06-19 09:32:33,210 - INFO - 处理第 18/100 行: 000037
2025-06-19 09:32:33,294 - INFO - 处理第 19/100 行: '000603
2025-06-19 09:32:33,378 - INFO - 处理第 20/100 行: 000798
2025-06-19 09:32:33,460 - INFO - 处理第 21/100 行: 600000
2025-06-19 09:32:33,543 - INFO - 处理第 22/100 行: '600036
2025-06-19 09:32:33,627 - INFO - 处理第 23/100 行: 600519
2025-06-19 09:32:33,710 - INFO - 处理第 24/100 行: 600887
2025-06-19 09:32:33,794 - INFO - 处理第 25/100 行: '601318
2025-06-19 09:32:33,877 - INFO - 处理第 26/100 行: 002415
2025-06-19 09:32:33,959 - INFO - 处理第 27/100 行: 002594
2025-06-19 09:32:34,042 - INFO - 处理第 28/100 行: '002714
2025-06-19 09:32:34,124 - INFO - 处理第 29/100 行: 300059
2025-06-19 09:32:34,206 - INFO - 处理第 30/100 行: 300750
2025-06-19 09:32:34,288 - INFO - 处理第 31/100 行: '000001
2025-06-19 09:32:34,370 - INFO - 处理第 32/100 行: 000002
2025-06-19 09:32:34,451 - INFO - 处理第 33/100 行: 000037
2025-06-19 09:32:34,533 - INFO - 处理第 34/100 行: '000603
2025-06-19 09:32:34,615 - INFO - 处理第 35/100 行: 000798
2025-06-19 09:32:34,696 - INFO - 处理第 36/100 行: 600000
2025-06-19 09:32:34,778 - INFO - 处理第 37/100 行: '600036
2025-06-19 09:32:34,860 - INFO - 处理第 38/100 行: 600519
2025-06-19 09:32:34,942 - INFO - 处理第 39/100 行: 600887
2025-06-19 09:32:35,026 - INFO - 处理第 40/100 行: '601318
2025-06-19 09:32:35,108 - INFO - 处理第 41/100 行: 002415
2025-06-19 09:32:35,191 - INFO - 处理第 42/100 行: 002594
2025-06-19 09:32:35,273 - INFO - 处理第 43/100 行: '002714
2025-06-19 09:32:35,354 - INFO - 处理第 44/100 行: 300059
2025-06-19 09:32:35,436 - INFO - 处理第 45/100 行: 300750
2025-06-19 09:32:35,518 - INFO - 处理第 46/100 行: '000001
2025-06-19 09:32:35,600 - INFO - 处理第 47/100 行: 000002
2025-06-19 09:32:35,682 - INFO - 处理第 48/100 行: 000037
2025-06-19 09:32:35,763 - INFO - 处理第 49/100 行: '000603
2025-06-19 09:32:35,845 - INFO - 处理第 50/100 行: 000798
2025-06-19 09:32:35,927 - INFO - 处理第 51/100 行: 600000
2025-06-19 09:32:36,009 - INFO - 处理第 52/100 行: '600036
2025-06-19 09:32:36,092 - INFO - 处理第 53/100 行: 600519
2025-06-19 09:32:36,173 - INFO - 处理第 54/100 行: 600887
2025-06-19 09:32:36,255 - INFO - 处理第 55/100 行: '601318
2025-06-19 09:32:36,337 - INFO - 处理第 56/100 行: 002415
2025-06-19 09:32:36,419 - INFO - 处理第 57/100 行: 002594
2025-06-19 09:32:36,501 - INFO - 处理第 58/100 行: '002714
2025-06-19 09:32:36,582 - INFO - 处理第 59/100 行: 300059
2025-06-19 09:32:36,664 - INFO - 处理第 60/100 行: 300750
2025-06-19 09:32:36,746 - INFO - 处理第 61/100 行: '000001
2025-06-19 09:32:36,828 - INFO - 处理第 62/100 行: 000002
2025-06-19 09:32:36,909 - INFO - 处理第 63/100 行: 000037
2025-06-19 09:32:36,992 - INFO - 处理第 64/100 行: '000603
2025-06-19 09:32:37,074 - INFO - 处理第 65/100 行: 000798
2025-06-19 09:32:37,155 - INFO - 处理第 66/100 行: 600000
2025-06-19 09:32:37,237 - INFO - 处理第 67/100 行: '600036
2025-06-19 09:32:37,319 - INFO - 处理第 68/100 行: 600519
2025-06-19 09:32:37,401 - INFO - 处理第 69/100 行: 600887
2025-06-19 09:32:37,483 - INFO - 处理第 70/100 行: '601318
2025-06-19 09:32:37,564 - INFO - 处理第 71/100 行: 002415
2025-06-19 09:32:37,646 - INFO - 处理第 72/100 行: 002594
2025-06-19 09:32:37,728 - INFO - 处理第 73/100 行: '002714
2025-06-19 09:32:37,811 - INFO - 处理第 74/100 行: 300059
2025-06-19 09:32:37,894 - INFO - 处理第 75/100 行: 300750
2025-06-19 09:32:37,977 - INFO - 处理第 76/100 行: '000001
2025-06-19 09:32:38,060 - INFO - 处理第 77/100 行: 000002
2025-06-19 09:32:38,142 - INFO - 处理第 78/100 行: 000037
2025-06-19 09:32:38,225 - INFO - 处理第 79/100 行: '000603
2025-06-19 09:32:38,307 - INFO - 处理第 80/100 行: 000798
2025-06-19 09:32:38,389 - INFO - 处理第 81/100 行: 600000
2025-06-19 09:32:38,471 - INFO - 处理第 82/100 行: '600036
2025-06-19 09:32:38,552 - INFO - 处理第 83/100 行: 600519
2025-06-19 09:32:38,634 - INFO - 处理第 84/100 行: 600887
2025-06-19 09:32:38,716 - INFO - 处理第 85/100 行: '601318
2025-06-19 09:32:38,798 - INFO - 处理第 86/100 行: 002415
2025-06-19 09:32:38,879 - INFO - 处理第 87/100 行: 002594
2025-06-19 09:32:38,961 - INFO - 处理第 88/100 行: '002714
2025-06-19 09:32:39,044 - INFO - 处理第 89/100 行: 300059
2025-06-19 09:32:39,127 - INFO - 处理第 90/100 行: 300750
2025-06-19 09:32:39,211 - INFO - 处理第 91/100 行: '000001
2025-06-19 09:32:39,293 - INFO - 处理第 92/100 行: 000002
2025-06-19 09:32:39,376 - INFO - 处理第 93/100 行: 000037
2025-06-19 09:32:39,461 - INFO - 处理第 94/100 行: '000603
2025-06-19 09:32:39,544 - INFO - 处理第 95/100 行: 000798
2025-06-19 09:32:39,630 - INFO - 处理第 96/100 行: 600000
2025-06-19 09:32:39,715 - INFO - 处理第 97/100 行: '600036
2025-06-19 09:32:39,798 - INFO - 处理第 98/100 行: 600519
2025-06-19 09:32:39,881 - INFO - 处理第 99/100 行: 600887
2025-06-19 09:32:39,963 - INFO - 处理第 100/100 行: '601318
2025-06-19 09:32:40,048 - INFO - 验证保存的数据格式...
2025-06-19 09:32:40,050 - INFO - 验证结果 - 标准化代码样本: ['000001', '000002', '000037', '000603', '000798']
2025-06-19 09:32:40,050 - INFO - 验证结果 - 股票代码样本: ['000001', '000002', '000037', '000603', '000798']
2025-06-19 09:32:40,050 - INFO - 代码补全结果已保存到: stock_code_completion_20250619_093240.csv
2025-06-19 09:32:40,051 - INFO - 补全统计:
2025-06-19 09:32:40,052 - INFO -   总数: 100
2025-06-19 09:32:40,052 - INFO -   成功补全: 100 (100.0%)
2025-06-19 09:32:40,052 - INFO -   格式无效: 0 (0.0%)
2025-06-19 09:32:40,052 - INFO -   代码不存在: 0 (0.0%)
2025-06-19 09:32:40,056 - INFO - 正在使用 local 加载A股股票列表...
2025-06-19 09:32:40,056 - INFO - 正在从本地数据源加载A股股票列表...
2025-06-19 09:32:40,057 - INFO - 加载离线股票数据: data\stock_list_latest.csv
2025-06-19 09:32:40,077 - INFO - 股票代码列转换完成，样本: ['000001', '000002', '000003', '000004', '000005']
2025-06-19 09:32:40,083 - INFO - 数据转换完成，共 5722 只股票，列名: ['代码', '名称', '最新价', '涨跌幅', '涨跌额', '成交量', '成交额', '市盈率-动态', '市净率', '总市值', '流通市值', '清理名称']
2025-06-19 09:32:40,083 - INFO - 使用离线股票数据，共 5722 只股票
2025-06-19 09:32:40,084 - INFO - 本地数据源成功加载 5722 只股票信息
2025-06-19 09:32:40,084 - INFO - 成功加载 5722 只股票信息
2025-06-19 09:32:40,095 - INFO - 正在读取文件: performance_test_100_20250619_093231.csv
2025-06-19 09:32:40,095 - INFO - 检测到文件格式: csv
2025-06-19 09:32:40,097 - INFO - CSV文件读取成功: 编码=utf-8-sig, 分隔符=','
2025-06-19 09:32:40,097 - INFO - 成功读取文件，共 100 行数据
2025-06-19 09:32:40,097 - INFO - 列名: ['股票代码', '参考价格']
2025-06-19 09:32:40,097 - INFO - 使用股票名称列: 股票代码
2025-06-19 09:32:40,097 - INFO - 使用价格列: 参考价格
2025-06-19 09:32:40,097 - INFO - 使用股票代码列: 股票代码
2025-06-19 09:32:40,099 - INFO - 检测到股票代码列，将使用代码补全模式
2025-06-19 09:32:40,100 - INFO - 处理后有效数据: 100 行
2025-06-19 09:32:40,160 - INFO - 验证保存的数据格式...
2025-06-19 09:32:40,164 - INFO - 验证结果 - 标准化代码样本: ['000001', '000002', '000037', '000603', '000798']
2025-06-19 09:32:40,164 - INFO - 验证结果 - 股票代码样本: ['000001', '000002', '000037', '000603', '000798']
2025-06-19 09:32:40,165 - INFO - 代码补全结果已保存到: stock_code_completion_20250619_093240.csv
2025-06-19 09:32:40,166 - INFO - 补全统计:
2025-06-19 09:32:40,166 - INFO -   总数: 100
2025-06-19 09:32:40,166 - INFO -   成功补全: 100 (100.0%)
2025-06-19 09:32:40,166 - INFO -   格式无效: 0 (0.0%)
2025-06-19 09:32:40,166 - INFO -   代码不存在: 0 (0.0%)
