2025-06-16 17:04:37,897 - WARNING -  * Debugger is active!
2025-06-16 17:04:37,900 - INFO -  * Debugger PIN: 678-550-451
2025-06-16 17:05:02,442 - INFO - 检测到文件格式: excel
2025-06-16 17:05:02,652 - INFO - Excel文件读取成功
2025-06-16 17:05:02,661 - INFO - 127.0.0.1 - - [16/Jun/2025 17:05:02] "POST /upload HTTP/1.1" 200 -
2025-06-16 17:05:09,298 - INFO - 检测到文件格式: excel
2025-06-16 17:05:09,309 - INFO - Excel文件读取成功
2025-06-16 17:05:09,318 - INFO - 127.0.0.1 - - [16/Jun/2025 17:05:09] "POST /upload HTTP/1.1" 200 -
2025-06-16 17:08:39,878 - INFO - 检测到文件格式: csv
2025-06-16 17:08:39,881 - INFO - CSV文件读取成功: 编码=utf-8-sig, 分隔符=','
2025-06-16 17:08:39,883 - INFO - 127.0.0.1 - - [16/Jun/2025 17:08:39] "POST /upload HTTP/1.1" 200 -
2025-06-16 17:08:50,244 - INFO - 开始处理文件: 20250616_170839_20250616170705.csv
2025-06-16 17:08:50,244 - INFO - 正在使用 akshare 加载A股股票列表...
2025-06-16 17:08:50,244 - INFO - 正在从AKShare加载A股股票列表...
2025-06-16 17:08:53,563 - INFO - AKShare成功加载 5724 只股票信息
2025-06-16 17:08:53,563 - INFO - 成功加载 5724 只股票信息
2025-06-16 17:08:53,576 - INFO - 正在读取文件: uploads\20250616_170839_20250616170705.csv
2025-06-16 17:08:53,577 - INFO - 检测到文件格式: csv
2025-06-16 17:08:53,578 - INFO - CSV文件读取成功: 编码=utf-8-sig, 分隔符=','
2025-06-16 17:08:53,578 - INFO - 成功读取文件，共 42 行数据
2025-06-16 17:08:53,579 - INFO - 列名: ['股票代码', '入选时间', '买入价格', '操作', '止盈价格', '止损价格']
2025-06-16 17:08:53,579 - INFO - 使用股票名称列: 股票代码
2025-06-16 17:08:53,579 - INFO - 使用价格列: 买入价格
2025-06-16 17:08:53,579 - INFO - 使用股票代码列: 股票代码
2025-06-16 17:08:53,581 - INFO - 检测到股票代码列，将使用代码补全模式
2025-06-16 17:08:53,582 - INFO - 处理后有效数据: 42 行
2025-06-16 17:08:53,582 - INFO - 开始进行股票代码补全...
2025-06-16 17:08:53,582 - INFO - 处理第 1/42 行: '000823
2025-06-16 17:08:53,582 - WARNING - 股票代码格式无效: '000823 -> '000823
2025-06-16 17:08:53,683 - INFO - 处理第 2/42 行: '000852
2025-06-16 17:08:53,684 - WARNING - 股票代码格式无效: '000852 -> '000852
2025-06-16 17:08:53,784 - INFO - 处理第 3/42 行: '000905
2025-06-16 17:08:53,785 - WARNING - 股票代码格式无效: '000905 -> '000905
2025-06-16 17:08:53,886 - INFO - 处理第 4/42 行: '001368
2025-06-16 17:08:53,887 - WARNING - 股票代码格式无效: '001368 -> '001368
2025-06-16 17:08:53,988 - INFO - 处理第 5/42 行: '002029
2025-06-16 17:08:53,988 - WARNING - 股票代码格式无效: '002029 -> '002029
2025-06-16 17:08:54,088 - INFO - 处理第 6/42 行: '002097
2025-06-16 17:08:54,089 - WARNING - 股票代码格式无效: '002097 -> '002097
2025-06-16 17:08:54,189 - INFO - 处理第 7/42 行: '002208
2025-06-16 17:08:54,190 - WARNING - 股票代码格式无效: '002208 -> '002208
2025-06-16 17:08:54,290 - INFO - 处理第 8/42 行: '002339
2025-06-16 17:08:54,290 - WARNING - 股票代码格式无效: '002339 -> '002339
2025-06-16 17:08:54,391 - INFO - 处理第 9/42 行: '002352
2025-06-16 17:08:54,391 - WARNING - 股票代码格式无效: '002352 -> '002352
2025-06-16 17:08:54,492 - INFO - 处理第 10/42 行: '002952
2025-06-16 17:08:54,492 - WARNING - 股票代码格式无效: '002952 -> '002952
2025-06-16 17:08:54,593 - INFO - 处理第 11/42 行: '003018
2025-06-16 17:08:54,593 - WARNING - 股票代码格式无效: '003018 -> '003018
2025-06-16 17:08:54,694 - INFO - 处理第 12/42 行: '003023
2025-06-16 17:08:54,694 - WARNING - 股票代码格式无效: '003023 -> '003023
2025-06-16 17:08:54,795 - INFO - 处理第 13/42 行: '300099
2025-06-16 17:08:54,796 - WARNING - 股票代码格式无效: '300099 -> '300099
2025-06-16 17:08:54,897 - INFO - 处理第 14/42 行: '300516
2025-06-16 17:08:54,897 - WARNING - 股票代码格式无效: '300516 -> '300516
2025-06-16 17:08:54,998 - INFO - 处理第 15/42 行: '300564
2025-06-16 17:08:54,998 - WARNING - 股票代码格式无效: '300564 -> '300564
2025-06-16 17:08:55,099 - INFO - 处理第 16/42 行: '300930
2025-06-16 17:08:55,100 - WARNING - 股票代码格式无效: '300930 -> '300930
2025-06-16 17:08:55,200 - INFO - 处理第 17/42 行: '300941
2025-06-16 17:08:55,201 - WARNING - 股票代码格式无效: '300941 -> '300941
2025-06-16 17:08:55,302 - INFO - 处理第 18/42 行: '301042
2025-06-16 17:08:55,303 - WARNING - 股票代码格式无效: '301042 -> '301042
2025-06-16 17:08:55,404 - INFO - 处理第 19/42 行: '301176
2025-06-16 17:08:55,404 - WARNING - 股票代码格式无效: '301176 -> '301176
2025-06-16 17:08:55,505 - INFO - 处理第 20/42 行: '301185
2025-06-16 17:08:55,505 - WARNING - 股票代码格式无效: '301185 -> '301185
2025-06-16 17:08:55,605 - INFO - 处理第 21/42 行: '301192
2025-06-16 17:08:55,606 - WARNING - 股票代码格式无效: '301192 -> '301192
2025-06-16 17:08:55,706 - INFO - 处理第 22/42 行: '301223
2025-06-16 17:08:55,706 - WARNING - 股票代码格式无效: '301223 -> '301223
2025-06-16 17:08:55,807 - INFO - 处理第 23/42 行: '301234
2025-06-16 17:08:55,807 - WARNING - 股票代码格式无效: '301234 -> '301234
2025-06-16 17:08:55,908 - INFO - 处理第 24/42 行: '301338
2025-06-16 17:08:55,908 - WARNING - 股票代码格式无效: '301338 -> '301338
2025-06-16 17:08:56,009 - INFO - 处理第 25/42 行: '301380
2025-06-16 17:08:56,010 - WARNING - 股票代码格式无效: '301380 -> '301380
2025-06-16 17:08:56,111 - INFO - 处理第 26/42 行: '600095
2025-06-16 17:08:56,111 - WARNING - 股票代码格式无效: '600095 -> '600095
2025-06-16 17:08:56,212 - INFO - 处理第 27/42 行: '600111
2025-06-16 17:08:56,212 - WARNING - 股票代码格式无效: '600111 -> '600111
2025-06-16 17:08:56,313 - INFO - 处理第 28/42 行: '600458
2025-06-16 17:08:56,314 - WARNING - 股票代码格式无效: '600458 -> '600458
2025-06-16 17:08:56,414 - INFO - 处理第 29/42 行: '600470
2025-06-16 17:08:56,414 - WARNING - 股票代码格式无效: '600470 -> '600470
2025-06-16 17:08:56,515 - INFO - 处理第 30/42 行: '600549
2025-06-16 17:08:56,515 - WARNING - 股票代码格式无效: '600549 -> '600549
2025-06-16 17:08:56,616 - INFO - 处理第 31/42 行: '600685
2025-06-16 17:08:56,617 - WARNING - 股票代码格式无效: '600685 -> '600685
2025-06-16 17:08:56,717 - INFO - 处理第 32/42 行: '600727
2025-06-16 17:08:56,718 - WARNING - 股票代码格式无效: '600727 -> '600727
2025-06-16 17:08:56,819 - INFO - 处理第 33/42 行: '600784
2025-06-16 17:08:56,820 - WARNING - 股票代码格式无效: '600784 -> '600784
2025-06-16 17:08:56,921 - INFO - 处理第 34/42 行: '601059
2025-06-16 17:08:56,921 - WARNING - 股票代码格式无效: '601059 -> '601059
2025-06-16 17:08:57,022 - INFO - 处理第 35/42 行: '601555
2025-06-16 17:08:57,022 - WARNING - 股票代码格式无效: '601555 -> '601555
2025-06-16 17:08:57,123 - INFO - 处理第 36/42 行: '601788
2025-06-16 17:08:57,123 - WARNING - 股票代码格式无效: '601788 -> '601788
2025-06-16 17:08:57,224 - INFO - 处理第 37/42 行: '601916
2025-06-16 17:08:57,225 - WARNING - 股票代码格式无效: '601916 -> '601916
2025-06-16 17:08:57,325 - INFO - 处理第 38/42 行: '603619
2025-06-16 17:08:57,326 - WARNING - 股票代码格式无效: '603619 -> '603619
2025-06-16 17:08:57,426 - INFO - 处理第 39/42 行: '605056
2025-06-16 17:08:57,426 - WARNING - 股票代码格式无效: '605056 -> '605056
2025-06-16 17:08:57,527 - INFO - 处理第 40/42 行: '605058
2025-06-16 17:08:57,528 - WARNING - 股票代码格式无效: '605058 -> '605058
2025-06-16 17:08:57,628 - INFO - 处理第 41/42 行: '688334
2025-06-16 17:08:57,628 - WARNING - 股票代码格式无效: '688334 -> '688334
2025-06-16 17:08:57,729 - INFO - 处理第 42/42 行: '688498
2025-06-16 17:08:57,729 - WARNING - 股票代码格式无效: '688498 -> '688498
2025-06-16 17:08:57,833 - INFO - 代码补全结果已保存到: result\stock_completion_20250616_170853.csv
2025-06-16 17:08:57,834 - INFO - 补全统计:
2025-06-16 17:08:57,834 - INFO -   总数: 42
2025-06-16 17:08:57,834 - INFO -   成功补全: 0 (0.0%)
2025-06-16 17:08:57,834 - INFO -   格式无效: 42 (100.0%)
2025-06-16 17:08:57,834 - INFO -   代码不存在: 0 (0.0%)
2025-06-16 17:08:57,839 - INFO - 处理完成: 0/42 成功
2025-06-16 17:08:57,840 - INFO - 127.0.0.1 - - [16/Jun/2025 17:08:57] "POST /process HTTP/1.1" 200 -
2025-06-16 17:11:00,988 - INFO -  * Detected change in 'C:\\Users\\weiruiqiang\\Desktop\\stock_name_matcher\\stock_name_matcher.py', reloading
2025-06-16 17:11:00,988 - INFO -  * Detected change in 'C:\\Users\\weiruiqiang\\Desktop\\stock_name_matcher\\stock_name_matcher.py', reloading
2025-06-16 17:11:00,989 - INFO -  * Detected change in 'C:\\Users\\weiruiqiang\\Desktop\\stock_name_matcher\\stock_name_matcher.py', reloading
