2025-06-17 18:41:14,638 - INFO - 正在使用 local 加载A股股票列表...
2025-06-17 18:41:14,638 - INFO - 正在从本地数据源加载A股股票列表...
2025-06-17 18:41:14,638 - INFO - 加载离线股票数据: data\stock_list_latest.csv
2025-06-17 18:41:14,667 - INFO - 使用离线股票数据，共 5722 只股票
2025-06-17 18:41:14,667 - INFO - 本地数据源成功加载 5722 只股票信息
2025-06-17 18:41:14,668 - INFO - 成功加载 5722 只股票信息
2025-06-17 18:41:14,690 - INFO - 正在读取文件: uploads/20250617_181808_20250617171501.csv
2025-06-17 18:41:14,691 - INFO - 检测到文件格式: csv
2025-06-17 18:41:14,692 - INFO - CSV文件读取成功: 编码=utf-8-sig, 分隔符=','
2025-06-17 18:41:14,693 - INFO - 成功读取文件，共 45 行数据
2025-06-17 18:41:14,693 - INFO - 列名: ['股票代码', '入选时间', '买入价格', '操作', '止盈价格', '止损价格']
2025-06-17 18:41:14,693 - INFO - 使用股票名称列: 股票代码
2025-06-17 18:41:14,693 - INFO - 使用价格列: 买入价格
2025-06-17 18:41:14,694 - INFO - 使用股票代码列: 股票代码
2025-06-17 18:41:14,696 - INFO - 检测到股票代码列，将使用代码补全模式
2025-06-17 18:41:14,696 - INFO - 处理后有效数据: 45 行
2025-06-17 18:41:14,696 - INFO - 开始进行股票代码补全...
2025-06-17 18:41:14,697 - INFO - 处理第 1/45 行: '000037
2025-06-17 18:41:14,798 - INFO - 处理第 2/45 行: '000603
2025-06-17 18:41:14,900 - INFO - 处理第 3/45 行: '000798
2025-06-17 18:41:15,001 - INFO - 处理第 4/45 行: '000823
2025-06-17 18:41:15,103 - INFO - 处理第 5/45 行: '000970
2025-06-17 18:41:15,205 - INFO - 处理第 6/45 行: '000985
2025-06-17 18:41:15,307 - INFO - 处理第 7/45 行: '001259
2025-06-17 18:41:15,409 - INFO - 处理第 8/45 行: '001368
2025-06-17 18:41:15,510 - INFO - 处理第 9/45 行: '002132
2025-06-17 18:41:15,612 - INFO - 处理第 10/45 行: '002208
2025-06-17 18:41:15,714 - INFO - 处理第 11/45 行: '002300
2025-06-17 18:41:15,816 - INFO - 处理第 12/45 行: '002352
2025-06-17 18:41:15,918 - INFO - 处理第 13/45 行: '300457
2025-06-17 18:41:16,019 - INFO - 处理第 14/45 行: '300479
2025-06-17 18:41:16,121 - INFO - 处理第 15/45 行: '300585
2025-06-17 18:41:16,223 - INFO - 处理第 16/45 行: '300943
2025-06-17 18:41:16,324 - INFO - 处理第 17/45 行: '301048
2025-06-17 18:41:16,427 - INFO - 处理第 18/45 行: '301176
2025-06-17 18:41:16,528 - INFO - 处理第 19/45 行: '301208
2025-06-17 18:41:16,630 - INFO - 处理第 20/45 行: '301292
2025-06-17 18:41:16,732 - INFO - 处理第 21/45 行: '301380
2025-06-17 18:41:16,833 - INFO - 处理第 22/45 行: '301520
2025-06-17 18:41:16,935 - INFO - 处理第 23/45 行: '600435
2025-06-17 18:41:17,037 - INFO - 处理第 24/45 行: '600458
2025-06-17 18:41:17,139 - INFO - 处理第 25/45 行: '600470
2025-06-17 18:41:17,241 - INFO - 处理第 26/45 行: '600549
2025-06-17 18:41:17,342 - INFO - 处理第 27/45 行: '600775
2025-06-17 18:41:17,445 - INFO - 处理第 28/45 行: '600855
2025-06-17 18:41:17,547 - INFO - 处理第 29/45 行: '600875
2025-06-17 18:41:17,649 - INFO - 处理第 30/45 行: '601059
2025-06-17 18:41:17,750 - INFO - 处理第 31/45 行: '601555
2025-06-17 18:41:17,852 - INFO - 处理第 32/45 行: '601788
2025-06-17 18:41:17,954 - INFO - 处理第 33/45 行: '601857
2025-06-17 18:41:18,055 - INFO - 处理第 34/45 行: '601872
2025-06-17 18:41:18,157 - INFO - 处理第 35/45 行: '601916
2025-06-17 18:41:18,259 - INFO - 处理第 36/45 行: '601958
2025-06-17 18:41:18,361 - INFO - 处理第 37/45 行: '603069
2025-06-17 18:41:18,463 - INFO - 处理第 38/45 行: '603097
2025-06-17 18:41:18,565 - INFO - 处理第 39/45 行: '603215
2025-06-17 18:41:18,667 - INFO - 处理第 40/45 行: '603232
2025-06-17 18:41:18,769 - INFO - 处理第 41/45 行: '603722
2025-06-17 18:41:18,870 - INFO - 处理第 42/45 行: '605056
2025-06-17 18:41:18,971 - INFO - 处理第 43/45 行: '688143
2025-06-17 18:41:19,073 - INFO - 处理第 44/45 行: '688151
2025-06-17 18:41:19,175 - INFO - 处理第 45/45 行: '688498
2025-06-17 18:41:19,279 - INFO - 代码补全结果已保存到: debug_column_result.csv
2025-06-17 18:41:19,281 - INFO - 补全统计:
2025-06-17 18:41:19,281 - INFO -   总数: 45
2025-06-17 18:41:19,281 - INFO -   成功补全: 45 (100.0%)
2025-06-17 18:41:19,281 - INFO -   格式无效: 0 (0.0%)
2025-06-17 18:41:19,281 - INFO -   代码不存在: 0 (0.0%)
