2025-06-16 15:33:38,579 - INFO - 正在加载A股股票列表...
2025-06-16 15:33:48,620 - INFO - 成功加载 5724 只股票信息
2025-06-16 15:33:48,756 - INFO - 正在读取Excel文件: example_stocks.csv
2025-06-16 15:33:48,758 - INFO - 成功读取文件，共 20 行数据
2025-06-16 15:33:48,758 - INFO - 列名: ['股票名称', '参考价格']
2025-06-16 15:33:48,758 - WARNING - 未能自动检测股票代码列
2025-06-16 15:33:48,758 - INFO - 使用股票名称列: 股票名称
2025-06-16 15:33:48,758 - INFO - 使用价格列: 参考价格
2025-06-16 15:33:48,758 - INFO - 使用股票代码列: None
2025-06-16 15:33:48,760 - INFO - 检测到股票名称列，将使用名称匹配模式
2025-06-16 15:33:48,761 - INFO - 处理后有效数据: 20 行
2025-06-16 15:33:48,762 - INFO - 检测到股票名称，使用名称匹配模式
2025-06-16 15:33:48,762 - INFO - 开始进行股票名称匹配...
2025-06-16 15:33:48,762 - INFO - 处理第 1/20 行: 平安银行
2025-06-16 15:33:48,884 - INFO - 处理第 2/20 行: 招商银行
2025-06-16 15:33:49,008 - INFO - 处理第 3/20 行: 中国平安
2025-06-16 15:33:49,132 - INFO - 处理第 4/20 行: 贵州茅台
2025-06-16 15:33:49,254 - INFO - 处理第 5/20 行: 五粮液
2025-06-16 15:33:49,376 - INFO - 处理第 6/20 行: 美的集团
2025-06-16 15:33:49,498 - INFO - 处理第 7/20 行: 格力电器
2025-06-16 15:33:49,620 - INFO - 处理第 8/20 行: 比亚迪
2025-06-16 15:33:49,742 - INFO - 处理第 9/20 行: 宁德时代
2025-06-16 15:33:49,864 - INFO - 处理第 10/20 行: 腾讯控股
2025-06-16 15:33:49,985 - INFO - 处理第 11/20 行: 阿里巴巴
2025-06-16 15:33:50,106 - INFO - 处理第 12/20 行: 中国移动
2025-06-16 15:33:50,229 - INFO - 处理第 13/20 行: 工商银行
2025-06-16 15:33:50,352 - INFO - 处理第 14/20 行: 建设银行
2025-06-16 15:33:50,474 - INFO - 处理第 15/20 行: 农业银行
2025-06-16 15:33:50,598 - INFO - 处理第 16/20 行: 中国银行
2025-06-16 15:33:50,721 - INFO - 处理第 17/20 行: 中石油
2025-06-16 15:33:50,846 - INFO - 处理第 18/20 行: 中石化
2025-06-16 15:33:50,968 - INFO - 处理第 19/20 行: 中国神华
2025-06-16 15:33:51,091 - INFO - 处理第 20/20 行: 紫金矿业
2025-06-16 15:33:51,219 - INFO - 匹配结果已保存到: stock_match_results_20250616_153351.csv
2025-06-16 15:33:51,220 - INFO - 匹配统计:
2025-06-16 15:33:51,220 - INFO -   总数: 20
2025-06-16 15:33:51,220 - INFO -   成功匹配: 18 (90.0%)
2025-06-16 15:33:51,220 - INFO -   精确匹配: 13 (65.0%)
2025-06-16 15:33:51,223 - INFO - 正在读取Excel文件: example_stock_codes.csv
2025-06-16 15:33:51,224 - INFO - 成功读取文件，共 20 行数据
2025-06-16 15:33:51,224 - INFO - 列名: ['股票代码', '参考价格']
2025-06-16 15:33:51,224 - INFO - 使用股票名称列: 股票代码
2025-06-16 15:33:51,224 - INFO - 使用价格列: 参考价格
2025-06-16 15:33:51,225 - INFO - 使用股票代码列: 股票代码
2025-06-16 15:33:51,228 - INFO - 检测到股票代码列，将使用代码补全模式
2025-06-16 15:33:51,228 - INFO - 处理后有效数据: 20 行
2025-06-16 15:33:51,229 - INFO - 开始进行股票代码补全...
2025-06-16 15:33:51,229 - INFO - 处理第 1/20 行: 1
2025-06-16 15:33:51,229 - WARNING - 股票代码格式无效: 1
2025-06-16 15:33:51,330 - INFO - 处理第 2/20 行: 600036
2025-06-16 15:33:51,432 - INFO - 处理第 3/20 行: 601318
2025-06-16 15:33:51,534 - INFO - 处理第 4/20 行: 600519
2025-06-16 15:33:51,636 - INFO - 处理第 5/20 行: 858
2025-06-16 15:33:51,636 - WARNING - 股票代码格式无效: 858
2025-06-16 15:33:51,737 - INFO - 处理第 6/20 行: 333
2025-06-16 15:33:51,737 - WARNING - 股票代码格式无效: 333
2025-06-16 15:33:51,838 - INFO - 处理第 7/20 行: 651
2025-06-16 15:33:51,838 - WARNING - 股票代码格式无效: 651
2025-06-16 15:33:51,940 - INFO - 处理第 8/20 行: 2594
2025-06-16 15:33:51,940 - WARNING - 股票代码格式无效: 2594
2025-06-16 15:33:52,041 - INFO - 处理第 9/20 行: 300750
2025-06-16 15:33:52,144 - INFO - 处理第 10/20 行: 600941
2025-06-16 15:33:52,245 - INFO - 处理第 11/20 行: 601398
2025-06-16 15:33:52,348 - INFO - 处理第 12/20 行: 601939
2025-06-16 15:33:52,450 - INFO - 处理第 13/20 行: 601857
2025-06-16 15:33:52,552 - INFO - 处理第 14/20 行: 600028
2025-06-16 15:33:52,653 - INFO - 处理第 15/20 行: 601899
2025-06-16 15:33:52,755 - INFO - 处理第 16/20 行: 2
2025-06-16 15:33:52,756 - WARNING - 股票代码格式无效: 2
2025-06-16 15:33:52,856 - INFO - 处理第 17/20 行: 600000
2025-06-16 15:33:52,958 - INFO - 处理第 18/20 行: 2415
2025-06-16 15:33:52,959 - WARNING - 股票代码格式无效: 2415
2025-06-16 15:33:53,059 - INFO - 处理第 19/20 行: 600276
2025-06-16 15:33:53,161 - INFO - 处理第 20/20 行: 688001
2025-06-16 15:33:53,265 - INFO - 代码补全结果已保存到: stock_code_completion_20250616_153353.csv
2025-06-16 15:33:53,266 - INFO - 补全统计:
2025-06-16 15:33:53,266 - INFO -   总数: 20
2025-06-16 15:33:53,266 - INFO -   成功补全: 13 (65.0%)
2025-06-16 15:33:53,266 - INFO -   格式无效: 7 (35.0%)
2025-06-16 15:33:53,266 - INFO -   代码不存在: 0 (0.0%)
2025-06-16 15:33:53,269 - INFO - 正在加载A股股票列表...
2025-06-16 15:34:02,276 - INFO - 成功加载 5724 只股票信息
2025-06-16 15:34:02,407 - INFO - 正在加载A股股票列表...
