2025-06-18 12:16:33,515 - INFO - 正在使用 akshare 加载A股股票列表...
2025-06-18 12:16:33,515 - INFO - 正在从AKShare加载A股股票列表...
2025-06-18 12:16:52,232 - INFO - AKShare成功加载 5724 只股票信息
2025-06-18 12:16:52,232 - INFO - 成功加载 5724 只股票信息
2025-06-18 12:16:52,243 - INFO - 正在读取文件: 20250617171501.csv
2025-06-18 12:16:52,243 - INFO - 检测到文件格式: csv
2025-06-18 12:16:52,246 - INFO - CSV文件读取成功: 编码=utf-8-sig, 分隔符=','
2025-06-18 12:16:52,247 - INFO - 成功读取文件，共 45 行数据
2025-06-18 12:16:52,247 - INFO - 列名: ['股票代码', '入选时间', '买入价格', '操作', '止盈价格', '止损价格']
2025-06-18 12:16:52,247 - INFO - 使用股票名称列: 股票代码
2025-06-18 12:16:52,247 - INFO - 使用价格列: 买入价格
2025-06-18 12:16:52,247 - INFO - 使用股票代码列: 股票代码
2025-06-18 12:16:52,249 - INFO - 检测到股票代码列，将使用代码补全模式
2025-06-18 12:16:52,250 - INFO - 处理后有效数据: 45 行
2025-06-18 12:16:52,250 - INFO - 开始进行股票代码补全...
2025-06-18 12:16:52,250 - INFO - 处理第 1/45 行: '000037
2025-06-18 12:16:52,352 - INFO - 处理第 2/45 行: '000603
2025-06-18 12:16:52,453 - INFO - 处理第 3/45 行: '000798
2025-06-18 12:16:52,555 - INFO - 处理第 4/45 行: '000823
2025-06-18 12:16:52,658 - INFO - 处理第 5/45 行: '000970
2025-06-18 12:16:52,759 - INFO - 处理第 6/45 行: '000985
2025-06-18 12:16:52,861 - INFO - 处理第 7/45 行: '001259
2025-06-18 12:16:52,964 - INFO - 处理第 8/45 行: '001368
2025-06-18 12:16:53,066 - INFO - 处理第 9/45 行: '002132
2025-06-18 12:16:53,168 - INFO - 处理第 10/45 行: '002208
2025-06-18 12:16:53,269 - INFO - 处理第 11/45 行: '002300
2025-06-18 12:16:53,371 - INFO - 处理第 12/45 行: '002352
2025-06-18 12:16:53,473 - INFO - 处理第 13/45 行: '300457
2025-06-18 12:16:53,574 - INFO - 处理第 14/45 行: '300479
2025-06-18 12:16:53,677 - INFO - 处理第 15/45 行: '300585
2025-06-18 12:16:53,779 - INFO - 处理第 16/45 行: '300943
2025-06-18 12:16:53,881 - INFO - 处理第 17/45 行: '301048
2025-06-18 12:16:53,983 - INFO - 处理第 18/45 行: '301176
2025-06-18 12:16:54,084 - INFO - 处理第 19/45 行: '301208
2025-06-18 12:16:54,186 - INFO - 处理第 20/45 行: '301292
2025-06-18 12:16:54,288 - INFO - 处理第 21/45 行: '301380
2025-06-18 12:16:54,389 - INFO - 处理第 22/45 行: '301520
2025-06-18 12:16:54,491 - INFO - 处理第 23/45 行: '600435
2025-06-18 12:16:54,592 - INFO - 处理第 24/45 行: '600458
2025-06-18 12:16:54,695 - INFO - 处理第 25/45 行: '600470
2025-06-18 12:16:54,798 - INFO - 处理第 26/45 行: '600549
2025-06-18 12:16:54,900 - INFO - 处理第 27/45 行: '600775
2025-06-18 12:16:55,003 - INFO - 处理第 28/45 行: '600855
2025-06-18 12:16:55,107 - INFO - 处理第 29/45 行: '600875
2025-06-18 12:16:55,209 - INFO - 处理第 30/45 行: '601059
2025-06-18 12:16:55,310 - INFO - 处理第 31/45 行: '601555
2025-06-18 12:16:55,413 - INFO - 处理第 32/45 行: '601788
2025-06-18 12:16:55,515 - INFO - 处理第 33/45 行: '601857
2025-06-18 12:16:55,616 - INFO - 处理第 34/45 行: '601872
2025-06-18 12:16:55,718 - INFO - 处理第 35/45 行: '601916
2025-06-18 12:16:55,819 - INFO - 处理第 36/45 行: '601958
2025-06-18 12:16:55,921 - INFO - 处理第 37/45 行: '603069
2025-06-18 12:16:56,024 - INFO - 处理第 38/45 行: '603097
2025-06-18 12:16:56,126 - INFO - 处理第 39/45 行: '603215
2025-06-18 12:16:56,228 - INFO - 处理第 40/45 行: '603232
2025-06-18 12:16:56,331 - INFO - 处理第 41/45 行: '603722
2025-06-18 12:16:56,432 - INFO - 处理第 42/45 行: '605056
2025-06-18 12:16:56,534 - INFO - 处理第 43/45 行: '688143
2025-06-18 12:16:56,636 - INFO - 处理第 44/45 行: '688151
2025-06-18 12:16:56,738 - INFO - 处理第 45/45 行: '688498
2025-06-18 12:16:56,844 - INFO - 验证保存的数据格式...
2025-06-18 12:16:56,847 - INFO - 验证结果 - 标准化代码样本: ['000037', '000603', '000798', '000823', '000970']
2025-06-18 12:16:56,847 - INFO - 验证结果 - 股票代码样本: ['000037', '000603', '000798', '000823', '000970']
2025-06-18 12:16:56,847 - INFO - 代码补全结果已保存到: result/final_cli_test_20250618_121631.csv
2025-06-18 12:16:56,848 - INFO - 补全统计:
2025-06-18 12:16:56,848 - INFO -   总数: 45
2025-06-18 12:16:56,848 - INFO -   成功补全: 45 (100.0%)
2025-06-18 12:16:56,849 - INFO -   格式无效: 0 (0.0%)
2025-06-18 12:16:56,849 - INFO -   代码不存在: 0 (0.0%)
