2025-06-19 17:31:24,351 - WARNING -  * Debugger is active!
2025-06-19 17:31:24,355 - INFO -  * Debugger PIN: 678-550-451
2025-06-19 17:33:47,896 - INFO - 127.0.0.1 - - [19/Jun/2025 17:33:47] "GET / HTTP/1.1" 200 -
2025-06-19 17:33:48,018 - INFO - 127.0.0.1 - - [19/Jun/2025 17:33:48] "GET /static/app.js HTTP/1.1" 200 -
2025-06-19 17:33:48,828 - INFO - ʹ akshare AɹƱб...
2025-06-19 17:33:48,830 - INFO - ڴAKShareAɹƱб...
2025-06-19 17:33:49,052 - INFO - 127.0.0.1 - - [19/Jun/2025 17:33:49] "[33mGET /favicon.ico HTTP/1.1[0m" 404 -
2025-06-19 17:33:58,279 - INFO - AKShareɹ 5725 ֻƱϢ
2025-06-19 17:33:58,279 - INFO - ɹ 5725 ֻƱϢ
2025-06-19 17:33:58,290 - INFO - 127.0.0.1 - - [19/Jun/2025 17:33:58] "GET /api/status HTTP/1.1" 200 -
2025-06-19 17:34:09,865 - INFO - ⵽ļʽ: csv
2025-06-19 17:34:09,868 - INFO - CSVļȡɹ: =utf-8-sig, ָ=','
2025-06-19 17:34:09,870 - INFO - 127.0.0.1 - - [19/Jun/2025 17:34:09] "POST /upload HTTP/1.1" 200 -
2025-06-19 17:34:18,540 - INFO - ʼļ: 20250619_173409_20250619160217.csv
2025-06-19 17:34:18,541 - INFO - ʹAPIԴ: local
2025-06-19 17:34:18,541 - INFO - : Ʊ, ۸: ۸
2025-06-19 17:34:18,544 - INFO - ߹Ʊ: data\stock_list_latest.csv
2025-06-19 17:34:18,570 - INFO - Ʊתɣ: ['000001', '000002', '000003', '000004', '000005']
2025-06-19 17:34:18,575 - INFO - תɣ 5722 ֻƱ: ['', '', '¼', 'ǵ', 'ǵ', 'ɽ', 'ɽ', 'ӯ-̬', 'о', 'ֵ', 'ֵͨ', '']
2025-06-19 17:34:18,576 - INFO - ʹ߹Ʊݣ 5722 ֻƱ
2025-06-19 17:34:18,577 - INFO - WebӦüعƱ: 5722 ֻƱ
2025-06-19 17:34:18,578 - INFO - WebӦ֤ɹ: 000037 -> ϵA
2025-06-19 17:34:18,579 - INFO - WebӦ֤ɹ: 000603 -> ʢԴ
2025-06-19 17:34:18,580 - INFO - WebӦ֤ɹ: 000798 -> ˮҵ
2025-06-19 17:34:18,580 - INFO - ʹ local AɹƱб...
2025-06-19 17:34:18,580 - INFO - ڴӱԴAɹƱб...
2025-06-19 17:34:18,580 - INFO - ߹Ʊ: data\stock_list_latest.csv
2025-06-19 17:34:18,605 - INFO - Ʊתɣ: ['000001', '000002', '000003', '000004', '000005']
2025-06-19 17:34:18,611 - INFO - תɣ 5722 ֻƱ: ['', '', '¼', 'ǵ', 'ǵ', 'ɽ', 'ɽ', 'ӯ-̬', 'о', 'ֵ', 'ֵͨ', '']
2025-06-19 17:34:18,611 - INFO - ʹ߹Ʊݣ 5722 ֻƱ
2025-06-19 17:34:18,613 - INFO - Դɹ 5722 ֻƱϢ
2025-06-19 17:34:18,613 - INFO - ɹ 5722 ֻƱϢ
2025-06-19 17:34:18,625 - INFO - WebӦƥƱѸ: 5722 ֻƱ
2025-06-19 17:34:18,625 - INFO - ڶȡļ: uploads\20250619_173409_20250619160217.csv
2025-06-19 17:34:18,625 - INFO - ⵽ļʽ: csv
2025-06-19 17:34:18,627 - INFO - CSVļȡɹ: =utf-8-sig, ָ=','
2025-06-19 17:34:18,627 - INFO - ɹȡļ 23 
2025-06-19 17:34:18,627 - INFO - : ['Ʊ', 'ѡʱ', '۸', '', 'ֹӯ۸', 'ֹ۸']
2025-06-19 17:34:18,628 - INFO - ʹùƱ: Ʊ
2025-06-19 17:34:18,628 - INFO - ʹü۸: ۸
2025-06-19 17:34:18,628 - INFO - ʹùƱ: Ʊ
2025-06-19 17:34:18,630 - INFO - ⵽ƱУʹô벹ȫģʽ
2025-06-19 17:34:18,630 - INFO - Ч: 23 
2025-06-19 17:34:18,678 - INFO - ֤ݸʽ...
2025-06-19 17:34:18,682 - INFO - ֤ - ׼: ['000823', '002319', '003029', '300457', '300516']
2025-06-19 17:34:18,682 - INFO - ֤ - Ʊ: ['000823', '002319', '003029', '300457', '300516']
2025-06-19 17:34:18,682 - INFO - 벹ȫѱ浽: result\stock_completion_20250619_173418.csv
2025-06-19 17:34:18,683 - INFO - ȫͳ:
2025-06-19 17:34:18,683 - INFO -   : 23
2025-06-19 17:34:18,683 - INFO -   ɹȫ: 23 (100.0%)
2025-06-19 17:34:18,684 - INFO -   ʽЧ: 0 (0.0%)
2025-06-19 17:34:18,684 - INFO -   벻: 0 (0.0%)
2025-06-19 17:34:18,688 - INFO - : 23/23 ɹ
2025-06-19 17:34:18,690 - INFO - 127.0.0.1 - - [19/Jun/2025 17:34:18] "POST /process HTTP/1.1" 200 -
2025-06-19 17:34:20,859 - INFO - ׼ļ: stock_completion_20250619_173418.csv (2563 bytes)
2025-06-19 17:34:20,860 - INFO - ļسɹ: stock_completion_20250619_173418.csv
2025-06-19 17:34:20,860 - INFO - 127.0.0.1 - - [19/Jun/2025 17:34:20] "GET /download/stock_completion_20250619_173418.csv HTTP/1.1" 200 -
