2025-06-17 17:38:20,147 - INFO - 正在使用 local 加载A股股票列表...
2025-06-17 17:38:20,147 - INFO - 正在从本地数据源加载A股股票列表...
2025-06-17 17:38:20,148 - INFO - 加载离线股票数据: data\stock_list_latest.csv
2025-06-17 17:38:20,154 - INFO - 使用离线股票数据，共 59 只股票
2025-06-17 17:38:20,155 - INFO - 本地数据源成功加载 59 只股票信息
2025-06-17 17:38:20,155 - INFO - 成功加载 59 只股票信息
2025-06-17 17:38:20,156 - INFO - 正在读取文件: uploads/20250617_172450_20250617171501.csv
2025-06-17 17:38:20,156 - INFO - 检测到文件格式: csv
2025-06-17 17:38:20,158 - INFO - CSV文件读取成功: 编码=utf-8-sig, 分隔符=','
2025-06-17 17:38:20,158 - INFO - 成功读取文件，共 45 行数据
2025-06-17 17:38:20,158 - INFO - 列名: ['股票代码', '入选时间', '买入价格', '操作', '止盈价格', '止损价格']
2025-06-17 17:38:20,158 - INFO - 使用股票名称列: 股票代码
2025-06-17 17:38:20,158 - INFO - 使用价格列: 买入价格
2025-06-17 17:38:20,158 - INFO - 使用股票代码列: 股票代码
2025-06-17 17:38:20,161 - INFO - 检测到股票代码列，将使用代码补全模式
2025-06-17 17:38:20,161 - INFO - 处理后有效数据: 45 行
2025-06-17 17:38:20,161 - INFO - 开始进行股票代码补全...
2025-06-17 17:38:20,162 - INFO - 处理第 1/45 行: '000037
2025-06-17 17:38:20,162 - WARNING - 未找到股票代码: '000037 -> 000037
2025-06-17 17:38:20,264 - INFO - 处理第 2/45 行: '000603
2025-06-17 17:38:20,264 - WARNING - 未找到股票代码: '000603 -> 000603
2025-06-17 17:38:20,365 - INFO - 处理第 3/45 行: '000798
2025-06-17 17:38:20,366 - WARNING - 未找到股票代码: '000798 -> 000798
2025-06-17 17:38:20,469 - INFO - 处理第 4/45 行: '000823
2025-06-17 17:38:20,471 - WARNING - 未找到股票代码: '000823 -> 000823
2025-06-17 17:38:20,572 - INFO - 处理第 5/45 行: '000970
2025-06-17 17:38:20,572 - WARNING - 未找到股票代码: '000970 -> 000970
2025-06-17 17:38:20,673 - INFO - 处理第 6/45 行: '000985
2025-06-17 17:38:20,674 - WARNING - 未找到股票代码: '000985 -> 000985
2025-06-17 17:38:20,774 - INFO - 处理第 7/45 行: '001259
2025-06-17 17:38:20,775 - WARNING - 未找到股票代码: '001259 -> 001259
2025-06-17 17:38:20,876 - INFO - 处理第 8/45 行: '001368
2025-06-17 17:38:20,877 - WARNING - 未找到股票代码: '001368 -> 001368
2025-06-17 17:38:20,978 - INFO - 处理第 9/45 行: '002132
2025-06-17 17:38:20,978 - WARNING - 未找到股票代码: '002132 -> 002132
2025-06-17 17:38:21,079 - INFO - 处理第 10/45 行: '002208
2025-06-17 17:38:21,079 - WARNING - 未找到股票代码: '002208 -> 002208
2025-06-17 17:38:21,180 - INFO - 处理第 11/45 行: '002300
2025-06-17 17:38:21,181 - WARNING - 未找到股票代码: '002300 -> 002300
2025-06-17 17:38:21,282 - INFO - 处理第 12/45 行: '002352
2025-06-17 17:38:21,384 - INFO - 处理第 13/45 行: '300457
2025-06-17 17:38:21,384 - WARNING - 未找到股票代码: '300457 -> 300457
2025-06-17 17:38:21,485 - INFO - 处理第 14/45 行: '300479
2025-06-17 17:38:21,486 - WARNING - 未找到股票代码: '300479 -> 300479
2025-06-17 17:38:21,586 - INFO - 处理第 15/45 行: '300585
2025-06-17 17:38:21,587 - WARNING - 未找到股票代码: '300585 -> 300585
2025-06-17 17:38:21,688 - INFO - 处理第 16/45 行: '300943
2025-06-17 17:38:21,688 - WARNING - 未找到股票代码: '300943 -> 300943
2025-06-17 17:38:21,789 - INFO - 处理第 17/45 行: '301048
2025-06-17 17:38:21,790 - WARNING - 未找到股票代码: '301048 -> 301048
2025-06-17 17:38:21,891 - INFO - 处理第 18/45 行: '301176
2025-06-17 17:38:21,891 - WARNING - 未找到股票代码: '301176 -> 301176
2025-06-17 17:38:21,992 - INFO - 处理第 19/45 行: '301208
2025-06-17 17:38:21,993 - WARNING - 未找到股票代码: '301208 -> 301208
2025-06-17 17:38:22,094 - INFO - 处理第 20/45 行: '301292
2025-06-17 17:38:22,095 - WARNING - 未找到股票代码: '301292 -> 301292
2025-06-17 17:38:22,195 - INFO - 处理第 21/45 行: '301380
2025-06-17 17:38:22,196 - WARNING - 未找到股票代码: '301380 -> 301380
2025-06-17 17:38:22,297 - INFO - 处理第 22/45 行: '301520
2025-06-17 17:38:22,298 - WARNING - 未找到股票代码: '301520 -> 301520
2025-06-17 17:38:22,399 - INFO - 处理第 23/45 行: '600435
2025-06-17 17:38:22,400 - WARNING - 未找到股票代码: '600435 -> 600435
2025-06-17 17:38:22,501 - INFO - 处理第 24/45 行: '600458
2025-06-17 17:38:22,501 - WARNING - 未找到股票代码: '600458 -> 600458
2025-06-17 17:38:22,602 - INFO - 处理第 25/45 行: '600470
2025-06-17 17:38:22,603 - WARNING - 未找到股票代码: '600470 -> 600470
2025-06-17 17:38:22,704 - INFO - 处理第 26/45 行: '600549
2025-06-17 17:38:22,705 - WARNING - 未找到股票代码: '600549 -> 600549
2025-06-17 17:38:22,806 - INFO - 处理第 27/45 行: '600775
2025-06-17 17:38:22,806 - WARNING - 未找到股票代码: '600775 -> 600775
2025-06-17 17:38:22,908 - INFO - 处理第 28/45 行: '600855
2025-06-17 17:38:22,908 - WARNING - 未找到股票代码: '600855 -> 600855
2025-06-17 17:38:23,009 - INFO - 处理第 29/45 行: '600875
2025-06-17 17:38:23,010 - WARNING - 未找到股票代码: '600875 -> 600875
2025-06-17 17:38:23,111 - INFO - 处理第 30/45 行: '601059
2025-06-17 17:38:23,111 - WARNING - 未找到股票代码: '601059 -> 601059
2025-06-17 17:38:23,212 - INFO - 处理第 31/45 行: '601555
2025-06-17 17:38:23,213 - WARNING - 未找到股票代码: '601555 -> 601555
2025-06-17 17:38:23,314 - INFO - 处理第 32/45 行: '601788
2025-06-17 17:38:23,314 - WARNING - 未找到股票代码: '601788 -> 601788
2025-06-17 17:38:23,415 - INFO - 处理第 33/45 行: '601857
2025-06-17 17:38:23,416 - WARNING - 未找到股票代码: '601857 -> 601857
2025-06-17 17:38:23,517 - INFO - 处理第 34/45 行: '601872
2025-06-17 17:38:23,518 - WARNING - 未找到股票代码: '601872 -> 601872
2025-06-17 17:38:23,619 - INFO - 处理第 35/45 行: '601916
2025-06-17 17:38:23,619 - WARNING - 未找到股票代码: '601916 -> 601916
2025-06-17 17:38:23,720 - INFO - 处理第 36/45 行: '601958
2025-06-17 17:38:23,721 - WARNING - 未找到股票代码: '601958 -> 601958
2025-06-17 17:38:23,822 - INFO - 处理第 37/45 行: '603069
2025-06-17 17:38:23,823 - WARNING - 未找到股票代码: '603069 -> 603069
2025-06-17 17:38:23,924 - INFO - 处理第 38/45 行: '603097
2025-06-17 17:38:23,925 - WARNING - 未找到股票代码: '603097 -> 603097
2025-06-17 17:38:24,025 - INFO - 处理第 39/45 行: '603215
2025-06-17 17:38:24,026 - WARNING - 未找到股票代码: '603215 -> 603215
2025-06-17 17:38:24,126 - INFO - 处理第 40/45 行: '603232
2025-06-17 17:38:24,127 - WARNING - 未找到股票代码: '603232 -> 603232
2025-06-17 17:38:24,228 - INFO - 处理第 41/45 行: '603722
2025-06-17 17:38:24,229 - WARNING - 未找到股票代码: '603722 -> 603722
2025-06-17 17:38:24,330 - INFO - 处理第 42/45 行: '605056
2025-06-17 17:38:24,331 - WARNING - 未找到股票代码: '605056 -> 605056
2025-06-17 17:38:24,432 - INFO - 处理第 43/45 行: '688143
2025-06-17 17:38:24,433 - WARNING - 未找到股票代码: '688143 -> 688143
2025-06-17 17:38:24,534 - INFO - 处理第 44/45 行: '688151
2025-06-17 17:38:24,534 - WARNING - 未找到股票代码: '688151 -> 688151
2025-06-17 17:38:24,635 - INFO - 处理第 45/45 行: '688498
2025-06-17 17:38:24,636 - WARNING - 未找到股票代码: '688498 -> 688498
2025-06-17 17:38:24,740 - INFO - 代码补全结果已保存到: test_original_fix.csv
2025-06-17 17:38:24,741 - INFO - 补全统计:
2025-06-17 17:38:24,741 - INFO -   总数: 45
2025-06-17 17:38:24,741 - INFO -   成功补全: 1 (2.2%)
2025-06-17 17:38:24,741 - INFO -   格式无效: 0 (0.0%)
2025-06-17 17:38:24,741 - INFO -   代码不存在: 44 (97.8%)
