2025-06-17 18:30:34,384 - INFO - 正在使用 local 加载A股股票列表...
2025-06-17 18:30:34,385 - INFO - 正在从本地数据源加载A股股票列表...
2025-06-17 18:30:34,385 - INFO - 加载离线股票数据: data\stock_list_latest.csv
2025-06-17 18:30:34,423 - INFO - 使用离线股票数据，共 5722 只股票
2025-06-17 18:30:34,425 - INFO - 本地数据源成功加载 5722 只股票信息
2025-06-17 18:30:34,425 - INFO - 成功加载 5722 只股票信息
2025-06-17 18:30:34,444 - INFO - 正在读取文件: simulate_web_input.csv
2025-06-17 18:30:34,445 - INFO - 检测到文件格式: csv
2025-06-17 18:30:34,446 - INFO - CSV文件读取成功: 编码=utf-8-sig, 分隔符=','
2025-06-17 18:30:34,446 - INFO - 成功读取文件，共 3 行数据
2025-06-17 18:30:34,446 - INFO - 列名: ['股票代码', '买入价格']
2025-06-17 18:30:34,447 - INFO - 使用股票名称列: 股票代码
2025-06-17 18:30:34,447 - INFO - 使用价格列: 买入价格
2025-06-17 18:30:34,447 - INFO - 使用股票代码列: 股票代码
2025-06-17 18:30:34,450 - INFO - 检测到股票代码列，将使用代码补全模式
2025-06-17 18:30:34,450 - INFO - 处理后有效数据: 3 行
2025-06-17 18:30:34,451 - INFO - 开始进行股票代码补全...
2025-06-17 18:30:34,451 - INFO - 处理第 1/3 行: '000037
2025-06-17 18:30:34,553 - INFO - 处理第 2/3 行: '000603
2025-06-17 18:30:34,654 - INFO - 处理第 3/3 行: '000798
2025-06-17 18:30:34,757 - INFO - 代码补全结果已保存到: simulate_web_output.csv
2025-06-17 18:30:34,759 - INFO - 补全统计:
2025-06-17 18:30:34,759 - INFO -   总数: 3
2025-06-17 18:30:34,759 - INFO -   成功补全: 3 (100.0%)
2025-06-17 18:30:34,759 - INFO -   格式无效: 0 (0.0%)
2025-06-17 18:30:34,759 - INFO -   代码不存在: 0 (0.0%)
