2025-06-16 15:39:30,379 - INFO - 正在加载A股股票列表...
2025-06-16 15:39:40,608 - INFO - 成功加载 5724 只股票信息
2025-06-16 15:39:40,619 - INFO - 正在读取Excel文件: 股票名称.csv
2025-06-16 15:39:40,622 - INFO - 成功读取文件，共 45 行数据
2025-06-16 15:39:40,623 - INFO - 列名: ['股票名称', '股票代码', '入选价格']
2025-06-16 15:39:40,623 - INFO - 使用股票名称列: 股票名称
2025-06-16 15:39:40,623 - INFO - 使用价格列: 入选价格
2025-06-16 15:39:40,623 - INFO - 使用股票代码列: 股票代码
2025-06-16 15:39:40,626 - INFO - 检测到股票代码列，将使用代码补全模式
2025-06-16 15:39:40,628 - INFO - 处理后有效数据: 45 行
2025-06-16 15:39:40,628 - INFO - 开始进行股票代码补全...
2025-06-16 15:39:40,628 - INFO - 处理第 1/45 行: 852
2025-06-16 15:39:40,730 - INFO - 处理第 2/45 行: 2208
2025-06-16 15:39:40,832 - INFO - 处理第 3/45 行: 2237
2025-06-16 15:39:40,934 - INFO - 处理第 4/45 行: 3023
2025-06-16 15:39:40,934 - WARNING - 股票代码格式无效: 3023 -> 3023
2025-06-16 15:39:41,035 - INFO - 处理第 5/45 行: 3029
2025-06-16 15:39:41,035 - WARNING - 股票代码格式无效: 3029 -> 3029
2025-06-16 15:39:41,136 - INFO - 处理第 6/45 行: 300099
2025-06-16 15:39:41,239 - INFO - 处理第 7/45 行: 301223
2025-06-16 15:39:41,239 - WARNING - 股票代码格式无效: 301223 -> 301223
2025-06-16 15:39:41,340 - INFO - 处理第 8/45 行: 600727
2025-06-16 15:39:41,442 - INFO - 处理第 9/45 行: 603619
2025-06-16 15:39:41,544 - INFO - 处理第 10/45 行: 688297
2025-06-16 15:39:41,645 - INFO - 处理第 11/45 行: 688658
2025-06-16 15:39:41,747 - INFO - 处理第 12/45 行: 852
2025-06-16 15:39:41,849 - INFO - 处理第 13/45 行: 905
2025-06-16 15:39:41,951 - INFO - 处理第 14/45 行: 2097
2025-06-16 15:39:42,053 - INFO - 处理第 15/45 行: 2208
2025-06-16 15:39:42,155 - INFO - 处理第 16/45 行: 2339
2025-06-16 15:39:42,257 - INFO - 处理第 17/45 行: 2352
2025-06-16 15:39:42,360 - INFO - 处理第 18/45 行: 2952
2025-06-16 15:39:42,463 - INFO - 处理第 19/45 行: 3018
2025-06-16 15:39:42,463 - WARNING - 股票代码格式无效: 3018 -> 3018
2025-06-16 15:39:42,564 - INFO - 处理第 20/45 行: 3023
2025-06-16 15:39:42,565 - WARNING - 股票代码格式无效: 3023 -> 3023
2025-06-16 15:39:42,665 - INFO - 处理第 21/45 行: 3029
2025-06-16 15:39:42,665 - WARNING - 股票代码格式无效: 3029 -> 3029
2025-06-16 15:39:42,766 - INFO - 处理第 22/45 行: 300099
2025-06-16 15:39:42,868 - INFO - 处理第 23/45 行: 300516
2025-06-16 15:39:42,970 - INFO - 处理第 24/45 行: 300564
2025-06-16 15:39:43,073 - INFO - 处理第 25/45 行: 300930
2025-06-16 15:39:43,175 - INFO - 处理第 26/45 行: 300962
2025-06-16 15:39:43,277 - INFO - 处理第 27/45 行: 301042
2025-06-16 15:39:43,277 - WARNING - 股票代码格式无效: 301042 -> 301042
2025-06-16 15:39:43,378 - INFO - 处理第 28/45 行: 301176
2025-06-16 15:39:43,379 - WARNING - 股票代码格式无效: 301176 -> 301176
2025-06-16 15:39:43,480 - INFO - 处理第 29/45 行: 301223
2025-06-16 15:39:43,480 - WARNING - 股票代码格式无效: 301223 -> 301223
2025-06-16 15:39:43,581 - INFO - 处理第 30/45 行: 301234
2025-06-16 15:39:43,581 - WARNING - 股票代码格式无效: 301234 -> 301234
2025-06-16 15:39:43,683 - INFO - 处理第 31/45 行: 600095
2025-06-16 15:39:43,784 - INFO - 处理第 32/45 行: 600111
2025-06-16 15:39:43,886 - INFO - 处理第 33/45 行: 600458
2025-06-16 15:39:43,988 - INFO - 处理第 34/45 行: 600470
2025-06-16 15:39:44,091 - INFO - 处理第 35/45 行: 600549
2025-06-16 15:39:44,192 - INFO - 处理第 36/45 行: 600685
2025-06-16 15:39:44,295 - INFO - 处理第 37/45 行: 600727
2025-06-16 15:39:44,397 - INFO - 处理第 38/45 行: 600784
2025-06-16 15:39:44,500 - INFO - 处理第 39/45 行: 601059
2025-06-16 15:39:44,601 - INFO - 处理第 40/45 行: 601555
2025-06-16 15:39:44,703 - INFO - 处理第 41/45 行: 603619
2025-06-16 15:39:44,806 - INFO - 处理第 42/45 行: 605056
2025-06-16 15:39:44,908 - INFO - 处理第 43/45 行: 605058
2025-06-16 15:39:45,010 - INFO - 处理第 44/45 行: 688297
2025-06-16 15:39:45,112 - INFO - 处理第 45/45 行: 688658
2025-06-16 15:39:45,217 - INFO - 代码补全结果已保存到: stock_code_completion_20250616_153945.csv
2025-06-16 15:39:45,218 - INFO - 补全统计:
2025-06-16 15:39:45,218 - INFO -   总数: 45
2025-06-16 15:39:45,219 - INFO -   成功补全: 35 (77.8%)
2025-06-16 15:39:45,219 - INFO -   格式无效: 10 (22.2%)
2025-06-16 15:39:45,219 - INFO -   代码不存在: 0 (0.0%)
