2025-06-18 13:10:35,703 - INFO - 正在使用 akshare 加载A股股票列表...
2025-06-18 13:10:35,704 - INFO - 正在从AKShare加载A股股票列表...
2025-06-18 13:10:38,507 - INFO - AKShare成功加载 5724 只股票信息
2025-06-18 13:10:38,508 - INFO - 成功加载 5724 只股票信息
2025-06-18 13:10:38,520 - INFO - 正在使用 sina 加载A股股票列表...
2025-06-18 13:10:38,520 - INFO - 正在从新浪财经加载A股股票列表...
2025-06-18 13:10:38,520 - INFO - 正在获取股票代码列表...
2025-06-18 13:10:38,521 - INFO - 加载离线股票数据: data\stock_list_latest.csv
2025-06-18 13:10:38,544 - INFO - 股票代码列转换完成，样本: ['000001', '000002', '000003', '000004', '000005']
2025-06-18 13:10:38,549 - INFO - 数据转换完成，共 5722 只股票，列名: ['代码', '名称', '最新价', '涨跌幅', '涨跌额', '成交量', '成交额', '市盈率-动态', '市净率', '总市值', '流通市值', '清理名称']
2025-06-18 13:10:38,550 - INFO - 使用离线股票数据，共 5722 只股票
2025-06-18 13:10:38,551 - INFO - 获取到 5722 个股票代码，开始从新浪获取实时数据...
2025-06-18 13:10:39,925 - WARNING - 新浪财经未获取到有效数据，回退到本地数据源
2025-06-18 13:10:39,925 - INFO - 正在从本地数据源加载A股股票列表...
2025-06-18 13:10:39,926 - INFO - 加载离线股票数据: data\stock_list_latest.csv
2025-06-18 13:10:39,950 - INFO - 股票代码列转换完成，样本: ['000001', '000002', '000003', '000004', '000005']
2025-06-18 13:10:39,955 - INFO - 数据转换完成，共 5722 只股票，列名: ['代码', '名称', '最新价', '涨跌幅', '涨跌额', '成交量', '成交额', '市盈率-动态', '市净率', '总市值', '流通市值', '清理名称']
2025-06-18 13:10:39,955 - INFO - 使用离线股票数据，共 5722 只股票
2025-06-18 13:10:39,958 - INFO - 本地数据源成功加载 5722 只股票信息
2025-06-18 13:10:39,960 - INFO - 成功加载 5722 只股票信息
2025-06-18 13:10:39,976 - INFO - 正在使用 tencent 加载A股股票列表...
2025-06-18 13:10:39,976 - INFO - 正在从腾讯财经加载A股股票列表...
2025-06-18 13:10:39,977 - INFO - 加载离线股票数据: data\stock_list_latest.csv
2025-06-18 13:10:40,006 - INFO - 股票代码列转换完成，样本: ['000001', '000002', '000003', '000004', '000005']
2025-06-18 13:10:40,014 - INFO - 数据转换完成，共 5722 只股票，列名: ['代码', '名称', '最新价', '涨跌幅', '涨跌额', '成交量', '成交额', '市盈率-动态', '市净率', '总市值', '流通市值', '清理名称']
2025-06-18 13:10:40,015 - INFO - 使用离线股票数据，共 5722 只股票
2025-06-18 13:10:40,016 - INFO - 获取到 5722 个股票代码，开始从腾讯获取实时数据...
2025-06-18 13:10:42,001 - INFO - 已处理 1000 / 5722 只股票
2025-06-18 13:10:43,980 - INFO - 已处理 2000 / 5722 只股票
2025-06-18 13:10:45,952 - INFO - 已处理 3000 / 5722 只股票
2025-06-18 13:10:47,964 - INFO - 已处理 4000 / 5722 只股票
2025-06-18 13:10:49,959 - INFO - 已处理 5000 / 5722 只股票
2025-06-18 13:10:51,447 - INFO - 腾讯财经成功加载 5450 只股票信息
2025-06-18 13:10:51,448 - INFO - 成功加载 5450 只股票信息
2025-06-18 13:10:51,460 - INFO - 正在使用 eastmoney 加载A股股票列表...
2025-06-18 13:10:51,461 - INFO - 正在从东方财富加载A股股票列表...
2025-06-18 13:10:51,552 - INFO - 东方财富成功加载 100 只股票信息
2025-06-18 13:10:51,552 - WARNING - 东方财富数据量较少(100只)，可能受API限制，回退到本地数据源
2025-06-18 13:10:51,552 - INFO - 正在从本地数据源加载A股股票列表...
2025-06-18 13:10:51,552 - INFO - 加载离线股票数据: data\stock_list_latest.csv
2025-06-18 13:10:51,582 - INFO - 股票代码列转换完成，样本: ['000001', '000002', '000003', '000004', '000005']
2025-06-18 13:10:51,588 - INFO - 数据转换完成，共 5722 只股票，列名: ['代码', '名称', '最新价', '涨跌幅', '涨跌额', '成交量', '成交额', '市盈率-动态', '市净率', '总市值', '流通市值', '清理名称']
2025-06-18 13:10:51,588 - INFO - 使用离线股票数据，共 5722 只股票
2025-06-18 13:10:51,591 - INFO - 本地数据源成功加载 5722 只股票信息
2025-06-18 13:10:51,591 - INFO - 成功加载 5722 只股票信息
2025-06-18 13:10:51,604 - INFO - 正在使用 local 加载A股股票列表...
2025-06-18 13:10:51,604 - INFO - 正在从本地数据源加载A股股票列表...
2025-06-18 13:10:51,605 - INFO - 加载离线股票数据: data\stock_list_latest.csv
2025-06-18 13:10:51,630 - INFO - 股票代码列转换完成，样本: ['000001', '000002', '000003', '000004', '000005']
2025-06-18 13:10:51,637 - INFO - 数据转换完成，共 5722 只股票，列名: ['代码', '名称', '最新价', '涨跌幅', '涨跌额', '成交量', '成交额', '市盈率-动态', '市净率', '总市值', '流通市值', '清理名称']
2025-06-18 13:10:51,638 - INFO - 使用离线股票数据，共 5722 只股票
2025-06-18 13:10:51,639 - INFO - 本地数据源成功加载 5722 只股票信息
2025-06-18 13:10:51,639 - INFO - 成功加载 5722 只股票信息
