2025-06-20 15:14:12,546 - WARNING -  * Debugger is active!
2025-06-20 15:14:12,549 - INFO -  * Debugger PIN: 678-550-451
2025-06-20 15:14:34,187 - INFO - 127.0.0.1 - - [20/Jun/2025 15:14:34] "GET / HTTP/1.1" 200 -
2025-06-20 15:14:34,311 - INFO - 127.0.0.1 - - [20/Jun/2025 15:14:34] "GET /static/app.js HTTP/1.1" 200 -
2025-06-20 15:14:35,156 - INFO - ʹ akshare AɹƱб...
2025-06-20 15:14:35,156 - INFO - ڴAKShareAɹƱб...
2025-06-20 15:14:35,163 - INFO - ѡļ: stock_name_list\all_stocks_20250620.csv
2025-06-20 15:14:35,163 - INFO - ʹstock_name_listĿ¼еļ: stock_name_list\all_stocks_20250620.csv
2025-06-20 15:14:35,164 - INFO - ߹Ʊ: stock_name_list\all_stocks_20250620.csv
2025-06-20 15:14:35,177 - INFO - Ʊתɣ: ['000001', '000002', '000003', '000004', '000005']
2025-06-20 15:14:35,188 - INFO - תɣ 5722 ֻƱ: ['', '', '', '¼', 'ǵ', 'ǵ', 'ɽ', 'ɽ', 'ӯ-̬', 'о', 'ֵ', 'ֵͨ']
2025-06-20 15:14:35,188 - INFO - ʹ߹Ʊݣ 5722 ֻƱ
2025-06-20 15:14:35,194 - INFO - 127.0.0.1 - - [20/Jun/2025 15:14:35] "GET /api/stock_data_status HTTP/1.1" 200 -
2025-06-20 15:14:35,400 - INFO - 127.0.0.1 - - [20/Jun/2025 15:14:35] "[33mGET /favicon.ico HTTP/1.1[0m" 404 -
2025-06-20 15:14:39,005 - INFO - ⵽ļʽ: csv
2025-06-20 15:14:39,007 - INFO - CSVļȡɹ: =utf-8-sig, ָ=','
2025-06-20 15:14:39,008 - INFO - 127.0.0.1 - - [20/Jun/2025 15:14:39] "POST /upload HTTP/1.1" 200 -
2025-06-20 15:14:41,430 - INFO - ʼļ: 20250620_151439_20250619160217.csv
2025-06-20 15:14:41,430 - INFO - ʹAPIԴ: local
2025-06-20 15:14:41,430 - INFO - : Ʊ, ۸: ۸
2025-06-20 15:14:41,433 - INFO - ѡļ: stock_name_list\all_stocks_20250620.csv
2025-06-20 15:14:41,434 - INFO - ʹstock_name_listĿ¼еļ: stock_name_list\all_stocks_20250620.csv
2025-06-20 15:14:41,434 - INFO - ߹Ʊ: stock_name_list\all_stocks_20250620.csv
2025-06-20 15:14:41,441 - INFO - Ʊתɣ: ['000001', '000002', '000003', '000004', '000005']
2025-06-20 15:14:41,447 - INFO - תɣ 5722 ֻƱ: ['', '', '', '¼', 'ǵ', 'ǵ', 'ɽ', 'ɽ', 'ӯ-̬', 'о', 'ֵ', 'ֵͨ']
2025-06-20 15:14:41,448 - INFO - ʹ߹Ʊݣ 5722 ֻƱ
2025-06-20 15:14:41,449 - INFO - WebӦüعƱ: 5722 ֻƱ
2025-06-20 15:14:41,450 - INFO - WebӦ֤ɹ: 000037 -> ϵA
2025-06-20 15:14:41,450 - INFO - WebӦ֤ɹ: 000603 -> ʢԴ
2025-06-20 15:14:41,454 - INFO - WebӦ֤ɹ: 000798 -> ˮҵ
2025-06-20 15:14:41,455 - INFO - ʹ local AɹƱб...
2025-06-20 15:14:41,455 - INFO - ڴӱԴAɹƱб...
2025-06-20 15:14:41,456 - INFO - ѡļ: stock_name_list\all_stocks_20250620.csv
2025-06-20 15:14:41,457 - INFO - ʹstock_name_listĿ¼еļ: stock_name_list\all_stocks_20250620.csv
2025-06-20 15:14:41,457 - INFO - ߹Ʊ: stock_name_list\all_stocks_20250620.csv
2025-06-20 15:14:41,463 - INFO - Ʊתɣ: ['000001', '000002', '000003', '000004', '000005']
2025-06-20 15:14:41,470 - INFO - תɣ 5722 ֻƱ: ['', '', '', '¼', 'ǵ', 'ǵ', 'ɽ', 'ɽ', 'ӯ-̬', 'о', 'ֵ', 'ֵͨ']
2025-06-20 15:14:41,470 - INFO - ʹ߹Ʊݣ 5722 ֻƱ
2025-06-20 15:14:41,471 - INFO - Դɹ 5722 ֻƱϢ
2025-06-20 15:14:41,471 - INFO - ɹ 5722 ֻƱϢ
2025-06-20 15:14:41,482 - INFO - WebӦƥƱѸ: 5722 ֻƱ
2025-06-20 15:14:41,482 - INFO - ڶȡļ: uploads\20250620_151439_20250619160217.csv
2025-06-20 15:14:41,482 - INFO - ⵽ļʽ: csv
2025-06-20 15:14:41,484 - INFO - CSVļȡɹ: =utf-8-sig, ָ=','
2025-06-20 15:14:41,484 - INFO - ɹȡļ 23 
2025-06-20 15:14:41,484 - INFO - : ['Ʊ', 'ѡʱ', '۸', '', 'ֹӯ۸', 'ֹ۸']
2025-06-20 15:14:41,484 - INFO - ʹùƱ: Ʊ
2025-06-20 15:14:41,484 - INFO - ʹü۸: ۸
2025-06-20 15:14:41,484 - INFO - ʹùƱ: Ʊ
2025-06-20 15:14:41,486 - INFO - ⵽ƱУʹô벹ȫģʽ
2025-06-20 15:14:41,487 - INFO - Ч: 23 
2025-06-20 15:14:41,530 - INFO - ֤ݸʽ...
2025-06-20 15:14:41,532 - INFO - ֤ - ׼: ['000823', '002319', '003029', '300457', '300516']
2025-06-20 15:14:41,533 - INFO - ֤ - Ʊ: ['000823', '002319', '003029', '300457', '300516']
2025-06-20 15:14:41,533 - INFO - 벹ȫѱ浽: result\stock_completion_20250620_151441.csv
2025-06-20 15:14:41,534 - INFO - ȫͳ:
2025-06-20 15:14:41,534 - INFO -   : 23
2025-06-20 15:14:41,534 - INFO -   ɹȫ: 23 (100.0%)
2025-06-20 15:14:41,534 - INFO -   ʽЧ: 0 (0.0%)
2025-06-20 15:14:41,534 - INFO -   벻: 0 (0.0%)
2025-06-20 15:14:41,538 - INFO - : 23/23 ɹ
2025-06-20 15:14:41,538 - INFO - 127.0.0.1 - - [20/Jun/2025 15:14:41] "POST /process HTTP/1.1" 200 -
2025-06-20 15:14:43,953 - INFO - AKShareɹ 5725 ֻƱϢ
2025-06-20 15:14:43,953 - INFO - ɹ 5725 ֻƱϢ
2025-06-20 15:14:43,965 - INFO - 127.0.0.1 - - [20/Jun/2025 15:14:43] "GET /api/status HTTP/1.1" 200 -
2025-06-20 17:21:04,199 - INFO - 127.0.0.1 - - [20/Jun/2025 17:21:04] "GET / HTTP/1.1" 200 -
2025-06-20 17:21:04,299 - INFO - 127.0.0.1 - - [20/Jun/2025 17:21:04] "GET /static/app.js HTTP/1.1" 200 -
2025-06-20 17:21:05,157 - INFO - ʹ akshare AɹƱб...
2025-06-20 17:21:05,158 - INFO - ڴAKShareAɹƱб...
2025-06-20 17:21:05,176 - INFO - ѡļ: stock_name_list\all_stocks_20250620.csv
2025-06-20 17:21:05,176 - INFO - ʹstock_name_listĿ¼еļ: stock_name_list\all_stocks_20250620.csv
2025-06-20 17:21:05,176 - INFO - ߹Ʊ: stock_name_list\all_stocks_20250620.csv
2025-06-20 17:21:05,222 - INFO - Ʊתɣ: ['000001', '000002', '000003', '000004', '000005']
2025-06-20 17:21:05,230 - INFO - תɣ 5722 ֻƱ: ['', '', '', '¼', 'ǵ', 'ǵ', 'ɽ', 'ɽ', 'ӯ-̬', 'о', 'ֵ', 'ֵͨ']
2025-06-20 17:21:05,230 - INFO - ʹ߹Ʊݣ 5722 ֻƱ
2025-06-20 17:21:05,234 - INFO - 127.0.0.1 - - [20/Jun/2025 17:21:05] "GET /api/stock_data_status HTTP/1.1" 200 -
2025-06-20 17:21:05,580 - INFO - 127.0.0.1 - - [20/Jun/2025 17:21:05] "[33mGET /favicon.ico HTTP/1.1[0m" 404 -
2025-06-20 17:21:13,920 - INFO - AKShareɹ 5725 ֻƱϢ
2025-06-20 17:21:13,920 - INFO - ɹ 5725 ֻƱϢ
2025-06-20 17:21:13,932 - INFO - 127.0.0.1 - - [20/Jun/2025 17:21:13] "GET /api/status HTTP/1.1" 200 -
2025-06-20 17:24:49,719 - INFO - ⵽ļʽ: csv
2025-06-20 17:24:49,722 - INFO - CSVļȡɹ: =utf-8-sig, ָ=','
2025-06-20 17:24:49,724 - INFO - 127.0.0.1 - - [20/Jun/2025 17:24:49] "POST /upload HTTP/1.1" 200 -
2025-06-20 17:24:54,098 - INFO - ʼļ: 20250620_172449_20250620111759.csv
2025-06-20 17:24:54,099 - INFO - ʹAPIԴ: local
2025-06-20 17:24:54,099 - INFO - : Ʊ, ۸: ۸
2025-06-20 17:24:54,109 - INFO - ѡļ: stock_name_list\all_stocks_20250620.csv
2025-06-20 17:24:54,109 - INFO - ʹstock_name_listĿ¼еļ: stock_name_list\all_stocks_20250620.csv
2025-06-20 17:24:54,109 - INFO - ߹Ʊ: stock_name_list\all_stocks_20250620.csv
2025-06-20 17:24:54,116 - INFO - Ʊתɣ: ['000001', '000002', '000003', '000004', '000005']
2025-06-20 17:24:54,124 - INFO - תɣ 5722 ֻƱ: ['', '', '', '¼', 'ǵ', 'ǵ', 'ɽ', 'ɽ', 'ӯ-̬', 'о', 'ֵ', 'ֵͨ']
2025-06-20 17:24:54,124 - INFO - ʹ߹Ʊݣ 5722 ֻƱ
2025-06-20 17:24:54,125 - INFO - WebӦüعƱ: 5722 ֻƱ
2025-06-20 17:24:54,127 - INFO - WebӦ֤ɹ: 000037 -> ϵA
2025-06-20 17:24:54,127 - INFO - WebӦ֤ɹ: 000603 -> ʢԴ
2025-06-20 17:24:54,128 - INFO - WebӦ֤ɹ: 000798 -> ˮҵ
2025-06-20 17:24:54,128 - INFO - ʹ local AɹƱб...
2025-06-20 17:24:54,128 - INFO - ڴӱԴAɹƱб...
2025-06-20 17:24:54,129 - INFO - ѡļ: stock_name_list\all_stocks_20250620.csv
2025-06-20 17:24:54,129 - INFO - ʹstock_name_listĿ¼еļ: stock_name_list\all_stocks_20250620.csv
2025-06-20 17:24:54,129 - INFO - ߹Ʊ: stock_name_list\all_stocks_20250620.csv
2025-06-20 17:24:54,137 - INFO - Ʊתɣ: ['000001', '000002', '000003', '000004', '000005']
2025-06-20 17:24:54,144 - INFO - תɣ 5722 ֻƱ: ['', '', '', '¼', 'ǵ', 'ǵ', 'ɽ', 'ɽ', 'ӯ-̬', 'о', 'ֵ', 'ֵͨ']
2025-06-20 17:24:54,144 - INFO - ʹ߹Ʊݣ 5722 ֻƱ
2025-06-20 17:24:54,145 - INFO - Դɹ 5722 ֻƱϢ
2025-06-20 17:24:54,145 - INFO - ɹ 5722 ֻƱϢ
2025-06-20 17:24:54,156 - INFO - WebӦƥƱѸ: 5722 ֻƱ
2025-06-20 17:24:54,156 - INFO - ڶȡļ: uploads\20250620_172449_20250620111759.csv
2025-06-20 17:24:54,157 - INFO - ⵽ļʽ: csv
2025-06-20 17:24:54,158 - INFO - CSVļȡɹ: =utf-8-sig, ָ=','
2025-06-20 17:24:54,159 - INFO - ɹȡļ 7 
2025-06-20 17:24:54,159 - INFO - : ['Ʊ', 'ѡʱ', '۸', '', 'ֹӯ۸', 'ֹ۸']
2025-06-20 17:24:54,159 - INFO - ʹùƱ: Ʊ
2025-06-20 17:24:54,159 - INFO - ʹü۸: ۸
2025-06-20 17:24:54,159 - INFO - ʹùƱ: Ʊ
2025-06-20 17:24:54,162 - INFO - ⵽ƱУʹô벹ȫģʽ
2025-06-20 17:24:54,162 - INFO - Ч: 7 
2025-06-20 17:24:54,166 - INFO - ʼйƱ벹ȫ...
2025-06-20 17:24:54,166 - INFO -  1/7 : '000995
2025-06-20 17:24:54,268 - INFO -  2/7 : '002352
2025-06-20 17:24:54,370 - INFO -  3/7 : '300120
2025-06-20 17:24:54,472 - INFO -  4/7 : '300123
2025-06-20 17:24:54,574 - INFO -  5/7 : '300505
2025-06-20 17:24:54,676 - INFO -  6/7 : '300930
2025-06-20 17:24:54,778 - INFO -  7/7 : '601818
2025-06-20 17:24:54,884 - INFO - ֤ݸʽ...
2025-06-20 17:24:54,887 - INFO - ֤ - ׼: ['000995', '002352', '300120', '300123', '300505']
2025-06-20 17:24:54,887 - INFO - ֤ - Ʊ: ['000995', '002352', '300120', '300123', '300505']
2025-06-20 17:24:54,887 - INFO - 벹ȫѱ浽: result\stock_completion_20250620_172454.csv
2025-06-20 17:24:54,888 - INFO - ȫͳ:
2025-06-20 17:24:54,889 - INFO -   : 7
2025-06-20 17:24:54,889 - INFO -   ɹȫ: 7 (100.0%)
2025-06-20 17:24:54,889 - INFO -   ʽЧ: 0 (0.0%)
2025-06-20 17:24:54,889 - INFO -   벻: 0 (0.0%)
2025-06-20 17:24:54,892 - INFO - : 7/7 ɹ
2025-06-20 17:24:54,893 - INFO - 127.0.0.1 - - [20/Jun/2025 17:24:54] "POST /process HTTP/1.1" 200 -
2025-06-20 17:24:56,458 - INFO - ׼ļ: stock_completion_20250620_172454.csv (950 bytes)
2025-06-20 17:24:56,458 - INFO - ļسɹ: stock_completion_20250620_172454.csv
2025-06-20 17:24:56,459 - INFO - 127.0.0.1 - - [20/Jun/2025 17:24:56] "GET /download/stock_completion_20250620_172454.csv HTTP/1.1" 200 -
2025-06-20 17:25:06,424 - INFO - ⵽ļʽ: csv
2025-06-20 17:25:06,426 - INFO - CSVļȡɹ: =utf-8-sig, ָ=','
2025-06-20 17:25:06,427 - INFO - 127.0.0.1 - - [20/Jun/2025 17:25:06] "POST /upload HTTP/1.1" 200 -
2025-06-20 17:25:11,978 - INFO - ʼļ: 20250620_172506_20250620160136.csv
2025-06-20 17:25:11,978 - INFO - ʹAPIԴ: local
2025-06-20 17:25:11,978 - INFO - : Ʊ, ۸: ۸
2025-06-20 17:25:11,982 - INFO - ѡļ: stock_name_list\all_stocks_20250620.csv
2025-06-20 17:25:11,982 - INFO - ʹstock_name_listĿ¼еļ: stock_name_list\all_stocks_20250620.csv
2025-06-20 17:25:11,982 - INFO - ߹Ʊ: stock_name_list\all_stocks_20250620.csv
2025-06-20 17:25:11,991 - INFO - Ʊתɣ: ['000001', '000002', '000003', '000004', '000005']
2025-06-20 17:25:11,997 - INFO - תɣ 5722 ֻƱ: ['', '', '', '¼', 'ǵ', 'ǵ', 'ɽ', 'ɽ', 'ӯ-̬', 'о', 'ֵ', 'ֵͨ']
2025-06-20 17:25:11,997 - INFO - ʹ߹Ʊݣ 5722 ֻƱ
2025-06-20 17:25:11,998 - INFO - WebӦüعƱ: 5722 ֻƱ
2025-06-20 17:25:11,999 - INFO - WebӦ֤ɹ: 000037 -> ϵA
2025-06-20 17:25:12,000 - INFO - WebӦ֤ɹ: 000603 -> ʢԴ
2025-06-20 17:25:12,001 - INFO - WebӦ֤ɹ: 000798 -> ˮҵ
2025-06-20 17:25:12,001 - INFO - ʹ local AɹƱб...
2025-06-20 17:25:12,001 - INFO - ڴӱԴAɹƱб...
2025-06-20 17:25:12,002 - INFO - ѡļ: stock_name_list\all_stocks_20250620.csv
2025-06-20 17:25:12,002 - INFO - ʹstock_name_listĿ¼еļ: stock_name_list\all_stocks_20250620.csv
2025-06-20 17:25:12,003 - INFO - ߹Ʊ: stock_name_list\all_stocks_20250620.csv
2025-06-20 17:25:12,010 - INFO - Ʊתɣ: ['000001', '000002', '000003', '000004', '000005']
2025-06-20 17:25:12,017 - INFO - תɣ 5722 ֻƱ: ['', '', '', '¼', 'ǵ', 'ǵ', 'ɽ', 'ɽ', 'ӯ-̬', 'о', 'ֵ', 'ֵͨ']
2025-06-20 17:25:12,017 - INFO - ʹ߹Ʊݣ 5722 ֻƱ
2025-06-20 17:25:12,020 - INFO - Դɹ 5722 ֻƱϢ
2025-06-20 17:25:12,020 - INFO - ɹ 5722 ֻƱϢ
2025-06-20 17:25:12,031 - INFO - WebӦƥƱѸ: 5722 ֻƱ
2025-06-20 17:25:12,031 - INFO - ڶȡļ: uploads\20250620_172506_20250620160136.csv
2025-06-20 17:25:12,032 - INFO - ⵽ļʽ: csv
2025-06-20 17:25:12,033 - INFO - CSVļȡɹ: =utf-8-sig, ָ=','
2025-06-20 17:25:12,033 - INFO - ɹȡļ 2 
2025-06-20 17:25:12,033 - INFO - : ['Ʊ', 'ѡʱ', '۸', '', 'ֹӯ۸', 'ֹ۸']
2025-06-20 17:25:12,033 - INFO - ʹùƱ: Ʊ
2025-06-20 17:25:12,033 - INFO - ʹü۸: ۸
2025-06-20 17:25:12,034 - INFO - ʹùƱ: Ʊ
2025-06-20 17:25:12,036 - INFO - ⵽ƱУʹô벹ȫģʽ
2025-06-20 17:25:12,037 - INFO - Ч: 2 
2025-06-20 17:25:12,039 - INFO - ʼйƱ벹ȫ...
2025-06-20 17:25:12,039 - INFO -  1/2 : '600018
2025-06-20 17:25:12,141 - INFO -  2/2 : '600482
2025-06-20 17:25:12,245 - INFO - ֤ݸʽ...
2025-06-20 17:25:12,247 - INFO - ֤ - ׼: ['600018', '600482']
2025-06-20 17:25:12,248 - INFO - ֤ - Ʊ: ['600018', '600482']
2025-06-20 17:25:12,248 - INFO - 벹ȫѱ浽: result\stock_completion_20250620_172512.csv
2025-06-20 17:25:12,249 - INFO - ȫͳ:
2025-06-20 17:25:12,249 - INFO -   : 2
2025-06-20 17:25:12,249 - INFO -   ɹȫ: 2 (100.0%)
2025-06-20 17:25:12,249 - INFO -   ʽЧ: 0 (0.0%)
2025-06-20 17:25:12,249 - INFO -   벻: 0 (0.0%)
2025-06-20 17:25:12,252 - INFO - : 2/2 ɹ
2025-06-20 17:25:12,254 - INFO - 127.0.0.1 - - [20/Jun/2025 17:25:12] "POST /process HTTP/1.1" 200 -
2025-06-20 17:25:14,875 - INFO - ׼ļ: stock_completion_20250620_172512.csv (404 bytes)
2025-06-20 17:25:14,875 - INFO - ļسɹ: stock_completion_20250620_172512.csv
2025-06-20 17:25:14,875 - INFO - 127.0.0.1 - - [20/Jun/2025 17:25:14] "GET /download/stock_completion_20250620_172512.csv HTTP/1.1" 200 -
2025-06-20 17:33:40,589 - INFO - 127.0.0.1 - - [20/Jun/2025 17:33:40] "GET / HTTP/1.1" 200 -
2025-06-20 17:33:40,690 - INFO - 127.0.0.1 - - [20/Jun/2025 17:33:40] "GET /static/app.js HTTP/1.1" 200 -
2025-06-20 17:33:40,704 - INFO - 127.0.0.1 - - [20/Jun/2025 17:33:40] "GET /static/app.js HTTP/1.1" 200 -
2025-06-20 17:33:41,733 - INFO - ʹ akshare AɹƱб...
2025-06-20 17:33:41,733 - INFO - ڴAKShareAɹƱб...
2025-06-20 17:33:41,743 - INFO - ѡļ: stock_name_list\all_stocks_20250620.csv
2025-06-20 17:33:41,744 - INFO - ʹstock_name_listĿ¼еļ: stock_name_list\all_stocks_20250620.csv
2025-06-20 17:33:41,744 - INFO - ߹Ʊ: stock_name_list\all_stocks_20250620.csv
2025-06-20 17:33:41,761 - INFO - Ʊתɣ: ['000001', '000002', '000003', '000004', '000005']
2025-06-20 17:33:41,771 - INFO - תɣ 5722 ֻƱ: ['', '', '', '¼', 'ǵ', 'ǵ', 'ɽ', 'ɽ', 'ӯ-̬', 'о', 'ֵ', 'ֵͨ']
2025-06-20 17:33:41,772 - INFO - ʹ߹Ʊݣ 5722 ֻƱ
2025-06-20 17:33:41,780 - INFO - 127.0.0.1 - - [20/Jun/2025 17:33:41] "GET /api/stock_data_status HTTP/1.1" 200 -
2025-06-20 17:33:43,922 - INFO - 127.0.0.1 - - [20/Jun/2025 17:33:43] "[33mGET /favicon.ico HTTP/1.1[0m" 404 -
2025-06-20 17:33:49,096 - INFO - AKShareɹ 5725 ֻƱϢ
2025-06-20 17:33:49,097 - INFO - ɹ 5725 ֻƱϢ
2025-06-20 17:33:49,109 - INFO - 127.0.0.1 - - [20/Jun/2025 17:33:49] "GET /api/status HTTP/1.1" 200 -
2025-06-20 17:34:21,007 - INFO - ⵽ļʽ: csv
2025-06-20 17:34:21,010 - INFO - CSVļȡɹ: =utf-8-sig, ָ=','
2025-06-20 17:34:21,013 - INFO - 127.0.0.1 - - [20/Jun/2025 17:34:21] "POST /upload HTTP/1.1" 200 -
2025-06-20 17:34:48,338 - INFO - 127.0.0.1 - - [20/Jun/2025 17:34:48] "GET / HTTP/1.1" 200 -
2025-06-20 17:34:48,453 - INFO - 127.0.0.1 - - [20/Jun/2025 17:34:48] "[36mGET /static/app.js HTTP/1.1[0m" 304 -
2025-06-20 17:34:48,490 - INFO - 127.0.0.1 - - [20/Jun/2025 17:34:48] "[36mGET /static/app.js HTTP/1.1[0m" 304 -
2025-06-20 17:34:49,167 - INFO - ʹ akshare AɹƱб...
2025-06-20 17:34:49,167 - INFO - ڴAKShareAɹƱб...
2025-06-20 17:34:49,172 - INFO - ѡļ: stock_name_list\all_stocks_20250620.csv
2025-06-20 17:34:49,172 - INFO - ʹstock_name_listĿ¼еļ: stock_name_list\all_stocks_20250620.csv
2025-06-20 17:34:49,172 - INFO - ߹Ʊ: stock_name_list\all_stocks_20250620.csv
2025-06-20 17:34:49,183 - INFO - Ʊתɣ: ['000001', '000002', '000003', '000004', '000005']
2025-06-20 17:34:49,190 - INFO - תɣ 5722 ֻƱ: ['', '', '', '¼', 'ǵ', 'ǵ', 'ɽ', 'ɽ', 'ӯ-̬', 'о', 'ֵ', 'ֵͨ']
2025-06-20 17:34:49,191 - INFO - ʹ߹Ʊݣ 5722 ֻƱ
2025-06-20 17:34:49,196 - INFO - 127.0.0.1 - - [20/Jun/2025 17:34:49] "GET /api/stock_data_status HTTP/1.1" 200 -
2025-06-20 17:34:51,831 - INFO - AKShareɹ 5725 ֻƱϢ
2025-06-20 17:34:51,831 - INFO - ɹ 5725 ֻƱϢ
2025-06-20 17:34:51,842 - INFO - 127.0.0.1 - - [20/Jun/2025 17:34:51] "GET /api/status HTTP/1.1" 200 -
2025-06-20 17:34:54,250 - INFO - ⵽ļʽ: csv
2025-06-20 17:34:54,253 - INFO - CSVļȡɹ: =utf-8-sig, ָ=','
2025-06-20 17:34:54,256 - INFO - 127.0.0.1 - - [20/Jun/2025 17:34:54] "POST /upload HTTP/1.1" 200 -
2025-06-20 17:35:14,529 - INFO - ʼļ: 20250620_173454_20250620160136.csv
2025-06-20 17:35:14,529 - INFO - ʹAPIԴ: local
2025-06-20 17:35:14,529 - INFO - : Ʊ, ۸: ۸
2025-06-20 17:35:14,535 - INFO - ѡļ: stock_name_list\all_stocks_20250620.csv
2025-06-20 17:35:14,535 - INFO - ʹstock_name_listĿ¼еļ: stock_name_list\all_stocks_20250620.csv
2025-06-20 17:35:14,535 - INFO - ߹Ʊ: stock_name_list\all_stocks_20250620.csv
2025-06-20 17:35:14,545 - INFO - Ʊתɣ: ['000001', '000002', '000003', '000004', '000005']
2025-06-20 17:35:14,552 - INFO - תɣ 5722 ֻƱ: ['', '', '', '¼', 'ǵ', 'ǵ', 'ɽ', 'ɽ', 'ӯ-̬', 'о', 'ֵ', 'ֵͨ']
2025-06-20 17:35:14,552 - INFO - ʹ߹Ʊݣ 5722 ֻƱ
2025-06-20 17:35:14,553 - INFO - WebӦüعƱ: 5722 ֻƱ
2025-06-20 17:35:14,554 - INFO - WebӦ֤ɹ: 000037 -> ϵA
2025-06-20 17:35:14,555 - INFO - WebӦ֤ɹ: 000603 -> ʢԴ
2025-06-20 17:35:14,555 - INFO - WebӦ֤ɹ: 000798 -> ˮҵ
2025-06-20 17:35:14,555 - INFO - ʹ local AɹƱб...
2025-06-20 17:35:14,556 - INFO - ڴӱԴAɹƱб...
2025-06-20 17:35:14,556 - INFO - ѡļ: stock_name_list\all_stocks_20250620.csv
2025-06-20 17:35:14,556 - INFO - ʹstock_name_listĿ¼еļ: stock_name_list\all_stocks_20250620.csv
2025-06-20 17:35:14,557 - INFO - ߹Ʊ: stock_name_list\all_stocks_20250620.csv
2025-06-20 17:35:14,564 - INFO - Ʊתɣ: ['000001', '000002', '000003', '000004', '000005']
2025-06-20 17:35:14,571 - INFO - תɣ 5722 ֻƱ: ['', '', '', '¼', 'ǵ', 'ǵ', 'ɽ', 'ɽ', 'ӯ-̬', 'о', 'ֵ', 'ֵͨ']
2025-06-20 17:35:14,571 - INFO - ʹ߹Ʊݣ 5722 ֻƱ
2025-06-20 17:35:14,572 - INFO - Դɹ 5722 ֻƱϢ
2025-06-20 17:35:14,572 - INFO - ɹ 5722 ֻƱϢ
2025-06-20 17:35:14,583 - INFO - WebӦƥƱѸ: 5722 ֻƱ
2025-06-20 17:35:14,584 - INFO - ڶȡļ: uploads\20250620_173454_20250620160136.csv
2025-06-20 17:35:14,584 - INFO - ⵽ļʽ: csv
2025-06-20 17:35:14,586 - INFO - CSVļȡɹ: =utf-8-sig, ָ=','
2025-06-20 17:35:14,586 - INFO - ɹȡļ 2 
2025-06-20 17:35:14,586 - INFO - : ['Ʊ', 'ѡʱ', '۸', '', 'ֹӯ۸', 'ֹ۸']
2025-06-20 17:35:14,586 - INFO - ʹùƱ: Ʊ
2025-06-20 17:35:14,586 - INFO - ʹü۸: ۸
2025-06-20 17:35:14,587 - INFO - ʹùƱ: Ʊ
2025-06-20 17:35:14,588 - INFO - ⵽ƱУʹô벹ȫģʽ
2025-06-20 17:35:14,589 - INFO - Ч: 2 
2025-06-20 17:35:14,590 - INFO - ʼйƱ벹ȫ...
2025-06-20 17:35:14,591 - INFO -  1/2 : '600018
2025-06-20 17:35:14,692 - INFO -  2/2 : '600482
2025-06-20 17:35:14,796 - INFO - ֤ݸʽ...
2025-06-20 17:35:14,799 - INFO - ֤ - ׼: ['600018', '600482']
2025-06-20 17:35:14,800 - INFO - ֤ - Ʊ: ['600018', '600482']
2025-06-20 17:35:14,800 - INFO - 벹ȫѱ浽: result\stock_completion_20250620_173514.csv
2025-06-20 17:35:14,801 - INFO - ȫͳ:
2025-06-20 17:35:14,801 - INFO -   : 2
2025-06-20 17:35:14,801 - INFO -   ɹȫ: 2 (100.0%)
2025-06-20 17:35:14,801 - INFO -   ʽЧ: 0 (0.0%)
2025-06-20 17:35:14,801 - INFO -   벻: 0 (0.0%)
2025-06-20 17:35:14,804 - INFO - : 2/2 ɹ
2025-06-20 17:35:14,805 - INFO - 127.0.0.1 - - [20/Jun/2025 17:35:14] "POST /process HTTP/1.1" 200 -
2025-06-20 17:35:20,144 - INFO - 127.0.0.1 - - [20/Jun/2025 17:35:20] "GET / HTTP/1.1" 200 -
2025-06-20 17:35:20,310 - INFO - 127.0.0.1 - - [20/Jun/2025 17:35:20] "[36mGET /static/app.js HTTP/1.1[0m" 304 -
2025-06-20 17:35:20,351 - INFO - 127.0.0.1 - - [20/Jun/2025 17:35:20] "[36mGET /static/app.js HTTP/1.1[0m" 304 -
2025-06-20 17:35:20,674 - INFO - 127.0.0.1 - - [20/Jun/2025 17:35:20] "GET / HTTP/1.1" 200 -
2025-06-20 17:35:20,719 - INFO - 127.0.0.1 - - [20/Jun/2025 17:35:20] "[36mGET /static/app.js HTTP/1.1[0m" 304 -
2025-06-20 17:35:20,744 - INFO - 127.0.0.1 - - [20/Jun/2025 17:35:20] "[36mGET /static/app.js HTTP/1.1[0m" 304 -
2025-06-20 17:35:21,164 - INFO - ʹ akshare AɹƱб...
2025-06-20 17:35:21,164 - INFO - ڴAKShareAɹƱб...
2025-06-20 17:35:21,170 - INFO - ѡļ: stock_name_list\all_stocks_20250620.csv
2025-06-20 17:35:21,170 - INFO - ʹstock_name_listĿ¼еļ: stock_name_list\all_stocks_20250620.csv
2025-06-20 17:35:21,170 - INFO - ߹Ʊ: stock_name_list\all_stocks_20250620.csv
2025-06-20 17:35:21,185 - INFO - Ʊתɣ: ['000001', '000002', '000003', '000004', '000005']
2025-06-20 17:35:21,195 - INFO - תɣ 5722 ֻƱ: ['', '', '', '¼', 'ǵ', 'ǵ', 'ɽ', 'ɽ', 'ӯ-̬', 'о', 'ֵ', 'ֵͨ']
2025-06-20 17:35:21,196 - INFO - ʹ߹Ʊݣ 5722 ֻƱ
2025-06-20 17:35:21,207 - INFO - 127.0.0.1 - - [20/Jun/2025 17:35:21] "GET /api/stock_data_status HTTP/1.1" 200 -
2025-06-20 17:35:23,956 - INFO - AKShareɹ 5725 ֻƱϢ
2025-06-20 17:35:23,956 - INFO - ɹ 5725 ֻƱϢ
2025-06-20 17:35:23,967 - INFO - 127.0.0.1 - - [20/Jun/2025 17:35:23] "GET /api/status HTTP/1.1" 200 -
2025-06-20 17:36:24,417 - INFO - 127.0.0.1 - - [20/Jun/2025 17:36:24] "GET / HTTP/1.1" 200 -
2025-06-20 17:36:24,518 - INFO - 127.0.0.1 - - [20/Jun/2025 17:36:24] "GET /static/app.js HTTP/1.1" 200 -
2025-06-20 17:36:25,472 - INFO - ʹ akshare AɹƱб...
2025-06-20 17:36:25,472 - INFO - ڴAKShareAɹƱб...
2025-06-20 17:36:25,476 - INFO - ѡļ: stock_name_list\all_stocks_20250620.csv
2025-06-20 17:36:25,477 - INFO - ʹstock_name_listĿ¼еļ: stock_name_list\all_stocks_20250620.csv
2025-06-20 17:36:25,477 - INFO - ߹Ʊ: stock_name_list\all_stocks_20250620.csv
2025-06-20 17:36:25,488 - INFO - Ʊתɣ: ['000001', '000002', '000003', '000004', '000005']
2025-06-20 17:36:25,495 - INFO - תɣ 5722 ֻƱ: ['', '', '', '¼', 'ǵ', 'ǵ', 'ɽ', 'ɽ', 'ӯ-̬', 'о', 'ֵ', 'ֵͨ']
2025-06-20 17:36:25,495 - INFO - ʹ߹Ʊݣ 5722 ֻƱ
2025-06-20 17:36:25,503 - INFO - 127.0.0.1 - - [20/Jun/2025 17:36:25] "GET /api/stock_data_status HTTP/1.1" 200 -
2025-06-20 17:36:25,749 - INFO - 127.0.0.1 - - [20/Jun/2025 17:36:25] "[33mGET /favicon.ico HTTP/1.1[0m" 404 -
2025-06-20 17:36:28,175 - INFO - AKShareɹ 5725 ֻƱϢ
2025-06-20 17:36:28,176 - INFO - ɹ 5725 ֻƱϢ
2025-06-20 17:36:28,187 - INFO - 127.0.0.1 - - [20/Jun/2025 17:36:28] "GET /api/status HTTP/1.1" 200 -
2025-06-20 17:36:48,691 - INFO - ⵽ļʽ: csv
2025-06-20 17:36:48,693 - INFO - CSVļȡɹ: =utf-8-sig, ָ=','
2025-06-20 17:36:48,694 - INFO - 127.0.0.1 - - [20/Jun/2025 17:36:48] "POST /upload HTTP/1.1" 200 -
2025-06-20 17:37:17,360 - INFO - ⵽ļʽ: csv
2025-06-20 17:37:17,362 - INFO - CSVļȡɹ: =utf-8-sig, ָ=','
2025-06-20 17:37:17,364 - INFO - 127.0.0.1 - - [20/Jun/2025 17:37:17] "POST /upload HTTP/1.1" 200 -
2025-06-20 17:38:33,127 - INFO - ⵽ļʽ: csv
2025-06-20 17:38:33,131 - INFO - CSVļȡɹ: =utf-8-sig, ָ=','
2025-06-20 17:38:33,133 - INFO - 127.0.0.1 - - [20/Jun/2025 17:38:33] "POST /upload HTTP/1.1" 200 -
2025-06-20 17:38:35,153 - INFO - ʼļ: 20250620_173833_20250620163758.csv
2025-06-20 17:38:35,153 - INFO - ʹAPIԴ: local
2025-06-20 17:38:35,153 - INFO - : Ʊ, ۸: ۸
2025-06-20 17:38:35,156 - INFO - ѡļ: stock_name_list\all_stocks_20250620.csv
2025-06-20 17:38:35,156 - INFO - ʹstock_name_listĿ¼еļ: stock_name_list\all_stocks_20250620.csv
2025-06-20 17:38:35,156 - INFO - ߹Ʊ: stock_name_list\all_stocks_20250620.csv
2025-06-20 17:38:35,164 - INFO - Ʊתɣ: ['000001', '000002', '000003', '000004', '000005']
2025-06-20 17:38:35,171 - INFO - תɣ 5722 ֻƱ: ['', '', '', '¼', 'ǵ', 'ǵ', 'ɽ', 'ɽ', 'ӯ-̬', 'о', 'ֵ', 'ֵͨ']
2025-06-20 17:38:35,171 - INFO - ʹ߹Ʊݣ 5722 ֻƱ
2025-06-20 17:38:35,172 - INFO - WebӦüعƱ: 5722 ֻƱ
2025-06-20 17:38:35,173 - INFO - WebӦ֤ɹ: 000037 -> ϵA
2025-06-20 17:38:35,173 - INFO - WebӦ֤ɹ: 000603 -> ʢԴ
2025-06-20 17:38:35,174 - INFO - WebӦ֤ɹ: 000798 -> ˮҵ
2025-06-20 17:38:35,174 - INFO - ʹ local AɹƱб...
2025-06-20 17:38:35,174 - INFO - ڴӱԴAɹƱб...
2025-06-20 17:38:35,175 - INFO - ѡļ: stock_name_list\all_stocks_20250620.csv
2025-06-20 17:38:35,175 - INFO - ʹstock_name_listĿ¼еļ: stock_name_list\all_stocks_20250620.csv
2025-06-20 17:38:35,175 - INFO - ߹Ʊ: stock_name_list\all_stocks_20250620.csv
2025-06-20 17:38:35,183 - INFO - Ʊתɣ: ['000001', '000002', '000003', '000004', '000005']
2025-06-20 17:38:35,190 - INFO - תɣ 5722 ֻƱ: ['', '', '', '¼', 'ǵ', 'ǵ', 'ɽ', 'ɽ', 'ӯ-̬', 'о', 'ֵ', 'ֵͨ']
2025-06-20 17:38:35,190 - INFO - ʹ߹Ʊݣ 5722 ֻƱ
2025-06-20 17:38:35,191 - INFO - Դɹ 5722 ֻƱϢ
2025-06-20 17:38:35,191 - INFO - ɹ 5722 ֻƱϢ
2025-06-20 17:38:35,203 - INFO - WebӦƥƱѸ: 5722 ֻƱ
2025-06-20 17:38:35,204 - INFO - ڶȡļ: uploads\20250620_173833_20250620163758.csv
2025-06-20 17:38:35,204 - INFO - ⵽ļʽ: csv
2025-06-20 17:38:35,207 - INFO - CSVļȡɹ: =utf-8-sig, ָ=','
2025-06-20 17:38:35,207 - INFO - ɹȡļ 5 
2025-06-20 17:38:35,207 - INFO - : ['Ʊ', 'ѡʱ', '۸', '', 'ֹӯ۸', 'ֹ۸']
2025-06-20 17:38:35,207 - INFO - ʹùƱ: Ʊ
2025-06-20 17:38:35,207 - INFO - ʹü۸: ۸
2025-06-20 17:38:35,208 - INFO - ʹùƱ: Ʊ
2025-06-20 17:38:35,209 - INFO - ⵽ƱУʹô벹ȫģʽ
2025-06-20 17:38:35,210 - INFO - Ч: 5 
2025-06-20 17:38:35,212 - INFO - ʼйƱ벹ȫ...
2025-06-20 17:38:35,212 - INFO -  1/5 : '000995
2025-06-20 17:38:35,314 - INFO -  2/5 : '002352
2025-06-20 17:38:35,415 - INFO -  3/5 : '300120
2025-06-20 17:38:35,517 - INFO -  4/5 : '300505
2025-06-20 17:38:35,618 - INFO -  5/5 : '300930
2025-06-20 17:38:35,722 - INFO - ֤ݸʽ...
2025-06-20 17:38:35,725 - INFO - ֤ - ׼: ['000995', '002352', '300120', '300505', '300930']
2025-06-20 17:38:35,725 - INFO - ֤ - Ʊ: ['000995', '002352', '300120', '300505', '300930']
2025-06-20 17:38:35,725 - INFO - 벹ȫѱ浽: result\stock_completion_20250620_173835.csv
2025-06-20 17:38:35,726 - INFO - ȫͳ:
2025-06-20 17:38:35,726 - INFO -   : 5
2025-06-20 17:38:35,726 - INFO -   ɹȫ: 5 (100.0%)
2025-06-20 17:38:35,726 - INFO -   ʽЧ: 0 (0.0%)
2025-06-20 17:38:35,727 - INFO -   벻: 0 (0.0%)
2025-06-20 17:38:35,730 - INFO - : 5/5 ɹ
2025-06-20 17:38:35,731 - INFO - 127.0.0.1 - - [20/Jun/2025 17:38:35] "POST /process HTTP/1.1" 200 -
2025-06-20 17:38:36,729 - INFO - ׼ļ: stock_completion_20250620_173835.csv (732 bytes)
2025-06-20 17:38:36,729 - INFO - ļسɹ: stock_completion_20250620_173835.csv
2025-06-20 17:38:36,729 - INFO - 127.0.0.1 - - [20/Jun/2025 17:38:36] "GET /download/stock_completion_20250620_173835.csv HTTP/1.1" 200 -
