2025-06-18 15:50:10,009 - WARNING -  * Debugger is active!
2025-06-18 15:50:10,012 - INFO -  * Debugger PIN: 678-550-451
2025-06-18 15:50:47,141 - INFO - 准备下载文件: stock_completion_20250618_151423.csv (14469 bytes)
2025-06-18 15:50:47,141 - INFO - 文件下载成功: stock_completion_20250618_151423.csv
2025-06-18 15:50:47,142 - INFO - 127.0.0.1 - - [18/Jun/2025 15:50:47] "GET /download/stock_completion_20250618_151423.csv HTTP/1.1" 200 -
2025-06-18 15:50:52,837 - INFO - 准备下载文件: stock_completion_20250618_143216.csv (3486 bytes)
2025-06-18 15:50:52,838 - INFO - 文件下载成功: stock_completion_20250618_143216.csv
2025-06-18 15:50:52,838 - INFO - 127.0.0.1 - - [18/Jun/2025 15:50:52] "GET /download/stock_completion_20250618_143216.csv HTTP/1.1" 200 -
2025-06-18 15:50:53,749 - INFO - 127.0.0.1 - - [18/Jun/2025 15:50:53] "GET / HTTP/1.1" 200 -
2025-06-18 15:50:53,841 - INFO - 127.0.0.1 - - [18/Jun/2025 15:50:53] "GET /static/app.js HTTP/1.1" 200 -
2025-06-18 15:50:53,868 - INFO - 正在使用 akshare 加载A股股票列表...
2025-06-18 15:50:53,868 - INFO - 正在从AKShare加载A股股票列表...
2025-06-18 15:50:56,458 - INFO - 检测到文件格式: csv
2025-06-18 15:50:56,463 - INFO - CSV文件读取成功: 编码=utf-8-sig, 分隔符=','
2025-06-18 15:50:56,465 - INFO - 127.0.0.1 - - [18/Jun/2025 15:50:56] "POST /upload HTTP/1.1" 200 -
2025-06-18 15:50:58,881 - INFO - 开始处理文件: 20250618_155056_20250618110113.csv
2025-06-18 15:50:58,881 - INFO - 使用API源: local
2025-06-18 15:50:58,881 - INFO - 代码列: 股票代码, 价格列: 买入价格
2025-06-18 15:50:58,892 - INFO - 加载离线股票数据: data\stock_list_latest.csv
2025-06-18 15:50:58,926 - INFO - 股票代码列转换完成，样本: ['000001', '000002', '000003', '000004', '000005']
2025-06-18 15:50:58,931 - INFO - 数据转换完成，共 5722 只股票，列名: ['代码', '名称', '最新价', '涨跌幅', '涨跌额', '成交量', '成交额', '市盈率-动态', '市净率', '总市值', '流通市值', '清理名称']
2025-06-18 15:50:58,932 - INFO - 使用离线股票数据，共 5722 只股票
2025-06-18 15:50:58,933 - INFO - Web应用加载股票数据: 5722 只股票
2025-06-18 15:50:58,934 - INFO - Web应用验证成功: 000037 -> 深南电A
2025-06-18 15:50:58,934 - INFO - Web应用验证成功: 000603 -> 盛达资源
2025-06-18 15:50:58,935 - INFO - Web应用验证成功: 000798 -> 中水渔业
2025-06-18 15:50:58,935 - INFO - 正在使用 local 加载A股股票列表...
2025-06-18 15:50:58,935 - INFO - 正在从本地数据源加载A股股票列表...
2025-06-18 15:50:58,936 - INFO - 加载离线股票数据: data\stock_list_latest.csv
2025-06-18 15:50:58,959 - INFO - 股票代码列转换完成，样本: ['000001', '000002', '000003', '000004', '000005']
2025-06-18 15:50:58,964 - INFO - 数据转换完成，共 5722 只股票，列名: ['代码', '名称', '最新价', '涨跌幅', '涨跌额', '成交量', '成交额', '市盈率-动态', '市净率', '总市值', '流通市值', '清理名称']
2025-06-18 15:50:58,965 - INFO - 使用离线股票数据，共 5722 只股票
2025-06-18 15:50:58,966 - INFO - 本地数据源成功加载 5722 只股票信息
2025-06-18 15:50:58,966 - INFO - 成功加载 5722 只股票信息
2025-06-18 15:50:58,978 - INFO - Web应用匹配器股票数据已更新: 5722 只股票
2025-06-18 15:50:58,979 - INFO - 正在读取文件: uploads\20250618_155056_20250618110113.csv
2025-06-18 15:50:58,979 - INFO - 检测到文件格式: csv
2025-06-18 15:50:58,981 - INFO - CSV文件读取成功: 编码=utf-8-sig, 分隔符=','
2025-06-18 15:50:58,981 - INFO - 成功读取文件，共 13 行数据
2025-06-18 15:50:58,981 - INFO - 列名: ['股票代码', '入选时间', '买入价格', '操作', '止盈价格', '止损价格', '满足量比换手率条件', '测试时间']
2025-06-18 15:50:58,982 - INFO - 使用股票名称列: 股票代码
2025-06-18 15:50:58,982 - INFO - 使用价格列: 买入价格
2025-06-18 15:50:58,982 - INFO - 使用股票代码列: 股票代码
2025-06-18 15:50:58,983 - INFO - 检测到股票代码列，将使用代码补全模式
2025-06-18 15:50:58,984 - INFO - 处理后有效数据: 13 行
2025-06-18 15:50:58,984 - INFO - 开始进行股票代码补全...
2025-06-18 15:50:58,984 - INFO - 处理第 1/13 行: '000798
2025-06-18 15:50:59,086 - INFO - 处理第 2/13 行: '002208
2025-06-18 15:50:59,188 - INFO - 处理第 3/13 行: '300457
2025-06-18 15:50:59,289 - INFO - 处理第 4/13 行: '300479
2025-06-18 15:50:59,392 - INFO - 处理第 5/13 行: '301176
2025-06-18 15:50:59,494 - INFO - 处理第 6/13 行: '301208
2025-06-18 15:50:59,595 - INFO - 处理第 7/13 行: '301292
2025-06-18 15:50:59,697 - INFO - 处理第 8/13 行: '301380
2025-06-18 15:50:59,798 - INFO - 处理第 9/13 行: '600775
2025-06-18 15:50:59,900 - INFO - 处理第 10/13 行: '600855
2025-06-18 15:51:00,001 - INFO - 处理第 11/13 行: '603069
2025-06-18 15:51:00,103 - INFO - 处理第 12/13 行: '603215
2025-06-18 15:51:00,205 - INFO - 处理第 13/13 行: '688151
2025-06-18 15:51:00,310 - INFO - 验证保存的数据格式...
2025-06-18 15:51:00,313 - INFO - 验证结果 - 标准化代码样本: ['000798', '002208', '300457', '300479', '301176']
2025-06-18 15:51:00,313 - INFO - 验证结果 - 股票代码样本: ['000798', '002208', '300457', '300479', '301176']
2025-06-18 15:51:00,313 - INFO - 代码补全结果已保存到: result\stock_completion_20250618_155058.csv
2025-06-18 15:51:00,314 - INFO - 补全统计:
2025-06-18 15:51:00,314 - INFO -   总数: 13
2025-06-18 15:51:00,315 - INFO -   成功补全: 13 (100.0%)
2025-06-18 15:51:00,315 - INFO -   格式无效: 0 (0.0%)
2025-06-18 15:51:00,315 - INFO -   代码不存在: 0 (0.0%)
2025-06-18 15:51:00,318 - INFO - 处理完成: 13/13 成功
2025-06-18 15:51:00,318 - INFO - 127.0.0.1 - - [18/Jun/2025 15:51:00] "POST /process HTTP/1.1" 200 -
2025-06-18 15:51:02,010 - INFO - 准备下载文件: stock_completion_20250618_155058.csv (1580 bytes)
2025-06-18 15:51:02,010 - INFO - 文件下载成功: stock_completion_20250618_155058.csv
2025-06-18 15:51:02,011 - INFO - 127.0.0.1 - - [18/Jun/2025 15:51:02] "GET /download/stock_completion_20250618_155058.csv HTTP/1.1" 200 -
2025-06-18 15:51:02,739 - INFO - AKShare成功加载 5724 只股票信息
2025-06-18 15:51:02,740 - INFO - 成功加载 5724 只股票信息
2025-06-18 15:51:02,752 - INFO - 127.0.0.1 - - [18/Jun/2025 15:51:02] "GET /api/status HTTP/1.1" 200 -
