2025-06-16 15:25:05,130 - INFO - 正在加载A股股票列表...
2025-06-16 15:25:14,001 - INFO - 成功加载 5724 只股票信息
2025-06-16 15:25:14,011 - INFO - 正在读取Excel文件: example_stock_codes.csv
2025-06-16 15:25:14,014 - INFO - 成功读取文件，共 20 行数据
2025-06-16 15:25:14,014 - INFO - 列名: ['股票代码', '参考价格']
2025-06-16 15:25:14,015 - INFO - 使用股票名称列: 股票代码
2025-06-16 15:25:14,015 - INFO - 使用价格列: 参考价格
2025-06-16 15:25:14,015 - INFO - 使用股票代码列: 股票代码
2025-06-16 15:25:14,017 - INFO - 检测到股票代码列，将使用代码补全模式
2025-06-16 15:25:14,018 - INFO - 处理后有效数据: 20 行
2025-06-16 15:25:14,019 - INFO - 开始进行股票代码补全...
2025-06-16 15:25:14,019 - INFO - 处理第 1/20 行: 1
2025-06-16 15:25:14,019 - WARNING - 股票代码格式无效: 1
2025-06-16 15:25:14,120 - INFO - 处理第 2/20 行: 600036
2025-06-16 15:25:14,222 - INFO - 处理第 3/20 行: 601318
2025-06-16 15:25:14,324 - INFO - 处理第 4/20 行: 600519
2025-06-16 15:25:14,427 - INFO - 处理第 5/20 行: 858
2025-06-16 15:25:14,427 - WARNING - 股票代码格式无效: 858
2025-06-16 15:25:14,528 - INFO - 处理第 6/20 行: 333
2025-06-16 15:25:14,528 - WARNING - 股票代码格式无效: 333
2025-06-16 15:25:14,629 - INFO - 处理第 7/20 行: 651
2025-06-16 15:25:14,629 - WARNING - 股票代码格式无效: 651
2025-06-16 15:25:14,730 - INFO - 处理第 8/20 行: 2594
2025-06-16 15:25:14,730 - WARNING - 股票代码格式无效: 2594
2025-06-16 15:25:14,831 - INFO - 处理第 9/20 行: 300750
2025-06-16 15:25:14,933 - INFO - 处理第 10/20 行: 600941
2025-06-16 15:25:15,034 - INFO - 处理第 11/20 行: 601398
2025-06-16 15:25:15,137 - INFO - 处理第 12/20 行: 601939
2025-06-16 15:25:15,239 - INFO - 处理第 13/20 行: 601857
2025-06-16 15:25:15,341 - INFO - 处理第 14/20 行: 600028
2025-06-16 15:25:15,443 - INFO - 处理第 15/20 行: 601899
2025-06-16 15:25:15,544 - INFO - 处理第 16/20 行: 2
2025-06-16 15:25:15,544 - WARNING - 股票代码格式无效: 2
2025-06-16 15:25:15,645 - INFO - 处理第 17/20 行: 600000
2025-06-16 15:25:15,748 - INFO - 处理第 18/20 行: 2415
2025-06-16 15:25:15,748 - WARNING - 股票代码格式无效: 2415
2025-06-16 15:25:15,849 - INFO - 处理第 19/20 行: 600276
2025-06-16 15:25:15,950 - INFO - 处理第 20/20 行: 688001
2025-06-16 15:25:16,055 - INFO - 代码补全结果已保存到: stock_code_completion_20250616_152516.csv
2025-06-16 15:25:16,056 - INFO - 补全统计:
2025-06-16 15:25:16,056 - INFO -   总数: 20
2025-06-16 15:25:16,056 - INFO -   成功补全: 13 (65.0%)
2025-06-16 15:25:16,056 - INFO -   格式无效: 7 (35.0%)
2025-06-16 15:25:16,056 - INFO -   代码不存在: 0 (0.0%)
