2025-06-19 09:33:21,825 - WARNING -  * Debugger is active!
2025-06-19 09:33:21,829 - INFO -  * Debugger PIN: 678-550-451
2025-06-19 09:34:38,860 - INFO - 127.0.0.1 - - [19/Jun/2025 09:34:38] "GET / HTTP/1.1" 200 -
2025-06-19 09:34:38,969 - INFO - 127.0.0.1 - - [19/Jun/2025 09:34:38] "GET /static/app.js HTTP/1.1" 200 -
2025-06-19 09:34:38,995 - INFO - ʹ akshare AɹƱб...
2025-06-19 09:34:38,995 - INFO - ڴAKShareAɹƱб...
2025-06-19 09:34:39,100 - INFO - 127.0.0.1 - - [19/Jun/2025 09:34:39] "[33mGET /favicon.ico HTTP/1.1[0m" 404 -
2025-06-19 09:34:44,276 - INFO - AKShareɹ 5725 ֻƱϢ
2025-06-19 09:34:44,277 - INFO - ɹ 5725 ֻƱϢ
2025-06-19 09:34:44,288 - INFO - 127.0.0.1 - - [19/Jun/2025 09:34:44] "GET /api/status HTTP/1.1" 200 -
2025-06-19 09:35:06,393 - INFO - ⵽ļʽ: csv
2025-06-19 09:35:06,396 - INFO - CSVļȡɹ: =utf-8-sig, ָ=','
2025-06-19 09:35:06,399 - INFO - 127.0.0.1 - - [19/Jun/2025 09:35:06] "POST /upload HTTP/1.1" 200 -
2025-06-19 09:35:09,473 - INFO - ʼļ: 20250619_093506_20250618155840.csv
2025-06-19 09:35:09,473 - INFO - ʹAPIԴ: local
2025-06-19 09:35:09,473 - INFO - : Ʊ, ۸: ۸
2025-06-19 09:35:09,476 - INFO - ߹Ʊ: data\stock_list_latest.csv
2025-06-19 09:35:09,497 - INFO - Ʊתɣ: ['000001', '000002', '000003', '000004', '000005']
2025-06-19 09:35:09,503 - INFO - תɣ 5722 ֻƱ: ['', '', '¼', 'ǵ', 'ǵ', 'ɽ', 'ɽ', 'ӯ-̬', 'о', 'ֵ', 'ֵͨ', '']
2025-06-19 09:35:09,504 - INFO - ʹ߹Ʊݣ 5722 ֻƱ
2025-06-19 09:35:09,504 - INFO - WebӦüعƱ: 5722 ֻƱ
2025-06-19 09:35:09,505 - INFO - WebӦ֤ɹ: 000037 -> ϵA
2025-06-19 09:35:09,506 - INFO - WebӦ֤ɹ: 000603 -> ʢԴ
2025-06-19 09:35:09,507 - INFO - WebӦ֤ɹ: 000798 -> ˮҵ
2025-06-19 09:35:09,507 - INFO - ʹ local AɹƱб...
2025-06-19 09:35:09,507 - INFO - ڴӱԴAɹƱб...
2025-06-19 09:35:09,507 - INFO - ߹Ʊ: data\stock_list_latest.csv
2025-06-19 09:35:09,528 - INFO - Ʊתɣ: ['000001', '000002', '000003', '000004', '000005']
2025-06-19 09:35:09,534 - INFO - תɣ 5722 ֻƱ: ['', '', '¼', 'ǵ', 'ǵ', 'ɽ', 'ɽ', 'ӯ-̬', 'о', 'ֵ', 'ֵͨ', '']
2025-06-19 09:35:09,535 - INFO - ʹ߹Ʊݣ 5722 ֻƱ
2025-06-19 09:35:09,535 - INFO - Դɹ 5722 ֻƱϢ
2025-06-19 09:35:09,536 - INFO - ɹ 5722 ֻƱϢ
2025-06-19 09:35:09,546 - INFO - WebӦƥƱѸ: 5722 ֻƱ
2025-06-19 09:35:09,546 - INFO - ڶȡļ: uploads\20250619_093506_20250618155840.csv
2025-06-19 09:35:09,547 - INFO - ⵽ļʽ: csv
2025-06-19 09:35:09,550 - INFO - CSVļȡɹ: =utf-8-sig, ָ=','
2025-06-19 09:35:09,550 - INFO - ɹȡļ 4 
2025-06-19 09:35:09,550 - INFO - : ['Ʊ', 'ѡʱ', '۸', '', 'ֹӯ۸', 'ֹ۸']
2025-06-19 09:35:09,550 - INFO - ʹùƱ: Ʊ
2025-06-19 09:35:09,550 - INFO - ʹü۸: ۸
2025-06-19 09:35:09,550 - INFO - ʹùƱ: Ʊ
2025-06-19 09:35:09,552 - INFO - ⵽ƱУʹô벹ȫģʽ
2025-06-19 09:35:09,553 - INFO - Ч: 4 
2025-06-19 09:35:09,561 - INFO - ʼйƱ벹ȫ...
2025-06-19 09:35:09,561 - INFO -  1/4 : '000543
2025-06-19 09:35:09,663 - INFO -  2/4 : '003816
2025-06-19 09:35:09,766 - INFO -  3/4 : '600018
2025-06-19 09:35:09,867 - INFO -  4/4 : '601668
2025-06-19 09:35:09,972 - INFO - ֤ݸʽ...
2025-06-19 09:35:09,974 - INFO - ֤ - ׼: ['000543', '003816', '600018', '601668']
2025-06-19 09:35:09,974 - INFO - ֤ - Ʊ: ['000543', '003816', '600018', '601668']
2025-06-19 09:35:09,975 - INFO - 벹ȫѱ浽: result\stock_completion_20250619_093509.csv
2025-06-19 09:35:09,976 - INFO - ȫͳ:
2025-06-19 09:35:09,976 - INFO -   : 4
2025-06-19 09:35:09,976 - INFO -   ɹȫ: 4 (100.0%)
2025-06-19 09:35:09,976 - INFO -   ʽЧ: 0 (0.0%)
2025-06-19 09:35:09,976 - INFO -   벻: 0 (0.0%)
2025-06-19 09:35:09,978 - INFO - : 4/4 ɹ
2025-06-19 09:35:09,979 - INFO - 127.0.0.1 - - [19/Jun/2025 09:35:09] "POST /process HTTP/1.1" 200 -
