2025-06-25 17:35:16,876 - WARNING -  * Debugger is active!
2025-06-25 17:35:16,879 - INFO -  * Debugger PIN: 678-550-451
2025-06-25 17:37:11,182 - INFO - 127.0.0.1 - - [25/Jun/2025 17:37:11] "GET / HTTP/1.1" 200 -
2025-06-25 17:37:11,286 - INFO - 127.0.0.1 - - [25/Jun/2025 17:37:11] "GET /static/app.js HTTP/1.1" 200 -
2025-06-25 17:37:12,313 - INFO - ʹ akshare AɹƱб...
2025-06-25 17:37:12,314 - INFO - ڴAKShareAɹƱб...
2025-06-25 17:37:12,619 - INFO - ѡļ: stock_name_list\all_stocks_20250620.csv
2025-06-25 17:37:12,619 - INFO - ʹstock_name_listĿ¼еļ: stock_name_list\all_stocks_20250620.csv
2025-06-25 17:37:12,620 - INFO - ߹Ʊ: stock_name_list\all_stocks_20250620.csv
2025-06-25 17:37:12,630 - INFO - Ʊתɣ: ['000001', '000002', '000003', '000004', '000005']
2025-06-25 17:37:12,637 - INFO - תɣ 5722 ֻƱ: ['', '', '', '¼', 'ǵ', 'ǵ', 'ɽ', 'ɽ', 'ӯ-̬', 'о', 'ֵ', 'ֵͨ']
2025-06-25 17:37:12,637 - INFO - ʹ߹Ʊݣ 5722 ֻƱ
2025-06-25 17:37:12,641 - INFO - 127.0.0.1 - - [25/Jun/2025 17:37:12] "GET /api/stock_data_status HTTP/1.1" 200 -
2025-06-25 17:37:14,945 - INFO - 127.0.0.1 - - [25/Jun/2025 17:37:14] "[33mGET /favicon.ico HTTP/1.1[0m" 404 -
2025-06-25 17:37:15,085 - INFO - AKShareɹ 5725 ֻƱϢ
2025-06-25 17:37:15,086 - INFO - ɹ 5725 ֻƱϢ
2025-06-25 17:37:15,102 - INFO - 127.0.0.1 - - [25/Jun/2025 17:37:15] "GET /api/status HTTP/1.1" 200 -
2025-06-25 17:38:50,173 - INFO - 127.0.0.1 - - [25/Jun/2025 17:38:50] "GET / HTTP/1.1" 200 -
2025-06-25 17:38:50,381 - INFO - 127.0.0.1 - - [25/Jun/2025 17:38:50] "GET /static/app.js HTTP/1.1" 200 -
2025-06-25 17:38:53,515 - INFO - 127.0.0.1 - - [25/Jun/2025 17:38:53] "[33mGET /favicon.ico HTTP/1.1[0m" 404 -
2025-06-25 17:38:55,689 - INFO - ʹ akshare AɹƱб...
2025-06-25 17:38:55,690 - INFO - ڴAKShareAɹƱб...
2025-06-25 17:38:55,695 - INFO - ѡļ: stock_name_list\all_stocks_20250620.csv
2025-06-25 17:38:55,695 - INFO - ʹstock_name_listĿ¼еļ: stock_name_list\all_stocks_20250620.csv
2025-06-25 17:38:55,696 - INFO - ߹Ʊ: stock_name_list\all_stocks_20250620.csv
2025-06-25 17:38:55,705 - INFO - Ʊתɣ: ['000001', '000002', '000003', '000004', '000005']
2025-06-25 17:38:55,713 - INFO - תɣ 5722 ֻƱ: ['', '', '', '¼', 'ǵ', 'ǵ', 'ɽ', 'ɽ', 'ӯ-̬', 'о', 'ֵ', 'ֵͨ']
2025-06-25 17:38:55,714 - INFO - ʹ߹Ʊݣ 5722 ֻƱ
2025-06-25 17:38:55,718 - INFO - 127.0.0.1 - - [25/Jun/2025 17:38:55] "GET /api/stock_data_status HTTP/1.1" 200 -
2025-06-25 17:38:58,379 - INFO - AKShareɹ 5725 ֻƱϢ
2025-06-25 17:38:58,379 - INFO - ɹ 5725 ֻƱϢ
2025-06-25 17:38:58,392 - INFO - 127.0.0.1 - - [25/Jun/2025 17:38:58] "GET /api/status HTTP/1.1" 200 -
2025-06-25 17:39:05,472 - INFO - ⵽ļʽ: csv
2025-06-25 17:39:05,473 - INFO - CSVļȡɹ: =utf-8-sig, ָ=','
2025-06-25 17:39:05,476 - INFO - 127.0.0.1 - - [25/Jun/2025 17:39:05] "POST /upload HTTP/1.1" 200 -
2025-06-25 17:39:10,258 - INFO - ʼļ: 20250625_173905_20250625164557.csv
2025-06-25 17:39:10,258 - INFO - ʹAPIԴ: local
2025-06-25 17:39:10,259 - INFO - : Ʊ, ۸: ۸
2025-06-25 17:39:10,264 - INFO - ѡļ: stock_name_list\all_stocks_20250620.csv
2025-06-25 17:39:10,264 - INFO - ʹstock_name_listĿ¼еļ: stock_name_list\all_stocks_20250620.csv
2025-06-25 17:39:10,264 - INFO - ߹Ʊ: stock_name_list\all_stocks_20250620.csv
2025-06-25 17:39:10,271 - INFO - Ʊתɣ: ['000001', '000002', '000003', '000004', '000005']
2025-06-25 17:39:10,277 - INFO - תɣ 5722 ֻƱ: ['', '', '', '¼', 'ǵ', 'ǵ', 'ɽ', 'ɽ', 'ӯ-̬', 'о', 'ֵ', 'ֵͨ']
2025-06-25 17:39:10,278 - INFO - ʹ߹Ʊݣ 5722 ֻƱ
2025-06-25 17:39:10,280 - INFO - WebӦüعƱ: 5722 ֻƱ
2025-06-25 17:39:10,281 - INFO - WebӦ֤ɹ: 000037 -> ϵA
2025-06-25 17:39:10,284 - INFO - WebӦ֤ɹ: 000603 -> ʢԴ
2025-06-25 17:39:10,284 - INFO - WebӦ֤ɹ: 000798 -> ˮҵ
2025-06-25 17:39:10,284 - INFO - ʹ local AɹƱб...
2025-06-25 17:39:10,285 - INFO - ڴӱԴAɹƱб...
2025-06-25 17:39:10,286 - INFO - ѡļ: stock_name_list\all_stocks_20250620.csv
2025-06-25 17:39:10,286 - INFO - ʹstock_name_listĿ¼еļ: stock_name_list\all_stocks_20250620.csv
2025-06-25 17:39:10,287 - INFO - ߹Ʊ: stock_name_list\all_stocks_20250620.csv
2025-06-25 17:39:10,294 - INFO - Ʊתɣ: ['000001', '000002', '000003', '000004', '000005']
2025-06-25 17:39:10,301 - INFO - תɣ 5722 ֻƱ: ['', '', '', '¼', 'ǵ', 'ǵ', 'ɽ', 'ɽ', 'ӯ-̬', 'о', 'ֵ', 'ֵͨ']
2025-06-25 17:39:10,301 - INFO - ʹ߹Ʊݣ 5722 ֻƱ
2025-06-25 17:39:10,302 - INFO - Դɹ 5722 ֻƱϢ
2025-06-25 17:39:10,303 - INFO - ɹ 5722 ֻƱϢ
2025-06-25 17:39:10,313 - INFO - WebӦƥƱѸ: 5722 ֻƱ
2025-06-25 17:39:10,313 - INFO - ڶȡļ: uploads\20250625_173905_20250625164557.csv
2025-06-25 17:39:10,314 - INFO - ⵽ļʽ: csv
2025-06-25 17:39:10,318 - INFO - CSVļȡɹ: =utf-8-sig, ָ=','
2025-06-25 17:39:10,319 - INFO - ɹȡļ 16 
2025-06-25 17:39:10,319 - INFO - : ['Ʊ', '۸', '', 'ֹӯ۸', 'ֹ۸']
2025-06-25 17:39:10,319 - INFO - ʹùƱ: Ʊ
2025-06-25 17:39:10,319 - INFO - ʹü۸: ۸
2025-06-25 17:39:10,319 - INFO - ʹùƱ: Ʊ
2025-06-25 17:39:10,322 - INFO - ⵽ƱУʹô벹ȫģʽ
2025-06-25 17:39:10,323 - INFO - Ч: 16 
2025-06-25 17:39:10,364 - INFO - ֤ݸʽ...
2025-06-25 17:39:10,366 - INFO - ֤ - ׼: ['000702', '002148', '002208', '300079', '300479']
2025-06-25 17:39:10,367 - INFO - ֤ - Ʊ: ['000702', '002148', '002208', '300079', '300479']
2025-06-25 17:39:10,367 - INFO - 벹ȫѱ浽: result\stock_completion_20250625_173910.csv
2025-06-25 17:39:10,369 - INFO - ȫͳ:
2025-06-25 17:39:10,369 - INFO -   : 16
2025-06-25 17:39:10,369 - INFO -   ɹȫ: 16 (100.0%)
2025-06-25 17:39:10,369 - INFO -   ʽЧ: 0 (0.0%)
2025-06-25 17:39:10,370 - INFO -   벻: 0 (0.0%)
2025-06-25 17:39:10,373 - INFO - : 16/16 ɹ
2025-06-25 17:39:10,374 - INFO - 127.0.0.1 - - [25/Jun/2025 17:39:10] "POST /process HTTP/1.1" 200 -
2025-06-25 17:39:11,832 - INFO - ׼ļ: stock_completion_20250625_173910.csv (1878 bytes)
2025-06-25 17:39:11,833 - INFO - ļسɹ: stock_completion_20250625_173910.csv
2025-06-25 17:39:11,834 - INFO - 127.0.0.1 - - [25/Jun/2025 17:39:11] "GET /download/stock_completion_20250625_173910.csv HTTP/1.1" 200 -
