2025-06-24 18:03:13,117 - WARNING -  * Debugger is active!
2025-06-24 18:03:13,121 - INFO -  * Debugger PIN: 678-550-451
2025-06-24 18:03:25,499 - INFO - 127.0.0.1 - - [24/Jun/2025 18:03:25] "GET / HTTP/1.1" 200 -
2025-06-24 18:03:25,593 - INFO - 127.0.0.1 - - [24/Jun/2025 18:03:25] "GET /static/app.js HTTP/1.1" 200 -
2025-06-24 18:03:26,728 - INFO - 127.0.0.1 - - [24/Jun/2025 18:03:26] "GET /static/app.js HTTP/1.1" 200 -
2025-06-24 18:03:26,918 - INFO - ʹ akshare AɹƱб...
2025-06-24 18:03:26,919 - INFO - ڴAKShareAɹƱб...
2025-06-24 18:03:27,231 - INFO - ѡļ: stock_name_list\all_stocks_20250620.csv
2025-06-24 18:03:27,231 - INFO - ʹstock_name_listĿ¼еļ: stock_name_list\all_stocks_20250620.csv
2025-06-24 18:03:27,232 - INFO - ߹Ʊ: stock_name_list\all_stocks_20250620.csv
2025-06-24 18:03:27,244 - INFO - Ʊתɣ: ['000001', '000002', '000003', '000004', '000005']
2025-06-24 18:03:27,253 - INFO - תɣ 5722 ֻƱ: ['', '', '', '¼', 'ǵ', 'ǵ', 'ɽ', 'ɽ', 'ӯ-̬', 'о', 'ֵ', 'ֵͨ']
2025-06-24 18:03:27,254 - INFO - ʹ߹Ʊݣ 5722 ֻƱ
2025-06-24 18:03:27,258 - INFO - 127.0.0.1 - - [24/Jun/2025 18:03:27] "GET /api/stock_data_status HTTP/1.1" 200 -
2025-06-24 18:03:29,083 - INFO - 127.0.0.1 - - [24/Jun/2025 18:03:29] "[33mGET /favicon.ico HTTP/1.1[0m" 404 -
2025-06-24 18:03:29,940 - INFO - AKShareɹ 5725 ֻƱϢ
2025-06-24 18:03:29,940 - INFO - ɹ 5725 ֻƱϢ
2025-06-24 18:03:29,951 - INFO - 127.0.0.1 - - [24/Jun/2025 18:03:29] "GET /api/status HTTP/1.1" 200 -
2025-06-24 18:04:26,296 - INFO - ⵽ļʽ: csv
2025-06-24 18:04:26,298 - INFO - CSVļȡɹ: =utf-8-sig, ָ=','
2025-06-24 18:04:26,300 - INFO - 127.0.0.1 - - [24/Jun/2025 18:04:26] "POST /upload HTTP/1.1" 200 -
2025-06-24 18:04:31,909 - INFO - ʼļ: 20250624_180426_20250624175151.csv
2025-06-24 18:04:31,909 - INFO - ʹAPIԴ: local
2025-06-24 18:04:31,910 - INFO - : Ʊ, ۸: ۸
2025-06-24 18:04:31,913 - INFO - ѡļ: stock_name_list\all_stocks_20250620.csv
2025-06-24 18:04:31,914 - INFO - ʹstock_name_listĿ¼еļ: stock_name_list\all_stocks_20250620.csv
2025-06-24 18:04:31,914 - INFO - ߹Ʊ: stock_name_list\all_stocks_20250620.csv
2025-06-24 18:04:31,921 - INFO - Ʊתɣ: ['000001', '000002', '000003', '000004', '000005']
2025-06-24 18:04:31,927 - INFO - תɣ 5722 ֻƱ: ['', '', '', '¼', 'ǵ', 'ǵ', 'ɽ', 'ɽ', 'ӯ-̬', 'о', 'ֵ', 'ֵͨ']
2025-06-24 18:04:31,928 - INFO - ʹ߹Ʊݣ 5722 ֻƱ
2025-06-24 18:04:31,930 - INFO - WebӦüعƱ: 5722 ֻƱ
2025-06-24 18:04:31,930 - INFO - WebӦ֤ɹ: 000037 -> ϵA
2025-06-24 18:04:31,931 - INFO - WebӦ֤ɹ: 000603 -> ʢԴ
2025-06-24 18:04:31,932 - INFO - WebӦ֤ɹ: 000798 -> ˮҵ
2025-06-24 18:04:31,932 - INFO - ʹ local AɹƱб...
2025-06-24 18:04:31,932 - INFO - ڴӱԴAɹƱб...
2025-06-24 18:04:31,933 - INFO - ѡļ: stock_name_list\all_stocks_20250620.csv
2025-06-24 18:04:31,933 - INFO - ʹstock_name_listĿ¼еļ: stock_name_list\all_stocks_20250620.csv
2025-06-24 18:04:31,933 - INFO - ߹Ʊ: stock_name_list\all_stocks_20250620.csv
2025-06-24 18:04:31,939 - INFO - Ʊתɣ: ['000001', '000002', '000003', '000004', '000005']
2025-06-24 18:04:31,945 - INFO - תɣ 5722 ֻƱ: ['', '', '', '¼', 'ǵ', 'ǵ', 'ɽ', 'ɽ', 'ӯ-̬', 'о', 'ֵ', 'ֵͨ']
2025-06-24 18:04:31,946 - INFO - ʹ߹Ʊݣ 5722 ֻƱ
2025-06-24 18:04:31,947 - INFO - Դɹ 5722 ֻƱϢ
2025-06-24 18:04:31,947 - INFO - ɹ 5722 ֻƱϢ
2025-06-24 18:04:31,957 - INFO - WebӦƥƱѸ: 5722 ֻƱ
2025-06-24 18:04:31,957 - INFO - ڶȡļ: uploads\20250624_180426_20250624175151.csv
2025-06-24 18:04:31,957 - INFO - ⵽ļʽ: csv
2025-06-24 18:04:31,959 - INFO - CSVļȡɹ: =utf-8-sig, ָ=','
2025-06-24 18:04:31,959 - INFO - ɹȡļ 7 
2025-06-24 18:04:31,959 - INFO - : ['Ʊ', '۸', 'ֹӯ۸', 'ֹ۸']
2025-06-24 18:04:31,960 - INFO - ʹùƱ: Ʊ
2025-06-24 18:04:31,960 - INFO - ʹü۸: ۸
2025-06-24 18:04:31,960 - INFO - ʹùƱ: Ʊ
2025-06-24 18:04:31,962 - INFO - ⵽ƱУʹô벹ȫģʽ
2025-06-24 18:04:31,963 - INFO - Ч: 7 
2025-06-24 18:04:31,972 - INFO - ʼйƱ벹ȫ...
2025-06-24 18:04:31,973 - INFO -  1/7 : 000995
2025-06-24 18:04:32,074 - INFO -  2/7 : 002148
2025-06-24 18:04:32,175 - INFO -  3/7 : 300079
2025-06-24 18:04:32,277 - INFO -  4/7 : 300120
2025-06-24 18:04:32,378 - INFO -  5/7 : 600879
2025-06-24 18:04:32,480 - INFO -  6/7 : 300236
2025-06-24 18:04:32,581 - INFO -  7/7 : 601668
2025-06-24 18:04:32,687 - INFO - ֤ݸʽ...
2025-06-24 18:04:32,690 - INFO - ֤ - ׼: ['000995', '002148', '300079', '300120', '600879']
2025-06-24 18:04:32,690 - INFO - ֤ - Ʊ: ['000995', '002148', '300079', '300120', '600879']
2025-06-24 18:04:32,690 - INFO - 벹ȫѱ浽: result\stock_completion_20250624_180431.csv
2025-06-24 18:04:32,691 - INFO - ȫͳ:
2025-06-24 18:04:32,691 - INFO -   : 7
2025-06-24 18:04:32,691 - INFO -   ɹȫ: 7 (100.0%)
2025-06-24 18:04:32,691 - INFO -   ʽЧ: 0 (0.0%)
2025-06-24 18:04:32,691 - INFO -   벻: 0 (0.0%)
2025-06-24 18:04:32,694 - INFO - : 7/7 ɹ
2025-06-24 18:04:32,695 - INFO - 127.0.0.1 - - [24/Jun/2025 18:04:32] "POST /process HTTP/1.1" 200 -
2025-06-24 18:04:34,552 - INFO - ׼ļ: stock_completion_20250624_180431.csv (921 bytes)
2025-06-24 18:04:34,553 - INFO - ļسɹ: stock_completion_20250624_180431.csv
2025-06-24 18:04:34,553 - INFO - 127.0.0.1 - - [24/Jun/2025 18:04:34] "GET /download/stock_completion_20250624_180431.csv HTTP/1.1" 200 -
