2025-06-18 13:02:09,733 - INFO - 正在从AKShare加载A股股票列表...
2025-06-18 13:02:13,803 - INFO - AKShare成功加载 5724 只股票信息
2025-06-18 13:02:15,819 - INFO - 正在从新浪财经加载A股股票列表...
2025-06-18 13:02:15,819 - INFO - 正在获取股票代码列表...
2025-06-18 13:02:15,820 - INFO - 加载离线股票数据: data\stock_list_latest.csv
2025-06-18 13:02:15,857 - INFO - 股票代码列转换完成，样本: ['000001', '000002', '000003', '000004', '000005']
2025-06-18 13:02:15,862 - INFO - 数据转换完成，共 5722 只股票，列名: ['代码', '名称', '最新价', '涨跌幅', '涨跌额', '成交量', '成交额', '市盈率-动态', '市净率', '总市值', '流通市值', '清理名称']
2025-06-18 13:02:15,864 - INFO - 使用离线股票数据，共 5722 只股票
2025-06-18 13:02:15,866 - INFO - 获取到 5722 个股票代码，开始从新浪获取实时数据...
2025-06-18 13:02:17,321 - WARNING - 新浪财经未获取到有效数据，回退到本地数据源
2025-06-18 13:02:17,321 - INFO - 正在从本地数据源加载A股股票列表...
2025-06-18 13:02:17,322 - INFO - 加载离线股票数据: data\stock_list_latest.csv
2025-06-18 13:02:17,342 - INFO - 股票代码列转换完成，样本: ['000001', '000002', '000003', '000004', '000005']
2025-06-18 13:02:17,347 - INFO - 数据转换完成，共 5722 只股票，列名: ['代码', '名称', '最新价', '涨跌幅', '涨跌额', '成交量', '成交额', '市盈率-动态', '市净率', '总市值', '流通市值', '清理名称']
2025-06-18 13:02:17,348 - INFO - 使用离线股票数据，共 5722 只股票
2025-06-18 13:02:17,349 - INFO - 本地数据源成功加载 5722 只股票信息
2025-06-18 13:02:19,354 - INFO - 正在从腾讯财经加载A股股票列表...
2025-06-18 13:02:19,355 - INFO - 加载离线股票数据: data\stock_list_latest.csv
2025-06-18 13:02:19,378 - INFO - 股票代码列转换完成，样本: ['000001', '000002', '000003', '000004', '000005']
2025-06-18 13:02:19,384 - INFO - 数据转换完成，共 5722 只股票，列名: ['代码', '名称', '最新价', '涨跌幅', '涨跌额', '成交量', '成交额', '市盈率-动态', '市净率', '总市值', '流通市值', '清理名称']
2025-06-18 13:02:19,384 - INFO - 使用离线股票数据，共 5722 只股票
2025-06-18 13:02:19,385 - INFO - 获取到 5722 个股票代码，开始从腾讯获取实时数据...
2025-06-18 13:02:21,499 - INFO - 已处理 1000 / 5722 只股票
2025-06-18 13:02:23,487 - INFO - 已处理 2000 / 5722 只股票
2025-06-18 13:02:25,701 - INFO - 已处理 3000 / 5722 只股票
2025-06-18 13:02:27,697 - INFO - 已处理 4000 / 5722 只股票
2025-06-18 13:02:29,625 - INFO - 已处理 5000 / 5722 只股票
2025-06-18 13:02:31,134 - INFO - 腾讯财经成功加载 5450 只股票信息
2025-06-18 13:02:33,141 - INFO - 正在从东方财富加载A股股票列表...
2025-06-18 13:02:33,176 - INFO - 东方财富成功加载 100 只股票信息
2025-06-18 13:02:35,179 - INFO - 正在从本地数据源加载A股股票列表...
2025-06-18 13:02:35,180 - INFO - 加载离线股票数据: data\stock_list_latest.csv
2025-06-18 13:02:35,202 - INFO - 股票代码列转换完成，样本: ['000001', '000002', '000003', '000004', '000005']
2025-06-18 13:02:35,209 - INFO - 数据转换完成，共 5722 只股票，列名: ['代码', '名称', '最新价', '涨跌幅', '涨跌额', '成交量', '成交额', '市盈率-动态', '市净率', '总市值', '流通市值', '清理名称']
2025-06-18 13:02:35,210 - INFO - 使用离线股票数据，共 5722 只股票
2025-06-18 13:02:35,210 - INFO - 本地数据源成功加载 5722 只股票信息
2025-06-18 13:02:35,217 - INFO - 正在使用 akshare 加载A股股票列表...
2025-06-18 13:02:35,217 - INFO - 正在从AKShare加载A股股票列表...
2025-06-18 13:02:43,840 - INFO - AKShare成功加载 5724 只股票信息
2025-06-18 13:02:43,840 - INFO - 成功加载 5724 只股票信息
2025-06-18 13:02:43,856 - INFO - 正在使用 sina 加载A股股票列表...
2025-06-18 13:02:43,856 - INFO - 正在从新浪财经加载A股股票列表...
2025-06-18 13:02:43,856 - INFO - 正在获取股票代码列表...
2025-06-18 13:02:43,857 - INFO - 加载离线股票数据: data\stock_list_latest.csv
2025-06-18 13:02:43,878 - INFO - 股票代码列转换完成，样本: ['000001', '000002', '000003', '000004', '000005']
2025-06-18 13:02:43,883 - INFO - 数据转换完成，共 5722 只股票，列名: ['代码', '名称', '最新价', '涨跌幅', '涨跌额', '成交量', '成交额', '市盈率-动态', '市净率', '总市值', '流通市值', '清理名称']
2025-06-18 13:02:43,884 - INFO - 使用离线股票数据，共 5722 只股票
2025-06-18 13:02:43,885 - INFO - 获取到 5722 个股票代码，开始从新浪获取实时数据...
2025-06-18 13:02:45,287 - WARNING - 新浪财经未获取到有效数据，回退到本地数据源
2025-06-18 13:02:45,288 - INFO - 正在从本地数据源加载A股股票列表...
2025-06-18 13:02:45,288 - INFO - 加载离线股票数据: data\stock_list_latest.csv
2025-06-18 13:02:45,308 - INFO - 股票代码列转换完成，样本: ['000001', '000002', '000003', '000004', '000005']
2025-06-18 13:02:45,315 - INFO - 数据转换完成，共 5722 只股票，列名: ['代码', '名称', '最新价', '涨跌幅', '涨跌额', '成交量', '成交额', '市盈率-动态', '市净率', '总市值', '流通市值', '清理名称']
2025-06-18 13:02:45,315 - INFO - 使用离线股票数据，共 5722 只股票
2025-06-18 13:02:45,316 - INFO - 本地数据源成功加载 5722 只股票信息
2025-06-18 13:02:45,317 - INFO - 成功加载 5722 只股票信息
2025-06-18 13:02:45,332 - INFO - 正在使用 tencent 加载A股股票列表...
2025-06-18 13:02:45,332 - INFO - 正在从腾讯财经加载A股股票列表...
2025-06-18 13:02:45,333 - INFO - 加载离线股票数据: data\stock_list_latest.csv
2025-06-18 13:02:45,355 - INFO - 股票代码列转换完成，样本: ['000001', '000002', '000003', '000004', '000005']
2025-06-18 13:02:45,360 - INFO - 数据转换完成，共 5722 只股票，列名: ['代码', '名称', '最新价', '涨跌幅', '涨跌额', '成交量', '成交额', '市盈率-动态', '市净率', '总市值', '流通市值', '清理名称']
2025-06-18 13:02:45,360 - INFO - 使用离线股票数据，共 5722 只股票
2025-06-18 13:02:45,361 - INFO - 获取到 5722 个股票代码，开始从腾讯获取实时数据...
2025-06-18 13:02:47,343 - INFO - 已处理 1000 / 5722 只股票
2025-06-18 13:02:49,298 - INFO - 已处理 2000 / 5722 只股票
2025-06-18 13:02:51,287 - INFO - 已处理 3000 / 5722 只股票
2025-06-18 13:02:53,267 - INFO - 已处理 4000 / 5722 只股票
2025-06-18 13:02:55,231 - INFO - 已处理 5000 / 5722 只股票
2025-06-18 13:02:56,743 - INFO - 腾讯财经成功加载 5450 只股票信息
2025-06-18 13:02:56,745 - INFO - 成功加载 5450 只股票信息
2025-06-18 13:02:56,758 - INFO - 正在使用 eastmoney 加载A股股票列表...
2025-06-18 13:02:56,759 - INFO - 正在从东方财富加载A股股票列表...
2025-06-18 13:02:56,891 - INFO - 东方财富成功加载 100 只股票信息
2025-06-18 13:02:56,891 - INFO - 成功加载 100 只股票信息
2025-06-18 13:02:56,893 - WARNING - 未找到股票代码: '000037 -> 000037
2025-06-18 13:02:56,893 - WARNING - 未找到股票代码: '000603 -> 000603
2025-06-18 13:02:56,893 - WARNING - 未找到股票代码: '600000 -> 600000
2025-06-18 13:02:56,894 - WARNING - 未找到股票代码: '600036 -> 600036
2025-06-18 13:02:56,894 - INFO - 正在使用 local 加载A股股票列表...
2025-06-18 13:02:56,894 - INFO - 正在从本地数据源加载A股股票列表...
2025-06-18 13:02:56,895 - INFO - 加载离线股票数据: data\stock_list_latest.csv
2025-06-18 13:02:56,917 - INFO - 股票代码列转换完成，样本: ['000001', '000002', '000003', '000004', '000005']
2025-06-18 13:02:56,922 - INFO - 数据转换完成，共 5722 只股票，列名: ['代码', '名称', '最新价', '涨跌幅', '涨跌额', '成交量', '成交额', '市盈率-动态', '市净率', '总市值', '流通市值', '清理名称']
2025-06-18 13:02:56,922 - INFO - 使用离线股票数据，共 5722 只股票
2025-06-18 13:02:56,923 - INFO - 本地数据源成功加载 5722 只股票信息
2025-06-18 13:02:56,923 - INFO - 成功加载 5722 只股票信息
