2025-06-17 17:52:24,124 - INFO - 正在使用 local 加载A股股票列表...
2025-06-17 17:52:24,124 - INFO - 正在从本地数据源加载A股股票列表...
2025-06-17 17:52:24,125 - INFO - 加载离线股票数据: data\stock_list_latest.csv
2025-06-17 17:52:24,159 - INFO - 使用离线股票数据，共 5722 只股票
2025-06-17 17:52:24,160 - INFO - 本地数据源成功加载 5722 只股票信息
2025-06-17 17:52:24,160 - INFO - 成功加载 5722 只股票信息
2025-06-17 17:52:24,176 - INFO - 正在读取文件: test_quoted_codes_fix.csv
2025-06-17 17:52:24,176 - INFO - 检测到文件格式: csv
2025-06-17 17:52:24,177 - INFO - CSV文件读取成功: 编码=utf-8-sig, 分隔符=','
2025-06-17 17:52:24,178 - INFO - 成功读取文件，共 5 行数据
2025-06-17 17:52:24,178 - INFO - 列名: ['股票代码', '买入价格']
2025-06-17 17:52:24,178 - INFO - 使用股票名称列: 股票代码
2025-06-17 17:52:24,178 - INFO - 使用价格列: 买入价格
2025-06-17 17:52:24,178 - INFO - 使用股票代码列: 股票代码
2025-06-17 17:52:24,181 - INFO - 检测到股票代码列，将使用代码补全模式
2025-06-17 17:52:24,182 - INFO - 处理后有效数据: 5 行
2025-06-17 17:52:24,182 - INFO - 开始进行股票代码补全...
2025-06-17 17:52:24,183 - INFO - 处理第 1/5 行: '000001
2025-06-17 17:52:24,284 - INFO - 处理第 2/5 行: '000002
2025-06-17 17:52:24,386 - INFO - 处理第 3/5 行: '000858
2025-06-17 17:52:24,488 - INFO - 处理第 4/5 行: '002415
2025-06-17 17:52:24,589 - INFO - 处理第 5/5 行: '300059
2025-06-17 17:52:24,693 - INFO - 代码补全结果已保存到: test_result_fix.csv
2025-06-17 17:52:24,694 - INFO - 补全统计:
2025-06-17 17:52:24,694 - INFO -   总数: 5
2025-06-17 17:52:24,694 - INFO -   成功补全: 5 (100.0%)
2025-06-17 17:52:24,694 - INFO -   格式无效: 0 (0.0%)
2025-06-17 17:52:24,695 - INFO -   代码不存在: 0 (0.0%)
