2025-06-16 15:36:43,668 - INFO - 正在加载A股股票列表...
2025-06-16 15:36:46,665 - INFO - 成功加载 5724 只股票信息
2025-06-16 15:36:46,676 - INFO - 正在读取Excel文件: 股票名称.csv
2025-06-16 15:36:46,679 - INFO - 成功读取文件，共 45 行数据
2025-06-16 15:36:46,679 - INFO - 列名: ['股票名称', '股票代码', '入选价格']
2025-06-16 15:36:46,680 - INFO - 使用股票名称列: 股票名称
2025-06-16 15:36:46,680 - INFO - 使用价格列: 入选价格
2025-06-16 15:36:46,680 - INFO - 使用股票代码列: 股票代码
2025-06-16 15:36:46,682 - INFO - 检测到股票代码列，将使用代码补全模式
2025-06-16 15:36:46,682 - INFO - 处理后有效数据: 45 行
2025-06-16 15:36:46,683 - INFO - 检测到股票代码，使用代码补全模式
2025-06-16 15:36:46,683 - INFO - 正在读取Excel文件: 股票名称.csv
2025-06-16 15:36:46,684 - INFO - 成功读取文件，共 45 行数据
2025-06-16 15:36:46,684 - INFO - 列名: ['股票名称', '股票代码', '入选价格']
2025-06-16 15:36:46,684 - INFO - 使用股票名称列: 股票名称
2025-06-16 15:36:46,684 - INFO - 使用价格列: 入选价格
2025-06-16 15:36:46,685 - INFO - 使用股票代码列: 股票代码
2025-06-16 15:36:46,686 - INFO - 检测到股票代码列，将使用代码补全模式
2025-06-16 15:36:46,687 - INFO - 处理后有效数据: 45 行
2025-06-16 15:36:46,687 - INFO - 开始进行股票代码补全...
2025-06-16 15:36:46,687 - INFO - 处理第 1/45 行: 852
2025-06-16 15:36:46,687 - WARNING - 股票代码格式无效: 852
2025-06-16 15:36:46,788 - INFO - 处理第 2/45 行: 2208
2025-06-16 15:36:46,788 - WARNING - 股票代码格式无效: 2208
2025-06-16 15:36:46,889 - INFO - 处理第 3/45 行: 2237
2025-06-16 15:36:46,889 - WARNING - 股票代码格式无效: 2237
2025-06-16 15:36:46,990 - INFO - 处理第 4/45 行: 3023
2025-06-16 15:36:46,990 - WARNING - 股票代码格式无效: 3023
2025-06-16 15:36:47,091 - INFO - 处理第 5/45 行: 3029
2025-06-16 15:36:47,091 - WARNING - 股票代码格式无效: 3029
2025-06-16 15:36:47,192 - INFO - 处理第 6/45 行: 300099
2025-06-16 15:36:47,294 - INFO - 处理第 7/45 行: 301223
2025-06-16 15:36:47,294 - WARNING - 股票代码格式无效: 301223
2025-06-16 15:36:47,395 - INFO - 处理第 8/45 行: 600727
2025-06-16 15:36:47,498 - INFO - 处理第 9/45 行: 603619
2025-06-16 15:36:47,599 - INFO - 处理第 10/45 行: 688297
2025-06-16 15:36:47,701 - INFO - 处理第 11/45 行: 688658
2025-06-16 15:36:47,803 - INFO - 处理第 12/45 行: 852
2025-06-16 15:36:47,803 - WARNING - 股票代码格式无效: 852
2025-06-16 15:36:47,904 - INFO - 处理第 13/45 行: 905
2025-06-16 15:36:47,904 - WARNING - 股票代码格式无效: 905
2025-06-16 15:36:48,005 - INFO - 处理第 14/45 行: 2097
2025-06-16 15:36:48,005 - WARNING - 股票代码格式无效: 2097
2025-06-16 15:36:48,106 - INFO - 处理第 15/45 行: 2208
2025-06-16 15:36:48,106 - WARNING - 股票代码格式无效: 2208
2025-06-16 15:36:48,207 - INFO - 处理第 16/45 行: 2339
2025-06-16 15:36:48,208 - WARNING - 股票代码格式无效: 2339
2025-06-16 15:36:48,308 - INFO - 处理第 17/45 行: 2352
2025-06-16 15:36:48,309 - WARNING - 股票代码格式无效: 2352
2025-06-16 15:36:48,410 - INFO - 处理第 18/45 行: 2952
2025-06-16 15:36:48,410 - WARNING - 股票代码格式无效: 2952
2025-06-16 15:36:48,510 - INFO - 处理第 19/45 行: 3018
2025-06-16 15:36:48,511 - WARNING - 股票代码格式无效: 3018
2025-06-16 15:36:48,611 - INFO - 处理第 20/45 行: 3023
2025-06-16 15:36:48,611 - WARNING - 股票代码格式无效: 3023
2025-06-16 15:36:48,712 - INFO - 处理第 21/45 行: 3029
2025-06-16 15:36:48,712 - WARNING - 股票代码格式无效: 3029
2025-06-16 15:36:48,813 - INFO - 处理第 22/45 行: 300099
2025-06-16 15:36:48,915 - INFO - 处理第 23/45 行: 300516
2025-06-16 15:36:49,016 - INFO - 处理第 24/45 行: 300564
2025-06-16 15:36:49,118 - INFO - 处理第 25/45 行: 300930
2025-06-16 15:36:49,221 - INFO - 处理第 26/45 行: 300962
2025-06-16 15:36:49,324 - INFO - 处理第 27/45 行: 301042
2025-06-16 15:36:49,324 - WARNING - 股票代码格式无效: 301042
2025-06-16 15:36:49,425 - INFO - 处理第 28/45 行: 301176
2025-06-16 15:36:49,425 - WARNING - 股票代码格式无效: 301176
2025-06-16 15:36:49,525 - INFO - 处理第 29/45 行: 301223
2025-06-16 15:36:49,526 - WARNING - 股票代码格式无效: 301223
2025-06-16 15:36:49,627 - INFO - 处理第 30/45 行: 301234
2025-06-16 15:36:49,627 - WARNING - 股票代码格式无效: 301234
2025-06-16 15:36:49,727 - INFO - 处理第 31/45 行: 600095
2025-06-16 15:36:49,829 - INFO - 处理第 32/45 行: 600111
2025-06-16 15:36:49,931 - INFO - 处理第 33/45 行: 600458
2025-06-16 15:36:50,033 - INFO - 处理第 34/45 行: 600470
2025-06-16 15:36:50,135 - INFO - 处理第 35/45 行: 600549
2025-06-16 15:36:50,237 - INFO - 处理第 36/45 行: 600685
2025-06-16 15:36:50,341 - INFO - 处理第 37/45 行: 600727
2025-06-16 15:36:50,443 - INFO - 处理第 38/45 行: 600784
2025-06-16 15:36:50,546 - INFO - 处理第 39/45 行: 601059
2025-06-16 15:36:50,648 - INFO - 处理第 40/45 行: 601555
2025-06-16 15:36:50,749 - INFO - 处理第 41/45 行: 603619
2025-06-16 15:36:50,851 - INFO - 处理第 42/45 行: 605056
2025-06-16 15:36:50,954 - INFO - 处理第 43/45 行: 605058
2025-06-16 15:36:51,056 - INFO - 处理第 44/45 行: 688297
2025-06-16 15:36:51,158 - INFO - 处理第 45/45 行: 688658
2025-06-16 15:36:51,263 - INFO - 代码补全结果已保存到: stock_code_completion_20250616_153651.csv
2025-06-16 15:36:51,264 - INFO - 补全统计:
2025-06-16 15:36:51,264 - INFO -   总数: 45
2025-06-16 15:36:51,264 - INFO -   成功补全: 25 (55.6%)
2025-06-16 15:36:51,264 - INFO -   格式无效: 20 (44.4%)
2025-06-16 15:36:51,264 - INFO -   代码不存在: 0 (0.0%)
