2025-06-18 12:27:02,700 - WARNING -  * Debugger is active!
2025-06-18 12:27:02,702 - INFO -  * Debugger PIN: 678-550-451
2025-06-18 12:28:03,349 - INFO - 127.0.0.1 - - [18/Jun/2025 12:28:03] "GET / HTTP/1.1" 200 -
2025-06-18 12:28:03,529 - INFO - 127.0.0.1 - - [18/Jun/2025 12:28:03] "GET /static/app.js HTTP/1.1" 200 -
2025-06-18 12:28:05,696 - INFO - ʹ akshare AɹƱб...
2025-06-18 12:28:05,696 - INFO - ڴAKShareAɹƱб...
2025-06-18 12:28:05,883 - INFO - 127.0.0.1 - - [18/Jun/2025 12:28:05] "[33mGET /favicon.ico HTTP/1.1[0m" 404 -
2025-06-18 12:28:08,549 - INFO - ⵽ļʽ: csv
2025-06-18 12:28:08,552 - INFO - CSVļȡɹ: =utf-8-sig, ָ=','
2025-06-18 12:28:08,560 - INFO - 127.0.0.1 - - [18/Jun/2025 12:28:08] "POST /upload HTTP/1.1" 200 -
2025-06-18 12:28:08,645 - INFO - AKShareɹ 5724 ֻƱϢ
2025-06-18 12:28:08,646 - INFO - ɹ 5724 ֻƱϢ
2025-06-18 12:28:08,659 - INFO - 127.0.0.1 - - [18/Jun/2025 12:28:08] "GET /api/status HTTP/1.1" 200 -
2025-06-18 12:28:10,667 - INFO - ʼļ: 20250618_122808_20250618093845.csv
2025-06-18 12:28:10,668 - INFO - ʹAPIԴ: local
2025-06-18 12:28:10,668 - INFO - : Ʊ, ۸: ۸
2025-06-18 12:28:10,672 - INFO - ߹Ʊ: data\stock_list_latest.csv
2025-06-18 12:28:10,702 - INFO - Ʊתɣ: ['000001', '000002', '000003', '000004', '000005']
2025-06-18 12:28:10,710 - INFO - תɣ 5722 ֻƱ: ['', '', '¼', 'ǵ', 'ǵ', 'ɽ', 'ɽ', 'ӯ-̬', 'о', 'ֵ', 'ֵͨ', '']
2025-06-18 12:28:10,710 - INFO - ʹ߹Ʊݣ 5722 ֻƱ
2025-06-18 12:28:10,711 - INFO - WebӦüعƱ: 5722 ֻƱ
2025-06-18 12:28:10,712 - INFO - WebӦ֤ɹ: 000037 -> ϵA
2025-06-18 12:28:10,713 - INFO - WebӦ֤ɹ: 000603 -> ʢԴ
2025-06-18 12:28:10,714 - INFO - WebӦ֤ɹ: 000798 -> ˮҵ
2025-06-18 12:28:10,714 - INFO - ʹ local AɹƱб...
2025-06-18 12:28:10,714 - INFO - ڴӱԴAɹƱб...
2025-06-18 12:28:10,715 - INFO - ߹Ʊ: data\stock_list_latest.csv
2025-06-18 12:28:10,746 - INFO - Ʊתɣ: ['000001', '000002', '000003', '000004', '000005']
2025-06-18 12:28:10,751 - INFO - תɣ 5722 ֻƱ: ['', '', '¼', 'ǵ', 'ǵ', 'ɽ', 'ɽ', 'ӯ-̬', 'о', 'ֵ', 'ֵͨ', '']
2025-06-18 12:28:10,752 - INFO - ʹ߹Ʊݣ 5722 ֻƱ
2025-06-18 12:28:10,753 - INFO - Դɹ 5722 ֻƱϢ
2025-06-18 12:28:10,753 - INFO - ɹ 5722 ֻƱϢ
2025-06-18 12:28:10,768 - INFO - WebӦƥƱѸ: 5722 ֻƱ
2025-06-18 12:28:10,769 - INFO - ڶȡļ: uploads\20250618_122808_20250618093845.csv
2025-06-18 12:28:10,769 - INFO - ⵽ļʽ: csv
2025-06-18 12:28:10,773 - INFO - CSVļȡɹ: =utf-8-sig, ָ=','
2025-06-18 12:28:10,773 - INFO - ɹȡļ 4 
2025-06-18 12:28:10,774 - INFO - : ['Ʊ', 'ѡʱ', '۸', '', 'ֹӯ۸', 'ֹ۸', 'Ȼ', 'ʱ']
2025-06-18 12:28:10,774 - INFO - ʹùƱ: Ʊ
2025-06-18 12:28:10,774 - INFO - ʹü۸: ۸
2025-06-18 12:28:10,774 - INFO - ʹùƱ: Ʊ
2025-06-18 12:28:10,776 - INFO - ⵽ƱУʹô벹ȫģʽ
2025-06-18 12:28:10,777 - INFO - Ч: 4 
2025-06-18 12:28:10,778 - INFO - ʼйƱ벹ȫ...
2025-06-18 12:28:10,778 - INFO -  1/4 : '300457
2025-06-18 12:28:10,879 - INFO -  2/4 : '301520
2025-06-18 12:28:10,981 - INFO -  3/4 : '600775
2025-06-18 12:28:11,084 - INFO -  4/4 : '603215
2025-06-18 12:28:11,191 - INFO - ֤ݸʽ...
2025-06-18 12:28:11,194 - INFO - ֤ - ׼: ['300457', '301520', '600775', '603215']
2025-06-18 12:28:11,194 - INFO - ֤ - Ʊ: ['300457', '301520', '600775', '603215']
2025-06-18 12:28:11,194 - INFO - 벹ȫѱ浽: result\stock_completion_20250618_122810.csv
2025-06-18 12:28:11,196 - INFO - ȫͳ:
2025-06-18 12:28:11,196 - INFO -   : 4
2025-06-18 12:28:11,196 - INFO -   ɹȫ: 4 (100.0%)
2025-06-18 12:28:11,196 - INFO -   ʽЧ: 0 (0.0%)
2025-06-18 12:28:11,196 - INFO -   벻: 0 (0.0%)
2025-06-18 12:28:11,200 - INFO - : 4/4 ɹ
2025-06-18 12:28:11,202 - INFO - 127.0.0.1 - - [18/Jun/2025 12:28:11] "POST /process HTTP/1.1" 200 -
2025-06-18 12:29:35,143 - INFO -  * Detected change in 'C:\\Users\\weiruiqiang\\Desktop\\stock_name_matcher\\stock_name_matcher.py', reloading
2025-06-18 12:29:35,143 - INFO -  * Detected change in 'C:\\Users\\weiruiqiang\\Desktop\\stock_name_matcher\\stock_name_matcher.py', reloading
2025-06-18 12:29:35,144 - INFO -  * Detected change in 'C:\\Users\\weiruiqiang\\Desktop\\stock_name_matcher\\stock_name_matcher.py', reloading
