2025-06-18 15:12:44,376 - WARNING -  * Debugger is active!
2025-06-18 15:12:44,380 - INFO -  * Debugger PIN: 678-550-451
2025-06-18 15:13:55,778 - INFO - 文件下载: download_test_20250618_151040.csv (378 bytes)
2025-06-18 15:13:55,778 - INFO - 127.0.0.1 - - [18/Jun/2025 15:13:55] "GET /download/download_test_20250618_151040.csv HTTP/1.1" 200 -
2025-06-18 15:14:07,886 - INFO - 127.0.0.1 - - [18/Jun/2025 15:14:07] "GET / HTTP/1.1" 200 -
2025-06-18 15:14:07,976 - INFO - 127.0.0.1 - - [18/Jun/2025 15:14:07] "GET /static/app.js HTTP/1.1" 200 -
2025-06-18 15:14:07,989 - INFO - 正在使用 akshare 加载A股股票列表...
2025-06-18 15:14:07,989 - INFO - 正在从AKShare加载A股股票列表...
2025-06-18 15:14:08,132 - ERROR - AKShare加载失败: HTTPSConnectionPool(host='82.push2.eastmoney.com', port=443): Max retries exceeded with url: /api/qt/clist/get?pn=1&pz=100&po=1&np=1&ut=bd1d9ddb04089700cf9c27f6f7426281&fltt=2&invt=2&fid=f12&fs=m%3A0+t%3A6%2Cm%3A0+t%3A80%2Cm%3A1+t%3A2%2Cm%3A1+t%3A23%2Cm%3A0+t%3A81+s%3A2048&fields=f1%2Cf2%2Cf3%2Cf4%2Cf5%2Cf6%2Cf7%2Cf8%2Cf9%2Cf10%2Cf12%2Cf13%2Cf14%2Cf15%2Cf16%2Cf17%2Cf18%2Cf20%2Cf21%2Cf23%2Cf24%2Cf25%2Cf22%2Cf11%2Cf62%2Cf128%2Cf136%2Cf115%2Cf152 (Caused by ProxyError('Unable to connect to proxy', RemoteDisconnected('Remote end closed connection without response')))
2025-06-18 15:14:08,132 - ERROR - 加载股票列表失败: HTTPSConnectionPool(host='82.push2.eastmoney.com', port=443): Max retries exceeded with url: /api/qt/clist/get?pn=1&pz=100&po=1&np=1&ut=bd1d9ddb04089700cf9c27f6f7426281&fltt=2&invt=2&fid=f12&fs=m%3A0+t%3A6%2Cm%3A0+t%3A80%2Cm%3A1+t%3A2%2Cm%3A1+t%3A23%2Cm%3A0+t%3A81+s%3A2048&fields=f1%2Cf2%2Cf3%2Cf4%2Cf5%2Cf6%2Cf7%2Cf8%2Cf9%2Cf10%2Cf12%2Cf13%2Cf14%2Cf15%2Cf16%2Cf17%2Cf18%2Cf20%2Cf21%2Cf23%2Cf24%2Cf25%2Cf22%2Cf11%2Cf62%2Cf128%2Cf136%2Cf115%2Cf152 (Caused by ProxyError('Unable to connect to proxy', RemoteDisconnected('Remote end closed connection without response')))
2025-06-18 15:14:08,132 - INFO - 尝试使用本地数据源作为备用...
2025-06-18 15:14:08,132 - INFO - 正在从本地数据源加载A股股票列表...
2025-06-18 15:14:08,133 - INFO - 加载离线股票数据: data\stock_list_latest.csv
2025-06-18 15:14:08,158 - INFO - 股票代码列转换完成，样本: ['000001', '000002', '000003', '000004', '000005']
2025-06-18 15:14:08,165 - INFO - 数据转换完成，共 5722 只股票，列名: ['代码', '名称', '最新价', '涨跌幅', '涨跌额', '成交量', '成交额', '市盈率-动态', '市净率', '总市值', '流通市值', '清理名称']
2025-06-18 15:14:08,166 - INFO - 使用离线股票数据，共 5722 只股票
2025-06-18 15:14:08,168 - INFO - 本地数据源成功加载 5722 只股票信息
2025-06-18 15:14:08,180 - INFO - 本地备用数据源成功加载 5722 只股票信息
2025-06-18 15:14:08,181 - INFO - 127.0.0.1 - - [18/Jun/2025 15:14:08] "GET /api/status HTTP/1.1" 200 -
2025-06-18 15:14:19,319 - INFO - 检测到文件格式: csv
2025-06-18 15:14:19,320 - INFO - CSV文件读取成功: 编码=utf-8-sig, 分隔符=','
2025-06-18 15:14:19,322 - INFO - 127.0.0.1 - - [18/Jun/2025 15:14:19] "POST /upload HTTP/1.1" 200 -
2025-06-18 15:14:23,213 - INFO - 开始处理文件: 20250618_151419_20250618110113.csv
2025-06-18 15:14:23,213 - INFO - 使用API源: local
2025-06-18 15:14:23,213 - INFO - 代码列: 股票代码, 价格列: 买入价格
2025-06-18 15:14:23,220 - INFO - 加载离线股票数据: data\stock_list_latest.csv
2025-06-18 15:14:23,251 - INFO - 股票代码列转换完成，样本: ['000001', '000002', '000003', '000004', '000005']
2025-06-18 15:14:23,260 - INFO - 数据转换完成，共 5722 只股票，列名: ['代码', '名称', '最新价', '涨跌幅', '涨跌额', '成交量', '成交额', '市盈率-动态', '市净率', '总市值', '流通市值', '清理名称']
2025-06-18 15:14:23,261 - INFO - 使用离线股票数据，共 5722 只股票
2025-06-18 15:14:23,262 - INFO - Web应用加载股票数据: 5722 只股票
2025-06-18 15:14:23,266 - INFO - Web应用验证成功: 000037 -> 深南电A
2025-06-18 15:14:23,267 - INFO - Web应用验证成功: 000603 -> 盛达资源
2025-06-18 15:14:23,268 - INFO - Web应用验证成功: 000798 -> 中水渔业
2025-06-18 15:14:23,268 - INFO - 正在使用 local 加载A股股票列表...
2025-06-18 15:14:23,268 - INFO - 正在从本地数据源加载A股股票列表...
2025-06-18 15:14:23,269 - INFO - 加载离线股票数据: data\stock_list_latest.csv
2025-06-18 15:14:23,303 - INFO - 股票代码列转换完成，样本: ['000001', '000002', '000003', '000004', '000005']
2025-06-18 15:14:23,310 - INFO - 数据转换完成，共 5722 只股票，列名: ['代码', '名称', '最新价', '涨跌幅', '涨跌额', '成交量', '成交额', '市盈率-动态', '市净率', '总市值', '流通市值', '清理名称']
2025-06-18 15:14:23,311 - INFO - 使用离线股票数据，共 5722 只股票
2025-06-18 15:14:23,312 - INFO - 本地数据源成功加载 5722 只股票信息
2025-06-18 15:14:23,312 - INFO - 成功加载 5722 只股票信息
2025-06-18 15:14:23,327 - INFO - Web应用匹配器股票数据已更新: 5722 只股票
2025-06-18 15:14:23,327 - INFO - 正在读取文件: uploads\20250618_151419_20250618110113.csv
2025-06-18 15:14:23,328 - INFO - 检测到文件格式: csv
2025-06-18 15:14:23,332 - INFO - CSV文件读取成功: 编码=utf-8-sig, 分隔符=','
2025-06-18 15:14:23,333 - INFO - 成功读取文件，共 13 行数据
2025-06-18 15:14:23,333 - INFO - 列名: ['股票代码', '入选时间', '买入价格', '操作', '止盈价格', '止损价格', '满足量比换手率条件', '测试时间']
2025-06-18 15:14:23,333 - INFO - 使用股票名称列: 股票代码
2025-06-18 15:14:23,333 - INFO - 使用价格列: 买入价格
2025-06-18 15:14:23,333 - INFO - 使用股票代码列: 股票代码
2025-06-18 15:14:23,337 - INFO - 检测到股票代码列，将使用代码补全模式
2025-06-18 15:14:23,337 - INFO - 处理后有效数据: 13 行
2025-06-18 15:14:23,338 - INFO - 开始进行股票代码补全...
2025-06-18 15:14:23,338 - INFO - 处理第 1/13 行: '000798
2025-06-18 15:14:23,339 - INFO - 开始交叉验证股票信息: 000798 - 中水渔业
2025-06-18 15:14:23,339 - INFO - 使用 akshare 验证股票信息: 000798
2025-06-18 15:14:23,339 - INFO - 正在从AKShare加载A股股票列表...
2025-06-18 15:14:23,483 - ERROR - AKShare加载失败: HTTPSConnectionPool(host='82.push2.eastmoney.com', port=443): Max retries exceeded with url: /api/qt/clist/get?pn=1&pz=100&po=1&np=1&ut=bd1d9ddb04089700cf9c27f6f7426281&fltt=2&invt=2&fid=f12&fs=m%3A0+t%3A6%2Cm%3A0+t%3A80%2Cm%3A1+t%3A2%2Cm%3A1+t%3A23%2Cm%3A0+t%3A81+s%3A2048&fields=f1%2Cf2%2Cf3%2Cf4%2Cf5%2Cf6%2Cf7%2Cf8%2Cf9%2Cf10%2Cf12%2Cf13%2Cf14%2Cf15%2Cf16%2Cf17%2Cf18%2Cf20%2Cf21%2Cf23%2Cf24%2Cf25%2Cf22%2Cf11%2Cf62%2Cf128%2Cf136%2Cf115%2Cf152 (Caused by ProxyError('Unable to connect to proxy', RemoteDisconnected('Remote end closed connection without response')))
2025-06-18 15:14:23,483 - WARNING - akshare 验证失败: HTTPSConnectionPool(host='82.push2.eastmoney.com', port=443): Max retries exceeded with url: /api/qt/clist/get?pn=1&pz=100&po=1&np=1&ut=bd1d9ddb04089700cf9c27f6f7426281&fltt=2&invt=2&fid=f12&fs=m%3A0+t%3A6%2Cm%3A0+t%3A80%2Cm%3A1+t%3A2%2Cm%3A1+t%3A23%2Cm%3A0+t%3A81+s%3A2048&fields=f1%2Cf2%2Cf3%2Cf4%2Cf5%2Cf6%2Cf7%2Cf8%2Cf9%2Cf10%2Cf12%2Cf13%2Cf14%2Cf15%2Cf16%2Cf17%2Cf18%2Cf20%2Cf21%2Cf23%2Cf24%2Cf25%2Cf22%2Cf11%2Cf62%2Cf128%2Cf136%2Cf115%2Cf152 (Caused by ProxyError('Unable to connect to proxy', RemoteDisconnected('Remote end closed connection without response')))
2025-06-18 15:14:23,983 - INFO - 使用 sina 验证股票信息: 000798
2025-06-18 15:14:23,984 - INFO - 正在从新浪财经加载A股股票列表...
2025-06-18 15:14:23,984 - INFO - 正在获取股票代码列表...
2025-06-18 15:14:23,984 - INFO - 加载离线股票数据: data\stock_list_latest.csv
2025-06-18 15:14:24,005 - INFO - 股票代码列转换完成，样本: ['000001', '000002', '000003', '000004', '000005']
2025-06-18 15:14:24,010 - INFO - 数据转换完成，共 5722 只股票，列名: ['代码', '名称', '最新价', '涨跌幅', '涨跌额', '成交量', '成交额', '市盈率-动态', '市净率', '总市值', '流通市值', '清理名称']
2025-06-18 15:14:24,010 - INFO - 使用离线股票数据，共 5722 只股票
2025-06-18 15:14:24,011 - INFO - 获取到 5722 个股票代码，开始从新浪获取实时数据...
2025-06-18 15:14:25,411 - WARNING - 新浪财经未获取到有效数据，回退到本地数据源
2025-06-18 15:14:25,411 - INFO - 正在从本地数据源加载A股股票列表...
2025-06-18 15:14:25,412 - INFO - 加载离线股票数据: data\stock_list_latest.csv
2025-06-18 15:14:25,446 - INFO - 股票代码列转换完成，样本: ['000001', '000002', '000003', '000004', '000005']
2025-06-18 15:14:25,454 - INFO - 数据转换完成，共 5722 只股票，列名: ['代码', '名称', '最新价', '涨跌幅', '涨跌额', '成交量', '成交额', '市盈率-动态', '市净率', '总市值', '流通市值', '清理名称']
2025-06-18 15:14:25,456 - INFO - 使用离线股票数据，共 5722 只股票
2025-06-18 15:14:25,458 - INFO - 本地数据源成功加载 5722 只股票信息
2025-06-18 15:14:25,962 - INFO - 使用 tencent 验证股票信息: 000798
2025-06-18 15:14:25,962 - INFO - 正在从腾讯财经加载A股股票列表...
2025-06-18 15:14:25,964 - INFO - 加载离线股票数据: data\stock_list_latest.csv
2025-06-18 15:14:25,989 - INFO - 股票代码列转换完成，样本: ['000001', '000002', '000003', '000004', '000005']
2025-06-18 15:14:25,995 - INFO - 数据转换完成，共 5722 只股票，列名: ['代码', '名称', '最新价', '涨跌幅', '涨跌额', '成交量', '成交额', '市盈率-动态', '市净率', '总市值', '流通市值', '清理名称']
2025-06-18 15:14:25,995 - INFO - 使用离线股票数据，共 5722 只股票
2025-06-18 15:14:25,997 - INFO - 获取到 5722 个股票代码，开始从腾讯获取实时数据...
2025-06-18 15:14:28,010 - INFO - 已处理 1000 / 5722 只股票
2025-06-18 15:14:30,019 - INFO - 已处理 2000 / 5722 只股票
2025-06-18 15:14:32,024 - INFO - 已处理 3000 / 5722 只股票
2025-06-18 15:14:34,008 - INFO - 已处理 4000 / 5722 只股票
2025-06-18 15:14:36,069 - INFO - 已处理 5000 / 5722 只股票
2025-06-18 15:14:37,569 - INFO - 腾讯财经成功加载 5450 只股票信息
2025-06-18 15:14:38,072 - INFO - 使用 eastmoney 验证股票信息: 000798
2025-06-18 15:14:38,073 - INFO - 正在从东方财富加载A股股票列表...
2025-06-18 15:14:38,203 - WARNING - 东方财富API请求失败: 502
2025-06-18 15:14:38,203 - INFO - 回退到本地数据源
2025-06-18 15:14:38,203 - INFO - 正在从本地数据源加载A股股票列表...
2025-06-18 15:14:38,203 - INFO - 加载离线股票数据: data\stock_list_latest.csv
2025-06-18 15:14:38,224 - INFO - 股票代码列转换完成，样本: ['000001', '000002', '000003', '000004', '000005']
2025-06-18 15:14:38,229 - INFO - 数据转换完成，共 5722 只股票，列名: ['代码', '名称', '最新价', '涨跌幅', '涨跌额', '成交量', '成交额', '市盈率-动态', '市净率', '总市值', '流通市值', '清理名称']
2025-06-18 15:14:38,230 - INFO - 使用离线股票数据，共 5722 只股票
2025-06-18 15:14:38,233 - INFO - 本地数据源成功加载 5722 只股票信息
2025-06-18 15:14:38,836 - INFO - 处理第 2/13 行: '002208
2025-06-18 15:14:38,837 - INFO - 开始交叉验证股票信息: 002208 - 合肥城建
2025-06-18 15:14:38,837 - INFO - 使用 akshare 验证股票信息: 002208
2025-06-18 15:14:38,837 - INFO - 正在从AKShare加载A股股票列表...
2025-06-18 15:14:38,901 - ERROR - AKShare加载失败: HTTPSConnectionPool(host='82.push2.eastmoney.com', port=443): Max retries exceeded with url: /api/qt/clist/get?pn=1&pz=100&po=1&np=1&ut=bd1d9ddb04089700cf9c27f6f7426281&fltt=2&invt=2&fid=f12&fs=m%3A0+t%3A6%2Cm%3A0+t%3A80%2Cm%3A1+t%3A2%2Cm%3A1+t%3A23%2Cm%3A0+t%3A81+s%3A2048&fields=f1%2Cf2%2Cf3%2Cf4%2Cf5%2Cf6%2Cf7%2Cf8%2Cf9%2Cf10%2Cf12%2Cf13%2Cf14%2Cf15%2Cf16%2Cf17%2Cf18%2Cf20%2Cf21%2Cf23%2Cf24%2Cf25%2Cf22%2Cf11%2Cf62%2Cf128%2Cf136%2Cf115%2Cf152 (Caused by ProxyError('Unable to connect to proxy', RemoteDisconnected('Remote end closed connection without response')))
2025-06-18 15:14:38,902 - WARNING - akshare 验证失败: HTTPSConnectionPool(host='82.push2.eastmoney.com', port=443): Max retries exceeded with url: /api/qt/clist/get?pn=1&pz=100&po=1&np=1&ut=bd1d9ddb04089700cf9c27f6f7426281&fltt=2&invt=2&fid=f12&fs=m%3A0+t%3A6%2Cm%3A0+t%3A80%2Cm%3A1+t%3A2%2Cm%3A1+t%3A23%2Cm%3A0+t%3A81+s%3A2048&fields=f1%2Cf2%2Cf3%2Cf4%2Cf5%2Cf6%2Cf7%2Cf8%2Cf9%2Cf10%2Cf12%2Cf13%2Cf14%2Cf15%2Cf16%2Cf17%2Cf18%2Cf20%2Cf21%2Cf23%2Cf24%2Cf25%2Cf22%2Cf11%2Cf62%2Cf128%2Cf136%2Cf115%2Cf152 (Caused by ProxyError('Unable to connect to proxy', RemoteDisconnected('Remote end closed connection without response')))
2025-06-18 15:14:39,402 - INFO - 使用 sina 验证股票信息: 002208
2025-06-18 15:14:39,403 - INFO - 正在从新浪财经加载A股股票列表...
2025-06-18 15:14:39,403 - INFO - 正在获取股票代码列表...
2025-06-18 15:14:39,403 - INFO - 加载离线股票数据: data\stock_list_latest.csv
2025-06-18 15:14:39,423 - INFO - 股票代码列转换完成，样本: ['000001', '000002', '000003', '000004', '000005']
2025-06-18 15:14:39,428 - INFO - 数据转换完成，共 5722 只股票，列名: ['代码', '名称', '最新价', '涨跌幅', '涨跌额', '成交量', '成交额', '市盈率-动态', '市净率', '总市值', '流通市值', '清理名称']
2025-06-18 15:14:39,429 - INFO - 使用离线股票数据，共 5722 只股票
2025-06-18 15:14:39,430 - INFO - 获取到 5722 个股票代码，开始从新浪获取实时数据...
2025-06-18 15:14:40,792 - WARNING - 新浪财经未获取到有效数据，回退到本地数据源
2025-06-18 15:14:40,792 - INFO - 正在从本地数据源加载A股股票列表...
2025-06-18 15:14:40,793 - INFO - 加载离线股票数据: data\stock_list_latest.csv
2025-06-18 15:14:40,839 - INFO - 股票代码列转换完成，样本: ['000001', '000002', '000003', '000004', '000005']
2025-06-18 15:14:40,857 - INFO - 数据转换完成，共 5722 只股票，列名: ['代码', '名称', '最新价', '涨跌幅', '涨跌额', '成交量', '成交额', '市盈率-动态', '市净率', '总市值', '流通市值', '清理名称']
2025-06-18 15:14:40,858 - INFO - 使用离线股票数据，共 5722 只股票
2025-06-18 15:14:40,859 - INFO - 本地数据源成功加载 5722 只股票信息
2025-06-18 15:14:41,363 - INFO - 使用 tencent 验证股票信息: 002208
2025-06-18 15:14:41,363 - INFO - 正在从腾讯财经加载A股股票列表...
2025-06-18 15:14:41,364 - INFO - 加载离线股票数据: data\stock_list_latest.csv
2025-06-18 15:14:41,389 - INFO - 股票代码列转换完成，样本: ['000001', '000002', '000003', '000004', '000005']
2025-06-18 15:14:41,394 - INFO - 数据转换完成，共 5722 只股票，列名: ['代码', '名称', '最新价', '涨跌幅', '涨跌额', '成交量', '成交额', '市盈率-动态', '市净率', '总市值', '流通市值', '清理名称']
2025-06-18 15:14:41,394 - INFO - 使用离线股票数据，共 5722 只股票
2025-06-18 15:14:41,395 - INFO - 获取到 5722 个股票代码，开始从腾讯获取实时数据...
2025-06-18 15:14:43,423 - INFO - 已处理 1000 / 5722 只股票
2025-06-18 15:14:45,472 - INFO - 已处理 2000 / 5722 只股票
2025-06-18 15:14:47,488 - INFO - 已处理 3000 / 5722 只股票
2025-06-18 15:14:49,525 - INFO - 已处理 4000 / 5722 只股票
2025-06-18 15:14:51,550 - INFO - 已处理 5000 / 5722 只股票
2025-06-18 15:14:53,118 - INFO - 腾讯财经成功加载 5450 只股票信息
2025-06-18 15:14:53,621 - INFO - 使用 eastmoney 验证股票信息: 002208
2025-06-18 15:14:53,621 - INFO - 正在从东方财富加载A股股票列表...
2025-06-18 15:14:53,654 - WARNING - 东方财富API请求失败: 502
2025-06-18 15:14:53,654 - INFO - 回退到本地数据源
2025-06-18 15:14:53,654 - INFO - 正在从本地数据源加载A股股票列表...
2025-06-18 15:14:53,654 - INFO - 加载离线股票数据: data\stock_list_latest.csv
2025-06-18 15:14:53,677 - INFO - 股票代码列转换完成，样本: ['000001', '000002', '000003', '000004', '000005']
2025-06-18 15:14:53,683 - INFO - 数据转换完成，共 5722 只股票，列名: ['代码', '名称', '最新价', '涨跌幅', '涨跌额', '成交量', '成交额', '市盈率-动态', '市净率', '总市值', '流通市值', '清理名称']
2025-06-18 15:14:53,683 - INFO - 使用离线股票数据，共 5722 只股票
2025-06-18 15:14:53,684 - INFO - 本地数据源成功加载 5722 只股票信息
2025-06-18 15:14:54,288 - INFO - 处理第 3/13 行: '300457
2025-06-18 15:14:54,289 - INFO - 开始交叉验证股票信息: 300457 - 赢合科技
2025-06-18 15:14:54,289 - INFO - 使用 akshare 验证股票信息: 300457
2025-06-18 15:14:54,289 - INFO - 正在从AKShare加载A股股票列表...
2025-06-18 15:14:54,329 - ERROR - AKShare加载失败: HTTPSConnectionPool(host='82.push2.eastmoney.com', port=443): Max retries exceeded with url: /api/qt/clist/get?pn=1&pz=100&po=1&np=1&ut=bd1d9ddb04089700cf9c27f6f7426281&fltt=2&invt=2&fid=f12&fs=m%3A0+t%3A6%2Cm%3A0+t%3A80%2Cm%3A1+t%3A2%2Cm%3A1+t%3A23%2Cm%3A0+t%3A81+s%3A2048&fields=f1%2Cf2%2Cf3%2Cf4%2Cf5%2Cf6%2Cf7%2Cf8%2Cf9%2Cf10%2Cf12%2Cf13%2Cf14%2Cf15%2Cf16%2Cf17%2Cf18%2Cf20%2Cf21%2Cf23%2Cf24%2Cf25%2Cf22%2Cf11%2Cf62%2Cf128%2Cf136%2Cf115%2Cf152 (Caused by ProxyError('Unable to connect to proxy', RemoteDisconnected('Remote end closed connection without response')))
2025-06-18 15:14:54,330 - WARNING - akshare 验证失败: HTTPSConnectionPool(host='82.push2.eastmoney.com', port=443): Max retries exceeded with url: /api/qt/clist/get?pn=1&pz=100&po=1&np=1&ut=bd1d9ddb04089700cf9c27f6f7426281&fltt=2&invt=2&fid=f12&fs=m%3A0+t%3A6%2Cm%3A0+t%3A80%2Cm%3A1+t%3A2%2Cm%3A1+t%3A23%2Cm%3A0+t%3A81+s%3A2048&fields=f1%2Cf2%2Cf3%2Cf4%2Cf5%2Cf6%2Cf7%2Cf8%2Cf9%2Cf10%2Cf12%2Cf13%2Cf14%2Cf15%2Cf16%2Cf17%2Cf18%2Cf20%2Cf21%2Cf23%2Cf24%2Cf25%2Cf22%2Cf11%2Cf62%2Cf128%2Cf136%2Cf115%2Cf152 (Caused by ProxyError('Unable to connect to proxy', RemoteDisconnected('Remote end closed connection without response')))
2025-06-18 15:14:54,831 - INFO - 使用 sina 验证股票信息: 300457
2025-06-18 15:14:54,831 - INFO - 正在从新浪财经加载A股股票列表...
2025-06-18 15:14:54,831 - INFO - 正在获取股票代码列表...
2025-06-18 15:14:54,832 - INFO - 加载离线股票数据: data\stock_list_latest.csv
2025-06-18 15:14:54,854 - INFO - 股票代码列转换完成，样本: ['000001', '000002', '000003', '000004', '000005']
2025-06-18 15:14:54,858 - INFO - 数据转换完成，共 5722 只股票，列名: ['代码', '名称', '最新价', '涨跌幅', '涨跌额', '成交量', '成交额', '市盈率-动态', '市净率', '总市值', '流通市值', '清理名称']
2025-06-18 15:14:54,859 - INFO - 使用离线股票数据，共 5722 只股票
2025-06-18 15:14:54,860 - INFO - 获取到 5722 个股票代码，开始从新浪获取实时数据...
2025-06-18 15:14:56,253 - WARNING - 新浪财经未获取到有效数据，回退到本地数据源
2025-06-18 15:14:56,253 - INFO - 正在从本地数据源加载A股股票列表...
2025-06-18 15:14:56,253 - INFO - 加载离线股票数据: data\stock_list_latest.csv
2025-06-18 15:14:56,273 - INFO - 股票代码列转换完成，样本: ['000001', '000002', '000003', '000004', '000005']
2025-06-18 15:14:56,278 - INFO - 数据转换完成，共 5722 只股票，列名: ['代码', '名称', '最新价', '涨跌幅', '涨跌额', '成交量', '成交额', '市盈率-动态', '市净率', '总市值', '流通市值', '清理名称']
2025-06-18 15:14:56,278 - INFO - 使用离线股票数据，共 5722 只股票
2025-06-18 15:14:56,279 - INFO - 本地数据源成功加载 5722 只股票信息
2025-06-18 15:14:56,782 - INFO - 使用 tencent 验证股票信息: 300457
2025-06-18 15:14:56,783 - INFO - 正在从腾讯财经加载A股股票列表...
2025-06-18 15:14:56,783 - INFO - 加载离线股票数据: data\stock_list_latest.csv
2025-06-18 15:14:56,804 - INFO - 股票代码列转换完成，样本: ['000001', '000002', '000003', '000004', '000005']
2025-06-18 15:14:56,809 - INFO - 数据转换完成，共 5722 只股票，列名: ['代码', '名称', '最新价', '涨跌幅', '涨跌额', '成交量', '成交额', '市盈率-动态', '市净率', '总市值', '流通市值', '清理名称']
2025-06-18 15:14:56,810 - INFO - 使用离线股票数据，共 5722 只股票
2025-06-18 15:14:56,811 - INFO - 获取到 5722 个股票代码，开始从腾讯获取实时数据...
2025-06-18 15:14:58,860 - INFO - 已处理 1000 / 5722 只股票
2025-06-18 15:15:00,858 - INFO - 已处理 2000 / 5722 只股票
2025-06-18 15:15:02,898 - INFO - 已处理 3000 / 5722 只股票
2025-06-18 15:15:04,912 - INFO - 已处理 4000 / 5722 只股票
2025-06-18 15:15:06,918 - INFO - 已处理 5000 / 5722 只股票
2025-06-18 15:15:08,440 - INFO - 腾讯财经成功加载 5450 只股票信息
2025-06-18 15:15:08,944 - INFO - 使用 eastmoney 验证股票信息: 300457
2025-06-18 15:15:08,945 - INFO - 正在从东方财富加载A股股票列表...
2025-06-18 15:15:08,977 - WARNING - 东方财富API请求失败: 502
2025-06-18 15:15:08,977 - INFO - 回退到本地数据源
2025-06-18 15:15:08,977 - INFO - 正在从本地数据源加载A股股票列表...
2025-06-18 15:15:08,978 - INFO - 加载离线股票数据: data\stock_list_latest.csv
2025-06-18 15:15:08,999 - INFO - 股票代码列转换完成，样本: ['000001', '000002', '000003', '000004', '000005']
2025-06-18 15:15:09,004 - INFO - 数据转换完成，共 5722 只股票，列名: ['代码', '名称', '最新价', '涨跌幅', '涨跌额', '成交量', '成交额', '市盈率-动态', '市净率', '总市值', '流通市值', '清理名称']
2025-06-18 15:15:09,005 - INFO - 使用离线股票数据，共 5722 只股票
2025-06-18 15:15:09,005 - INFO - 本地数据源成功加载 5722 只股票信息
2025-06-18 15:15:09,609 - INFO - 处理第 4/13 行: '300479
2025-06-18 15:15:09,610 - INFO - 开始交叉验证股票信息: 300479 - 神思电子
2025-06-18 15:15:09,610 - INFO - 使用 akshare 验证股票信息: 300479
2025-06-18 15:15:09,610 - INFO - 正在从AKShare加载A股股票列表...
2025-06-18 15:15:09,664 - ERROR - AKShare加载失败: HTTPSConnectionPool(host='82.push2.eastmoney.com', port=443): Max retries exceeded with url: /api/qt/clist/get?pn=1&pz=100&po=1&np=1&ut=bd1d9ddb04089700cf9c27f6f7426281&fltt=2&invt=2&fid=f12&fs=m%3A0+t%3A6%2Cm%3A0+t%3A80%2Cm%3A1+t%3A2%2Cm%3A1+t%3A23%2Cm%3A0+t%3A81+s%3A2048&fields=f1%2Cf2%2Cf3%2Cf4%2Cf5%2Cf6%2Cf7%2Cf8%2Cf9%2Cf10%2Cf12%2Cf13%2Cf14%2Cf15%2Cf16%2Cf17%2Cf18%2Cf20%2Cf21%2Cf23%2Cf24%2Cf25%2Cf22%2Cf11%2Cf62%2Cf128%2Cf136%2Cf115%2Cf152 (Caused by ProxyError('Unable to connect to proxy', RemoteDisconnected('Remote end closed connection without response')))
2025-06-18 15:15:09,664 - WARNING - akshare 验证失败: HTTPSConnectionPool(host='82.push2.eastmoney.com', port=443): Max retries exceeded with url: /api/qt/clist/get?pn=1&pz=100&po=1&np=1&ut=bd1d9ddb04089700cf9c27f6f7426281&fltt=2&invt=2&fid=f12&fs=m%3A0+t%3A6%2Cm%3A0+t%3A80%2Cm%3A1+t%3A2%2Cm%3A1+t%3A23%2Cm%3A0+t%3A81+s%3A2048&fields=f1%2Cf2%2Cf3%2Cf4%2Cf5%2Cf6%2Cf7%2Cf8%2Cf9%2Cf10%2Cf12%2Cf13%2Cf14%2Cf15%2Cf16%2Cf17%2Cf18%2Cf20%2Cf21%2Cf23%2Cf24%2Cf25%2Cf22%2Cf11%2Cf62%2Cf128%2Cf136%2Cf115%2Cf152 (Caused by ProxyError('Unable to connect to proxy', RemoteDisconnected('Remote end closed connection without response')))
2025-06-18 15:15:10,165 - INFO - 使用 sina 验证股票信息: 300479
2025-06-18 15:15:10,166 - INFO - 正在从新浪财经加载A股股票列表...
2025-06-18 15:15:10,166 - INFO - 正在获取股票代码列表...
2025-06-18 15:15:10,166 - INFO - 加载离线股票数据: data\stock_list_latest.csv
2025-06-18 15:15:10,187 - INFO - 股票代码列转换完成，样本: ['000001', '000002', '000003', '000004', '000005']
2025-06-18 15:15:10,192 - INFO - 数据转换完成，共 5722 只股票，列名: ['代码', '名称', '最新价', '涨跌幅', '涨跌额', '成交量', '成交额', '市盈率-动态', '市净率', '总市值', '流通市值', '清理名称']
2025-06-18 15:15:10,192 - INFO - 使用离线股票数据，共 5722 只股票
2025-06-18 15:15:10,193 - INFO - 获取到 5722 个股票代码，开始从新浪获取实时数据...
2025-06-18 15:15:11,555 - WARNING - 新浪财经未获取到有效数据，回退到本地数据源
2025-06-18 15:15:11,555 - INFO - 正在从本地数据源加载A股股票列表...
2025-06-18 15:15:11,556 - INFO - 加载离线股票数据: data\stock_list_latest.csv
2025-06-18 15:15:11,581 - INFO - 股票代码列转换完成，样本: ['000001', '000002', '000003', '000004', '000005']
2025-06-18 15:15:11,587 - INFO - 数据转换完成，共 5722 只股票，列名: ['代码', '名称', '最新价', '涨跌幅', '涨跌额', '成交量', '成交额', '市盈率-动态', '市净率', '总市值', '流通市值', '清理名称']
2025-06-18 15:15:11,587 - INFO - 使用离线股票数据，共 5722 只股票
2025-06-18 15:15:11,588 - INFO - 本地数据源成功加载 5722 只股票信息
2025-06-18 15:15:12,090 - INFO - 使用 tencent 验证股票信息: 300479
2025-06-18 15:15:12,090 - INFO - 正在从腾讯财经加载A股股票列表...
2025-06-18 15:15:12,091 - INFO - 加载离线股票数据: data\stock_list_latest.csv
2025-06-18 15:15:12,110 - INFO - 股票代码列转换完成，样本: ['000001', '000002', '000003', '000004', '000005']
2025-06-18 15:15:12,116 - INFO - 数据转换完成，共 5722 只股票，列名: ['代码', '名称', '最新价', '涨跌幅', '涨跌额', '成交量', '成交额', '市盈率-动态', '市净率', '总市值', '流通市值', '清理名称']
2025-06-18 15:15:12,117 - INFO - 使用离线股票数据，共 5722 只股票
2025-06-18 15:15:12,118 - INFO - 获取到 5722 个股票代码，开始从腾讯获取实时数据...
2025-06-18 15:15:14,089 - INFO - 已处理 1000 / 5722 只股票
2025-06-18 15:15:16,140 - INFO - 已处理 2000 / 5722 只股票
2025-06-18 15:15:18,194 - INFO - 已处理 3000 / 5722 只股票
2025-06-18 15:15:20,211 - INFO - 已处理 4000 / 5722 只股票
2025-06-18 15:15:22,248 - INFO - 已处理 5000 / 5722 只股票
2025-06-18 15:15:23,776 - INFO - 腾讯财经成功加载 5450 只股票信息
2025-06-18 15:15:24,279 - INFO - 使用 eastmoney 验证股票信息: 300479
2025-06-18 15:15:24,279 - INFO - 正在从东方财富加载A股股票列表...
2025-06-18 15:15:24,305 - WARNING - 东方财富API请求失败: 502
2025-06-18 15:15:24,305 - INFO - 回退到本地数据源
2025-06-18 15:15:24,305 - INFO - 正在从本地数据源加载A股股票列表...
2025-06-18 15:15:24,305 - INFO - 加载离线股票数据: data\stock_list_latest.csv
2025-06-18 15:15:24,325 - INFO - 股票代码列转换完成，样本: ['000001', '000002', '000003', '000004', '000005']
2025-06-18 15:15:24,330 - INFO - 数据转换完成，共 5722 只股票，列名: ['代码', '名称', '最新价', '涨跌幅', '涨跌额', '成交量', '成交额', '市盈率-动态', '市净率', '总市值', '流通市值', '清理名称']
2025-06-18 15:15:24,330 - INFO - 使用离线股票数据，共 5722 只股票
2025-06-18 15:15:24,332 - INFO - 本地数据源成功加载 5722 只股票信息
2025-06-18 15:15:24,936 - INFO - 处理第 5/13 行: '301176
2025-06-18 15:15:24,937 - INFO - 开始交叉验证股票信息: 301176 - 逸豪新材
2025-06-18 15:15:24,937 - INFO - 使用 akshare 验证股票信息: 301176
2025-06-18 15:15:24,937 - INFO - 正在从AKShare加载A股股票列表...
2025-06-18 15:15:25,005 - ERROR - AKShare加载失败: HTTPSConnectionPool(host='82.push2.eastmoney.com', port=443): Max retries exceeded with url: /api/qt/clist/get?pn=1&pz=100&po=1&np=1&ut=bd1d9ddb04089700cf9c27f6f7426281&fltt=2&invt=2&fid=f12&fs=m%3A0+t%3A6%2Cm%3A0+t%3A80%2Cm%3A1+t%3A2%2Cm%3A1+t%3A23%2Cm%3A0+t%3A81+s%3A2048&fields=f1%2Cf2%2Cf3%2Cf4%2Cf5%2Cf6%2Cf7%2Cf8%2Cf9%2Cf10%2Cf12%2Cf13%2Cf14%2Cf15%2Cf16%2Cf17%2Cf18%2Cf20%2Cf21%2Cf23%2Cf24%2Cf25%2Cf22%2Cf11%2Cf62%2Cf128%2Cf136%2Cf115%2Cf152 (Caused by ProxyError('Unable to connect to proxy', RemoteDisconnected('Remote end closed connection without response')))
2025-06-18 15:15:25,005 - WARNING - akshare 验证失败: HTTPSConnectionPool(host='82.push2.eastmoney.com', port=443): Max retries exceeded with url: /api/qt/clist/get?pn=1&pz=100&po=1&np=1&ut=bd1d9ddb04089700cf9c27f6f7426281&fltt=2&invt=2&fid=f12&fs=m%3A0+t%3A6%2Cm%3A0+t%3A80%2Cm%3A1+t%3A2%2Cm%3A1+t%3A23%2Cm%3A0+t%3A81+s%3A2048&fields=f1%2Cf2%2Cf3%2Cf4%2Cf5%2Cf6%2Cf7%2Cf8%2Cf9%2Cf10%2Cf12%2Cf13%2Cf14%2Cf15%2Cf16%2Cf17%2Cf18%2Cf20%2Cf21%2Cf23%2Cf24%2Cf25%2Cf22%2Cf11%2Cf62%2Cf128%2Cf136%2Cf115%2Cf152 (Caused by ProxyError('Unable to connect to proxy', RemoteDisconnected('Remote end closed connection without response')))
2025-06-18 15:15:25,506 - INFO - 使用 sina 验证股票信息: 301176
2025-06-18 15:15:25,507 - INFO - 正在从新浪财经加载A股股票列表...
2025-06-18 15:15:25,507 - INFO - 正在获取股票代码列表...
2025-06-18 15:15:25,507 - INFO - 加载离线股票数据: data\stock_list_latest.csv
2025-06-18 15:15:25,527 - INFO - 股票代码列转换完成，样本: ['000001', '000002', '000003', '000004', '000005']
2025-06-18 15:15:25,533 - INFO - 数据转换完成，共 5722 只股票，列名: ['代码', '名称', '最新价', '涨跌幅', '涨跌额', '成交量', '成交额', '市盈率-动态', '市净率', '总市值', '流通市值', '清理名称']
2025-06-18 15:15:25,533 - INFO - 使用离线股票数据，共 5722 只股票
2025-06-18 15:15:25,534 - INFO - 获取到 5722 个股票代码，开始从新浪获取实时数据...
2025-06-18 15:15:26,951 - WARNING - 新浪财经未获取到有效数据，回退到本地数据源
2025-06-18 15:15:26,952 - INFO - 正在从本地数据源加载A股股票列表...
2025-06-18 15:15:26,952 - INFO - 加载离线股票数据: data\stock_list_latest.csv
2025-06-18 15:15:26,972 - INFO - 股票代码列转换完成，样本: ['000001', '000002', '000003', '000004', '000005']
2025-06-18 15:15:26,976 - INFO - 数据转换完成，共 5722 只股票，列名: ['代码', '名称', '最新价', '涨跌幅', '涨跌额', '成交量', '成交额', '市盈率-动态', '市净率', '总市值', '流通市值', '清理名称']
2025-06-18 15:15:26,977 - INFO - 使用离线股票数据，共 5722 只股票
2025-06-18 15:15:26,977 - INFO - 本地数据源成功加载 5722 只股票信息
2025-06-18 15:15:27,479 - INFO - 使用 tencent 验证股票信息: 301176
2025-06-18 15:15:27,480 - INFO - 正在从腾讯财经加载A股股票列表...
2025-06-18 15:15:27,480 - INFO - 加载离线股票数据: data\stock_list_latest.csv
2025-06-18 15:15:27,500 - INFO - 股票代码列转换完成，样本: ['000001', '000002', '000003', '000004', '000005']
2025-06-18 15:15:27,505 - INFO - 数据转换完成，共 5722 只股票，列名: ['代码', '名称', '最新价', '涨跌幅', '涨跌额', '成交量', '成交额', '市盈率-动态', '市净率', '总市值', '流通市值', '清理名称']
2025-06-18 15:15:27,506 - INFO - 使用离线股票数据，共 5722 只股票
2025-06-18 15:15:27,506 - INFO - 获取到 5722 个股票代码，开始从腾讯获取实时数据...
2025-06-18 15:15:29,523 - INFO - 已处理 1000 / 5722 只股票
2025-06-18 15:15:31,543 - INFO - 已处理 2000 / 5722 只股票
2025-06-18 15:15:33,585 - INFO - 已处理 3000 / 5722 只股票
2025-06-18 15:15:35,604 - INFO - 已处理 4000 / 5722 只股票
2025-06-18 15:15:37,777 - INFO - 已处理 5000 / 5722 只股票
2025-06-18 15:15:39,331 - INFO - 腾讯财经成功加载 5450 只股票信息
2025-06-18 15:15:39,838 - INFO - 使用 eastmoney 验证股票信息: 301176
2025-06-18 15:15:39,838 - INFO - 正在从东方财富加载A股股票列表...
2025-06-18 15:15:39,863 - WARNING - 东方财富API请求失败: 502
2025-06-18 15:15:39,864 - INFO - 回退到本地数据源
2025-06-18 15:15:39,864 - INFO - 正在从本地数据源加载A股股票列表...
2025-06-18 15:15:39,864 - INFO - 加载离线股票数据: data\stock_list_latest.csv
2025-06-18 15:15:39,892 - INFO - 股票代码列转换完成，样本: ['000001', '000002', '000003', '000004', '000005']
2025-06-18 15:15:39,900 - INFO - 数据转换完成，共 5722 只股票，列名: ['代码', '名称', '最新价', '涨跌幅', '涨跌额', '成交量', '成交额', '市盈率-动态', '市净率', '总市值', '流通市值', '清理名称']
2025-06-18 15:15:39,901 - INFO - 使用离线股票数据，共 5722 只股票
2025-06-18 15:15:39,902 - INFO - 本地数据源成功加载 5722 只股票信息
2025-06-18 15:15:40,505 - INFO - 处理第 6/13 行: '301208
2025-06-18 15:15:40,506 - INFO - 开始交叉验证股票信息: 301208 - C中亦
2025-06-18 15:15:40,506 - INFO - 使用 akshare 验证股票信息: 301208
2025-06-18 15:15:40,506 - INFO - 正在从AKShare加载A股股票列表...
2025-06-18 15:15:40,545 - ERROR - AKShare加载失败: HTTPSConnectionPool(host='82.push2.eastmoney.com', port=443): Max retries exceeded with url: /api/qt/clist/get?pn=1&pz=100&po=1&np=1&ut=bd1d9ddb04089700cf9c27f6f7426281&fltt=2&invt=2&fid=f12&fs=m%3A0+t%3A6%2Cm%3A0+t%3A80%2Cm%3A1+t%3A2%2Cm%3A1+t%3A23%2Cm%3A0+t%3A81+s%3A2048&fields=f1%2Cf2%2Cf3%2Cf4%2Cf5%2Cf6%2Cf7%2Cf8%2Cf9%2Cf10%2Cf12%2Cf13%2Cf14%2Cf15%2Cf16%2Cf17%2Cf18%2Cf20%2Cf21%2Cf23%2Cf24%2Cf25%2Cf22%2Cf11%2Cf62%2Cf128%2Cf136%2Cf115%2Cf152 (Caused by ProxyError('Unable to connect to proxy', RemoteDisconnected('Remote end closed connection without response')))
2025-06-18 15:15:40,545 - WARNING - akshare 验证失败: HTTPSConnectionPool(host='82.push2.eastmoney.com', port=443): Max retries exceeded with url: /api/qt/clist/get?pn=1&pz=100&po=1&np=1&ut=bd1d9ddb04089700cf9c27f6f7426281&fltt=2&invt=2&fid=f12&fs=m%3A0+t%3A6%2Cm%3A0+t%3A80%2Cm%3A1+t%3A2%2Cm%3A1+t%3A23%2Cm%3A0+t%3A81+s%3A2048&fields=f1%2Cf2%2Cf3%2Cf4%2Cf5%2Cf6%2Cf7%2Cf8%2Cf9%2Cf10%2Cf12%2Cf13%2Cf14%2Cf15%2Cf16%2Cf17%2Cf18%2Cf20%2Cf21%2Cf23%2Cf24%2Cf25%2Cf22%2Cf11%2Cf62%2Cf128%2Cf136%2Cf115%2Cf152 (Caused by ProxyError('Unable to connect to proxy', RemoteDisconnected('Remote end closed connection without response')))
2025-06-18 15:15:41,046 - INFO - 使用 sina 验证股票信息: 301208
2025-06-18 15:15:41,046 - INFO - 正在从新浪财经加载A股股票列表...
2025-06-18 15:15:41,046 - INFO - 正在获取股票代码列表...
2025-06-18 15:15:41,047 - INFO - 加载离线股票数据: data\stock_list_latest.csv
2025-06-18 15:15:41,069 - INFO - 股票代码列转换完成，样本: ['000001', '000002', '000003', '000004', '000005']
2025-06-18 15:15:41,074 - INFO - 数据转换完成，共 5722 只股票，列名: ['代码', '名称', '最新价', '涨跌幅', '涨跌额', '成交量', '成交额', '市盈率-动态', '市净率', '总市值', '流通市值', '清理名称']
2025-06-18 15:15:41,074 - INFO - 使用离线股票数据，共 5722 只股票
2025-06-18 15:15:41,075 - INFO - 获取到 5722 个股票代码，开始从新浪获取实时数据...
2025-06-18 15:15:42,451 - WARNING - 新浪财经未获取到有效数据，回退到本地数据源
2025-06-18 15:15:42,451 - INFO - 正在从本地数据源加载A股股票列表...
2025-06-18 15:15:42,452 - INFO - 加载离线股票数据: data\stock_list_latest.csv
2025-06-18 15:15:42,473 - INFO - 股票代码列转换完成，样本: ['000001', '000002', '000003', '000004', '000005']
2025-06-18 15:15:42,478 - INFO - 数据转换完成，共 5722 只股票，列名: ['代码', '名称', '最新价', '涨跌幅', '涨跌额', '成交量', '成交额', '市盈率-动态', '市净率', '总市值', '流通市值', '清理名称']
2025-06-18 15:15:42,478 - INFO - 使用离线股票数据，共 5722 只股票
2025-06-18 15:15:42,479 - INFO - 本地数据源成功加载 5722 只股票信息
2025-06-18 15:15:42,981 - INFO - 使用 tencent 验证股票信息: 301208
2025-06-18 15:15:42,981 - INFO - 正在从腾讯财经加载A股股票列表...
2025-06-18 15:15:42,982 - INFO - 加载离线股票数据: data\stock_list_latest.csv
2025-06-18 15:15:43,008 - INFO - 股票代码列转换完成，样本: ['000001', '000002', '000003', '000004', '000005']
2025-06-18 15:15:43,013 - INFO - 数据转换完成，共 5722 只股票，列名: ['代码', '名称', '最新价', '涨跌幅', '涨跌额', '成交量', '成交额', '市盈率-动态', '市净率', '总市值', '流通市值', '清理名称']
2025-06-18 15:15:43,013 - INFO - 使用离线股票数据，共 5722 只股票
2025-06-18 15:15:43,014 - INFO - 获取到 5722 个股票代码，开始从腾讯获取实时数据...
2025-06-18 15:15:45,069 - INFO - 已处理 1000 / 5722 只股票
2025-06-18 15:15:47,093 - INFO - 已处理 2000 / 5722 只股票
2025-06-18 15:15:49,136 - INFO - 已处理 3000 / 5722 只股票
2025-06-18 15:15:51,136 - INFO - 已处理 4000 / 5722 只股票
2025-06-18 15:15:53,095 - INFO - 已处理 5000 / 5722 只股票
2025-06-18 15:15:54,623 - INFO - 腾讯财经成功加载 5450 只股票信息
2025-06-18 15:15:55,126 - INFO - 使用 eastmoney 验证股票信息: 301208
2025-06-18 15:15:55,126 - INFO - 正在从东方财富加载A股股票列表...
2025-06-18 15:15:55,150 - WARNING - 东方财富API请求失败: 502
2025-06-18 15:15:55,151 - INFO - 回退到本地数据源
2025-06-18 15:15:55,151 - INFO - 正在从本地数据源加载A股股票列表...
2025-06-18 15:15:55,151 - INFO - 加载离线股票数据: data\stock_list_latest.csv
2025-06-18 15:15:55,173 - INFO - 股票代码列转换完成，样本: ['000001', '000002', '000003', '000004', '000005']
2025-06-18 15:15:55,179 - INFO - 数据转换完成，共 5722 只股票，列名: ['代码', '名称', '最新价', '涨跌幅', '涨跌额', '成交量', '成交额', '市盈率-动态', '市净率', '总市值', '流通市值', '清理名称']
2025-06-18 15:15:55,179 - INFO - 使用离线股票数据，共 5722 只股票
2025-06-18 15:15:55,180 - INFO - 本地数据源成功加载 5722 只股票信息
2025-06-18 15:15:55,785 - INFO - 处理第 7/13 行: '301292
2025-06-18 15:15:55,786 - INFO - 开始交叉验证股票信息: 301292 - 海科新源
2025-06-18 15:15:55,786 - INFO - 使用 akshare 验证股票信息: 301292
2025-06-18 15:15:55,786 - INFO - 正在从AKShare加载A股股票列表...
2025-06-18 15:15:55,823 - ERROR - AKShare加载失败: HTTPSConnectionPool(host='82.push2.eastmoney.com', port=443): Max retries exceeded with url: /api/qt/clist/get?pn=1&pz=100&po=1&np=1&ut=bd1d9ddb04089700cf9c27f6f7426281&fltt=2&invt=2&fid=f12&fs=m%3A0+t%3A6%2Cm%3A0+t%3A80%2Cm%3A1+t%3A2%2Cm%3A1+t%3A23%2Cm%3A0+t%3A81+s%3A2048&fields=f1%2Cf2%2Cf3%2Cf4%2Cf5%2Cf6%2Cf7%2Cf8%2Cf9%2Cf10%2Cf12%2Cf13%2Cf14%2Cf15%2Cf16%2Cf17%2Cf18%2Cf20%2Cf21%2Cf23%2Cf24%2Cf25%2Cf22%2Cf11%2Cf62%2Cf128%2Cf136%2Cf115%2Cf152 (Caused by ProxyError('Unable to connect to proxy', RemoteDisconnected('Remote end closed connection without response')))
2025-06-18 15:15:55,824 - WARNING - akshare 验证失败: HTTPSConnectionPool(host='82.push2.eastmoney.com', port=443): Max retries exceeded with url: /api/qt/clist/get?pn=1&pz=100&po=1&np=1&ut=bd1d9ddb04089700cf9c27f6f7426281&fltt=2&invt=2&fid=f12&fs=m%3A0+t%3A6%2Cm%3A0+t%3A80%2Cm%3A1+t%3A2%2Cm%3A1+t%3A23%2Cm%3A0+t%3A81+s%3A2048&fields=f1%2Cf2%2Cf3%2Cf4%2Cf5%2Cf6%2Cf7%2Cf8%2Cf9%2Cf10%2Cf12%2Cf13%2Cf14%2Cf15%2Cf16%2Cf17%2Cf18%2Cf20%2Cf21%2Cf23%2Cf24%2Cf25%2Cf22%2Cf11%2Cf62%2Cf128%2Cf136%2Cf115%2Cf152 (Caused by ProxyError('Unable to connect to proxy', RemoteDisconnected('Remote end closed connection without response')))
2025-06-18 15:15:56,324 - INFO - 使用 sina 验证股票信息: 301292
2025-06-18 15:15:56,325 - INFO - 正在从新浪财经加载A股股票列表...
2025-06-18 15:15:56,325 - INFO - 正在获取股票代码列表...
2025-06-18 15:15:56,325 - INFO - 加载离线股票数据: data\stock_list_latest.csv
2025-06-18 15:15:56,346 - INFO - 股票代码列转换完成，样本: ['000001', '000002', '000003', '000004', '000005']
2025-06-18 15:15:56,352 - INFO - 数据转换完成，共 5722 只股票，列名: ['代码', '名称', '最新价', '涨跌幅', '涨跌额', '成交量', '成交额', '市盈率-动态', '市净率', '总市值', '流通市值', '清理名称']
2025-06-18 15:15:56,352 - INFO - 使用离线股票数据，共 5722 只股票
2025-06-18 15:15:56,353 - INFO - 获取到 5722 个股票代码，开始从新浪获取实时数据...
2025-06-18 15:15:57,754 - WARNING - 新浪财经未获取到有效数据，回退到本地数据源
2025-06-18 15:15:57,755 - INFO - 正在从本地数据源加载A股股票列表...
2025-06-18 15:15:57,755 - INFO - 加载离线股票数据: data\stock_list_latest.csv
2025-06-18 15:15:57,774 - INFO - 股票代码列转换完成，样本: ['000001', '000002', '000003', '000004', '000005']
2025-06-18 15:15:57,779 - INFO - 数据转换完成，共 5722 只股票，列名: ['代码', '名称', '最新价', '涨跌幅', '涨跌额', '成交量', '成交额', '市盈率-动态', '市净率', '总市值', '流通市值', '清理名称']
2025-06-18 15:15:57,779 - INFO - 使用离线股票数据，共 5722 只股票
2025-06-18 15:15:57,780 - INFO - 本地数据源成功加载 5722 只股票信息
2025-06-18 15:15:58,282 - INFO - 使用 tencent 验证股票信息: 301292
2025-06-18 15:15:58,283 - INFO - 正在从腾讯财经加载A股股票列表...
2025-06-18 15:15:58,283 - INFO - 加载离线股票数据: data\stock_list_latest.csv
2025-06-18 15:15:58,305 - INFO - 股票代码列转换完成，样本: ['000001', '000002', '000003', '000004', '000005']
2025-06-18 15:15:58,310 - INFO - 数据转换完成，共 5722 只股票，列名: ['代码', '名称', '最新价', '涨跌幅', '涨跌额', '成交量', '成交额', '市盈率-动态', '市净率', '总市值', '流通市值', '清理名称']
2025-06-18 15:15:58,311 - INFO - 使用离线股票数据，共 5722 只股票
2025-06-18 15:15:58,312 - INFO - 获取到 5722 个股票代码，开始从腾讯获取实时数据...
2025-06-18 15:16:00,285 - INFO - 已处理 1000 / 5722 只股票
2025-06-18 15:16:02,324 - INFO - 已处理 2000 / 5722 只股票
2025-06-18 15:16:04,309 - INFO - 已处理 3000 / 5722 只股票
2025-06-18 15:16:06,318 - INFO - 已处理 4000 / 5722 只股票
2025-06-18 15:16:08,336 - INFO - 已处理 5000 / 5722 只股票
2025-06-18 15:16:09,829 - INFO - 腾讯财经成功加载 5450 只股票信息
2025-06-18 15:16:10,331 - INFO - 使用 eastmoney 验证股票信息: 301292
2025-06-18 15:16:10,332 - INFO - 正在从东方财富加载A股股票列表...
2025-06-18 15:16:10,356 - WARNING - 东方财富API请求失败: 502
2025-06-18 15:16:10,356 - INFO - 回退到本地数据源
2025-06-18 15:16:10,356 - INFO - 正在从本地数据源加载A股股票列表...
2025-06-18 15:16:10,356 - INFO - 加载离线股票数据: data\stock_list_latest.csv
2025-06-18 15:16:10,378 - INFO - 股票代码列转换完成，样本: ['000001', '000002', '000003', '000004', '000005']
2025-06-18 15:16:10,385 - INFO - 数据转换完成，共 5722 只股票，列名: ['代码', '名称', '最新价', '涨跌幅', '涨跌额', '成交量', '成交额', '市盈率-动态', '市净率', '总市值', '流通市值', '清理名称']
2025-06-18 15:16:10,385 - INFO - 使用离线股票数据，共 5722 只股票
2025-06-18 15:16:10,386 - INFO - 本地数据源成功加载 5722 只股票信息
2025-06-18 15:16:10,990 - INFO - 处理第 8/13 行: '301380
2025-06-18 15:16:10,991 - INFO - 开始交叉验证股票信息: 301380 - 挖金客
2025-06-18 15:16:10,991 - INFO - 使用 akshare 验证股票信息: 301380
2025-06-18 15:16:10,991 - INFO - 正在从AKShare加载A股股票列表...
2025-06-18 15:16:11,037 - ERROR - AKShare加载失败: HTTPSConnectionPool(host='82.push2.eastmoney.com', port=443): Max retries exceeded with url: /api/qt/clist/get?pn=1&pz=100&po=1&np=1&ut=bd1d9ddb04089700cf9c27f6f7426281&fltt=2&invt=2&fid=f12&fs=m%3A0+t%3A6%2Cm%3A0+t%3A80%2Cm%3A1+t%3A2%2Cm%3A1+t%3A23%2Cm%3A0+t%3A81+s%3A2048&fields=f1%2Cf2%2Cf3%2Cf4%2Cf5%2Cf6%2Cf7%2Cf8%2Cf9%2Cf10%2Cf12%2Cf13%2Cf14%2Cf15%2Cf16%2Cf17%2Cf18%2Cf20%2Cf21%2Cf23%2Cf24%2Cf25%2Cf22%2Cf11%2Cf62%2Cf128%2Cf136%2Cf115%2Cf152 (Caused by ProxyError('Unable to connect to proxy', RemoteDisconnected('Remote end closed connection without response')))
2025-06-18 15:16:11,037 - WARNING - akshare 验证失败: HTTPSConnectionPool(host='82.push2.eastmoney.com', port=443): Max retries exceeded with url: /api/qt/clist/get?pn=1&pz=100&po=1&np=1&ut=bd1d9ddb04089700cf9c27f6f7426281&fltt=2&invt=2&fid=f12&fs=m%3A0+t%3A6%2Cm%3A0+t%3A80%2Cm%3A1+t%3A2%2Cm%3A1+t%3A23%2Cm%3A0+t%3A81+s%3A2048&fields=f1%2Cf2%2Cf3%2Cf4%2Cf5%2Cf6%2Cf7%2Cf8%2Cf9%2Cf10%2Cf12%2Cf13%2Cf14%2Cf15%2Cf16%2Cf17%2Cf18%2Cf20%2Cf21%2Cf23%2Cf24%2Cf25%2Cf22%2Cf11%2Cf62%2Cf128%2Cf136%2Cf115%2Cf152 (Caused by ProxyError('Unable to connect to proxy', RemoteDisconnected('Remote end closed connection without response')))
2025-06-18 15:16:11,538 - INFO - 使用 sina 验证股票信息: 301380
2025-06-18 15:16:11,538 - INFO - 正在从新浪财经加载A股股票列表...
2025-06-18 15:16:11,538 - INFO - 正在获取股票代码列表...
2025-06-18 15:16:11,539 - INFO - 加载离线股票数据: data\stock_list_latest.csv
2025-06-18 15:16:11,561 - INFO - 股票代码列转换完成，样本: ['000001', '000002', '000003', '000004', '000005']
2025-06-18 15:16:11,567 - INFO - 数据转换完成，共 5722 只股票，列名: ['代码', '名称', '最新价', '涨跌幅', '涨跌额', '成交量', '成交额', '市盈率-动态', '市净率', '总市值', '流通市值', '清理名称']
2025-06-18 15:16:11,568 - INFO - 使用离线股票数据，共 5722 只股票
2025-06-18 15:16:11,569 - INFO - 获取到 5722 个股票代码，开始从新浪获取实时数据...
2025-06-18 15:16:12,975 - WARNING - 新浪财经未获取到有效数据，回退到本地数据源
2025-06-18 15:16:12,975 - INFO - 正在从本地数据源加载A股股票列表...
2025-06-18 15:16:12,976 - INFO - 加载离线股票数据: data\stock_list_latest.csv
2025-06-18 15:16:12,996 - INFO - 股票代码列转换完成，样本: ['000001', '000002', '000003', '000004', '000005']
2025-06-18 15:16:13,002 - INFO - 数据转换完成，共 5722 只股票，列名: ['代码', '名称', '最新价', '涨跌幅', '涨跌额', '成交量', '成交额', '市盈率-动态', '市净率', '总市值', '流通市值', '清理名称']
2025-06-18 15:16:13,002 - INFO - 使用离线股票数据，共 5722 只股票
2025-06-18 15:16:13,004 - INFO - 本地数据源成功加载 5722 只股票信息
2025-06-18 15:16:13,506 - INFO - 使用 tencent 验证股票信息: 301380
2025-06-18 15:16:13,506 - INFO - 正在从腾讯财经加载A股股票列表...
2025-06-18 15:16:13,507 - INFO - 加载离线股票数据: data\stock_list_latest.csv
2025-06-18 15:16:13,527 - INFO - 股票代码列转换完成，样本: ['000001', '000002', '000003', '000004', '000005']
2025-06-18 15:16:13,533 - INFO - 数据转换完成，共 5722 只股票，列名: ['代码', '名称', '最新价', '涨跌幅', '涨跌额', '成交量', '成交额', '市盈率-动态', '市净率', '总市值', '流通市值', '清理名称']
2025-06-18 15:16:13,534 - INFO - 使用离线股票数据，共 5722 只股票
2025-06-18 15:16:13,536 - INFO - 获取到 5722 个股票代码，开始从腾讯获取实时数据...
2025-06-18 15:16:15,618 - INFO - 已处理 1000 / 5722 只股票
2025-06-18 15:16:18,968 - INFO - 已处理 2000 / 5722 只股票
2025-06-18 15:16:21,087 - INFO - 已处理 3000 / 5722 只股票
2025-06-18 15:16:23,128 - INFO - 已处理 4000 / 5722 只股票
2025-06-18 15:16:25,143 - INFO - 已处理 5000 / 5722 只股票
2025-06-18 15:16:26,681 - INFO - 腾讯财经成功加载 5450 只股票信息
2025-06-18 15:16:27,186 - INFO - 使用 eastmoney 验证股票信息: 301380
2025-06-18 15:16:27,186 - INFO - 正在从东方财富加载A股股票列表...
2025-06-18 15:16:27,222 - WARNING - 东方财富API请求失败: 502
2025-06-18 15:16:27,222 - INFO - 回退到本地数据源
2025-06-18 15:16:27,222 - INFO - 正在从本地数据源加载A股股票列表...
2025-06-18 15:16:27,222 - INFO - 加载离线股票数据: data\stock_list_latest.csv
2025-06-18 15:16:27,242 - INFO - 股票代码列转换完成，样本: ['000001', '000002', '000003', '000004', '000005']
2025-06-18 15:16:27,247 - INFO - 数据转换完成，共 5722 只股票，列名: ['代码', '名称', '最新价', '涨跌幅', '涨跌额', '成交量', '成交额', '市盈率-动态', '市净率', '总市值', '流通市值', '清理名称']
2025-06-18 15:16:27,248 - INFO - 使用离线股票数据，共 5722 只股票
2025-06-18 15:16:27,248 - INFO - 本地数据源成功加载 5722 只股票信息
2025-06-18 15:16:27,853 - INFO - 处理第 9/13 行: '600775
2025-06-18 15:16:27,854 - INFO - 开始交叉验证股票信息: 600775 - 南京熊猫
2025-06-18 15:16:27,855 - INFO - 使用 akshare 验证股票信息: 600775
2025-06-18 15:16:27,855 - INFO - 正在从AKShare加载A股股票列表...
2025-06-18 15:16:27,985 - ERROR - AKShare加载失败: HTTPSConnectionPool(host='82.push2.eastmoney.com', port=443): Max retries exceeded with url: /api/qt/clist/get?pn=1&pz=100&po=1&np=1&ut=bd1d9ddb04089700cf9c27f6f7426281&fltt=2&invt=2&fid=f12&fs=m%3A0+t%3A6%2Cm%3A0+t%3A80%2Cm%3A1+t%3A2%2Cm%3A1+t%3A23%2Cm%3A0+t%3A81+s%3A2048&fields=f1%2Cf2%2Cf3%2Cf4%2Cf5%2Cf6%2Cf7%2Cf8%2Cf9%2Cf10%2Cf12%2Cf13%2Cf14%2Cf15%2Cf16%2Cf17%2Cf18%2Cf20%2Cf21%2Cf23%2Cf24%2Cf25%2Cf22%2Cf11%2Cf62%2Cf128%2Cf136%2Cf115%2Cf152 (Caused by ProxyError('Unable to connect to proxy', RemoteDisconnected('Remote end closed connection without response')))
2025-06-18 15:16:27,985 - WARNING - akshare 验证失败: HTTPSConnectionPool(host='82.push2.eastmoney.com', port=443): Max retries exceeded with url: /api/qt/clist/get?pn=1&pz=100&po=1&np=1&ut=bd1d9ddb04089700cf9c27f6f7426281&fltt=2&invt=2&fid=f12&fs=m%3A0+t%3A6%2Cm%3A0+t%3A80%2Cm%3A1+t%3A2%2Cm%3A1+t%3A23%2Cm%3A0+t%3A81+s%3A2048&fields=f1%2Cf2%2Cf3%2Cf4%2Cf5%2Cf6%2Cf7%2Cf8%2Cf9%2Cf10%2Cf12%2Cf13%2Cf14%2Cf15%2Cf16%2Cf17%2Cf18%2Cf20%2Cf21%2Cf23%2Cf24%2Cf25%2Cf22%2Cf11%2Cf62%2Cf128%2Cf136%2Cf115%2Cf152 (Caused by ProxyError('Unable to connect to proxy', RemoteDisconnected('Remote end closed connection without response')))
2025-06-18 15:16:28,486 - INFO - 使用 sina 验证股票信息: 600775
2025-06-18 15:16:28,486 - INFO - 正在从新浪财经加载A股股票列表...
2025-06-18 15:16:28,486 - INFO - 正在获取股票代码列表...
2025-06-18 15:16:28,487 - INFO - 加载离线股票数据: data\stock_list_latest.csv
2025-06-18 15:16:28,507 - INFO - 股票代码列转换完成，样本: ['000001', '000002', '000003', '000004', '000005']
2025-06-18 15:16:28,512 - INFO - 数据转换完成，共 5722 只股票，列名: ['代码', '名称', '最新价', '涨跌幅', '涨跌额', '成交量', '成交额', '市盈率-动态', '市净率', '总市值', '流通市值', '清理名称']
2025-06-18 15:16:28,512 - INFO - 使用离线股票数据，共 5722 只股票
2025-06-18 15:16:28,513 - INFO - 获取到 5722 个股票代码，开始从新浪获取实时数据...
2025-06-18 15:16:29,921 - WARNING - 新浪财经未获取到有效数据，回退到本地数据源
2025-06-18 15:16:29,921 - INFO - 正在从本地数据源加载A股股票列表...
2025-06-18 15:16:29,922 - INFO - 加载离线股票数据: data\stock_list_latest.csv
2025-06-18 15:16:29,941 - INFO - 股票代码列转换完成，样本: ['000001', '000002', '000003', '000004', '000005']
2025-06-18 15:16:29,946 - INFO - 数据转换完成，共 5722 只股票，列名: ['代码', '名称', '最新价', '涨跌幅', '涨跌额', '成交量', '成交额', '市盈率-动态', '市净率', '总市值', '流通市值', '清理名称']
2025-06-18 15:16:29,946 - INFO - 使用离线股票数据，共 5722 只股票
2025-06-18 15:16:29,947 - INFO - 本地数据源成功加载 5722 只股票信息
2025-06-18 15:16:30,449 - INFO - 使用 tencent 验证股票信息: 600775
2025-06-18 15:16:30,450 - INFO - 正在从腾讯财经加载A股股票列表...
2025-06-18 15:16:30,451 - INFO - 加载离线股票数据: data\stock_list_latest.csv
2025-06-18 15:16:30,474 - INFO - 股票代码列转换完成，样本: ['000001', '000002', '000003', '000004', '000005']
2025-06-18 15:16:30,481 - INFO - 数据转换完成，共 5722 只股票，列名: ['代码', '名称', '最新价', '涨跌幅', '涨跌额', '成交量', '成交额', '市盈率-动态', '市净率', '总市值', '流通市值', '清理名称']
2025-06-18 15:16:30,481 - INFO - 使用离线股票数据，共 5722 只股票
2025-06-18 15:16:30,482 - INFO - 获取到 5722 个股票代码，开始从腾讯获取实时数据...
2025-06-18 15:16:32,517 - INFO - 已处理 1000 / 5722 只股票
2025-06-18 15:16:34,544 - INFO - 已处理 2000 / 5722 只股票
2025-06-18 15:16:36,613 - INFO - 已处理 3000 / 5722 只股票
2025-06-18 15:16:38,637 - INFO - 已处理 4000 / 5722 只股票
2025-06-18 15:16:40,707 - INFO - 已处理 5000 / 5722 只股票
2025-06-18 15:16:42,240 - INFO - 腾讯财经成功加载 5450 只股票信息
2025-06-18 15:16:42,744 - INFO - 使用 eastmoney 验证股票信息: 600775
2025-06-18 15:16:42,745 - INFO - 正在从东方财富加载A股股票列表...
2025-06-18 15:16:42,852 - WARNING - 东方财富API请求失败: 502
2025-06-18 15:16:42,852 - INFO - 回退到本地数据源
2025-06-18 15:16:42,853 - INFO - 正在从本地数据源加载A股股票列表...
2025-06-18 15:16:42,853 - INFO - 加载离线股票数据: data\stock_list_latest.csv
2025-06-18 15:16:42,877 - INFO - 股票代码列转换完成，样本: ['000001', '000002', '000003', '000004', '000005']
2025-06-18 15:16:42,882 - INFO - 数据转换完成，共 5722 只股票，列名: ['代码', '名称', '最新价', '涨跌幅', '涨跌额', '成交量', '成交额', '市盈率-动态', '市净率', '总市值', '流通市值', '清理名称']
2025-06-18 15:16:42,884 - INFO - 使用离线股票数据，共 5722 只股票
2025-06-18 15:16:42,887 - INFO - 本地数据源成功加载 5722 只股票信息
2025-06-18 15:16:43,503 - INFO - 处理第 10/13 行: '600855
2025-06-18 15:16:43,522 - INFO - 开始交叉验证股票信息: 600855 - 航天长峰
2025-06-18 15:16:43,523 - INFO - 使用 akshare 验证股票信息: 600855
2025-06-18 15:16:43,523 - INFO - 正在从AKShare加载A股股票列表...
2025-06-18 15:16:43,653 - ERROR - AKShare加载失败: HTTPSConnectionPool(host='82.push2.eastmoney.com', port=443): Max retries exceeded with url: /api/qt/clist/get?pn=1&pz=100&po=1&np=1&ut=bd1d9ddb04089700cf9c27f6f7426281&fltt=2&invt=2&fid=f12&fs=m%3A0+t%3A6%2Cm%3A0+t%3A80%2Cm%3A1+t%3A2%2Cm%3A1+t%3A23%2Cm%3A0+t%3A81+s%3A2048&fields=f1%2Cf2%2Cf3%2Cf4%2Cf5%2Cf6%2Cf7%2Cf8%2Cf9%2Cf10%2Cf12%2Cf13%2Cf14%2Cf15%2Cf16%2Cf17%2Cf18%2Cf20%2Cf21%2Cf23%2Cf24%2Cf25%2Cf22%2Cf11%2Cf62%2Cf128%2Cf136%2Cf115%2Cf152 (Caused by ProxyError('Unable to connect to proxy', RemoteDisconnected('Remote end closed connection without response')))
2025-06-18 15:16:43,656 - WARNING - akshare 验证失败: HTTPSConnectionPool(host='82.push2.eastmoney.com', port=443): Max retries exceeded with url: /api/qt/clist/get?pn=1&pz=100&po=1&np=1&ut=bd1d9ddb04089700cf9c27f6f7426281&fltt=2&invt=2&fid=f12&fs=m%3A0+t%3A6%2Cm%3A0+t%3A80%2Cm%3A1+t%3A2%2Cm%3A1+t%3A23%2Cm%3A0+t%3A81+s%3A2048&fields=f1%2Cf2%2Cf3%2Cf4%2Cf5%2Cf6%2Cf7%2Cf8%2Cf9%2Cf10%2Cf12%2Cf13%2Cf14%2Cf15%2Cf16%2Cf17%2Cf18%2Cf20%2Cf21%2Cf23%2Cf24%2Cf25%2Cf22%2Cf11%2Cf62%2Cf128%2Cf136%2Cf115%2Cf152 (Caused by ProxyError('Unable to connect to proxy', RemoteDisconnected('Remote end closed connection without response')))
2025-06-18 15:16:44,157 - INFO - 使用 sina 验证股票信息: 600855
2025-06-18 15:16:44,158 - INFO - 正在从新浪财经加载A股股票列表...
2025-06-18 15:16:44,158 - INFO - 正在获取股票代码列表...
2025-06-18 15:16:44,158 - INFO - 加载离线股票数据: data\stock_list_latest.csv
2025-06-18 15:16:44,207 - INFO - 股票代码列转换完成，样本: ['000001', '000002', '000003', '000004', '000005']
2025-06-18 15:16:44,216 - INFO - 数据转换完成，共 5722 只股票，列名: ['代码', '名称', '最新价', '涨跌幅', '涨跌额', '成交量', '成交额', '市盈率-动态', '市净率', '总市值', '流通市值', '清理名称']
2025-06-18 15:16:44,218 - INFO - 使用离线股票数据，共 5722 只股票
2025-06-18 15:16:44,222 - INFO - 获取到 5722 个股票代码，开始从新浪获取实时数据...
2025-06-18 15:16:45,669 - WARNING - 新浪财经未获取到有效数据，回退到本地数据源
2025-06-18 15:16:45,669 - INFO - 正在从本地数据源加载A股股票列表...
2025-06-18 15:16:45,670 - INFO - 加载离线股票数据: data\stock_list_latest.csv
2025-06-18 15:16:45,693 - INFO - 股票代码列转换完成，样本: ['000001', '000002', '000003', '000004', '000005']
2025-06-18 15:16:45,698 - INFO - 数据转换完成，共 5722 只股票，列名: ['代码', '名称', '最新价', '涨跌幅', '涨跌额', '成交量', '成交额', '市盈率-动态', '市净率', '总市值', '流通市值', '清理名称']
2025-06-18 15:16:45,699 - INFO - 使用离线股票数据，共 5722 只股票
2025-06-18 15:16:45,701 - INFO - 本地数据源成功加载 5722 只股票信息
2025-06-18 15:16:46,204 - INFO - 使用 tencent 验证股票信息: 600855
2025-06-18 15:16:46,205 - INFO - 正在从腾讯财经加载A股股票列表...
2025-06-18 15:16:46,205 - INFO - 加载离线股票数据: data\stock_list_latest.csv
2025-06-18 15:16:46,226 - INFO - 股票代码列转换完成，样本: ['000001', '000002', '000003', '000004', '000005']
2025-06-18 15:16:46,232 - INFO - 数据转换完成，共 5722 只股票，列名: ['代码', '名称', '最新价', '涨跌幅', '涨跌额', '成交量', '成交额', '市盈率-动态', '市净率', '总市值', '流通市值', '清理名称']
2025-06-18 15:16:46,232 - INFO - 使用离线股票数据，共 5722 只股票
2025-06-18 15:16:46,234 - INFO - 获取到 5722 个股票代码，开始从腾讯获取实时数据...
2025-06-18 15:16:48,252 - INFO - 已处理 1000 / 5722 只股票
2025-06-18 15:16:50,252 - INFO - 已处理 2000 / 5722 只股票
2025-06-18 15:16:52,270 - INFO - 已处理 3000 / 5722 只股票
2025-06-18 15:16:54,271 - INFO - 已处理 4000 / 5722 只股票
2025-06-18 15:16:56,270 - INFO - 已处理 5000 / 5722 只股票
2025-06-18 15:16:57,839 - INFO - 腾讯财经成功加载 5450 只股票信息
2025-06-18 15:16:58,342 - INFO - 使用 eastmoney 验证股票信息: 600855
2025-06-18 15:16:58,342 - INFO - 正在从东方财富加载A股股票列表...
2025-06-18 15:16:58,364 - WARNING - 东方财富API请求失败: 502
2025-06-18 15:16:58,365 - INFO - 回退到本地数据源
2025-06-18 15:16:58,365 - INFO - 正在从本地数据源加载A股股票列表...
2025-06-18 15:16:58,365 - INFO - 加载离线股票数据: data\stock_list_latest.csv
2025-06-18 15:16:58,396 - INFO - 股票代码列转换完成，样本: ['000001', '000002', '000003', '000004', '000005']
2025-06-18 15:16:58,403 - INFO - 数据转换完成，共 5722 只股票，列名: ['代码', '名称', '最新价', '涨跌幅', '涨跌额', '成交量', '成交额', '市盈率-动态', '市净率', '总市值', '流通市值', '清理名称']
2025-06-18 15:16:58,404 - INFO - 使用离线股票数据，共 5722 只股票
2025-06-18 15:16:58,405 - INFO - 本地数据源成功加载 5722 只股票信息
2025-06-18 15:16:59,008 - INFO - 处理第 11/13 行: '603069
2025-06-18 15:16:59,009 - INFO - 开始交叉验证股票信息: 603069 - 海汽集团
2025-06-18 15:16:59,009 - INFO - 使用 akshare 验证股票信息: 603069
2025-06-18 15:16:59,009 - INFO - 正在从AKShare加载A股股票列表...
2025-06-18 15:16:59,322 - ERROR - AKShare加载失败: HTTPSConnectionPool(host='82.push2.eastmoney.com', port=443): Max retries exceeded with url: /api/qt/clist/get?pn=1&pz=100&po=1&np=1&ut=bd1d9ddb04089700cf9c27f6f7426281&fltt=2&invt=2&fid=f12&fs=m%3A0+t%3A6%2Cm%3A0+t%3A80%2Cm%3A1+t%3A2%2Cm%3A1+t%3A23%2Cm%3A0+t%3A81+s%3A2048&fields=f1%2Cf2%2Cf3%2Cf4%2Cf5%2Cf6%2Cf7%2Cf8%2Cf9%2Cf10%2Cf12%2Cf13%2Cf14%2Cf15%2Cf16%2Cf17%2Cf18%2Cf20%2Cf21%2Cf23%2Cf24%2Cf25%2Cf22%2Cf11%2Cf62%2Cf128%2Cf136%2Cf115%2Cf152 (Caused by ProxyError('Unable to connect to proxy', RemoteDisconnected('Remote end closed connection without response')))
2025-06-18 15:16:59,322 - WARNING - akshare 验证失败: HTTPSConnectionPool(host='82.push2.eastmoney.com', port=443): Max retries exceeded with url: /api/qt/clist/get?pn=1&pz=100&po=1&np=1&ut=bd1d9ddb04089700cf9c27f6f7426281&fltt=2&invt=2&fid=f12&fs=m%3A0+t%3A6%2Cm%3A0+t%3A80%2Cm%3A1+t%3A2%2Cm%3A1+t%3A23%2Cm%3A0+t%3A81+s%3A2048&fields=f1%2Cf2%2Cf3%2Cf4%2Cf5%2Cf6%2Cf7%2Cf8%2Cf9%2Cf10%2Cf12%2Cf13%2Cf14%2Cf15%2Cf16%2Cf17%2Cf18%2Cf20%2Cf21%2Cf23%2Cf24%2Cf25%2Cf22%2Cf11%2Cf62%2Cf128%2Cf136%2Cf115%2Cf152 (Caused by ProxyError('Unable to connect to proxy', RemoteDisconnected('Remote end closed connection without response')))
2025-06-18 15:16:59,823 - INFO - 使用 sina 验证股票信息: 603069
2025-06-18 15:16:59,823 - INFO - 正在从新浪财经加载A股股票列表...
2025-06-18 15:16:59,823 - INFO - 正在获取股票代码列表...
2025-06-18 15:16:59,824 - INFO - 加载离线股票数据: data\stock_list_latest.csv
2025-06-18 15:16:59,845 - INFO - 股票代码列转换完成，样本: ['000001', '000002', '000003', '000004', '000005']
2025-06-18 15:16:59,850 - INFO - 数据转换完成，共 5722 只股票，列名: ['代码', '名称', '最新价', '涨跌幅', '涨跌额', '成交量', '成交额', '市盈率-动态', '市净率', '总市值', '流通市值', '清理名称']
2025-06-18 15:16:59,851 - INFO - 使用离线股票数据，共 5722 只股票
2025-06-18 15:16:59,853 - INFO - 获取到 5722 个股票代码，开始从新浪获取实时数据...
2025-06-18 15:17:01,239 - WARNING - 新浪财经未获取到有效数据，回退到本地数据源
2025-06-18 15:17:01,239 - INFO - 正在从本地数据源加载A股股票列表...
2025-06-18 15:17:01,240 - INFO - 加载离线股票数据: data\stock_list_latest.csv
2025-06-18 15:17:01,263 - INFO - 股票代码列转换完成，样本: ['000001', '000002', '000003', '000004', '000005']
2025-06-18 15:17:01,269 - INFO - 数据转换完成，共 5722 只股票，列名: ['代码', '名称', '最新价', '涨跌幅', '涨跌额', '成交量', '成交额', '市盈率-动态', '市净率', '总市值', '流通市值', '清理名称']
2025-06-18 15:17:01,270 - INFO - 使用离线股票数据，共 5722 只股票
2025-06-18 15:17:01,271 - INFO - 本地数据源成功加载 5722 只股票信息
2025-06-18 15:17:01,772 - INFO - 使用 tencent 验证股票信息: 603069
2025-06-18 15:17:01,773 - INFO - 正在从腾讯财经加载A股股票列表...
2025-06-18 15:17:01,773 - INFO - 加载离线股票数据: data\stock_list_latest.csv
2025-06-18 15:17:01,795 - INFO - 股票代码列转换完成，样本: ['000001', '000002', '000003', '000004', '000005']
2025-06-18 15:17:01,801 - INFO - 数据转换完成，共 5722 只股票，列名: ['代码', '名称', '最新价', '涨跌幅', '涨跌额', '成交量', '成交额', '市盈率-动态', '市净率', '总市值', '流通市值', '清理名称']
2025-06-18 15:17:01,802 - INFO - 使用离线股票数据，共 5722 只股票
2025-06-18 15:17:01,804 - INFO - 获取到 5722 个股票代码，开始从腾讯获取实时数据...
2025-06-18 15:17:03,774 - INFO - 已处理 1000 / 5722 只股票
2025-06-18 15:17:05,763 - INFO - 已处理 2000 / 5722 只股票
2025-06-18 15:17:07,765 - INFO - 已处理 3000 / 5722 只股票
2025-06-18 15:17:09,786 - INFO - 已处理 4000 / 5722 只股票
2025-06-18 15:17:11,891 - INFO - 已处理 5000 / 5722 只股票
2025-06-18 15:17:13,638 - INFO - 腾讯财经成功加载 5450 只股票信息
2025-06-18 15:17:14,142 - INFO - 使用 eastmoney 验证股票信息: 603069
2025-06-18 15:17:14,142 - INFO - 正在从东方财富加载A股股票列表...
2025-06-18 15:17:14,170 - WARNING - 东方财富API请求失败: 502
2025-06-18 15:17:14,170 - INFO - 回退到本地数据源
2025-06-18 15:17:14,171 - INFO - 正在从本地数据源加载A股股票列表...
2025-06-18 15:17:14,171 - INFO - 加载离线股票数据: data\stock_list_latest.csv
2025-06-18 15:17:14,204 - INFO - 股票代码列转换完成，样本: ['000001', '000002', '000003', '000004', '000005']
2025-06-18 15:17:14,214 - INFO - 数据转换完成，共 5722 只股票，列名: ['代码', '名称', '最新价', '涨跌幅', '涨跌额', '成交量', '成交额', '市盈率-动态', '市净率', '总市值', '流通市值', '清理名称']
2025-06-18 15:17:14,214 - INFO - 使用离线股票数据，共 5722 只股票
2025-06-18 15:17:14,215 - INFO - 本地数据源成功加载 5722 只股票信息
2025-06-18 15:17:14,820 - INFO - 处理第 12/13 行: '603215
2025-06-18 15:17:14,821 - INFO - 开始交叉验证股票信息: 603215 - N比依
2025-06-18 15:17:14,821 - INFO - 使用 akshare 验证股票信息: 603215
2025-06-18 15:17:14,821 - INFO - 正在从AKShare加载A股股票列表...
2025-06-18 15:17:14,862 - ERROR - AKShare加载失败: HTTPSConnectionPool(host='82.push2.eastmoney.com', port=443): Max retries exceeded with url: /api/qt/clist/get?pn=1&pz=100&po=1&np=1&ut=bd1d9ddb04089700cf9c27f6f7426281&fltt=2&invt=2&fid=f12&fs=m%3A0+t%3A6%2Cm%3A0+t%3A80%2Cm%3A1+t%3A2%2Cm%3A1+t%3A23%2Cm%3A0+t%3A81+s%3A2048&fields=f1%2Cf2%2Cf3%2Cf4%2Cf5%2Cf6%2Cf7%2Cf8%2Cf9%2Cf10%2Cf12%2Cf13%2Cf14%2Cf15%2Cf16%2Cf17%2Cf18%2Cf20%2Cf21%2Cf23%2Cf24%2Cf25%2Cf22%2Cf11%2Cf62%2Cf128%2Cf136%2Cf115%2Cf152 (Caused by ProxyError('Unable to connect to proxy', RemoteDisconnected('Remote end closed connection without response')))
2025-06-18 15:17:14,862 - WARNING - akshare 验证失败: HTTPSConnectionPool(host='82.push2.eastmoney.com', port=443): Max retries exceeded with url: /api/qt/clist/get?pn=1&pz=100&po=1&np=1&ut=bd1d9ddb04089700cf9c27f6f7426281&fltt=2&invt=2&fid=f12&fs=m%3A0+t%3A6%2Cm%3A0+t%3A80%2Cm%3A1+t%3A2%2Cm%3A1+t%3A23%2Cm%3A0+t%3A81+s%3A2048&fields=f1%2Cf2%2Cf3%2Cf4%2Cf5%2Cf6%2Cf7%2Cf8%2Cf9%2Cf10%2Cf12%2Cf13%2Cf14%2Cf15%2Cf16%2Cf17%2Cf18%2Cf20%2Cf21%2Cf23%2Cf24%2Cf25%2Cf22%2Cf11%2Cf62%2Cf128%2Cf136%2Cf115%2Cf152 (Caused by ProxyError('Unable to connect to proxy', RemoteDisconnected('Remote end closed connection without response')))
2025-06-18 15:17:15,363 - INFO - 使用 sina 验证股票信息: 603215
2025-06-18 15:17:15,363 - INFO - 正在从新浪财经加载A股股票列表...
2025-06-18 15:17:15,364 - INFO - 正在获取股票代码列表...
2025-06-18 15:17:15,364 - INFO - 加载离线股票数据: data\stock_list_latest.csv
2025-06-18 15:17:15,386 - INFO - 股票代码列转换完成，样本: ['000001', '000002', '000003', '000004', '000005']
2025-06-18 15:17:15,391 - INFO - 数据转换完成，共 5722 只股票，列名: ['代码', '名称', '最新价', '涨跌幅', '涨跌额', '成交量', '成交额', '市盈率-动态', '市净率', '总市值', '流通市值', '清理名称']
2025-06-18 15:17:15,392 - INFO - 使用离线股票数据，共 5722 只股票
2025-06-18 15:17:15,393 - INFO - 获取到 5722 个股票代码，开始从新浪获取实时数据...
2025-06-18 15:17:16,804 - WARNING - 新浪财经未获取到有效数据，回退到本地数据源
2025-06-18 15:17:16,804 - INFO - 正在从本地数据源加载A股股票列表...
2025-06-18 15:17:16,805 - INFO - 加载离线股票数据: data\stock_list_latest.csv
2025-06-18 15:17:16,826 - INFO - 股票代码列转换完成，样本: ['000001', '000002', '000003', '000004', '000005']
2025-06-18 15:17:16,831 - INFO - 数据转换完成，共 5722 只股票，列名: ['代码', '名称', '最新价', '涨跌幅', '涨跌额', '成交量', '成交额', '市盈率-动态', '市净率', '总市值', '流通市值', '清理名称']
2025-06-18 15:17:16,831 - INFO - 使用离线股票数据，共 5722 只股票
2025-06-18 15:17:16,832 - INFO - 本地数据源成功加载 5722 只股票信息
2025-06-18 15:17:17,334 - INFO - 使用 tencent 验证股票信息: 603215
2025-06-18 15:17:17,335 - INFO - 正在从腾讯财经加载A股股票列表...
2025-06-18 15:17:17,336 - INFO - 加载离线股票数据: data\stock_list_latest.csv
2025-06-18 15:17:17,358 - INFO - 股票代码列转换完成，样本: ['000001', '000002', '000003', '000004', '000005']
2025-06-18 15:17:17,363 - INFO - 数据转换完成，共 5722 只股票，列名: ['代码', '名称', '最新价', '涨跌幅', '涨跌额', '成交量', '成交额', '市盈率-动态', '市净率', '总市值', '流通市值', '清理名称']
2025-06-18 15:17:17,363 - INFO - 使用离线股票数据，共 5722 只股票
2025-06-18 15:17:17,364 - INFO - 获取到 5722 个股票代码，开始从腾讯获取实时数据...
2025-06-18 15:17:19,371 - INFO - 已处理 1000 / 5722 只股票
2025-06-18 15:17:21,365 - INFO - 已处理 2000 / 5722 只股票
2025-06-18 15:17:23,321 - INFO - 已处理 3000 / 5722 只股票
2025-06-18 15:17:25,316 - INFO - 已处理 4000 / 5722 只股票
2025-06-18 15:17:27,303 - INFO - 已处理 5000 / 5722 只股票
2025-06-18 15:17:28,777 - INFO - 腾讯财经成功加载 5450 只股票信息
2025-06-18 15:17:29,280 - INFO - 使用 eastmoney 验证股票信息: 603215
2025-06-18 15:17:29,281 - INFO - 正在从东方财富加载A股股票列表...
2025-06-18 15:17:29,317 - WARNING - 东方财富API请求失败: 502
2025-06-18 15:17:29,318 - INFO - 回退到本地数据源
2025-06-18 15:17:29,318 - INFO - 正在从本地数据源加载A股股票列表...
2025-06-18 15:17:29,319 - INFO - 加载离线股票数据: data\stock_list_latest.csv
2025-06-18 15:17:29,340 - INFO - 股票代码列转换完成，样本: ['000001', '000002', '000003', '000004', '000005']
2025-06-18 15:17:29,344 - INFO - 数据转换完成，共 5722 只股票，列名: ['代码', '名称', '最新价', '涨跌幅', '涨跌额', '成交量', '成交额', '市盈率-动态', '市净率', '总市值', '流通市值', '清理名称']
2025-06-18 15:17:29,345 - INFO - 使用离线股票数据，共 5722 只股票
2025-06-18 15:17:29,346 - INFO - 本地数据源成功加载 5722 只股票信息
2025-06-18 15:17:29,949 - INFO - 处理第 13/13 行: '688151
2025-06-18 15:17:29,951 - INFO - 开始交叉验证股票信息: 688151 - 华强科技
2025-06-18 15:17:29,951 - INFO - 使用 akshare 验证股票信息: 688151
2025-06-18 15:17:29,951 - INFO - 正在从AKShare加载A股股票列表...
2025-06-18 15:17:30,002 - ERROR - AKShare加载失败: HTTPSConnectionPool(host='82.push2.eastmoney.com', port=443): Max retries exceeded with url: /api/qt/clist/get?pn=1&pz=100&po=1&np=1&ut=bd1d9ddb04089700cf9c27f6f7426281&fltt=2&invt=2&fid=f12&fs=m%3A0+t%3A6%2Cm%3A0+t%3A80%2Cm%3A1+t%3A2%2Cm%3A1+t%3A23%2Cm%3A0+t%3A81+s%3A2048&fields=f1%2Cf2%2Cf3%2Cf4%2Cf5%2Cf6%2Cf7%2Cf8%2Cf9%2Cf10%2Cf12%2Cf13%2Cf14%2Cf15%2Cf16%2Cf17%2Cf18%2Cf20%2Cf21%2Cf23%2Cf24%2Cf25%2Cf22%2Cf11%2Cf62%2Cf128%2Cf136%2Cf115%2Cf152 (Caused by ProxyError('Unable to connect to proxy', RemoteDisconnected('Remote end closed connection without response')))
2025-06-18 15:17:30,002 - WARNING - akshare 验证失败: HTTPSConnectionPool(host='82.push2.eastmoney.com', port=443): Max retries exceeded with url: /api/qt/clist/get?pn=1&pz=100&po=1&np=1&ut=bd1d9ddb04089700cf9c27f6f7426281&fltt=2&invt=2&fid=f12&fs=m%3A0+t%3A6%2Cm%3A0+t%3A80%2Cm%3A1+t%3A2%2Cm%3A1+t%3A23%2Cm%3A0+t%3A81+s%3A2048&fields=f1%2Cf2%2Cf3%2Cf4%2Cf5%2Cf6%2Cf7%2Cf8%2Cf9%2Cf10%2Cf12%2Cf13%2Cf14%2Cf15%2Cf16%2Cf17%2Cf18%2Cf20%2Cf21%2Cf23%2Cf24%2Cf25%2Cf22%2Cf11%2Cf62%2Cf128%2Cf136%2Cf115%2Cf152 (Caused by ProxyError('Unable to connect to proxy', RemoteDisconnected('Remote end closed connection without response')))
2025-06-18 15:17:30,503 - INFO - 使用 sina 验证股票信息: 688151
2025-06-18 15:17:30,503 - INFO - 正在从新浪财经加载A股股票列表...
2025-06-18 15:17:30,503 - INFO - 正在获取股票代码列表...
2025-06-18 15:17:30,504 - INFO - 加载离线股票数据: data\stock_list_latest.csv
2025-06-18 15:17:30,526 - INFO - 股票代码列转换完成，样本: ['000001', '000002', '000003', '000004', '000005']
2025-06-18 15:17:30,531 - INFO - 数据转换完成，共 5722 只股票，列名: ['代码', '名称', '最新价', '涨跌幅', '涨跌额', '成交量', '成交额', '市盈率-动态', '市净率', '总市值', '流通市值', '清理名称']
2025-06-18 15:17:30,531 - INFO - 使用离线股票数据，共 5722 只股票
2025-06-18 15:17:30,532 - INFO - 获取到 5722 个股票代码，开始从新浪获取实时数据...
2025-06-18 15:17:31,929 - WARNING - 新浪财经未获取到有效数据，回退到本地数据源
2025-06-18 15:17:31,929 - INFO - 正在从本地数据源加载A股股票列表...
2025-06-18 15:17:31,930 - INFO - 加载离线股票数据: data\stock_list_latest.csv
2025-06-18 15:17:31,963 - INFO - 股票代码列转换完成，样本: ['000001', '000002', '000003', '000004', '000005']
2025-06-18 15:17:31,971 - INFO - 数据转换完成，共 5722 只股票，列名: ['代码', '名称', '最新价', '涨跌幅', '涨跌额', '成交量', '成交额', '市盈率-动态', '市净率', '总市值', '流通市值', '清理名称']
2025-06-18 15:17:31,972 - INFO - 使用离线股票数据，共 5722 只股票
2025-06-18 15:17:31,973 - INFO - 本地数据源成功加载 5722 只股票信息
2025-06-18 15:17:32,476 - INFO - 使用 tencent 验证股票信息: 688151
2025-06-18 15:17:32,476 - INFO - 正在从腾讯财经加载A股股票列表...
2025-06-18 15:17:32,477 - INFO - 加载离线股票数据: data\stock_list_latest.csv
2025-06-18 15:17:32,496 - INFO - 股票代码列转换完成，样本: ['000001', '000002', '000003', '000004', '000005']
2025-06-18 15:17:32,504 - INFO - 数据转换完成，共 5722 只股票，列名: ['代码', '名称', '最新价', '涨跌幅', '涨跌额', '成交量', '成交额', '市盈率-动态', '市净率', '总市值', '流通市值', '清理名称']
2025-06-18 15:17:32,504 - INFO - 使用离线股票数据，共 5722 只股票
2025-06-18 15:17:32,505 - INFO - 获取到 5722 个股票代码，开始从腾讯获取实时数据...
2025-06-18 15:17:34,500 - INFO - 已处理 1000 / 5722 只股票
2025-06-18 15:17:36,461 - INFO - 已处理 2000 / 5722 只股票
2025-06-18 15:17:38,438 - INFO - 已处理 3000 / 5722 只股票
2025-06-18 15:17:40,440 - INFO - 已处理 4000 / 5722 只股票
2025-06-18 15:17:42,430 - INFO - 已处理 5000 / 5722 只股票
2025-06-18 15:17:43,923 - INFO - 腾讯财经成功加载 5450 只股票信息
2025-06-18 15:17:44,426 - INFO - 使用 eastmoney 验证股票信息: 688151
2025-06-18 15:17:44,427 - INFO - 正在从东方财富加载A股股票列表...
2025-06-18 15:17:44,449 - WARNING - 东方财富API请求失败: 502
2025-06-18 15:17:44,449 - INFO - 回退到本地数据源
2025-06-18 15:17:44,449 - INFO - 正在从本地数据源加载A股股票列表...
2025-06-18 15:17:44,449 - INFO - 加载离线股票数据: data\stock_list_latest.csv
2025-06-18 15:17:44,474 - INFO - 股票代码列转换完成，样本: ['000001', '000002', '000003', '000004', '000005']
2025-06-18 15:17:44,479 - INFO - 数据转换完成，共 5722 只股票，列名: ['代码', '名称', '最新价', '涨跌幅', '涨跌额', '成交量', '成交额', '市盈率-动态', '市净率', '总市值', '流通市值', '清理名称']
2025-06-18 15:17:44,480 - INFO - 使用离线股票数据，共 5722 只股票
2025-06-18 15:17:44,481 - INFO - 本地数据源成功加载 5722 只股票信息
2025-06-18 15:17:45,088 - INFO - 验证保存的数据格式...
2025-06-18 15:17:45,091 - INFO - 验证结果 - 标准化代码样本: ['000798', '002208', '300457', '300479', '301176']
2025-06-18 15:17:45,091 - INFO - 验证结果 - 股票代码样本: ['000798', '002208', '300457', '300479', '301176']
2025-06-18 15:17:45,092 - INFO - 代码补全结果已保存到: result\stock_completion_20250618_151423.csv
2025-06-18 15:17:45,093 - INFO - 补全统计:
2025-06-18 15:17:45,093 - INFO -   总数: 13
2025-06-18 15:17:45,093 - INFO -   成功补全: 13 (100.0%)
2025-06-18 15:17:45,093 - INFO -   格式无效: 0 (0.0%)
2025-06-18 15:17:45,094 - INFO -   代码不存在: 0 (0.0%)
2025-06-18 15:17:45,097 - INFO - 处理完成: 13/13 成功
2025-06-18 15:17:45,098 - INFO - 127.0.0.1 - - [18/Jun/2025 15:17:45] "POST /process HTTP/1.1" 200 -
2025-06-18 15:18:12,299 - INFO - 文件下载: stock_completion_20250618_151423.csv (14469 bytes)
2025-06-18 15:18:12,299 - INFO - 127.0.0.1 - - [18/Jun/2025 15:18:12] "GET /download/stock_completion_20250618_151423.csv HTTP/1.1" 200 -
2025-06-18 15:21:04,209 - INFO - 文件下载: stock_completion_20250618_151423.csv (14469 bytes)
2025-06-18 15:21:04,209 - INFO - 127.0.0.1 - - [18/Jun/2025 15:21:04] "GET /download/stock_completion_20250618_151423.csv HTTP/1.1" 200 -
