2025-06-16 15:22:28,952 - INFO - 正在加载A股股票列表...
2025-06-16 15:22:37,132 - INFO - 成功加载 5724 只股票信息
2025-06-16 15:22:37,143 - INFO - 正在读取Excel文件: example_stock_codes.csv
2025-06-16 15:22:37,146 - INFO - 成功读取文件，共 45 行数据
2025-06-16 15:22:37,146 - INFO - 列名: ['股票代码', '参考价格']
2025-06-16 15:22:37,146 - INFO - 使用股票名称列: 股票代码
2025-06-16 15:22:37,146 - INFO - 使用价格列: 参考价格
2025-06-16 15:22:37,146 - INFO - 使用股票代码列: 股票代码
2025-06-16 15:22:37,149 - INFO - 检测到股票代码列，将使用代码补全模式
2025-06-16 15:22:37,150 - INFO - 处理后有效数据: 45 行
2025-06-16 15:22:37,150 - INFO - 开始进行股票代码补全...
2025-06-16 15:22:37,150 - INFO - 处理第 1/45 行: 000852	6.87
2025-06-16 15:22:37,151 - WARNING - 股票代码格式无效: 000852	6.87
2025-06-16 15:22:37,252 - INFO - 处理第 2/45 行: 002208	8.47
2025-06-16 15:22:37,252 - WARNING - 股票代码格式无效: 002208	8.47
2025-06-16 15:22:37,353 - INFO - 处理第 3/45 行: 002237	7.96
2025-06-16 15:22:37,353 - WARNING - 股票代码格式无效: 002237	7.96
2025-06-16 15:22:37,453 - INFO - 处理第 4/45 行: 003023	7.49
2025-06-16 15:22:37,453 - WARNING - 股票代码格式无效: 003023	7.49
2025-06-16 15:22:37,554 - INFO - 处理第 5/45 行: 003029	7.87
2025-06-16 15:22:37,554 - WARNING - 股票代码格式无效: 003029	7.87
2025-06-16 15:22:37,656 - INFO - 处理第 6/45 行: 300099	49.64
2025-06-16 15:22:37,656 - WARNING - 股票代码格式无效: 300099	49.64
2025-06-16 15:22:37,756 - INFO - 处理第 7/45 行: 301223	22.3
2025-06-16 15:22:37,756 - WARNING - 股票代码格式无效: 301223	22.3
2025-06-16 15:22:37,858 - INFO - 处理第 8/45 行: 600727	11.49
2025-06-16 15:22:37,858 - WARNING - 股票代码格式无效: 600727	11.49
2025-06-16 15:22:37,959 - INFO - 处理第 9/45 行: 603619	20.42
2025-06-16 15:22:37,959 - WARNING - 股票代码格式无效: 603619	20.42
2025-06-16 15:22:38,060 - INFO - 处理第 10/45 行: 688297	26.51
2025-06-16 15:22:38,060 - WARNING - 股票代码格式无效: 688297	26.51
2025-06-16 15:22:38,161 - INFO - 处理第 11/45 行: 688658	7.29
2025-06-16 15:22:38,161 - WARNING - 股票代码格式无效: 688658	7.29
2025-06-16 15:22:38,262 - INFO - 处理第 12/45 行: 000852	6.87
2025-06-16 15:22:38,262 - WARNING - 股票代码格式无效: 000852	6.87
2025-06-16 15:22:38,362 - INFO - 处理第 13/45 行: 000905	8.47
2025-06-16 15:22:38,363 - WARNING - 股票代码格式无效: 000905	8.47
2025-06-16 15:22:38,464 - INFO - 处理第 14/45 行: 002097	7.96
2025-06-16 15:22:38,465 - WARNING - 股票代码格式无效: 002097	7.96
2025-06-16 15:22:38,566 - INFO - 处理第 15/45 行: 002208	7.49
2025-06-16 15:22:38,567 - WARNING - 股票代码格式无效: 002208	7.49
2025-06-16 15:22:38,668 - INFO - 处理第 16/45 行: 002339	7.87
2025-06-16 15:22:38,668 - WARNING - 股票代码格式无效: 002339	7.87
2025-06-16 15:22:38,769 - INFO - 处理第 17/45 行: 002352	49.64
2025-06-16 15:22:38,769 - WARNING - 股票代码格式无效: 002352	49.64
2025-06-16 15:22:38,870 - INFO - 处理第 18/45 行: 002952	22.3
2025-06-16 15:22:38,870 - WARNING - 股票代码格式无效: 002952	22.3
2025-06-16 15:22:38,971 - INFO - 处理第 19/45 行: 003018	11.49
2025-06-16 15:22:38,971 - WARNING - 股票代码格式无效: 003018	11.49
2025-06-16 15:22:39,072 - INFO - 处理第 20/45 行: 003023	20.42
2025-06-16 15:22:39,072 - WARNING - 股票代码格式无效: 003023	20.42
2025-06-16 15:22:39,174 - INFO - 处理第 21/45 行: 003029	26.51
2025-06-16 15:22:39,174 - WARNING - 股票代码格式无效: 003029	26.51
2025-06-16 15:22:39,274 - INFO - 处理第 22/45 行: 300099	7.29
2025-06-16 15:22:39,275 - WARNING - 股票代码格式无效: 300099	7.29
2025-06-16 15:22:39,376 - INFO - 处理第 23/45 行: 300516	34.61
2025-06-16 15:22:39,376 - WARNING - 股票代码格式无效: 300516	34.61
2025-06-16 15:22:39,477 - INFO - 处理第 24/45 行: 300564	14.96
2025-06-16 15:22:39,477 - WARNING - 股票代码格式无效: 300564	14.96
2025-06-16 15:22:39,578 - INFO - 处理第 25/45 行: 300930	27.72
2025-06-16 15:22:39,578 - WARNING - 股票代码格式无效: 300930	27.72
2025-06-16 15:22:39,679 - INFO - 处理第 26/45 行: 300962	18.32
2025-06-16 15:22:39,680 - WARNING - 股票代码格式无效: 300962	18.32
2025-06-16 15:22:39,781 - INFO - 处理第 27/45 行: 301042	39.01
2025-06-16 15:22:39,781 - WARNING - 股票代码格式无效: 301042	39.01
2025-06-16 15:22:39,882 - INFO - 处理第 28/45 行: 301176	17.99
2025-06-16 15:22:39,882 - WARNING - 股票代码格式无效: 301176	17.99
2025-06-16 15:22:39,983 - INFO - 处理第 29/45 行: 301223	17.88
2025-06-16 15:22:39,984 - WARNING - 股票代码格式无效: 301223	17.88
2025-06-16 15:22:40,084 - INFO - 处理第 30/45 行: 301234	30.26
2025-06-16 15:22:40,084 - WARNING - 股票代码格式无效: 301234	30.26
2025-06-16 15:22:40,185 - INFO - 处理第 31/45 行: 600095	8.84
2025-06-16 15:22:40,185 - WARNING - 股票代码格式无效: 600095	8.84
2025-06-16 15:22:40,286 - INFO - 处理第 32/45 行: 600111	25.36
2025-06-16 15:22:40,287 - WARNING - 股票代码格式无效: 600111	25.36
2025-06-16 15:22:40,388 - INFO - 处理第 33/45 行: 600458	12.75
2025-06-16 15:22:40,388 - WARNING - 股票代码格式无效: 600458	12.75
2025-06-16 15:22:40,488 - INFO - 处理第 34/45 行: 600470	6.25
2025-06-16 15:22:40,489 - WARNING - 股票代码格式无效: 600470	6.25
2025-06-16 15:22:40,590 - INFO - 处理第 35/45 行: 600549	20.95
2025-06-16 15:22:40,590 - WARNING - 股票代码格式无效: 600549	20.95
2025-06-16 15:22:40,691 - INFO - 处理第 36/45 行: 600685	25.15
2025-06-16 15:22:40,692 - WARNING - 股票代码格式无效: 600685	25.15
2025-06-16 15:22:40,792 - INFO - 处理第 37/45 行: 600727	8
2025-06-16 15:22:40,793 - WARNING - 股票代码格式无效: 600727	8
2025-06-16 15:22:40,893 - INFO - 处理第 38/45 行: 600784	6.38
2025-06-16 15:22:40,893 - WARNING - 股票代码格式无效: 600784	6.38
2025-06-16 15:22:40,995 - INFO - 处理第 39/45 行: 601059	16.13
2025-06-16 15:22:40,995 - WARNING - 股票代码格式无效: 601059	16.13
2025-06-16 15:22:41,096 - INFO - 处理第 40/45 行: 601555	8.69
2025-06-16 15:22:41,096 - WARNING - 股票代码格式无效: 601555	8.69
2025-06-16 15:22:41,196 - INFO - 处理第 41/45 行: 603619	21.6
2025-06-16 15:22:41,197 - WARNING - 股票代码格式无效: 603619	21.6
2025-06-16 15:22:41,298 - INFO - 处理第 42/45 行: 605056	15.16
2025-06-16 15:22:41,299 - WARNING - 股票代码格式无效: 605056	15.16
2025-06-16 15:22:41,399 - INFO - 处理第 43/45 行: 605058	25.49
2025-06-16 15:22:41,399 - WARNING - 股票代码格式无效: 605058	25.49
2025-06-16 15:22:41,500 - INFO - 处理第 44/45 行: 688297	49.88
2025-06-16 15:22:41,500 - WARNING - 股票代码格式无效: 688297	49.88
2025-06-16 15:22:41,601 - INFO - 处理第 45/45 行: 688658	19.16
2025-06-16 15:22:41,601 - WARNING - 股票代码格式无效: 688658	19.16
2025-06-16 15:22:41,704 - INFO - 代码补全结果已保存到: stock_code_completion_20250616_152241.csv
2025-06-16 15:22:41,705 - INFO - 补全统计:
2025-06-16 15:22:41,705 - INFO -   总数: 45
2025-06-16 15:22:41,705 - INFO -   成功补全: 0 (0.0%)
2025-06-16 15:22:41,705 - INFO -   格式无效: 45 (100.0%)
2025-06-16 15:22:41,705 - INFO -   代码不存在: 0 (0.0%)
