2025-06-18 14:28:42,833 - WARNING -  * Debugger is active!
2025-06-18 14:28:42,836 - INFO -  * Debugger PIN: 678-550-451
2025-06-18 14:32:05,666 - INFO - 127.0.0.1 - - [18/Jun/2025 14:32:05] "GET / HTTP/1.1" 200 -
2025-06-18 14:32:05,746 - INFO - 127.0.0.1 - - [18/Jun/2025 14:32:05] "GET /static/app.js HTTP/1.1" 200 -
2025-06-18 14:32:07,019 - INFO - ʹ akshare AɹƱб...
2025-06-18 14:32:07,019 - INFO - ڴAKShareAɹƱб...
2025-06-18 14:32:07,229 - INFO - 127.0.0.1 - - [18/Jun/2025 14:32:07] "[33mGET /favicon.ico HTTP/1.1[0m" 404 -
2025-06-18 14:32:11,942 - INFO - ⵽ļʽ: csv
2025-06-18 14:32:11,958 - INFO - CSVļȡɹ: =utf-8-sig, ָ=','
2025-06-18 14:32:11,967 - INFO - 127.0.0.1 - - [18/Jun/2025 14:32:11] "POST /upload HTTP/1.1" 200 -
2025-06-18 14:32:16,809 - INFO - ʼļ: 20250618_143211_20250617174424.csv
2025-06-18 14:32:16,810 - INFO - ʹAPIԴ: local
2025-06-18 14:32:16,810 - INFO - : Ʊ, ۸: ۸
2025-06-18 14:32:16,814 - INFO - ߹Ʊ: data\stock_list_latest.csv
2025-06-18 14:32:16,838 - INFO - Ʊתɣ: ['000001', '000002', '000003', '000004', '000005']
2025-06-18 14:32:16,843 - INFO - תɣ 5722 ֻƱ: ['', '', '¼', 'ǵ', 'ǵ', 'ɽ', 'ɽ', 'ӯ-̬', 'о', 'ֵ', 'ֵͨ', '']
2025-06-18 14:32:16,843 - INFO - ʹ߹Ʊݣ 5722 ֻƱ
2025-06-18 14:32:16,844 - INFO - WebӦüعƱ: 5722 ֻƱ
2025-06-18 14:32:16,845 - INFO - WebӦ֤ɹ: 000037 -> ϵA
2025-06-18 14:32:16,847 - INFO - WebӦ֤ɹ: 000603 -> ʢԴ
2025-06-18 14:32:16,848 - INFO - WebӦ֤ɹ: 000798 -> ˮҵ
2025-06-18 14:32:16,848 - INFO - ʹ local AɹƱб...
2025-06-18 14:32:16,848 - INFO - ڴӱԴAɹƱб...
2025-06-18 14:32:16,849 - INFO - ߹Ʊ: data\stock_list_latest.csv
2025-06-18 14:32:16,874 - INFO - Ʊתɣ: ['000001', '000002', '000003', '000004', '000005']
2025-06-18 14:32:16,880 - INFO - תɣ 5722 ֻƱ: ['', '', '¼', 'ǵ', 'ǵ', 'ɽ', 'ɽ', 'ӯ-̬', 'о', 'ֵ', 'ֵͨ', '']
2025-06-18 14:32:16,881 - INFO - ʹ߹Ʊݣ 5722 ֻƱ
2025-06-18 14:32:16,882 - INFO - Դɹ 5722 ֻƱϢ
2025-06-18 14:32:16,883 - INFO - ɹ 5722 ֻƱϢ
2025-06-18 14:32:16,893 - INFO - WebӦƥƱѸ: 5722 ֻƱ
2025-06-18 14:32:16,893 - INFO - ڶȡļ: uploads\20250618_143211_20250617174424.csv
2025-06-18 14:32:16,894 - INFO - ⵽ļʽ: csv
2025-06-18 14:32:16,896 - INFO - CSVļȡɹ: =utf-8-sig, ָ=','
2025-06-18 14:32:16,896 - INFO - ɹȡļ 5 
2025-06-18 14:32:16,897 - INFO - : ['Ʊ', 'ѡʱ', '۸', '', 'ֹӯ۸', 'ֹ۸']
2025-06-18 14:32:16,897 - INFO - ʹùƱ: Ʊ
2025-06-18 14:32:16,897 - INFO - ʹü۸: ۸
2025-06-18 14:32:16,897 - INFO - ʹùƱ: Ʊ
2025-06-18 14:32:16,899 - INFO - ⵽ƱУʹô벹ȫģʽ
2025-06-18 14:32:16,900 - INFO - Ч: 5 
2025-06-18 14:32:16,901 - INFO - ʼйƱ벹ȫ...
2025-06-18 14:32:16,901 - INFO -  1/5 : '000543
2025-06-18 14:32:16,902 - INFO - ʼ֤ƱϢ: 000543 - ܵ
2025-06-18 14:32:16,902 - INFO - ʹ akshare ֤ƱϢ: 000543
2025-06-18 14:32:16,902 - INFO - ڴAKShareAɹƱб...
2025-06-18 14:32:17,949 - INFO - AKShareɹ 5724 ֻƱϢ
2025-06-18 14:32:17,949 - INFO - ɹ 5724 ֻƱϢ
2025-06-18 14:32:17,961 - INFO - 127.0.0.1 - - [18/Jun/2025 14:32:17] "GET /api/status HTTP/1.1" 200 -
2025-06-18 14:32:26,134 - INFO - AKShareɹ 5724 ֻƱϢ
2025-06-18 14:32:26,637 - INFO - ʹ sina ֤ƱϢ: 000543
2025-06-18 14:32:26,637 - INFO - ڴ˲ƾAɹƱб...
2025-06-18 14:32:26,637 - INFO - ڻȡƱб...
2025-06-18 14:32:26,637 - INFO - ߹Ʊ: data\stock_list_latest.csv
2025-06-18 14:32:26,659 - INFO - Ʊתɣ: ['000001', '000002', '000003', '000004', '000005']
2025-06-18 14:32:26,665 - INFO - תɣ 5722 ֻƱ: ['', '', '¼', 'ǵ', 'ǵ', 'ɽ', 'ɽ', 'ӯ-̬', 'о', 'ֵ', 'ֵͨ', '']
2025-06-18 14:32:26,665 - INFO - ʹ߹Ʊݣ 5722 ֻƱ
2025-06-18 14:32:26,666 - INFO - ȡ 5722 Ʊ룬ʼ˻ȡʵʱ...
2025-06-18 14:32:28,054 - WARNING - ˲ƾδȡЧݣ˵Դ
2025-06-18 14:32:28,054 - INFO - ڴӱԴAɹƱб...
2025-06-18 14:32:28,055 - INFO - ߹Ʊ: data\stock_list_latest.csv
2025-06-18 14:32:28,075 - INFO - Ʊתɣ: ['000001', '000002', '000003', '000004', '000005']
2025-06-18 14:32:28,081 - INFO - תɣ 5722 ֻƱ: ['', '', '¼', 'ǵ', 'ǵ', 'ɽ', 'ɽ', 'ӯ-̬', 'о', 'ֵ', 'ֵͨ', '']
2025-06-18 14:32:28,081 - INFO - ʹ߹Ʊݣ 5722 ֻƱ
2025-06-18 14:32:28,082 - INFO - Դɹ 5722 ֻƱϢ
2025-06-18 14:32:28,585 - INFO - ʹ tencent ֤ƱϢ: 000543
2025-06-18 14:32:28,585 - INFO - ڴѶƾAɹƱб...
2025-06-18 14:32:28,585 - INFO - ߹Ʊ: data\stock_list_latest.csv
2025-06-18 14:32:28,607 - INFO - Ʊתɣ: ['000001', '000002', '000003', '000004', '000005']
2025-06-18 14:32:28,613 - INFO - תɣ 5722 ֻƱ: ['', '', '¼', 'ǵ', 'ǵ', 'ɽ', 'ɽ', 'ӯ-̬', 'о', 'ֵ', 'ֵͨ', '']
2025-06-18 14:32:28,614 - INFO - ʹ߹Ʊݣ 5722 ֻƱ
2025-06-18 14:32:28,615 - INFO - ȡ 5722 Ʊ룬ʼѶȡʵʱ...
2025-06-18 14:32:30,602 - INFO - Ѵ 1000 / 5722 ֻƱ
2025-06-18 14:32:32,665 - INFO - Ѵ 2000 / 5722 ֻƱ
2025-06-18 14:32:34,725 - INFO - Ѵ 3000 / 5722 ֻƱ
2025-06-18 14:32:36,709 - INFO - Ѵ 4000 / 5722 ֻƱ
2025-06-18 14:32:38,672 - INFO - Ѵ 5000 / 5722 ֻƱ
2025-06-18 14:32:40,200 - INFO - Ѷƾɹ 5450 ֻƱϢ
2025-06-18 14:32:40,703 - INFO - ʹ eastmoney ֤ƱϢ: 000543
2025-06-18 14:32:40,703 - INFO - ڴӶƸAɹƱб...
2025-06-18 14:32:40,909 - INFO - Ƹɹ 100 ֻƱϢ
2025-06-18 14:32:40,910 - WARNING - Ƹ(100ֻ)APIƣ˵Դ
2025-06-18 14:32:40,910 - INFO - ڴӱԴAɹƱб...
2025-06-18 14:32:40,910 - INFO - ߹Ʊ: data\stock_list_latest.csv
2025-06-18 14:32:40,932 - INFO - Ʊתɣ: ['000001', '000002', '000003', '000004', '000005']
2025-06-18 14:32:40,937 - INFO - תɣ 5722 ֻƱ: ['', '', '¼', 'ǵ', 'ǵ', 'ɽ', 'ɽ', 'ӯ-̬', 'о', 'ֵ', 'ֵͨ', '']
2025-06-18 14:32:40,937 - INFO - ʹ߹Ʊݣ 5722 ֻƱ
2025-06-18 14:32:40,938 - INFO - Դɹ 5722 ֻƱϢ
2025-06-18 14:32:41,541 - INFO -  2/5 : '600018
2025-06-18 14:32:41,542 - INFO - ʼ֤ƱϢ: 600018 - ϸۼ
2025-06-18 14:32:41,542 - INFO - ʹ akshare ֤ƱϢ: 600018
2025-06-18 14:32:41,542 - INFO - ڴAKShareAɹƱб...
2025-06-18 14:32:50,364 - INFO - AKShareɹ 5724 ֻƱϢ
2025-06-18 14:32:50,866 - INFO - ʹ sina ֤ƱϢ: 600018
2025-06-18 14:32:50,867 - INFO - ڴ˲ƾAɹƱб...
2025-06-18 14:32:50,867 - INFO - ڻȡƱб...
2025-06-18 14:32:50,867 - INFO - ߹Ʊ: data\stock_list_latest.csv
2025-06-18 14:32:50,887 - INFO - Ʊתɣ: ['000001', '000002', '000003', '000004', '000005']
2025-06-18 14:32:50,892 - INFO - תɣ 5722 ֻƱ: ['', '', '¼', 'ǵ', 'ǵ', 'ɽ', 'ɽ', 'ӯ-̬', 'о', 'ֵ', 'ֵͨ', '']
2025-06-18 14:32:50,893 - INFO - ʹ߹Ʊݣ 5722 ֻƱ
2025-06-18 14:32:50,893 - INFO - ȡ 5722 Ʊ룬ʼ˻ȡʵʱ...
2025-06-18 14:32:52,300 - WARNING - ˲ƾδȡЧݣ˵Դ
2025-06-18 14:32:52,301 - INFO - ڴӱԴAɹƱб...
2025-06-18 14:32:52,301 - INFO - ߹Ʊ: data\stock_list_latest.csv
2025-06-18 14:32:52,321 - INFO - Ʊתɣ: ['000001', '000002', '000003', '000004', '000005']
2025-06-18 14:32:52,326 - INFO - תɣ 5722 ֻƱ: ['', '', '¼', 'ǵ', 'ǵ', 'ɽ', 'ɽ', 'ӯ-̬', 'о', 'ֵ', 'ֵͨ', '']
2025-06-18 14:32:52,326 - INFO - ʹ߹Ʊݣ 5722 ֻƱ
2025-06-18 14:32:52,327 - INFO - Դɹ 5722 ֻƱϢ
2025-06-18 14:32:52,831 - INFO - ʹ tencent ֤ƱϢ: 600018
2025-06-18 14:32:52,831 - INFO - ڴѶƾAɹƱб...
2025-06-18 14:32:52,832 - INFO - ߹Ʊ: data\stock_list_latest.csv
2025-06-18 14:32:52,853 - INFO - Ʊתɣ: ['000001', '000002', '000003', '000004', '000005']
2025-06-18 14:32:52,858 - INFO - תɣ 5722 ֻƱ: ['', '', '¼', 'ǵ', 'ǵ', 'ɽ', 'ɽ', 'ӯ-̬', 'о', 'ֵ', 'ֵͨ', '']
2025-06-18 14:32:52,859 - INFO - ʹ߹Ʊݣ 5722 ֻƱ
2025-06-18 14:32:52,859 - INFO - ȡ 5722 Ʊ룬ʼѶȡʵʱ...
2025-06-18 14:32:54,849 - INFO - Ѵ 1000 / 5722 ֻƱ
2025-06-18 14:32:56,828 - INFO - Ѵ 2000 / 5722 ֻƱ
2025-06-18 14:32:58,821 - INFO - Ѵ 3000 / 5722 ֻƱ
2025-06-18 14:33:00,835 - INFO - Ѵ 4000 / 5722 ֻƱ
2025-06-18 14:33:02,843 - INFO - Ѵ 5000 / 5722 ֻƱ
2025-06-18 14:33:04,387 - INFO - Ѷƾɹ 5450 ֻƱϢ
2025-06-18 14:33:04,891 - INFO - ʹ eastmoney ֤ƱϢ: 600018
2025-06-18 14:33:04,891 - INFO - ڴӶƸAɹƱб...
2025-06-18 14:33:05,079 - INFO - Ƹɹ 100 ֻƱϢ
2025-06-18 14:33:05,080 - WARNING - Ƹ(100ֻ)APIƣ˵Դ
2025-06-18 14:33:05,080 - INFO - ڴӱԴAɹƱб...
2025-06-18 14:33:05,080 - INFO - ߹Ʊ: data\stock_list_latest.csv
2025-06-18 14:33:05,102 - INFO - Ʊתɣ: ['000001', '000002', '000003', '000004', '000005']
2025-06-18 14:33:05,107 - INFO - תɣ 5722 ֻƱ: ['', '', '¼', 'ǵ', 'ǵ', 'ɽ', 'ɽ', 'ӯ-̬', 'о', 'ֵ', 'ֵͨ', '']
2025-06-18 14:33:05,107 - INFO - ʹ߹Ʊݣ 5722 ֻƱ
2025-06-18 14:33:05,108 - INFO - Դɹ 5722 ֻƱϢ
2025-06-18 14:33:05,711 - INFO -  3/5 : '600028
2025-06-18 14:33:05,713 - INFO - ʼ֤ƱϢ: 600028 - йʯ
2025-06-18 14:33:05,713 - INFO - ʹ akshare ֤ƱϢ: 600028
2025-06-18 14:33:05,713 - INFO - ڴAKShareAɹƱб...
2025-06-18 14:33:17,136 - INFO - AKShareɹ 5724 ֻƱϢ
2025-06-18 14:33:17,638 - INFO - ʹ sina ֤ƱϢ: 600028
2025-06-18 14:33:17,638 - INFO - ڴ˲ƾAɹƱб...
2025-06-18 14:33:17,638 - INFO - ڻȡƱб...
2025-06-18 14:33:17,639 - INFO - ߹Ʊ: data\stock_list_latest.csv
2025-06-18 14:33:17,660 - INFO - Ʊתɣ: ['000001', '000002', '000003', '000004', '000005']
2025-06-18 14:33:17,666 - INFO - תɣ 5722 ֻƱ: ['', '', '¼', 'ǵ', 'ǵ', 'ɽ', 'ɽ', 'ӯ-̬', 'о', 'ֵ', 'ֵͨ', '']
2025-06-18 14:33:17,666 - INFO - ʹ߹Ʊݣ 5722 ֻƱ
2025-06-18 14:33:17,668 - INFO - ȡ 5722 Ʊ룬ʼ˻ȡʵʱ...
2025-06-18 14:33:19,047 - WARNING - ˲ƾδȡЧݣ˵Դ
2025-06-18 14:33:19,047 - INFO - ڴӱԴAɹƱб...
2025-06-18 14:33:19,047 - INFO - ߹Ʊ: data\stock_list_latest.csv
2025-06-18 14:33:19,072 - INFO - Ʊתɣ: ['000001', '000002', '000003', '000004', '000005']
2025-06-18 14:33:19,079 - INFO - תɣ 5722 ֻƱ: ['', '', '¼', 'ǵ', 'ǵ', 'ɽ', 'ɽ', 'ӯ-̬', 'о', 'ֵ', 'ֵͨ', '']
2025-06-18 14:33:19,080 - INFO - ʹ߹Ʊݣ 5722 ֻƱ
2025-06-18 14:33:19,081 - INFO - Դɹ 5722 ֻƱϢ
2025-06-18 14:33:19,585 - INFO - ʹ tencent ֤ƱϢ: 600028
2025-06-18 14:33:19,585 - INFO - ڴѶƾAɹƱб...
2025-06-18 14:33:19,586 - INFO - ߹Ʊ: data\stock_list_latest.csv
2025-06-18 14:33:19,607 - INFO - Ʊתɣ: ['000001', '000002', '000003', '000004', '000005']
2025-06-18 14:33:19,613 - INFO - תɣ 5722 ֻƱ: ['', '', '¼', 'ǵ', 'ǵ', 'ɽ', 'ɽ', 'ӯ-̬', 'о', 'ֵ', 'ֵͨ', '']
2025-06-18 14:33:19,614 - INFO - ʹ߹Ʊݣ 5722 ֻƱ
2025-06-18 14:33:19,615 - INFO - ȡ 5722 Ʊ룬ʼѶȡʵʱ...
2025-06-18 14:33:21,972 - INFO - Ѵ 1000 / 5722 ֻƱ
2025-06-18 14:33:23,988 - INFO - Ѵ 2000 / 5722 ֻƱ
2025-06-18 14:33:25,967 - INFO - Ѵ 3000 / 5722 ֻƱ
2025-06-18 14:33:27,968 - INFO - Ѵ 4000 / 5722 ֻƱ
2025-06-18 14:33:29,971 - INFO - Ѵ 5000 / 5722 ֻƱ
2025-06-18 14:33:31,484 - INFO - Ѷƾɹ 5449 ֻƱϢ
2025-06-18 14:33:31,987 - INFO - ʹ eastmoney ֤ƱϢ: 600028
2025-06-18 14:33:31,987 - INFO - ڴӶƸAɹƱб...
2025-06-18 14:33:32,189 - INFO - Ƹɹ 100 ֻƱϢ
2025-06-18 14:33:32,189 - WARNING - Ƹ(100ֻ)APIƣ˵Դ
2025-06-18 14:33:32,190 - INFO - ڴӱԴAɹƱб...
2025-06-18 14:33:32,190 - INFO - ߹Ʊ: data\stock_list_latest.csv
2025-06-18 14:33:32,212 - INFO - Ʊתɣ: ['000001', '000002', '000003', '000004', '000005']
2025-06-18 14:33:32,218 - INFO - תɣ 5722 ֻƱ: ['', '', '¼', 'ǵ', 'ǵ', 'ɽ', 'ɽ', 'ӯ-̬', 'о', 'ֵ', 'ֵͨ', '']
2025-06-18 14:33:32,219 - INFO - ʹ߹Ʊݣ 5722 ֻƱ
2025-06-18 14:33:32,219 - INFO - Դɹ 5722 ֻƱϢ
2025-06-18 14:33:32,823 - INFO -  4/5 : '600685
2025-06-18 14:33:32,824 - INFO - ʼ֤ƱϢ: 600685 - д
2025-06-18 14:33:32,824 - INFO - ʹ akshare ֤ƱϢ: 600685
2025-06-18 14:33:32,824 - INFO - ڴAKShareAɹƱб...
2025-06-18 14:33:41,771 - INFO - AKShareɹ 5724 ֻƱϢ
2025-06-18 14:33:42,273 - INFO - ʹ sina ֤ƱϢ: 600685
2025-06-18 14:33:42,273 - INFO - ڴ˲ƾAɹƱб...
2025-06-18 14:33:42,273 - INFO - ڻȡƱб...
2025-06-18 14:33:42,274 - INFO - ߹Ʊ: data\stock_list_latest.csv
2025-06-18 14:33:42,295 - INFO - Ʊתɣ: ['000001', '000002', '000003', '000004', '000005']
2025-06-18 14:33:42,300 - INFO - תɣ 5722 ֻƱ: ['', '', '¼', 'ǵ', 'ǵ', 'ɽ', 'ɽ', 'ӯ-̬', 'о', 'ֵ', 'ֵͨ', '']
2025-06-18 14:33:42,301 - INFO - ʹ߹Ʊݣ 5722 ֻƱ
2025-06-18 14:33:42,302 - INFO - ȡ 5722 Ʊ룬ʼ˻ȡʵʱ...
2025-06-18 14:33:43,663 - WARNING - ˲ƾδȡЧݣ˵Դ
2025-06-18 14:33:43,663 - INFO - ڴӱԴAɹƱб...
2025-06-18 14:33:43,664 - INFO - ߹Ʊ: data\stock_list_latest.csv
2025-06-18 14:33:43,686 - INFO - Ʊתɣ: ['000001', '000002', '000003', '000004', '000005']
2025-06-18 14:33:43,691 - INFO - תɣ 5722 ֻƱ: ['', '', '¼', 'ǵ', 'ǵ', 'ɽ', 'ɽ', 'ӯ-̬', 'о', 'ֵ', 'ֵͨ', '']
2025-06-18 14:33:43,691 - INFO - ʹ߹Ʊݣ 5722 ֻƱ
2025-06-18 14:33:43,692 - INFO - Դɹ 5722 ֻƱϢ
2025-06-18 14:33:44,195 - INFO - ʹ tencent ֤ƱϢ: 600685
2025-06-18 14:33:44,195 - INFO - ڴѶƾAɹƱб...
2025-06-18 14:33:44,196 - INFO - ߹Ʊ: data\stock_list_latest.csv
2025-06-18 14:33:44,219 - INFO - Ʊתɣ: ['000001', '000002', '000003', '000004', '000005']
2025-06-18 14:33:44,224 - INFO - תɣ 5722 ֻƱ: ['', '', '¼', 'ǵ', 'ǵ', 'ɽ', 'ɽ', 'ӯ-̬', 'о', 'ֵ', 'ֵͨ', '']
2025-06-18 14:33:44,225 - INFO - ʹ߹Ʊݣ 5722 ֻƱ
2025-06-18 14:33:44,226 - INFO - ȡ 5722 Ʊ룬ʼѶȡʵʱ...
2025-06-18 14:33:46,285 - INFO - Ѵ 1000 / 5722 ֻƱ
2025-06-18 14:33:48,314 - INFO - Ѵ 2000 / 5722 ֻƱ
2025-06-18 14:33:50,328 - INFO - Ѵ 3000 / 5722 ֻƱ
2025-06-18 14:33:52,396 - INFO - Ѵ 4000 / 5722 ֻƱ
2025-06-18 14:33:54,434 - INFO - Ѵ 5000 / 5722 ֻƱ
2025-06-18 14:33:55,996 - INFO - Ѷƾɹ 5450 ֻƱϢ
2025-06-18 14:33:56,499 - INFO - ʹ eastmoney ֤ƱϢ: 600685
2025-06-18 14:33:56,499 - INFO - ڴӶƸAɹƱб...
2025-06-18 14:33:56,666 - INFO - Ƹɹ 100 ֻƱϢ
2025-06-18 14:33:56,667 - WARNING - Ƹ(100ֻ)APIƣ˵Դ
2025-06-18 14:33:56,667 - INFO - ڴӱԴAɹƱб...
2025-06-18 14:33:56,667 - INFO - ߹Ʊ: data\stock_list_latest.csv
2025-06-18 14:33:56,689 - INFO - Ʊתɣ: ['000001', '000002', '000003', '000004', '000005']
2025-06-18 14:33:56,695 - INFO - תɣ 5722 ֻƱ: ['', '', '¼', 'ǵ', 'ǵ', 'ɽ', 'ɽ', 'ӯ-̬', 'о', 'ֵ', 'ֵͨ', '']
2025-06-18 14:33:56,696 - INFO - ʹ߹Ʊݣ 5722 ֻƱ
2025-06-18 14:33:56,697 - INFO - Դɹ 5722 ֻƱϢ
2025-06-18 14:33:57,301 - INFO -  5/5 : '601668
2025-06-18 14:33:57,302 - INFO - ʼ֤ƱϢ: 601668 - й
2025-06-18 14:33:57,302 - INFO - ʹ akshare ֤ƱϢ: 601668
2025-06-18 14:33:57,302 - INFO - ڴAKShareAɹƱб...
2025-06-18 14:34:01,932 - ERROR - AKShareʧ: HTTPSConnectionPool(host='82.push2.eastmoney.com', port=443): Max retries exceeded with url: /api/qt/clist/get?pn=58&pz=100&po=1&np=1&ut=bd1d9ddb04089700cf9c27f6f7426281&fltt=2&invt=2&fid=f12&fs=m%3A0+t%3A6%2Cm%3A0+t%3A80%2Cm%3A1+t%3A2%2Cm%3A1+t%3A23%2Cm%3A0+t%3A81+s%3A2048&fields=f1%2Cf2%2Cf3%2Cf4%2Cf5%2Cf6%2Cf7%2Cf8%2Cf9%2Cf10%2Cf12%2Cf13%2Cf14%2Cf15%2Cf16%2Cf17%2Cf18%2Cf20%2Cf21%2Cf23%2Cf24%2Cf25%2Cf22%2Cf11%2Cf62%2Cf128%2Cf136%2Cf115%2Cf152 (Caused by ProxyError('Unable to connect to proxy', RemoteDisconnected('Remote end closed connection without response')))
2025-06-18 14:34:01,933 - WARNING - akshare ֤ʧ: HTTPSConnectionPool(host='82.push2.eastmoney.com', port=443): Max retries exceeded with url: /api/qt/clist/get?pn=58&pz=100&po=1&np=1&ut=bd1d9ddb04089700cf9c27f6f7426281&fltt=2&invt=2&fid=f12&fs=m%3A0+t%3A6%2Cm%3A0+t%3A80%2Cm%3A1+t%3A2%2Cm%3A1+t%3A23%2Cm%3A0+t%3A81+s%3A2048&fields=f1%2Cf2%2Cf3%2Cf4%2Cf5%2Cf6%2Cf7%2Cf8%2Cf9%2Cf10%2Cf12%2Cf13%2Cf14%2Cf15%2Cf16%2Cf17%2Cf18%2Cf20%2Cf21%2Cf23%2Cf24%2Cf25%2Cf22%2Cf11%2Cf62%2Cf128%2Cf136%2Cf115%2Cf152 (Caused by ProxyError('Unable to connect to proxy', RemoteDisconnected('Remote end closed connection without response')))
2025-06-18 14:34:02,433 - INFO - ʹ sina ֤ƱϢ: 601668
2025-06-18 14:34:02,433 - INFO - ڴ˲ƾAɹƱб...
2025-06-18 14:34:02,433 - INFO - ڻȡƱб...
2025-06-18 14:34:02,434 - INFO - ߹Ʊ: data\stock_list_latest.csv
2025-06-18 14:34:02,455 - INFO - Ʊתɣ: ['000001', '000002', '000003', '000004', '000005']
2025-06-18 14:34:02,460 - INFO - תɣ 5722 ֻƱ: ['', '', '¼', 'ǵ', 'ǵ', 'ɽ', 'ɽ', 'ӯ-̬', 'о', 'ֵ', 'ֵͨ', '']
2025-06-18 14:34:02,462 - INFO - ʹ߹Ʊݣ 5722 ֻƱ
2025-06-18 14:34:02,463 - INFO - ȡ 5722 Ʊ룬ʼ˻ȡʵʱ...
2025-06-18 14:34:03,866 - WARNING - ˲ƾδȡЧݣ˵Դ
2025-06-18 14:34:03,866 - INFO - ڴӱԴAɹƱб...
2025-06-18 14:34:03,866 - INFO - ߹Ʊ: data\stock_list_latest.csv
2025-06-18 14:34:03,887 - INFO - Ʊתɣ: ['000001', '000002', '000003', '000004', '000005']
2025-06-18 14:34:03,892 - INFO - תɣ 5722 ֻƱ: ['', '', '¼', 'ǵ', 'ǵ', 'ɽ', 'ɽ', 'ӯ-̬', 'о', 'ֵ', 'ֵͨ', '']
2025-06-18 14:34:03,892 - INFO - ʹ߹Ʊݣ 5722 ֻƱ
2025-06-18 14:34:03,893 - INFO - Դɹ 5722 ֻƱϢ
2025-06-18 14:34:04,397 - INFO - ʹ tencent ֤ƱϢ: 601668
2025-06-18 14:34:04,397 - INFO - ڴѶƾAɹƱб...
2025-06-18 14:34:04,398 - INFO - ߹Ʊ: data\stock_list_latest.csv
2025-06-18 14:34:04,420 - INFO - Ʊתɣ: ['000001', '000002', '000003', '000004', '000005']
2025-06-18 14:34:04,425 - INFO - תɣ 5722 ֻƱ: ['', '', '¼', 'ǵ', 'ǵ', 'ɽ', 'ɽ', 'ӯ-̬', 'о', 'ֵ', 'ֵͨ', '']
2025-06-18 14:34:04,425 - INFO - ʹ߹Ʊݣ 5722 ֻƱ
2025-06-18 14:34:04,426 - INFO - ȡ 5722 Ʊ룬ʼѶȡʵʱ...
2025-06-18 14:34:06,434 - INFO - Ѵ 1000 / 5722 ֻƱ
2025-06-18 14:34:08,468 - INFO - Ѵ 2000 / 5722 ֻƱ
2025-06-18 14:34:10,475 - INFO - Ѵ 3000 / 5722 ֻƱ
2025-06-18 14:34:12,448 - INFO - Ѵ 4000 / 5722 ֻƱ
2025-06-18 14:34:14,447 - INFO - Ѵ 5000 / 5722 ֻƱ
2025-06-18 14:34:15,962 - INFO - Ѷƾɹ 5450 ֻƱϢ
2025-06-18 14:34:16,466 - INFO - ʹ eastmoney ֤ƱϢ: 601668
2025-06-18 14:34:16,466 - INFO - ڴӶƸAɹƱб...
2025-06-18 14:34:16,566 - WARNING - ƸAPIʧ: 502
2025-06-18 14:34:16,566 - INFO - ˵Դ
2025-06-18 14:34:16,566 - INFO - ڴӱԴAɹƱб...
2025-06-18 14:34:16,567 - INFO - ߹Ʊ: data\stock_list_latest.csv
2025-06-18 14:34:16,592 - INFO - Ʊתɣ: ['000001', '000002', '000003', '000004', '000005']
2025-06-18 14:34:16,597 - INFO - תɣ 5722 ֻƱ: ['', '', '¼', 'ǵ', 'ǵ', 'ɽ', 'ɽ', 'ӯ-̬', 'о', 'ֵ', 'ֵͨ', '']
2025-06-18 14:34:16,598 - INFO - ʹ߹Ʊݣ 5722 ֻƱ
2025-06-18 14:34:16,599 - INFO - Դɹ 5722 ֻƱϢ
2025-06-18 14:34:17,206 - INFO - ֤ݸʽ...
2025-06-18 14:34:17,209 - INFO - ֤ - ׼: ['000543', '600018', '600028', '600685', '601668']
2025-06-18 14:34:17,209 - INFO - ֤ - Ʊ: ['000543', '600018', '600028', '600685', '601668']
2025-06-18 14:34:17,209 - INFO - 벹ȫѱ浽: result\stock_completion_20250618_143216.csv
2025-06-18 14:34:17,211 - INFO - ȫͳ:
2025-06-18 14:34:17,212 - INFO -   : 5
2025-06-18 14:34:17,212 - INFO -   ɹȫ: 5 (100.0%)
2025-06-18 14:34:17,212 - INFO -   ʽЧ: 0 (0.0%)
2025-06-18 14:34:17,212 - INFO -   벻: 0 (0.0%)
2025-06-18 14:34:17,215 - INFO - : 5/5 ɹ
2025-06-18 14:34:17,216 - INFO - 127.0.0.1 - - [18/Jun/2025 14:34:17] "POST /process HTTP/1.1" 200 -
2025-06-18 14:44:47,825 - INFO - 127.0.0.1 - - [18/Jun/2025 14:44:47] "GET /download/stock_completion_20250618_143216.csv HTTP/1.1" 200 -
2025-06-18 14:46:27,986 - INFO -  * Detected change in 'C:\\Users\\weiruiqiang\\Desktop\\stock_name_matcher\\app.py', reloading
2025-06-18 14:46:27,987 - INFO -  * Detected change in 'C:\\Users\\weiruiqiang\\Desktop\\stock_name_matcher\\app.py', reloading
2025-06-18 14:46:27,987 - INFO -  * Detected change in 'C:\\Users\\weiruiqiang\\Desktop\\stock_name_matcher\\app.py', reloading
