2025-06-26 17:52:10,249 - WARNING -  * Debugger is active!
2025-06-26 17:52:10,254 - INFO -  * Debugger PIN: 678-550-451
2025-06-26 17:52:18,199 - INFO - 127.0.0.1 - - [26/Jun/2025 17:52:18] "GET / HTTP/1.1" 200 -
2025-06-26 17:52:18,335 - INFO - 127.0.0.1 - - [26/Jun/2025 17:52:18] "[36mGET /static/app.js HTTP/1.1[0m" 304 -
2025-06-26 17:52:18,801 - INFO - 127.0.0.1 - - [26/Jun/2025 17:52:18] "GET /static/app.js HTTP/1.1" 200 -
2025-06-26 17:52:19,403 - INFO - ʹ akshare AɹƱб...
2025-06-26 17:52:19,403 - INFO - ڴAKShareAɹƱб...
2025-06-26 17:52:19,713 - INFO - ѡļ: stock_name_list\all_stocks_20250620.csv
2025-06-26 17:52:19,713 - INFO - ʹstock_name_listĿ¼еļ: stock_name_list\all_stocks_20250620.csv
2025-06-26 17:52:19,715 - INFO - ߹Ʊ: stock_name_list\all_stocks_20250620.csv
2025-06-26 17:52:19,726 - INFO - Ʊתɣ: ['000001', '000002', '000003', '000004', '000005']
2025-06-26 17:52:19,733 - INFO - תɣ 5722 ֻƱ: ['', '', '', '¼', 'ǵ', 'ǵ', 'ɽ', 'ɽ', 'ӯ-̬', 'о', 'ֵ', 'ֵͨ']
2025-06-26 17:52:19,734 - INFO - ʹ߹Ʊݣ 5722 ֻƱ
2025-06-26 17:52:19,737 - INFO - 127.0.0.1 - - [26/Jun/2025 17:52:19] "GET /api/stock_data_status HTTP/1.1" 200 -
2025-06-26 17:52:28,588 - INFO - AKShareɹ 5725 ֻƱϢ
2025-06-26 17:52:28,588 - INFO - ɹ 5725 ֻƱϢ
2025-06-26 17:52:28,606 - INFO - 127.0.0.1 - - [26/Jun/2025 17:52:28] "GET /api/status HTTP/1.1" 200 -
2025-06-26 17:52:29,109 - INFO - ⵽ļʽ: excel
2025-06-26 17:52:29,427 - INFO - Excelļȡɹ
2025-06-26 17:52:29,437 - INFO - 127.0.0.1 - - [26/Jun/2025 17:52:29] "POST /upload HTTP/1.1" 200 -
2025-06-26 17:52:33,682 - INFO - ʼļ: 20250626_175229_20250626174308.csv
2025-06-26 17:52:33,682 - INFO - ʹAPIԴ: local
2025-06-26 17:52:33,684 - INFO - : Ʊ, ۸: ۸
2025-06-26 17:52:33,688 - INFO - ѡļ: stock_name_list\all_stocks_20250620.csv
2025-06-26 17:52:33,688 - INFO - ʹstock_name_listĿ¼еļ: stock_name_list\all_stocks_20250620.csv
2025-06-26 17:52:33,689 - INFO - ߹Ʊ: stock_name_list\all_stocks_20250620.csv
2025-06-26 17:52:33,700 - INFO - Ʊתɣ: ['000001', '000002', '000003', '000004', '000005']
2025-06-26 17:52:33,707 - INFO - תɣ 5722 ֻƱ: ['', '', '', '¼', 'ǵ', 'ǵ', 'ɽ', 'ɽ', 'ӯ-̬', 'о', 'ֵ', 'ֵͨ']
2025-06-26 17:52:33,707 - INFO - ʹ߹Ʊݣ 5722 ֻƱ
2025-06-26 17:52:33,708 - INFO - WebӦüعƱ: 5722 ֻƱ
2025-06-26 17:52:33,709 - INFO - WebӦ֤ɹ: 000037 -> ϵA
2025-06-26 17:52:33,709 - INFO - WebӦ֤ɹ: 000603 -> ʢԴ
2025-06-26 17:52:33,710 - INFO - WebӦ֤ɹ: 000798 -> ˮҵ
2025-06-26 17:52:33,710 - INFO - ʹ local AɹƱб...
2025-06-26 17:52:33,712 - INFO - ڴӱԴAɹƱб...
2025-06-26 17:52:33,713 - INFO - ѡļ: stock_name_list\all_stocks_20250620.csv
2025-06-26 17:52:33,714 - INFO - ʹstock_name_listĿ¼еļ: stock_name_list\all_stocks_20250620.csv
2025-06-26 17:52:33,714 - INFO - ߹Ʊ: stock_name_list\all_stocks_20250620.csv
2025-06-26 17:52:33,722 - INFO - Ʊתɣ: ['000001', '000002', '000003', '000004', '000005']
2025-06-26 17:52:33,728 - INFO - תɣ 5722 ֻƱ: ['', '', '', '¼', 'ǵ', 'ǵ', 'ɽ', 'ɽ', 'ӯ-̬', 'о', 'ֵ', 'ֵͨ']
2025-06-26 17:52:33,729 - INFO - ʹ߹Ʊݣ 5722 ֻƱ
2025-06-26 17:52:33,732 - INFO - Դɹ 5722 ֻƱϢ
2025-06-26 17:52:33,733 - INFO - ɹ 5722 ֻƱϢ
2025-06-26 17:52:33,744 - INFO - WebӦƥƱѸ: 5722 ֻƱ
2025-06-26 17:52:33,744 - INFO - ڶȡļ: uploads\20250626_175229_20250626174308.csv
2025-06-26 17:52:33,744 - INFO - ⵽ļʽ: excel
2025-06-26 17:52:33,752 - INFO - Excelļȡɹ
2025-06-26 17:52:33,752 - INFO - ɹȡļ 7 
2025-06-26 17:52:33,752 - INFO - : ['Ʊ', 'ѡʱ', '۸', '', 'ֹӯ۸', 'ֹ۸']
2025-06-26 17:52:33,752 - INFO - ʹùƱ: Ʊ
2025-06-26 17:52:33,753 - INFO - ʹü۸: ۸
2025-06-26 17:52:33,753 - INFO - ʹùƱ: Ʊ
2025-06-26 17:52:33,755 - INFO - ⵽ƱУʹô벹ȫģʽ
2025-06-26 17:52:33,755 - INFO - Ч: 7 
2025-06-26 17:52:33,766 - INFO - ʼйƱ벹ȫ...
2025-06-26 17:52:33,767 - INFO -  1/7 : 2148
2025-06-26 17:52:33,869 - INFO -  2/7 : 300079
2025-06-26 17:52:33,971 - INFO -  3/7 : 300479
2025-06-26 17:52:34,073 - INFO -  4/7 : 300582
2025-06-26 17:52:34,174 - INFO -  5/7 : 600776
2025-06-26 17:52:34,276 - INFO -  6/7 : 600461
2025-06-26 17:52:34,379 - INFO -  7/7 : 601816
2025-06-26 17:52:34,485 - INFO - ֤ݸʽ...
2025-06-26 17:52:34,488 - INFO - ֤ - ׼: ['002148', '300079', '300479', '300582', '600776']
2025-06-26 17:52:34,489 - INFO - ֤ - Ʊ: ['002148', '300079', '300479', '300582', '600776']
2025-06-26 17:52:34,489 - INFO - 벹ȫѱ浽: result\stock_completion_20250626_175233.csv
2025-06-26 17:52:34,490 - INFO - ȫͳ:
2025-06-26 17:52:34,490 - INFO -   : 7
2025-06-26 17:52:34,490 - INFO -   ɹȫ: 7 (100.0%)
2025-06-26 17:52:34,491 - INFO -   ʽЧ: 0 (0.0%)
2025-06-26 17:52:34,491 - INFO -   벻: 0 (0.0%)
2025-06-26 17:52:34,494 - INFO - : 7/7 ɹ
2025-06-26 17:52:34,495 - INFO - 127.0.0.1 - - [26/Jun/2025 17:52:34] "POST /process HTTP/1.1" 200 -
2025-06-26 17:52:36,308 - INFO - ׼ļ: stock_completion_20250626_175233.csv (921 bytes)
2025-06-26 17:52:36,309 - INFO - ļسɹ: stock_completion_20250626_175233.csv
2025-06-26 17:52:36,309 - INFO - 127.0.0.1 - - [26/Jun/2025 17:52:36] "GET /download/stock_completion_20250626_175233.csv HTTP/1.1" 200 -
