2025-06-20 14:31:08,549 - INFO - 加载离线股票数据: data\stock_list_latest.csv
2025-06-20 14:31:08,590 - INFO - 股票代码列转换完成，样本: ['000001', '000002', '000003', '000004', '000005']
2025-06-20 14:31:08,596 - INFO - 数据转换完成，共 5722 只股票，列名: ['代码', '名称', '最新价', '涨跌幅', '涨跌额', '成交量', '成交额', '市盈率-动态', '市净率', '总市值', '流通市值', '清理名称']
2025-06-20 14:31:08,597 - INFO - 使用离线股票数据，共 5722 只股票
2025-06-20 14:31:08,600 - INFO - 加载离线股票数据: data\stock_list_latest.csv
2025-06-20 14:31:08,629 - INFO - 股票代码列转换完成，样本: ['000001', '000002', '000003', '000004', '000005']
2025-06-20 14:31:08,635 - INFO - 数据转换完成，共 5722 只股票，列名: ['代码', '名称', '最新价', '涨跌幅', '涨跌额', '成交量', '成交额', '市盈率-动态', '市净率', '总市值', '流通市值', '清理名称']
2025-06-20 14:31:08,637 - INFO - 使用离线股票数据，共 5722 只股票
2025-06-20 14:31:08,668 - INFO - 正在使用 local 加载A股股票列表...
2025-06-20 14:31:08,668 - INFO - 正在从本地数据源加载A股股票列表...
2025-06-20 14:31:08,668 - INFO - 加载离线股票数据: data\stock_list_latest.csv
2025-06-20 14:31:08,701 - INFO - 股票代码列转换完成，样本: ['000001', '000002', '000003', '000004', '000005']
2025-06-20 14:31:08,710 - INFO - 数据转换完成，共 5722 只股票，列名: ['代码', '名称', '最新价', '涨跌幅', '涨跌额', '成交量', '成交额', '市盈率-动态', '市净率', '总市值', '流通市值', '清理名称']
2025-06-20 14:31:08,711 - INFO - 使用离线股票数据，共 5722 只股票
2025-06-20 14:31:08,712 - INFO - 本地数据源成功加载 5722 只股票信息
2025-06-20 14:31:08,712 - INFO - 成功加载 5722 只股票信息
2025-06-20 14:31:08,733 - INFO - 正在使用 local 加载A股股票列表...
2025-06-20 14:31:08,733 - INFO - 正在从本地数据源加载A股股票列表...
2025-06-20 14:31:08,734 - INFO - 加载离线股票数据: data\stock_list_latest.csv
2025-06-20 14:31:08,760 - INFO - 股票代码列转换完成，样本: ['000001', '000002', '000003', '000004', '000005']
2025-06-20 14:31:08,766 - INFO - 数据转换完成，共 5722 只股票，列名: ['代码', '名称', '最新价', '涨跌幅', '涨跌额', '成交量', '成交额', '市盈率-动态', '市净率', '总市值', '流通市值', '清理名称']
2025-06-20 14:31:08,767 - INFO - 使用离线股票数据，共 5722 只股票
2025-06-20 14:31:08,768 - INFO - 本地数据源成功加载 5722 只股票信息
2025-06-20 14:31:08,768 - INFO - 成功加载 5722 只股票信息
