2025-06-18 13:14:17,364 - INFO - 正在使用 netease 加载A股股票列表...
2025-06-18 13:14:17,364 - INFO - 正在从网易财经加载A股股票列表...
2025-06-18 13:14:17,364 - INFO - 加载离线股票数据: data\stock_list_latest.csv
2025-06-18 13:14:17,389 - INFO - 股票代码列转换完成，样本: ['000001', '000002', '000003', '000004', '000005']
2025-06-18 13:14:17,395 - INFO - 数据转换完成，共 5722 只股票，列名: ['代码', '名称', '最新价', '涨跌幅', '涨跌额', '成交量', '成交额', '市盈率-动态', '市净率', '总市值', '流通市值', '清理名称']
2025-06-18 13:14:17,396 - INFO - 使用离线股票数据，共 5722 只股票
2025-06-18 13:14:17,397 - INFO - 获取到 5722 个股票代码，开始从网易获取实时数据...
2025-06-18 13:14:19,218 - INFO - 已处理 1000 / 5722 只股票
2025-06-18 13:14:20,248 - INFO - 已处理 2000 / 5722 只股票
2025-06-18 13:14:21,285 - INFO - 已处理 3000 / 5722 只股票
2025-06-18 13:14:22,306 - INFO - 已处理 4000 / 5722 只股票
2025-06-18 13:14:23,324 - INFO - 已处理 5000 / 5722 只股票
2025-06-18 13:14:24,149 - WARNING - 网易财经未获取到有效数据，回退到本地数据源
2025-06-18 13:14:24,149 - INFO - 正在从本地数据源加载A股股票列表...
2025-06-18 13:14:24,149 - INFO - 加载离线股票数据: data\stock_list_latest.csv
2025-06-18 13:14:24,183 - INFO - 股票代码列转换完成，样本: ['000001', '000002', '000003', '000004', '000005']
2025-06-18 13:14:24,193 - INFO - 数据转换完成，共 5722 只股票，列名: ['代码', '名称', '最新价', '涨跌幅', '涨跌额', '成交量', '成交额', '市盈率-动态', '市净率', '总市值', '流通市值', '清理名称']
2025-06-18 13:14:24,195 - INFO - 使用离线股票数据，共 5722 只股票
2025-06-18 13:14:24,198 - INFO - 本地数据源成功加载 5722 只股票信息
2025-06-18 13:14:24,199 - INFO - 成功加载 5722 只股票信息
2025-06-18 13:14:24,218 - INFO - 正在使用 xueqiu 加载A股股票列表...
2025-06-18 13:14:24,218 - INFO - 正在从雪球网加载A股股票列表...
2025-06-18 13:14:24,218 - INFO - 加载离线股票数据: data\stock_list_latest.csv
2025-06-18 13:14:24,259 - INFO - 股票代码列转换完成，样本: ['000001', '000002', '000003', '000004', '000005']
2025-06-18 13:14:24,265 - INFO - 数据转换完成，共 5722 只股票，列名: ['代码', '名称', '最新价', '涨跌幅', '涨跌额', '成交量', '成交额', '市盈率-动态', '市净率', '总市值', '流通市值', '清理名称']
2025-06-18 13:14:24,266 - INFO - 使用离线股票数据，共 5722 只股票
2025-06-18 13:14:24,267 - INFO - 获取到 5722 个股票代码，开始从雪球获取实时数据...
2025-06-18 13:14:36,380 - INFO - 已处理 20 / 100 只股票
2025-06-18 13:14:48,507 - INFO - 已处理 40 / 100 只股票
2025-06-18 13:15:00,705 - INFO - 已处理 60 / 100 只股票
2025-06-18 13:15:12,944 - INFO - 已处理 80 / 100 只股票
2025-06-18 13:15:25,164 - INFO - 已处理 100 / 100 只股票
2025-06-18 13:15:25,164 - WARNING - 雪球网未获取到有效数据，回退到本地数据源
2025-06-18 13:15:25,165 - INFO - 正在从本地数据源加载A股股票列表...
2025-06-18 13:15:25,165 - INFO - 加载离线股票数据: data\stock_list_latest.csv
2025-06-18 13:15:25,184 - INFO - 股票代码列转换完成，样本: ['000001', '000002', '000003', '000004', '000005']
2025-06-18 13:15:25,191 - INFO - 数据转换完成，共 5722 只股票，列名: ['代码', '名称', '最新价', '涨跌幅', '涨跌额', '成交量', '成交额', '市盈率-动态', '市净率', '总市值', '流通市值', '清理名称']
2025-06-18 13:15:25,191 - INFO - 使用离线股票数据，共 5722 只股票
2025-06-18 13:15:25,192 - INFO - 本地数据源成功加载 5722 只股票信息
2025-06-18 13:15:25,193 - INFO - 成功加载 5722 只股票信息
2025-06-18 13:15:25,207 - INFO - 正在使用 akshare 加载A股股票列表...
2025-06-18 13:15:25,207 - INFO - 正在从AKShare加载A股股票列表...
2025-06-18 13:15:27,540 - INFO - AKShare成功加载 5724 只股票信息
2025-06-18 13:15:27,540 - INFO - 成功加载 5724 只股票信息
2025-06-18 13:15:27,553 - INFO - 正在使用 sina 加载A股股票列表...
2025-06-18 13:15:27,553 - INFO - 正在从新浪财经加载A股股票列表...
2025-06-18 13:15:27,554 - INFO - 正在获取股票代码列表...
2025-06-18 13:15:27,555 - INFO - 加载离线股票数据: data\stock_list_latest.csv
2025-06-18 13:15:27,591 - INFO - 股票代码列转换完成，样本: ['000001', '000002', '000003', '000004', '000005']
2025-06-18 13:15:27,600 - INFO - 数据转换完成，共 5722 只股票，列名: ['代码', '名称', '最新价', '涨跌幅', '涨跌额', '成交量', '成交额', '市盈率-动态', '市净率', '总市值', '流通市值', '清理名称']
2025-06-18 13:15:27,601 - INFO - 使用离线股票数据，共 5722 只股票
2025-06-18 13:15:27,607 - INFO - 获取到 5722 个股票代码，开始从新浪获取实时数据...
2025-06-18 13:15:28,976 - WARNING - 新浪财经未获取到有效数据，回退到本地数据源
2025-06-18 13:15:28,976 - INFO - 正在从本地数据源加载A股股票列表...
2025-06-18 13:15:28,977 - INFO - 加载离线股票数据: data\stock_list_latest.csv
2025-06-18 13:15:28,998 - INFO - 股票代码列转换完成，样本: ['000001', '000002', '000003', '000004', '000005']
2025-06-18 13:15:29,004 - INFO - 数据转换完成，共 5722 只股票，列名: ['代码', '名称', '最新价', '涨跌幅', '涨跌额', '成交量', '成交额', '市盈率-动态', '市净率', '总市值', '流通市值', '清理名称']
2025-06-18 13:15:29,005 - INFO - 使用离线股票数据，共 5722 只股票
2025-06-18 13:15:29,006 - INFO - 本地数据源成功加载 5722 只股票信息
2025-06-18 13:15:29,007 - INFO - 成功加载 5722 只股票信息
2025-06-18 13:15:29,019 - INFO - 正在使用 tencent 加载A股股票列表...
2025-06-18 13:15:29,019 - INFO - 正在从腾讯财经加载A股股票列表...
2025-06-18 13:15:29,020 - INFO - 加载离线股票数据: data\stock_list_latest.csv
2025-06-18 13:15:29,046 - INFO - 股票代码列转换完成，样本: ['000001', '000002', '000003', '000004', '000005']
2025-06-18 13:15:29,051 - INFO - 数据转换完成，共 5722 只股票，列名: ['代码', '名称', '最新价', '涨跌幅', '涨跌额', '成交量', '成交额', '市盈率-动态', '市净率', '总市值', '流通市值', '清理名称']
2025-06-18 13:15:29,052 - INFO - 使用离线股票数据，共 5722 只股票
2025-06-18 13:15:29,055 - INFO - 获取到 5722 个股票代码，开始从腾讯获取实时数据...
2025-06-18 13:15:31,000 - INFO - 已处理 1000 / 5722 只股票
2025-06-18 13:15:32,933 - INFO - 已处理 2000 / 5722 只股票
2025-06-18 13:15:34,874 - INFO - 已处理 3000 / 5722 只股票
2025-06-18 13:15:36,850 - INFO - 已处理 4000 / 5722 只股票
2025-06-18 13:15:38,831 - INFO - 已处理 5000 / 5722 只股票
2025-06-18 13:15:40,289 - INFO - 腾讯财经成功加载 5450 只股票信息
2025-06-18 13:15:40,291 - INFO - 成功加载 5450 只股票信息
2025-06-18 13:15:40,305 - INFO - 正在使用 eastmoney 加载A股股票列表...
2025-06-18 13:15:40,305 - INFO - 正在从东方财富加载A股股票列表...
2025-06-18 13:15:40,426 - INFO - 东方财富成功加载 100 只股票信息
2025-06-18 13:15:40,426 - WARNING - 东方财富数据量较少(100只)，可能受API限制，回退到本地数据源
2025-06-18 13:15:40,427 - INFO - 正在从本地数据源加载A股股票列表...
2025-06-18 13:15:40,427 - INFO - 加载离线股票数据: data\stock_list_latest.csv
2025-06-18 13:15:40,450 - INFO - 股票代码列转换完成，样本: ['000001', '000002', '000003', '000004', '000005']
2025-06-18 13:15:40,455 - INFO - 数据转换完成，共 5722 只股票，列名: ['代码', '名称', '最新价', '涨跌幅', '涨跌额', '成交量', '成交额', '市盈率-动态', '市净率', '总市值', '流通市值', '清理名称']
2025-06-18 13:15:40,456 - INFO - 使用离线股票数据，共 5722 只股票
2025-06-18 13:15:40,457 - INFO - 本地数据源成功加载 5722 只股票信息
2025-06-18 13:15:40,457 - INFO - 成功加载 5722 只股票信息
2025-06-18 13:15:40,469 - INFO - 正在使用 netease 加载A股股票列表...
2025-06-18 13:15:40,470 - INFO - 正在从网易财经加载A股股票列表...
2025-06-18 13:15:40,471 - INFO - 加载离线股票数据: data\stock_list_latest.csv
2025-06-18 13:15:40,495 - INFO - 股票代码列转换完成，样本: ['000001', '000002', '000003', '000004', '000005']
2025-06-18 13:15:40,500 - INFO - 数据转换完成，共 5722 只股票，列名: ['代码', '名称', '最新价', '涨跌幅', '涨跌额', '成交量', '成交额', '市盈率-动态', '市净率', '总市值', '流通市值', '清理名称']
2025-06-18 13:15:40,500 - INFO - 使用离线股票数据，共 5722 只股票
2025-06-18 13:15:40,501 - INFO - 获取到 5722 个股票代码，开始从网易获取实时数据...
2025-06-18 13:15:41,521 - INFO - 已处理 1000 / 5722 只股票
2025-06-18 13:15:42,560 - INFO - 已处理 2000 / 5722 只股票
2025-06-18 13:15:43,577 - INFO - 已处理 3000 / 5722 只股票
2025-06-18 13:15:44,612 - INFO - 已处理 4000 / 5722 只股票
2025-06-18 13:15:45,645 - INFO - 已处理 5000 / 5722 只股票
2025-06-18 13:15:46,465 - WARNING - 网易财经未获取到有效数据，回退到本地数据源
2025-06-18 13:15:46,465 - INFO - 正在从本地数据源加载A股股票列表...
2025-06-18 13:15:46,466 - INFO - 加载离线股票数据: data\stock_list_latest.csv
2025-06-18 13:15:46,501 - INFO - 股票代码列转换完成，样本: ['000001', '000002', '000003', '000004', '000005']
2025-06-18 13:15:46,507 - INFO - 数据转换完成，共 5722 只股票，列名: ['代码', '名称', '最新价', '涨跌幅', '涨跌额', '成交量', '成交额', '市盈率-动态', '市净率', '总市值', '流通市值', '清理名称']
2025-06-18 13:15:46,507 - INFO - 使用离线股票数据，共 5722 只股票
2025-06-18 13:15:46,508 - INFO - 本地数据源成功加载 5722 只股票信息
2025-06-18 13:15:46,509 - INFO - 成功加载 5722 只股票信息
2025-06-18 13:15:46,522 - INFO - 正在使用 xueqiu 加载A股股票列表...
2025-06-18 13:15:46,522 - INFO - 正在从雪球网加载A股股票列表...
2025-06-18 13:15:46,523 - INFO - 加载离线股票数据: data\stock_list_latest.csv
2025-06-18 13:15:46,567 - INFO - 股票代码列转换完成，样本: ['000001', '000002', '000003', '000004', '000005']
2025-06-18 13:15:46,578 - INFO - 数据转换完成，共 5722 只股票，列名: ['代码', '名称', '最新价', '涨跌幅', '涨跌额', '成交量', '成交额', '市盈率-动态', '市净率', '总市值', '流通市值', '清理名称']
2025-06-18 13:15:46,579 - INFO - 使用离线股票数据，共 5722 只股票
2025-06-18 13:15:46,581 - INFO - 获取到 5722 个股票代码，开始从雪球获取实时数据...
2025-06-18 13:15:58,714 - INFO - 已处理 20 / 100 只股票
2025-06-18 13:16:10,896 - INFO - 已处理 40 / 100 只股票
2025-06-18 13:16:39,677 - INFO - 已处理 80 / 100 只股票
2025-06-18 13:16:51,955 - INFO - 已处理 100 / 100 只股票
2025-06-18 13:16:51,956 - WARNING - 雪球网未获取到有效数据，回退到本地数据源
2025-06-18 13:16:51,956 - INFO - 正在从本地数据源加载A股股票列表...
2025-06-18 13:16:51,956 - INFO - 加载离线股票数据: data\stock_list_latest.csv
2025-06-18 13:16:51,977 - INFO - 股票代码列转换完成，样本: ['000001', '000002', '000003', '000004', '000005']
2025-06-18 13:16:51,982 - INFO - 数据转换完成，共 5722 只股票，列名: ['代码', '名称', '最新价', '涨跌幅', '涨跌额', '成交量', '成交额', '市盈率-动态', '市净率', '总市值', '流通市值', '清理名称']
2025-06-18 13:16:51,983 - INFO - 使用离线股票数据，共 5722 只股票
2025-06-18 13:16:51,983 - INFO - 本地数据源成功加载 5722 只股票信息
2025-06-18 13:16:51,984 - INFO - 成功加载 5722 只股票信息
2025-06-18 13:16:51,997 - INFO - 正在使用 local 加载A股股票列表...
2025-06-18 13:16:51,997 - INFO - 正在从本地数据源加载A股股票列表...
2025-06-18 13:16:51,998 - INFO - 加载离线股票数据: data\stock_list_latest.csv
2025-06-18 13:16:52,019 - INFO - 股票代码列转换完成，样本: ['000001', '000002', '000003', '000004', '000005']
2025-06-18 13:16:52,025 - INFO - 数据转换完成，共 5722 只股票，列名: ['代码', '名称', '最新价', '涨跌幅', '涨跌额', '成交量', '成交额', '市盈率-动态', '市净率', '总市值', '流通市值', '清理名称']
2025-06-18 13:16:52,025 - INFO - 使用离线股票数据，共 5722 只股票
2025-06-18 13:16:52,026 - INFO - 本地数据源成功加载 5722 只股票信息
2025-06-18 13:16:52,026 - INFO - 成功加载 5722 只股票信息
