2025-06-17 17:56:15,675 - INFO - 正在使用 local 加载A股股票列表...
2025-06-17 17:56:15,675 - INFO - 正在从本地数据源加载A股股票列表...
2025-06-17 17:56:15,676 - INFO - 加载离线股票数据: data\stock_list_latest.csv
2025-06-17 17:56:15,705 - INFO - 使用离线股票数据，共 5722 只股票
2025-06-17 17:56:15,706 - INFO - 本地数据源成功加载 5722 只股票信息
2025-06-17 17:56:15,706 - INFO - 成功加载 5722 只股票信息
2025-06-17 17:56:15,724 - INFO - 正在读取文件: temp_test_current.csv
2025-06-17 17:56:15,724 - INFO - 检测到文件格式: csv
2025-06-17 17:56:15,725 - INFO - CSV文件读取成功: 编码=utf-8-sig, 分隔符=','
2025-06-17 17:56:15,725 - INFO - 成功读取文件，共 5 行数据
2025-06-17 17:56:15,725 - INFO - 列名: ['股票代码', '买入价格']
2025-06-17 17:56:15,726 - INFO - 使用股票名称列: 股票代码
2025-06-17 17:56:15,726 - INFO - 使用价格列: 买入价格
2025-06-17 17:56:15,726 - INFO - 使用股票代码列: 股票代码
2025-06-17 17:56:15,728 - INFO - 检测到股票代码列，将使用代码补全模式
2025-06-17 17:56:15,729 - INFO - 处理后有效数据: 5 行
2025-06-17 17:56:15,730 - INFO - 开始进行股票代码补全...
2025-06-17 17:56:15,731 - INFO - 处理第 1/5 行: '000037
2025-06-17 17:56:15,833 - INFO - 处理第 2/5 行: '000603
2025-06-17 17:56:15,935 - INFO - 处理第 3/5 行: '000798
2025-06-17 17:56:16,036 - INFO - 处理第 4/5 行: '000823
2025-06-17 17:56:16,138 - INFO - 处理第 5/5 行: '000970
2025-06-17 17:56:16,242 - INFO - 代码补全结果已保存到: temp_result_current.csv
2025-06-17 17:56:16,243 - INFO - 补全统计:
2025-06-17 17:56:16,243 - INFO -   总数: 5
2025-06-17 17:56:16,243 - INFO -   成功补全: 5 (100.0%)
2025-06-17 17:56:16,243 - INFO -   格式无效: 0 (0.0%)
2025-06-17 17:56:16,244 - INFO -   代码不存在: 0 (0.0%)
