2025-06-18 08:47:14,604 - INFO - 正在使用 akshare 加载A股股票列表...
2025-06-18 08:47:14,604 - INFO - 正在从AKShare加载A股股票列表...
2025-06-18 08:47:14,743 - ERROR - AKShare加载失败: HTTPSConnectionPool(host='82.push2.eastmoney.com', port=443): Max retries exceeded with url: /api/qt/clist/get?pn=1&pz=100&po=1&np=1&ut=bd1d9ddb04089700cf9c27f6f7426281&fltt=2&invt=2&fid=f12&fs=m%3A0+t%3A6%2Cm%3A0+t%3A80%2Cm%3A1+t%3A2%2Cm%3A1+t%3A23%2Cm%3A0+t%3A81+s%3A2048&fields=f1%2Cf2%2Cf3%2Cf4%2Cf5%2Cf6%2Cf7%2Cf8%2Cf9%2Cf10%2Cf12%2Cf13%2Cf14%2Cf15%2Cf16%2Cf17%2Cf18%2Cf20%2Cf21%2Cf23%2Cf24%2Cf25%2Cf22%2Cf11%2Cf62%2Cf128%2Cf136%2Cf115%2Cf152 (Caused by ProxyError('Unable to connect to proxy', RemoteDisconnected('Remote end closed connection without response')))
2025-06-18 08:47:14,744 - ERROR - 加载股票列表失败: HTTPSConnectionPool(host='82.push2.eastmoney.com', port=443): Max retries exceeded with url: /api/qt/clist/get?pn=1&pz=100&po=1&np=1&ut=bd1d9ddb04089700cf9c27f6f7426281&fltt=2&invt=2&fid=f12&fs=m%3A0+t%3A6%2Cm%3A0+t%3A80%2Cm%3A1+t%3A2%2Cm%3A1+t%3A23%2Cm%3A0+t%3A81+s%3A2048&fields=f1%2Cf2%2Cf3%2Cf4%2Cf5%2Cf6%2Cf7%2Cf8%2Cf9%2Cf10%2Cf12%2Cf13%2Cf14%2Cf15%2Cf16%2Cf17%2Cf18%2Cf20%2Cf21%2Cf23%2Cf24%2Cf25%2Cf22%2Cf11%2Cf62%2Cf128%2Cf136%2Cf115%2Cf152 (Caused by ProxyError('Unable to connect to proxy', RemoteDisconnected('Remote end closed connection without response')))
2025-06-18 08:47:14,744 - INFO - 尝试使用本地数据源作为备用...
2025-06-18 08:47:14,744 - INFO - 正在从本地数据源加载A股股票列表...
2025-06-18 08:47:14,745 - INFO - 加载离线股票数据: data\stock_list_latest.csv
2025-06-18 08:47:14,767 - INFO - 股票代码列转换完成，样本: ['000001', '000002', '000003', '000004', '000005']
2025-06-18 08:47:14,775 - INFO - 数据转换完成，共 5722 只股票，列名: ['代码', '名称', '最新价', '涨跌幅', '涨跌额', '成交量', '成交额', '市盈率-动态', '市净率', '总市值', '流通市值', '清理名称']
2025-06-18 08:47:14,776 - INFO - 使用离线股票数据，共 5722 只股票
2025-06-18 08:47:14,777 - INFO - 本地数据源成功加载 5722 只股票信息
2025-06-18 08:47:14,794 - INFO - 本地备用数据源成功加载 5722 只股票信息
2025-06-18 08:47:14,794 - INFO - 正在读取文件: 20250617171501.csv
2025-06-18 08:47:14,795 - INFO - 检测到文件格式: csv
2025-06-18 08:47:14,797 - INFO - CSV文件读取成功: 编码=utf-8-sig, 分隔符=','
2025-06-18 08:47:14,797 - INFO - 成功读取文件，共 45 行数据
2025-06-18 08:47:14,797 - INFO - 列名: ['股票代码', '入选时间', '买入价格', '操作', '止盈价格', '止损价格']
2025-06-18 08:47:14,798 - INFO - 使用股票名称列: 股票代码
2025-06-18 08:47:14,798 - INFO - 使用价格列: 买入价格
2025-06-18 08:47:14,798 - INFO - 使用股票代码列: 股票代码
2025-06-18 08:47:14,801 - INFO - 检测到股票代码列，将使用代码补全模式
2025-06-18 08:47:14,802 - INFO - 处理后有效数据: 45 行
2025-06-18 08:47:14,804 - INFO - 开始进行股票代码补全...
2025-06-18 08:47:14,805 - INFO - 处理第 1/45 行: '000037
2025-06-18 08:47:14,908 - INFO - 处理第 2/45 行: '000603
2025-06-18 08:47:15,010 - INFO - 处理第 3/45 行: '000798
2025-06-18 08:47:15,112 - INFO - 处理第 4/45 行: '000823
2025-06-18 08:47:15,213 - INFO - 处理第 5/45 行: '000970
2025-06-18 08:47:15,315 - INFO - 处理第 6/45 行: '000985
2025-06-18 08:47:15,417 - INFO - 处理第 7/45 行: '001259
2025-06-18 08:47:15,519 - INFO - 处理第 8/45 行: '001368
2025-06-18 08:47:15,621 - INFO - 处理第 9/45 行: '002132
2025-06-18 08:47:15,723 - INFO - 处理第 10/45 行: '002208
2025-06-18 08:47:15,825 - INFO - 处理第 11/45 行: '002300
2025-06-18 08:47:15,927 - INFO - 处理第 12/45 行: '002352
2025-06-18 08:47:16,028 - INFO - 处理第 13/45 行: '300457
2025-06-18 08:47:16,130 - INFO - 处理第 14/45 行: '300479
2025-06-18 08:47:16,232 - INFO - 处理第 15/45 行: '300585
2025-06-18 08:47:16,334 - INFO - 处理第 16/45 行: '300943
2025-06-18 08:47:16,436 - INFO - 处理第 17/45 行: '301048
2025-06-18 08:47:16,538 - INFO - 处理第 18/45 行: '301176
2025-06-18 08:47:16,639 - INFO - 处理第 19/45 行: '301208
2025-06-18 08:47:16,741 - INFO - 处理第 20/45 行: '301292
2025-06-18 08:47:16,842 - INFO - 处理第 21/45 行: '301380
2025-06-18 08:47:16,944 - INFO - 处理第 22/45 行: '301520
2025-06-18 08:47:17,046 - INFO - 处理第 23/45 行: '600435
2025-06-18 08:47:17,148 - INFO - 处理第 24/45 行: '600458
2025-06-18 08:47:17,249 - INFO - 处理第 25/45 行: '600470
2025-06-18 08:47:17,351 - INFO - 处理第 26/45 行: '600549
2025-06-18 08:47:17,453 - INFO - 处理第 27/45 行: '600775
2025-06-18 08:47:17,555 - INFO - 处理第 28/45 行: '600855
2025-06-18 08:47:17,657 - INFO - 处理第 29/45 行: '600875
2025-06-18 08:47:17,759 - INFO - 处理第 30/45 行: '601059
2025-06-18 08:47:17,860 - INFO - 处理第 31/45 行: '601555
2025-06-18 08:47:17,962 - INFO - 处理第 32/45 行: '601788
2025-06-18 08:47:18,064 - INFO - 处理第 33/45 行: '601857
2025-06-18 08:47:18,166 - INFO - 处理第 34/45 行: '601872
2025-06-18 08:47:18,267 - INFO - 处理第 35/45 行: '601916
2025-06-18 08:47:18,369 - INFO - 处理第 36/45 行: '601958
2025-06-18 08:47:18,472 - INFO - 处理第 37/45 行: '603069
2025-06-18 08:47:18,574 - INFO - 处理第 38/45 行: '603097
2025-06-18 08:47:18,675 - INFO - 处理第 39/45 行: '603215
2025-06-18 08:47:18,777 - INFO - 处理第 40/45 行: '603232
2025-06-18 08:47:18,878 - INFO - 处理第 41/45 行: '603722
2025-06-18 08:47:18,980 - INFO - 处理第 42/45 行: '605056
2025-06-18 08:47:19,082 - INFO - 处理第 43/45 行: '688143
2025-06-18 08:47:19,184 - INFO - 处理第 44/45 行: '688151
2025-06-18 08:47:19,286 - INFO - 处理第 45/45 行: '688498
2025-06-18 08:47:19,391 - INFO - 代码补全结果已保存到: result/fixed_stock_completion_new.csv
2025-06-18 08:47:19,392 - INFO - 补全统计:
2025-06-18 08:47:19,393 - INFO -   总数: 45
2025-06-18 08:47:19,393 - INFO -   成功补全: 45 (100.0%)
2025-06-18 08:47:19,393 - INFO -   格式无效: 0 (0.0%)
2025-06-18 08:47:19,393 - INFO -   代码不存在: 0 (0.0%)
