2025-06-16 17:26:39,730 - INFO - [31m[1mWARNING: This is a development server. Do not use it in a production deployment. Use a production WSGI server instead.[0m
 * Running on all addresses (0.0.0.0)
 * Running on http://127.0.0.1:5000
 * Running on http://172.20.10.158:5000
2025-06-16 17:26:39,730 - INFO - [33mPress CTRL+C to quit[0m
2025-06-16 17:26:39,740 - INFO -  * Restarting with watchdog (windowsapi)
2025-06-16 17:48:35,882 - INFO -  * Restarting with watchdog (windowsapi)
2025-06-16 17:48:40,250 - INFO -  * Restarting with watchdog (windowsapi)
2025-06-16 17:49:29,266 - INFO -  * Restarting with watchdog (windowsapi)
2025-06-16 17:49:42,251 - INFO -  * Restarting with watchdog (windowsapi)
2025-06-16 17:51:04,402 - INFO -  * Restarting with watchdog (windowsapi)
2025-06-16 17:52:28,530 - INFO -  * Restarting with watchdog (windowsapi)
2025-06-16 17:52:50,575 - INFO -  * Restarting with watchdog (windowsapi)
2025-06-16 17:53:15,596 - INFO -  * Restarting with watchdog (windowsapi)
2025-06-16 17:53:57,670 - INFO -  * Restarting with watchdog (windowsapi)
2025-06-16 17:54:34,699 - INFO -  * Restarting with watchdog (windowsapi)
2025-06-16 17:54:52,587 - INFO -  * Restarting with watchdog (windowsapi)
2025-06-16 17:55:31,600 - INFO -  * Restarting with watchdog (windowsapi)
2025-06-16 17:56:02,612 - INFO -  * Restarting with watchdog (windowsapi)
2025-06-16 17:57:10,673 - INFO -  * Restarting with watchdog (windowsapi)
2025-06-16 17:57:29,573 - INFO -  * Restarting with watchdog (windowsapi)
