2025-06-30 09:28:22,105 - WARNING -  * Debugger is active!
2025-06-30 09:28:22,108 - INFO -  * Debugger PIN: 678-550-451
2025-06-30 09:28:33,576 - INFO - 127.0.0.1 - - [30/Jun/2025 09:28:33] "GET / HTTP/1.1" 200 -
2025-06-30 09:28:33,694 - INFO - 127.0.0.1 - - [30/Jun/2025 09:28:33] "[36mGET /static/app.js HTTP/1.1[0m" 304 -
2025-06-30 09:28:34,162 - INFO - 127.0.0.1 - - [30/Jun/2025 09:28:34] "GET /static/app.js HTTP/1.1" 200 -
2025-06-30 09:28:34,588 - INFO - ʹ akshare AɹƱб...
2025-06-30 09:28:34,592 - INFO - ڴAKShareAɹƱб...
2025-06-30 09:28:34,894 - INFO - ѡļ: stock_name_list\all_stocks_20250620.csv
2025-06-30 09:28:34,895 - INFO - ʹstock_name_listĿ¼еļ: stock_name_list\all_stocks_20250620.csv
2025-06-30 09:28:34,896 - INFO - ߹Ʊ: stock_name_list\all_stocks_20250620.csv
2025-06-30 09:28:34,911 - INFO - Ʊתɣ: ['000001', '000002', '000003', '000004', '000005']
2025-06-30 09:28:34,923 - INFO - תɣ 5722 ֻƱ: ['', '', '', '¼', 'ǵ', 'ǵ', 'ɽ', 'ɽ', 'ӯ-̬', 'о', 'ֵ', 'ֵͨ']
2025-06-30 09:28:34,924 - INFO - ʹ߹Ʊݣ 5722 ֻƱ
2025-06-30 09:28:34,929 - INFO - 127.0.0.1 - - [30/Jun/2025 09:28:34] "GET /api/stock_data_status HTTP/1.1" 200 -
2025-06-30 09:28:36,739 - INFO - 127.0.0.1 - - [30/Jun/2025 09:28:36] "[33mGET /favicon.ico HTTP/1.1[0m" 404 -
2025-06-30 09:28:44,767 - INFO - AKShareɹ 5727 ֻƱϢ
2025-06-30 09:28:44,768 - INFO - ɹ 5727 ֻƱϢ
2025-06-30 09:28:44,779 - INFO - 127.0.0.1 - - [30/Jun/2025 09:28:44] "GET /api/status HTTP/1.1" 200 -
2025-06-30 09:28:55,275 - INFO - ⵽ļʽ: csv
2025-06-30 09:28:55,276 - INFO - CSVļȡɹ: =utf-8-sig, ָ=','
2025-06-30 09:28:55,278 - INFO - 127.0.0.1 - - [30/Jun/2025 09:28:55] "POST /upload HTTP/1.1" 200 -
2025-06-30 09:28:58,201 - INFO - ʼļ: 20250630_092855_20250627200317.csv
2025-06-30 09:28:58,201 - INFO - ʹAPIԴ: local
2025-06-30 09:28:58,202 - INFO - : Ʊ, ۸: ۸
2025-06-30 09:28:58,207 - INFO - ѡļ: stock_name_list\all_stocks_20250620.csv
2025-06-30 09:28:58,207 - INFO - ʹstock_name_listĿ¼еļ: stock_name_list\all_stocks_20250620.csv
2025-06-30 09:28:58,207 - INFO - ߹Ʊ: stock_name_list\all_stocks_20250620.csv
2025-06-30 09:28:58,215 - INFO - Ʊתɣ: ['000001', '000002', '000003', '000004', '000005']
2025-06-30 09:28:58,222 - INFO - תɣ 5722 ֻƱ: ['', '', '', '¼', 'ǵ', 'ǵ', 'ɽ', 'ɽ', 'ӯ-̬', 'о', 'ֵ', 'ֵͨ']
2025-06-30 09:28:58,222 - INFO - ʹ߹Ʊݣ 5722 ֻƱ
2025-06-30 09:28:58,223 - INFO - WebӦüعƱ: 5722 ֻƱ
2025-06-30 09:28:58,224 - INFO - WebӦ֤ɹ: 000037 -> ϵA
2025-06-30 09:28:58,224 - INFO - WebӦ֤ɹ: 000603 -> ʢԴ
2025-06-30 09:28:58,225 - INFO - WebӦ֤ɹ: 000798 -> ˮҵ
2025-06-30 09:28:58,225 - INFO - ʹ local AɹƱб...
2025-06-30 09:28:58,225 - INFO - ڴӱԴAɹƱб...
2025-06-30 09:28:58,226 - INFO - ѡļ: stock_name_list\all_stocks_20250620.csv
2025-06-30 09:28:58,226 - INFO - ʹstock_name_listĿ¼еļ: stock_name_list\all_stocks_20250620.csv
2025-06-30 09:28:58,226 - INFO - ߹Ʊ: stock_name_list\all_stocks_20250620.csv
2025-06-30 09:28:58,235 - INFO - Ʊתɣ: ['000001', '000002', '000003', '000004', '000005']
2025-06-30 09:28:58,241 - INFO - תɣ 5722 ֻƱ: ['', '', '', '¼', 'ǵ', 'ǵ', 'ɽ', 'ɽ', 'ӯ-̬', 'о', 'ֵ', 'ֵͨ']
2025-06-30 09:28:58,242 - INFO - ʹ߹Ʊݣ 5722 ֻƱ
2025-06-30 09:28:58,242 - INFO - Դɹ 5722 ֻƱϢ
2025-06-30 09:28:58,243 - INFO - ɹ 5722 ֻƱϢ
2025-06-30 09:28:58,254 - INFO - WebӦƥƱѸ: 5722 ֻƱ
2025-06-30 09:28:58,254 - INFO - ڶȡļ: uploads\20250630_092855_20250627200317.csv
2025-06-30 09:28:58,254 - INFO - ⵽ļʽ: csv
2025-06-30 09:28:58,255 - INFO - CSVļȡɹ: =utf-8-sig, ָ=','
2025-06-30 09:28:58,256 - INFO - ɹȡļ 7 
2025-06-30 09:28:58,256 - INFO - : ['Ʊ', '۸', 'ֹӯ۸', 'ֹ۸']
2025-06-30 09:28:58,256 - INFO - ʹùƱ: Ʊ
2025-06-30 09:28:58,256 - INFO - ʹü۸: ۸
2025-06-30 09:28:58,257 - INFO - ʹùƱ: Ʊ
2025-06-30 09:28:58,258 - INFO - ⵽ƱУʹô벹ȫģʽ
2025-06-30 09:28:58,259 - INFO - Ч: 7 
2025-06-30 09:28:58,272 - INFO - ʼйƱ벹ȫ...
2025-06-30 09:28:58,272 - INFO -  1/7 : 676
2025-06-30 09:28:58,374 - INFO -  2/7 : 712
2025-06-30 09:28:58,475 - INFO -  3/7 : 2148
2025-06-30 09:28:58,577 - INFO -  4/7 : 300079
2025-06-30 09:28:58,678 - INFO -  5/7 : 600182
2025-06-30 09:28:58,780 - INFO -  6/7 : 600536
2025-06-30 09:28:58,882 - INFO -  7/7 : 600737
2025-06-30 09:28:58,987 - INFO - ֤ݸʽ...
2025-06-30 09:28:58,990 - INFO - ֤ - ׼: ['600676', '000712', '002148', '300079', '600182']
2025-06-30 09:28:58,991 - INFO - ֤ - Ʊ: ['600676', '000712', '002148', '300079', '600182']
2025-06-30 09:28:58,991 - INFO - 벹ȫѱ浽: result\stock_completion_20250630_092858.csv
2025-06-30 09:28:58,992 - INFO - ȫͳ:
2025-06-30 09:28:58,992 - INFO -   : 7
2025-06-30 09:28:58,992 - INFO -   ɹȫ: 7 (100.0%)
2025-06-30 09:28:58,993 - INFO -   ʽЧ: 0 (0.0%)
2025-06-30 09:28:58,993 - INFO -   벻: 0 (0.0%)
2025-06-30 09:28:58,995 - INFO - : 7/7 ɹ
2025-06-30 09:28:58,996 - INFO - 127.0.0.1 - - [30/Jun/2025 09:28:58] "POST /process HTTP/1.1" 200 -
2025-06-30 09:29:00,779 - INFO - ׼ļ: stock_completion_20250630_092858.csv (923 bytes)
2025-06-30 09:29:00,780 - INFO - ļسɹ: stock_completion_20250630_092858.csv
2025-06-30 09:29:00,780 - INFO - 127.0.0.1 - - [30/Jun/2025 09:29:00] "GET /download/stock_completion_20250630_092858.csv HTTP/1.1" 200 -
