2025-06-16 15:21:51,034 - INFO - 正在加载A股股票列表...
2025-06-16 15:21:53,812 - INFO - 成功加载 5724 只股票信息
2025-06-16 15:21:53,823 - INFO - 正在读取Excel文件: example_stock_codes.csv
2025-06-16 15:21:53,825 - INFO - 成功读取文件，共 20 行数据
2025-06-16 15:21:53,826 - INFO - 列名: ['股票代码', '参考价格']
2025-06-16 15:21:53,826 - INFO - 使用股票名称列: 股票代码
2025-06-16 15:21:53,826 - INFO - 使用价格列: 参考价格
2025-06-16 15:21:53,826 - INFO - 使用股票代码列: 股票代码
2025-06-16 15:21:53,828 - INFO - 检测到股票代码列，将使用代码补全模式
2025-06-16 15:21:53,829 - INFO - 处理后有效数据: 20 行
2025-06-16 15:21:53,829 - INFO - 开始进行股票代码补全...
2025-06-16 15:21:53,830 - INFO - 处理第 1/20 行: 1
2025-06-16 15:21:53,830 - WARNING - 股票代码格式无效: 1
2025-06-16 15:21:53,930 - INFO - 处理第 2/20 行: 600036
2025-06-16 15:21:54,033 - INFO - 处理第 3/20 行: 601318
2025-06-16 15:21:54,135 - INFO - 处理第 4/20 行: 600519
2025-06-16 15:21:54,237 - INFO - 处理第 5/20 行: 858
2025-06-16 15:21:54,238 - WARNING - 股票代码格式无效: 858
2025-06-16 15:21:54,339 - INFO - 处理第 6/20 行: 333
2025-06-16 15:21:54,339 - WARNING - 股票代码格式无效: 333
2025-06-16 15:21:54,440 - INFO - 处理第 7/20 行: 651
2025-06-16 15:21:54,440 - WARNING - 股票代码格式无效: 651
2025-06-16 15:21:54,541 - INFO - 处理第 8/20 行: 2594
2025-06-16 15:21:54,541 - WARNING - 股票代码格式无效: 2594
2025-06-16 15:21:54,641 - INFO - 处理第 9/20 行: 300750
2025-06-16 15:21:54,743 - INFO - 处理第 10/20 行: 600941
2025-06-16 15:21:54,845 - INFO - 处理第 11/20 行: 601398
2025-06-16 15:21:54,946 - INFO - 处理第 12/20 行: 601939
2025-06-16 15:21:55,048 - INFO - 处理第 13/20 行: 601857
2025-06-16 15:21:55,150 - INFO - 处理第 14/20 行: 600028
2025-06-16 15:21:55,252 - INFO - 处理第 15/20 行: 601899
2025-06-16 15:21:55,353 - INFO - 处理第 16/20 行: 2
2025-06-16 15:21:55,354 - WARNING - 股票代码格式无效: 2
2025-06-16 15:21:55,454 - INFO - 处理第 17/20 行: 600000
2025-06-16 15:21:55,556 - INFO - 处理第 18/20 行: 858
2025-06-16 15:21:55,556 - WARNING - 股票代码格式无效: 858
2025-06-16 15:21:55,657 - INFO - 处理第 19/20 行: 600276
2025-06-16 15:21:55,759 - INFO - 处理第 20/20 行: 2415
2025-06-16 15:21:55,760 - WARNING - 股票代码格式无效: 2415
2025-06-16 15:21:55,864 - INFO - 代码补全结果已保存到: stock_code_completion_20250616_152155.csv
2025-06-16 15:21:55,865 - INFO - 补全统计:
2025-06-16 15:21:55,865 - INFO -   总数: 20
2025-06-16 15:21:55,865 - INFO -   成功补全: 12 (60.0%)
2025-06-16 15:21:55,865 - INFO -   格式无效: 8 (40.0%)
2025-06-16 15:21:55,866 - INFO -   代码不存在: 0 (0.0%)
